[2024-08-26 17:37:44,877][train.py][line:310][INFO] start training!
[2024-08-26 17:39:53,658][train.py][line:318][INFO] Epoch:[0/230]	 loss=3597.02377	 acc=23.249
[2024-08-26 17:40:00,852][train.py][line:326][INFO] Epoch:[0/230]	 Test acc=31.250
[2024-08-26 17:40:00,852][train.py][line:335][INFO] Best Test acc=31.250
[2024-08-26 17:42:12,097][train.py][line:318][INFO] Epoch:[1/230]	 loss=3115.51614	 acc=30.102
[2024-08-26 17:42:19,356][train.py][line:326][INFO] Epoch:[1/230]	 Test acc=36.152
[2024-08-26 17:42:19,357][train.py][line:335][INFO] Best Test acc=36.152
[2024-08-26 17:44:32,941][train.py][line:318][INFO] Epoch:[2/230]	 loss=2842.00049	 acc=33.985
[2024-08-26 17:44:40,189][train.py][line:326][INFO] Epoch:[2/230]	 Test acc=38.971
[2024-08-26 17:44:40,189][train.py][line:335][INFO] Best Test acc=38.971
[2024-08-26 17:46:55,009][train.py][line:318][INFO] Epoch:[3/230]	 loss=2599.69956	 acc=39.201
[2024-08-26 17:47:02,309][train.py][line:326][INFO] Epoch:[3/230]	 Test acc=43.260
[2024-08-26 17:47:02,309][train.py][line:335][INFO] Best Test acc=43.260
[2024-08-26 17:49:17,752][train.py][line:318][INFO] Epoch:[4/230]	 loss=2392.29605	 acc=42.386
[2024-08-26 17:49:25,127][train.py][line:326][INFO] Epoch:[4/230]	 Test acc=47.549
[2024-08-26 17:49:25,127][train.py][line:335][INFO] Best Test acc=47.549
[2024-08-26 17:51:39,095][train.py][line:318][INFO] Epoch:[5/230]	 loss=2194.65796	 acc=46.701
[2024-08-26 17:51:46,355][train.py][line:326][INFO] Epoch:[5/230]	 Test acc=51.961
[2024-08-26 17:51:46,355][train.py][line:335][INFO] Best Test acc=51.961
[2024-08-26 17:54:03,140][train.py][line:318][INFO] Epoch:[6/230]	 loss=2045.50267	 acc=49.734
[2024-08-26 17:54:10,457][train.py][line:326][INFO] Epoch:[6/230]	 Test acc=54.412
[2024-08-26 17:54:10,457][train.py][line:335][INFO] Best Test acc=54.412
[2024-08-26 17:56:27,968][train.py][line:318][INFO] Epoch:[7/230]	 loss=1907.48739	 acc=52.817
[2024-08-26 17:56:35,372][train.py][line:326][INFO] Epoch:[7/230]	 Test acc=55.760
[2024-08-26 17:56:35,372][train.py][line:335][INFO] Best Test acc=55.760
[2024-08-26 17:58:51,262][train.py][line:318][INFO] Epoch:[8/230]	 loss=1803.09144	 acc=55.546
[2024-08-26 17:58:58,642][train.py][line:326][INFO] Epoch:[8/230]	 Test acc=56.373
[2024-08-26 17:58:58,643][train.py][line:335][INFO] Best Test acc=56.373
[2024-08-26 18:01:12,752][train.py][line:318][INFO] Epoch:[9/230]	 loss=1701.33324	 acc=57.843
[2024-08-26 18:01:20,054][train.py][line:326][INFO] Epoch:[9/230]	 Test acc=57.598
[2024-08-26 18:01:20,054][train.py][line:335][INFO] Best Test acc=57.598
[2024-08-26 18:03:36,579][train.py][line:318][INFO] Epoch:[10/230]	 loss=1599.80491	 acc=60.089
[2024-08-26 18:03:44,122][train.py][line:326][INFO] Epoch:[10/230]	 Test acc=57.843
[2024-08-26 18:03:44,122][train.py][line:335][INFO] Best Test acc=57.843
[2024-08-26 18:06:05,882][train.py][line:318][INFO] Epoch:[11/230]	 loss=1565.01581	 acc=60.635
[2024-08-26 18:06:13,467][train.py][line:326][INFO] Epoch:[11/230]	 Test acc=66.544
[2024-08-26 18:06:13,467][train.py][line:335][INFO] Best Test acc=66.544
[2024-08-26 18:08:33,305][train.py][line:318][INFO] Epoch:[12/230]	 loss=1470.67520	 acc=63.071
[2024-08-26 18:08:40,678][train.py][line:326][INFO] Epoch:[12/230]	 Test acc=65.931
[2024-08-26 18:08:40,687][train.py][line:335][INFO] Best Test acc=66.544
[2024-08-26 18:10:59,884][train.py][line:318][INFO] Epoch:[13/230]	 loss=1427.63795	 acc=64.315
[2024-08-26 18:11:07,306][train.py][line:326][INFO] Epoch:[13/230]	 Test acc=63.235
[2024-08-26 18:11:07,307][train.py][line:335][INFO] Best Test acc=66.544
[2024-08-26 18:13:24,202][train.py][line:318][INFO] Epoch:[14/230]	 loss=1352.56012	 acc=66.180
[2024-08-26 18:13:31,691][train.py][line:326][INFO] Epoch:[14/230]	 Test acc=67.034
[2024-08-26 18:13:31,691][train.py][line:335][INFO] Best Test acc=67.034
[2024-08-26 18:15:51,186][train.py][line:318][INFO] Epoch:[15/230]	 loss=1326.61808	 acc=67.081
[2024-08-26 18:15:58,572][train.py][line:326][INFO] Epoch:[15/230]	 Test acc=67.279
[2024-08-26 18:15:58,572][train.py][line:335][INFO] Best Test acc=67.279
[2024-08-26 18:18:16,450][train.py][line:318][INFO] Epoch:[16/230]	 loss=1284.69234	 acc=68.401
[2024-08-26 18:18:23,773][train.py][line:326][INFO] Epoch:[16/230]	 Test acc=68.260
[2024-08-26 18:18:23,774][train.py][line:335][INFO] Best Test acc=68.260
[2024-08-26 18:20:41,747][train.py][line:318][INFO] Epoch:[17/230]	 loss=1238.04169	 acc=68.921
[2024-08-26 18:20:49,245][train.py][line:326][INFO] Epoch:[17/230]	 Test acc=67.892
[2024-08-26 18:20:49,245][train.py][line:335][INFO] Best Test acc=68.260
[2024-08-26 18:23:08,090][train.py][line:318][INFO] Epoch:[18/230]	 loss=1210.46193	 acc=69.442
[2024-08-26 18:23:15,391][train.py][line:326][INFO] Epoch:[18/230]	 Test acc=69.975
[2024-08-26 18:23:15,392][train.py][line:335][INFO] Best Test acc=69.975
[2024-08-26 18:25:32,005][train.py][line:318][INFO] Epoch:[19/230]	 loss=1183.69752	 acc=70.330
[2024-08-26 18:25:39,392][train.py][line:326][INFO] Epoch:[19/230]	 Test acc=69.240
[2024-08-26 18:25:39,392][train.py][line:335][INFO] Best Test acc=69.975
[2024-08-26 18:27:57,075][train.py][line:318][INFO] Epoch:[20/230]	 loss=1165.85137	 acc=71.104
[2024-08-26 18:28:04,440][train.py][line:326][INFO] Epoch:[20/230]	 Test acc=70.588
[2024-08-26 18:28:04,440][train.py][line:335][INFO] Best Test acc=70.588
[2024-08-26 18:30:21,412][train.py][line:318][INFO] Epoch:[21/230]	 loss=1109.89976	 acc=72.373
[2024-08-26 18:30:28,948][train.py][line:326][INFO] Epoch:[21/230]	 Test acc=70.956
[2024-08-26 18:30:28,949][train.py][line:335][INFO] Best Test acc=70.956
[2024-08-26 18:32:50,847][train.py][line:318][INFO] Epoch:[22/230]	 loss=1123.21285	 acc=71.802
[2024-08-26 18:32:58,512][train.py][line:326][INFO] Epoch:[22/230]	 Test acc=66.667
[2024-08-26 18:32:58,513][train.py][line:335][INFO] Best Test acc=70.956
[2024-08-26 18:35:21,679][train.py][line:318][INFO] Epoch:[23/230]	 loss=1098.73017	 acc=73.211
[2024-08-26 18:35:29,056][train.py][line:326][INFO] Epoch:[23/230]	 Test acc=70.956
[2024-08-26 18:35:29,056][train.py][line:335][INFO] Best Test acc=70.956
[2024-08-26 18:37:46,701][train.py][line:318][INFO] Epoch:[24/230]	 loss=1073.48239	 acc=73.135
[2024-08-26 18:37:54,006][train.py][line:326][INFO] Epoch:[24/230]	 Test acc=72.426
[2024-08-26 18:37:54,006][train.py][line:335][INFO] Best Test acc=72.426
[2024-08-26 18:40:14,218][train.py][line:318][INFO] Epoch:[25/230]	 loss=1054.77455	 acc=73.794
[2024-08-26 18:40:21,861][train.py][line:326][INFO] Epoch:[25/230]	 Test acc=66.667
[2024-08-26 18:40:21,861][train.py][line:335][INFO] Best Test acc=72.426
[2024-08-26 18:42:46,183][train.py][line:318][INFO] Epoch:[26/230]	 loss=1063.30118	 acc=73.452
[2024-08-26 18:42:53,678][train.py][line:326][INFO] Epoch:[26/230]	 Test acc=70.711
[2024-08-26 18:42:53,678][train.py][line:335][INFO] Best Test acc=72.426
[2024-08-26 18:45:16,023][train.py][line:318][INFO] Epoch:[27/230]	 loss=1028.17686	 acc=74.315
[2024-08-26 18:45:23,693][train.py][line:326][INFO] Epoch:[27/230]	 Test acc=71.814
[2024-08-26 18:45:23,693][train.py][line:335][INFO] Best Test acc=72.426
[2024-08-26 18:47:45,484][train.py][line:318][INFO] Epoch:[28/230]	 loss=1021.27149	 acc=75.203
[2024-08-26 18:47:52,960][train.py][line:326][INFO] Epoch:[28/230]	 Test acc=72.181
[2024-08-26 18:47:52,960][train.py][line:335][INFO] Best Test acc=72.426
[2024-08-26 18:50:11,856][train.py][line:318][INFO] Epoch:[29/230]	 loss=972.39714	 acc=76.434
[2024-08-26 18:50:19,311][train.py][line:326][INFO] Epoch:[29/230]	 Test acc=72.672
[2024-08-26 18:50:19,311][train.py][line:335][INFO] Best Test acc=72.672
[2024-08-26 18:52:38,581][train.py][line:318][INFO] Epoch:[30/230]	 loss=991.48816	 acc=76.015
[2024-08-26 18:52:46,031][train.py][line:326][INFO] Epoch:[30/230]	 Test acc=72.549
[2024-08-26 18:52:46,031][train.py][line:335][INFO] Best Test acc=72.672
[2024-08-26 18:55:04,829][train.py][line:318][INFO] Epoch:[31/230]	 loss=984.63462	 acc=75.812
[2024-08-26 18:55:12,170][train.py][line:326][INFO] Epoch:[31/230]	 Test acc=72.059
[2024-08-26 18:55:12,170][train.py][line:335][INFO] Best Test acc=72.672
[2024-08-26 18:57:32,220][train.py][line:318][INFO] Epoch:[32/230]	 loss=980.39550	 acc=76.358
[2024-08-26 18:57:39,743][train.py][line:326][INFO] Epoch:[32/230]	 Test acc=73.284
[2024-08-26 18:57:39,743][train.py][line:335][INFO] Best Test acc=73.284
[2024-08-26 18:59:59,319][train.py][line:318][INFO] Epoch:[33/230]	 loss=945.39006	 acc=76.713
[2024-08-26 19:00:06,637][train.py][line:326][INFO] Epoch:[33/230]	 Test acc=70.833
[2024-08-26 19:00:06,637][train.py][line:335][INFO] Best Test acc=73.284
[2024-08-26 19:02:24,944][train.py][line:318][INFO] Epoch:[34/230]	 loss=926.03090	 acc=77.208
[2024-08-26 19:02:32,247][train.py][line:326][INFO] Epoch:[34/230]	 Test acc=76.225
[2024-08-26 19:02:32,247][train.py][line:335][INFO] Best Test acc=76.225
[2024-08-26 19:04:50,531][train.py][line:318][INFO] Epoch:[35/230]	 loss=938.26321	 acc=77.170
[2024-08-26 19:04:57,892][train.py][line:326][INFO] Epoch:[35/230]	 Test acc=70.588
[2024-08-26 19:04:57,893][train.py][line:335][INFO] Best Test acc=76.225
[2024-08-26 19:07:15,814][train.py][line:318][INFO] Epoch:[36/230]	 loss=935.11969	 acc=77.462
[2024-08-26 19:07:23,214][train.py][line:326][INFO] Epoch:[36/230]	 Test acc=72.549
[2024-08-26 19:07:23,214][train.py][line:335][INFO] Best Test acc=76.225
[2024-08-26 19:09:40,133][train.py][line:318][INFO] Epoch:[37/230]	 loss=976.98020	 acc=76.827
[2024-08-26 19:09:47,365][train.py][line:326][INFO] Epoch:[37/230]	 Test acc=75.735
[2024-08-26 19:09:47,365][train.py][line:335][INFO] Best Test acc=76.225
[2024-08-26 19:12:03,848][train.py][line:318][INFO] Epoch:[38/230]	 loss=941.31244	 acc=77.576
[2024-08-26 19:12:11,279][train.py][line:326][INFO] Epoch:[38/230]	 Test acc=74.020
[2024-08-26 19:12:11,279][train.py][line:335][INFO] Best Test acc=76.225
[2024-08-26 19:14:28,297][train.py][line:318][INFO] Epoch:[39/230]	 loss=935.52019	 acc=77.487
[2024-08-26 19:14:35,742][train.py][line:326][INFO] Epoch:[39/230]	 Test acc=68.382
[2024-08-26 19:14:35,742][train.py][line:335][INFO] Best Test acc=76.225
[2024-08-26 19:16:51,807][train.py][line:318][INFO] Epoch:[40/230]	 loss=927.00372	 acc=77.792
[2024-08-26 19:16:59,101][train.py][line:326][INFO] Epoch:[40/230]	 Test acc=74.142
[2024-08-26 19:16:59,101][train.py][line:335][INFO] Best Test acc=76.225
[2024-08-26 19:19:14,573][train.py][line:318][INFO] Epoch:[41/230]	 loss=926.63225	 acc=77.995
[2024-08-26 19:19:21,832][train.py][line:326][INFO] Epoch:[41/230]	 Test acc=70.711
[2024-08-26 19:19:21,832][train.py][line:335][INFO] Best Test acc=76.225
[2024-08-26 19:21:37,135][train.py][line:318][INFO] Epoch:[42/230]	 loss=915.16548	 acc=77.944
[2024-08-26 19:21:44,413][train.py][line:326][INFO] Epoch:[42/230]	 Test acc=74.142
[2024-08-26 19:21:44,413][train.py][line:335][INFO] Best Test acc=76.225
[2024-08-26 19:23:58,891][train.py][line:318][INFO] Epoch:[43/230]	 loss=940.11445	 acc=77.500
[2024-08-26 19:24:06,177][train.py][line:326][INFO] Epoch:[43/230]	 Test acc=74.265
[2024-08-26 19:24:06,177][train.py][line:335][INFO] Best Test acc=76.225
[2024-08-26 19:26:20,645][train.py][line:318][INFO] Epoch:[44/230]	 loss=957.20475	 acc=76.586
[2024-08-26 19:26:27,946][train.py][line:326][INFO] Epoch:[44/230]	 Test acc=68.750
[2024-08-26 19:26:27,946][train.py][line:335][INFO] Best Test acc=76.225
[2024-08-26 19:28:43,024][train.py][line:318][INFO] Epoch:[45/230]	 loss=1029.10286	 acc=75.330
[2024-08-26 19:28:50,296][train.py][line:326][INFO] Epoch:[45/230]	 Test acc=66.054
[2024-08-26 19:28:50,296][train.py][line:335][INFO] Best Test acc=76.225
[2024-08-26 19:31:03,985][train.py][line:318][INFO] Epoch:[46/230]	 loss=912.17907	 acc=78.363
[2024-08-26 19:31:11,281][train.py][line:326][INFO] Epoch:[46/230]	 Test acc=76.961
[2024-08-26 19:31:11,281][train.py][line:335][INFO] Best Test acc=76.961
[2024-08-26 19:33:25,363][train.py][line:318][INFO] Epoch:[47/230]	 loss=850.29314	 acc=80.102
[2024-08-26 19:33:32,642][train.py][line:326][INFO] Epoch:[47/230]	 Test acc=76.103
[2024-08-26 19:33:32,643][train.py][line:335][INFO] Best Test acc=76.961
[2024-08-26 19:35:47,664][train.py][line:318][INFO] Epoch:[48/230]	 loss=889.50938	 acc=79.112
[2024-08-26 19:35:54,930][train.py][line:326][INFO] Epoch:[48/230]	 Test acc=76.225
[2024-08-26 19:35:54,930][train.py][line:335][INFO] Best Test acc=76.961
[2024-08-26 19:38:08,680][train.py][line:318][INFO] Epoch:[49/230]	 loss=842.24721	 acc=80.190
[2024-08-26 19:38:15,985][train.py][line:326][INFO] Epoch:[49/230]	 Test acc=76.225
[2024-08-26 19:38:15,985][train.py][line:335][INFO] Best Test acc=76.961
[2024-08-26 19:40:29,575][train.py][line:318][INFO] Epoch:[50/230]	 loss=874.29974	 acc=79.404
[2024-08-26 19:40:36,812][train.py][line:326][INFO] Epoch:[50/230]	 Test acc=77.328
[2024-08-26 19:40:36,813][train.py][line:335][INFO] Best Test acc=77.328
[2024-08-26 19:42:50,323][train.py][line:318][INFO] Epoch:[51/230]	 loss=894.34485	 acc=78.883
[2024-08-26 19:42:57,604][train.py][line:326][INFO] Epoch:[51/230]	 Test acc=75.245
[2024-08-26 19:42:57,604][train.py][line:335][INFO] Best Test acc=77.328
[2024-08-26 19:45:12,248][train.py][line:318][INFO] Epoch:[52/230]	 loss=878.02528	 acc=79.124
[2024-08-26 19:45:19,607][train.py][line:326][INFO] Epoch:[52/230]	 Test acc=74.387
[2024-08-26 19:45:19,607][train.py][line:335][INFO] Best Test acc=77.328
[2024-08-26 19:47:38,623][train.py][line:318][INFO] Epoch:[53/230]	 loss=861.46946	 acc=80.038
[2024-08-26 19:47:46,134][train.py][line:326][INFO] Epoch:[53/230]	 Test acc=78.064
[2024-08-26 19:47:46,134][train.py][line:335][INFO] Best Test acc=78.064
[2024-08-26 19:50:08,929][train.py][line:318][INFO] Epoch:[54/230]	 loss=874.16268	 acc=79.860
[2024-08-26 19:50:16,467][train.py][line:326][INFO] Epoch:[54/230]	 Test acc=77.819
[2024-08-26 19:50:16,467][train.py][line:335][INFO] Best Test acc=78.064
[2024-08-26 19:52:41,261][train.py][line:318][INFO] Epoch:[55/230]	 loss=848.03137	 acc=80.292
[2024-08-26 19:52:48,899][train.py][line:326][INFO] Epoch:[55/230]	 Test acc=75.735
[2024-08-26 19:52:48,899][train.py][line:335][INFO] Best Test acc=78.064
[2024-08-26 19:55:12,468][train.py][line:318][INFO] Epoch:[56/230]	 loss=836.96339	 acc=80.393
[2024-08-26 19:55:20,083][train.py][line:326][INFO] Epoch:[56/230]	 Test acc=75.613
[2024-08-26 19:55:20,083][train.py][line:335][INFO] Best Test acc=78.064
[2024-08-26 19:57:41,171][train.py][line:318][INFO] Epoch:[57/230]	 loss=836.76106	 acc=80.558
[2024-08-26 19:57:48,479][train.py][line:326][INFO] Epoch:[57/230]	 Test acc=74.632
[2024-08-26 19:57:48,479][train.py][line:335][INFO] Best Test acc=78.064
[2024-08-26 20:00:08,603][train.py][line:318][INFO] Epoch:[58/230]	 loss=824.52775	 acc=80.812
[2024-08-26 20:00:16,058][train.py][line:326][INFO] Epoch:[58/230]	 Test acc=75.123
[2024-08-26 20:00:16,058][train.py][line:335][INFO] Best Test acc=78.064
[2024-08-26 20:02:37,167][train.py][line:318][INFO] Epoch:[59/230]	 loss=838.29402	 acc=80.406
[2024-08-26 20:02:44,849][train.py][line:326][INFO] Epoch:[59/230]	 Test acc=77.328
[2024-08-26 20:02:44,849][train.py][line:335][INFO] Best Test acc=78.064
[2024-08-26 20:05:06,326][train.py][line:318][INFO] Epoch:[60/230]	 loss=794.47639	 acc=81.345
[2024-08-26 20:05:13,914][train.py][line:326][INFO] Epoch:[60/230]	 Test acc=74.632
[2024-08-26 20:05:13,914][train.py][line:335][INFO] Best Test acc=78.064
[2024-08-26 20:07:32,866][train.py][line:318][INFO] Epoch:[61/230]	 loss=806.17747	 acc=81.015
[2024-08-26 20:07:40,160][train.py][line:326][INFO] Epoch:[61/230]	 Test acc=76.225
[2024-08-26 20:07:40,160][train.py][line:335][INFO] Best Test acc=78.064
[2024-08-26 20:09:57,302][train.py][line:318][INFO] Epoch:[62/230]	 loss=808.72960	 acc=81.637
[2024-08-26 20:10:04,904][train.py][line:326][INFO] Epoch:[62/230]	 Test acc=77.083
[2024-08-26 20:10:04,905][train.py][line:335][INFO] Best Test acc=78.064
[2024-08-26 20:12:23,070][train.py][line:318][INFO] Epoch:[63/230]	 loss=808.49801	 acc=81.713
[2024-08-26 20:12:30,502][train.py][line:326][INFO] Epoch:[63/230]	 Test acc=77.941
[2024-08-26 20:12:30,503][train.py][line:335][INFO] Best Test acc=78.064
[2024-08-26 20:14:50,561][train.py][line:318][INFO] Epoch:[64/230]	 loss=774.55903	 acc=82.297
[2024-08-26 20:14:57,923][train.py][line:326][INFO] Epoch:[64/230]	 Test acc=77.941
[2024-08-26 20:14:57,923][train.py][line:335][INFO] Best Test acc=78.064
[2024-08-26 20:17:16,077][train.py][line:318][INFO] Epoch:[65/230]	 loss=745.86840	 acc=82.970
[2024-08-26 20:17:23,472][train.py][line:326][INFO] Epoch:[65/230]	 Test acc=76.103
[2024-08-26 20:17:23,472][train.py][line:335][INFO] Best Test acc=78.064
[2024-08-26 20:19:43,817][train.py][line:318][INFO] Epoch:[66/230]	 loss=749.88185	 acc=82.855
[2024-08-26 20:19:51,461][train.py][line:326][INFO] Epoch:[66/230]	 Test acc=76.961
[2024-08-26 20:19:51,461][train.py][line:335][INFO] Best Test acc=78.064
[2024-08-26 20:22:14,224][train.py][line:318][INFO] Epoch:[67/230]	 loss=782.90676	 acc=82.221
[2024-08-26 20:22:21,869][train.py][line:326][INFO] Epoch:[67/230]	 Test acc=77.941
[2024-08-26 20:22:21,870][train.py][line:335][INFO] Best Test acc=78.064
[2024-08-26 20:24:44,861][train.py][line:318][INFO] Epoch:[68/230]	 loss=723.72781	 acc=83.312
[2024-08-26 20:24:52,562][train.py][line:326][INFO] Epoch:[68/230]	 Test acc=77.819
[2024-08-26 20:24:52,562][train.py][line:335][INFO] Best Test acc=78.064
[2024-08-26 20:27:16,612][train.py][line:318][INFO] Epoch:[69/230]	 loss=764.98345	 acc=83.033
[2024-08-26 20:27:24,042][train.py][line:326][INFO] Epoch:[69/230]	 Test acc=78.554
[2024-08-26 20:27:24,042][train.py][line:335][INFO] Best Test acc=78.554
[2024-08-26 20:29:48,925][train.py][line:318][INFO] Epoch:[70/230]	 loss=771.76717	 acc=82.589
[2024-08-26 20:29:56,655][train.py][line:326][INFO] Epoch:[70/230]	 Test acc=76.716
[2024-08-26 20:29:56,655][train.py][line:335][INFO] Best Test acc=78.554
[2024-08-26 20:32:21,664][train.py][line:318][INFO] Epoch:[71/230]	 loss=739.14871	 acc=83.008
[2024-08-26 20:32:29,145][train.py][line:326][INFO] Epoch:[71/230]	 Test acc=77.696
[2024-08-26 20:32:29,145][train.py][line:335][INFO] Best Test acc=78.554
[2024-08-26 20:34:51,845][train.py][line:318][INFO] Epoch:[72/230]	 loss=787.54040	 acc=81.662
[2024-08-26 20:34:59,307][train.py][line:326][INFO] Epoch:[72/230]	 Test acc=73.284
[2024-08-26 20:34:59,307][train.py][line:335][INFO] Best Test acc=78.554
[2024-08-26 20:37:22,656][train.py][line:318][INFO] Epoch:[73/230]	 loss=739.56447	 acc=83.376
[2024-08-26 20:37:30,210][train.py][line:326][INFO] Epoch:[73/230]	 Test acc=76.961
[2024-08-26 20:37:30,210][train.py][line:335][INFO] Best Test acc=78.554
[2024-08-26 20:39:53,127][train.py][line:318][INFO] Epoch:[74/230]	 loss=740.10566	 acc=83.325
[2024-08-26 20:40:00,586][train.py][line:326][INFO] Epoch:[74/230]	 Test acc=75.000
[2024-08-26 20:40:00,586][train.py][line:335][INFO] Best Test acc=78.554
[2024-08-26 20:42:23,818][train.py][line:318][INFO] Epoch:[75/230]	 loss=730.04477	 acc=83.058
[2024-08-26 20:42:31,316][train.py][line:326][INFO] Epoch:[75/230]	 Test acc=78.309
[2024-08-26 20:42:31,317][train.py][line:335][INFO] Best Test acc=78.554
[2024-08-26 20:44:55,605][train.py][line:318][INFO] Epoch:[76/230]	 loss=726.56078	 acc=83.820
[2024-08-26 20:45:03,340][train.py][line:326][INFO] Epoch:[76/230]	 Test acc=78.799
[2024-08-26 20:45:03,340][train.py][line:335][INFO] Best Test acc=78.799
[2024-08-26 20:47:24,144][train.py][line:318][INFO] Epoch:[77/230]	 loss=748.61338	 acc=83.033
[2024-08-26 20:47:31,484][train.py][line:326][INFO] Epoch:[77/230]	 Test acc=76.348
[2024-08-26 20:47:31,484][train.py][line:335][INFO] Best Test acc=78.799
[2024-08-26 20:49:50,807][train.py][line:318][INFO] Epoch:[78/230]	 loss=742.54572	 acc=83.299
[2024-08-26 20:49:58,238][train.py][line:326][INFO] Epoch:[78/230]	 Test acc=77.083
[2024-08-26 20:49:58,238][train.py][line:335][INFO] Best Test acc=78.799
[2024-08-26 20:52:18,069][train.py][line:318][INFO] Epoch:[79/230]	 loss=724.42204	 acc=83.718
[2024-08-26 20:52:25,493][train.py][line:326][INFO] Epoch:[79/230]	 Test acc=78.799
[2024-08-26 20:52:25,493][train.py][line:335][INFO] Best Test acc=78.799
[2024-08-26 20:54:44,922][train.py][line:318][INFO] Epoch:[80/230]	 loss=733.33033	 acc=83.426
[2024-08-26 20:54:52,314][train.py][line:326][INFO] Epoch:[80/230]	 Test acc=79.534
[2024-08-26 20:54:52,314][train.py][line:335][INFO] Best Test acc=79.534
[2024-08-26 20:57:12,516][train.py][line:318][INFO] Epoch:[81/230]	 loss=796.72936	 acc=81.612
[2024-08-26 20:57:20,038][train.py][line:326][INFO] Epoch:[81/230]	 Test acc=75.980
[2024-08-26 20:57:20,038][train.py][line:335][INFO] Best Test acc=79.534
[2024-08-26 20:59:41,210][train.py][line:318][INFO] Epoch:[82/230]	 loss=768.80946	 acc=82.602
[2024-08-26 20:59:48,870][train.py][line:326][INFO] Epoch:[82/230]	 Test acc=76.225
[2024-08-26 20:59:48,870][train.py][line:335][INFO] Best Test acc=79.534
[2024-08-26 21:02:11,777][train.py][line:318][INFO] Epoch:[83/230]	 loss=723.97670	 acc=83.858
[2024-08-26 21:02:19,189][train.py][line:326][INFO] Epoch:[83/230]	 Test acc=77.083
[2024-08-26 21:02:19,189][train.py][line:335][INFO] Best Test acc=79.534
[2024-08-26 21:04:38,133][train.py][line:318][INFO] Epoch:[84/230]	 loss=705.15776	 acc=84.657
[2024-08-26 21:04:45,541][train.py][line:326][INFO] Epoch:[84/230]	 Test acc=76.716
[2024-08-26 21:04:45,541][train.py][line:335][INFO] Best Test acc=79.534
[2024-08-26 21:07:03,724][train.py][line:318][INFO] Epoch:[85/230]	 loss=725.84764	 acc=83.642
[2024-08-26 21:07:11,115][train.py][line:326][INFO] Epoch:[85/230]	 Test acc=78.064
[2024-08-26 21:07:11,116][train.py][line:335][INFO] Best Test acc=79.534
[2024-08-26 21:09:29,126][train.py][line:318][INFO] Epoch:[86/230]	 loss=706.45554	 acc=84.404
[2024-08-26 21:09:36,503][train.py][line:326][INFO] Epoch:[86/230]	 Test acc=74.510
[2024-08-26 21:09:36,503][train.py][line:335][INFO] Best Test acc=79.534
[2024-08-26 21:11:53,222][train.py][line:318][INFO] Epoch:[87/230]	 loss=698.29469	 acc=84.632
[2024-08-26 21:12:00,489][train.py][line:326][INFO] Epoch:[87/230]	 Test acc=76.716
[2024-08-26 21:12:00,489][train.py][line:335][INFO] Best Test acc=79.534
[2024-08-26 21:14:18,472][train.py][line:318][INFO] Epoch:[88/230]	 loss=718.93743	 acc=84.112
[2024-08-26 21:14:26,096][train.py][line:326][INFO] Epoch:[88/230]	 Test acc=79.167
[2024-08-26 21:14:26,096][train.py][line:335][INFO] Best Test acc=79.534
[2024-08-26 21:16:48,481][train.py][line:318][INFO] Epoch:[89/230]	 loss=709.21666	 acc=84.188
[2024-08-26 21:16:56,099][train.py][line:326][INFO] Epoch:[89/230]	 Test acc=75.613
[2024-08-26 21:16:56,099][train.py][line:335][INFO] Best Test acc=79.534
[2024-08-26 21:19:19,277][train.py][line:318][INFO] Epoch:[90/230]	 loss=688.58531	 acc=84.873
[2024-08-26 21:19:26,620][train.py][line:326][INFO] Epoch:[90/230]	 Test acc=79.412
[2024-08-26 21:19:26,621][train.py][line:335][INFO] Best Test acc=79.534
[2024-08-26 21:21:48,010][train.py][line:318][INFO] Epoch:[91/230]	 loss=700.87268	 acc=84.873
[2024-08-26 21:21:55,483][train.py][line:326][INFO] Epoch:[91/230]	 Test acc=78.309
[2024-08-26 21:21:55,483][train.py][line:335][INFO] Best Test acc=79.534
[2024-08-26 21:24:17,684][train.py][line:318][INFO] Epoch:[92/230]	 loss=696.65964	 acc=84.594
[2024-08-26 21:24:25,215][train.py][line:326][INFO] Epoch:[92/230]	 Test acc=77.206
[2024-08-26 21:24:25,215][train.py][line:335][INFO] Best Test acc=79.534
[2024-08-26 21:26:46,054][train.py][line:318][INFO] Epoch:[93/230]	 loss=688.96542	 acc=84.657
[2024-08-26 21:26:53,510][train.py][line:326][INFO] Epoch:[93/230]	 Test acc=77.083
[2024-08-26 21:26:53,510][train.py][line:335][INFO] Best Test acc=79.534
[2024-08-26 21:29:12,581][train.py][line:318][INFO] Epoch:[94/230]	 loss=724.19647	 acc=83.807
[2024-08-26 21:29:20,161][train.py][line:326][INFO] Epoch:[94/230]	 Test acc=77.941
[2024-08-26 21:29:20,161][train.py][line:335][INFO] Best Test acc=79.534
[2024-08-26 21:31:41,266][train.py][line:318][INFO] Epoch:[95/230]	 loss=703.75463	 acc=84.569
[2024-08-26 21:31:48,576][train.py][line:326][INFO] Epoch:[95/230]	 Test acc=79.167
[2024-08-26 21:31:48,576][train.py][line:335][INFO] Best Test acc=79.534
[2024-08-26 21:34:05,519][train.py][line:318][INFO] Epoch:[96/230]	 loss=702.50233	 acc=84.721
[2024-08-26 21:34:12,984][train.py][line:326][INFO] Epoch:[96/230]	 Test acc=79.657
[2024-08-26 21:34:12,985][train.py][line:335][INFO] Best Test acc=79.657
[2024-08-26 21:36:31,116][train.py][line:318][INFO] Epoch:[97/230]	 loss=669.04168	 acc=85.381
[2024-08-26 21:36:38,477][train.py][line:326][INFO] Epoch:[97/230]	 Test acc=77.941
[2024-08-26 21:36:38,477][train.py][line:335][INFO] Best Test acc=79.657
[2024-08-26 21:38:56,618][train.py][line:318][INFO] Epoch:[98/230]	 loss=643.37025	 acc=85.711
[2024-08-26 21:39:04,086][train.py][line:326][INFO] Epoch:[98/230]	 Test acc=77.083
[2024-08-26 21:39:04,086][train.py][line:335][INFO] Best Test acc=79.657
[2024-08-26 21:41:24,295][train.py][line:318][INFO] Epoch:[99/230]	 loss=671.04029	 acc=85.749
[2024-08-26 21:41:31,812][train.py][line:326][INFO] Epoch:[99/230]	 Test acc=81.250
[2024-08-26 21:41:31,812][train.py][line:335][INFO] Best Test acc=81.250
[2024-08-26 21:43:51,489][train.py][line:318][INFO] Epoch:[100/230]	 loss=670.04314	 acc=85.381
[2024-08-26 21:43:58,854][train.py][line:326][INFO] Epoch:[100/230]	 Test acc=80.147
[2024-08-26 21:43:58,854][train.py][line:335][INFO] Best Test acc=81.250
[2024-08-26 21:46:16,846][train.py][line:318][INFO] Epoch:[101/230]	 loss=637.48670	 acc=86.332
[2024-08-26 21:46:24,241][train.py][line:326][INFO] Epoch:[101/230]	 Test acc=79.534
[2024-08-26 21:46:24,241][train.py][line:335][INFO] Best Test acc=81.250
[2024-08-26 21:48:43,074][train.py][line:318][INFO] Epoch:[102/230]	 loss=632.80774	 acc=86.383
[2024-08-26 21:48:50,685][train.py][line:326][INFO] Epoch:[102/230]	 Test acc=81.373
[2024-08-26 21:48:50,686][train.py][line:335][INFO] Best Test acc=81.373
[2024-08-26 21:51:10,711][train.py][line:318][INFO] Epoch:[103/230]	 loss=665.64741	 acc=85.964
[2024-08-26 21:51:18,144][train.py][line:326][INFO] Epoch:[103/230]	 Test acc=79.412
[2024-08-26 21:51:18,144][train.py][line:335][INFO] Best Test acc=81.373
[2024-08-26 21:53:35,653][train.py][line:318][INFO] Epoch:[104/230]	 loss=648.42749	 acc=86.053
[2024-08-26 21:53:42,952][train.py][line:326][INFO] Epoch:[104/230]	 Test acc=79.412
[2024-08-26 21:53:42,952][train.py][line:335][INFO] Best Test acc=81.373
[2024-08-26 21:56:00,810][train.py][line:318][INFO] Epoch:[105/230]	 loss=628.28838	 acc=86.929
[2024-08-26 21:56:08,104][train.py][line:326][INFO] Epoch:[105/230]	 Test acc=80.882
[2024-08-26 21:56:08,104][train.py][line:335][INFO] Best Test acc=81.373
[2024-08-26 21:58:28,177][train.py][line:318][INFO] Epoch:[106/230]	 loss=631.41911	 acc=86.789
[2024-08-26 21:58:35,703][train.py][line:326][INFO] Epoch:[106/230]	 Test acc=79.412
[2024-08-26 21:58:35,703][train.py][line:335][INFO] Best Test acc=81.373
[2024-08-26 22:00:57,748][train.py][line:318][INFO] Epoch:[107/230]	 loss=640.32350	 acc=86.320
[2024-08-26 22:01:05,402][train.py][line:326][INFO] Epoch:[107/230]	 Test acc=77.574
[2024-08-26 22:01:05,402][train.py][line:335][INFO] Best Test acc=81.373
[2024-08-26 22:03:27,619][train.py][line:318][INFO] Epoch:[108/230]	 loss=642.88966	 acc=86.294
[2024-08-26 22:03:35,171][train.py][line:326][INFO] Epoch:[108/230]	 Test acc=79.167
[2024-08-26 22:03:35,171][train.py][line:335][INFO] Best Test acc=81.373
[2024-08-26 22:05:55,255][train.py][line:318][INFO] Epoch:[109/230]	 loss=642.85688	 acc=86.282
[2024-08-26 22:06:02,640][train.py][line:326][INFO] Epoch:[109/230]	 Test acc=74.510
[2024-08-26 22:06:02,640][train.py][line:335][INFO] Best Test acc=81.373
[2024-08-26 22:08:20,024][train.py][line:318][INFO] Epoch:[110/230]	 loss=627.26365	 acc=86.865
[2024-08-26 22:08:27,513][train.py][line:326][INFO] Epoch:[110/230]	 Test acc=80.270
[2024-08-26 22:08:27,513][train.py][line:335][INFO] Best Test acc=81.373
[2024-08-26 22:10:45,025][train.py][line:318][INFO] Epoch:[111/230]	 loss=617.40693	 acc=87.487
[2024-08-26 22:10:52,468][train.py][line:326][INFO] Epoch:[111/230]	 Test acc=80.025
[2024-08-26 22:10:52,468][train.py][line:335][INFO] Best Test acc=81.373
[2024-08-26 22:13:09,406][train.py][line:318][INFO] Epoch:[112/230]	 loss=644.64193	 acc=86.129
[2024-08-26 22:13:16,697][train.py][line:326][INFO] Epoch:[112/230]	 Test acc=80.270
[2024-08-26 22:13:16,698][train.py][line:335][INFO] Best Test acc=81.373
[2024-08-26 22:15:30,511][train.py][line:318][INFO] Epoch:[113/230]	 loss=630.70402	 acc=87.043
[2024-08-26 22:15:37,764][train.py][line:326][INFO] Epoch:[113/230]	 Test acc=81.250
[2024-08-26 22:15:37,764][train.py][line:335][INFO] Best Test acc=81.373
[2024-08-26 22:17:51,376][train.py][line:318][INFO] Epoch:[114/230]	 loss=616.81476	 acc=87.259
[2024-08-26 22:17:58,622][train.py][line:326][INFO] Epoch:[114/230]	 Test acc=80.147
[2024-08-26 22:17:58,622][train.py][line:335][INFO] Best Test acc=81.373
[2024-08-26 22:20:11,975][train.py][line:318][INFO] Epoch:[115/230]	 loss=631.95692	 acc=86.777
[2024-08-26 22:20:19,260][train.py][line:326][INFO] Epoch:[115/230]	 Test acc=79.534
[2024-08-26 22:20:19,260][train.py][line:335][INFO] Best Test acc=81.373
[2024-08-26 22:22:34,137][train.py][line:318][INFO] Epoch:[116/230]	 loss=591.05975	 acc=88.033
[2024-08-26 22:22:41,397][train.py][line:326][INFO] Epoch:[116/230]	 Test acc=80.760
[2024-08-26 22:22:41,397][train.py][line:335][INFO] Best Test acc=81.373
[2024-08-26 22:24:58,799][train.py][line:318][INFO] Epoch:[117/230]	 loss=588.51426	 acc=88.058
[2024-08-26 22:25:06,393][train.py][line:326][INFO] Epoch:[117/230]	 Test acc=79.902
[2024-08-26 22:25:06,393][train.py][line:335][INFO] Best Test acc=81.373
[2024-08-26 22:27:24,031][train.py][line:318][INFO] Epoch:[118/230]	 loss=572.79387	 acc=88.020
[2024-08-26 22:27:31,302][train.py][line:326][INFO] Epoch:[118/230]	 Test acc=79.412
[2024-08-26 22:27:31,302][train.py][line:335][INFO] Best Test acc=81.373
[2024-08-26 22:29:47,705][train.py][line:318][INFO] Epoch:[119/230]	 loss=610.77255	 acc=87.297
[2024-08-26 22:29:55,104][train.py][line:326][INFO] Epoch:[119/230]	 Test acc=80.392
[2024-08-26 22:29:55,105][train.py][line:335][INFO] Best Test acc=81.373
[2024-08-26 22:32:12,446][train.py][line:318][INFO] Epoch:[120/230]	 loss=584.73686	 acc=88.477
[2024-08-26 22:32:19,957][train.py][line:326][INFO] Epoch:[120/230]	 Test acc=80.025
[2024-08-26 22:32:19,957][train.py][line:335][INFO] Best Test acc=81.373
[2024-08-26 22:34:36,883][train.py][line:318][INFO] Epoch:[121/230]	 loss=584.57736	 acc=88.668
[2024-08-26 22:34:44,148][train.py][line:326][INFO] Epoch:[121/230]	 Test acc=81.985
[2024-08-26 22:34:44,149][train.py][line:335][INFO] Best Test acc=81.985
[2024-08-26 22:37:01,418][train.py][line:318][INFO] Epoch:[122/230]	 loss=589.01896	 acc=88.173
[2024-08-26 22:37:08,768][train.py][line:326][INFO] Epoch:[122/230]	 Test acc=80.882
[2024-08-26 22:37:08,768][train.py][line:335][INFO] Best Test acc=81.985
[2024-08-26 22:39:24,522][train.py][line:318][INFO] Epoch:[123/230]	 loss=591.45846	 acc=87.893
[2024-08-26 22:39:31,796][train.py][line:326][INFO] Epoch:[123/230]	 Test acc=79.412
[2024-08-26 22:39:31,796][train.py][line:335][INFO] Best Test acc=81.985
[2024-08-26 22:41:44,159][train.py][line:318][INFO] Epoch:[124/230]	 loss=571.99753	 acc=88.566
[2024-08-26 22:41:51,401][train.py][line:326][INFO] Epoch:[124/230]	 Test acc=80.270
[2024-08-26 22:41:51,401][train.py][line:335][INFO] Best Test acc=81.985
[2024-08-26 22:44:03,244][train.py][line:318][INFO] Epoch:[125/230]	 loss=580.76202	 acc=88.160
[2024-08-26 22:44:10,467][train.py][line:326][INFO] Epoch:[125/230]	 Test acc=81.618
[2024-08-26 22:44:10,468][train.py][line:335][INFO] Best Test acc=81.985
[2024-08-26 22:46:21,660][train.py][line:318][INFO] Epoch:[126/230]	 loss=586.02953	 acc=88.033
[2024-08-26 22:46:28,958][train.py][line:326][INFO] Epoch:[126/230]	 Test acc=79.657
[2024-08-26 22:46:28,958][train.py][line:335][INFO] Best Test acc=81.985
[2024-08-26 22:48:40,390][train.py][line:318][INFO] Epoch:[127/230]	 loss=602.98583	 acc=87.957
[2024-08-26 22:48:47,688][train.py][line:326][INFO] Epoch:[127/230]	 Test acc=80.515
[2024-08-26 22:48:47,688][train.py][line:335][INFO] Best Test acc=81.985
[2024-08-26 22:51:01,682][train.py][line:318][INFO] Epoch:[128/230]	 loss=561.26781	 acc=89.213
[2024-08-26 22:51:08,938][train.py][line:326][INFO] Epoch:[128/230]	 Test acc=80.760
[2024-08-26 22:51:08,939][train.py][line:335][INFO] Best Test acc=81.985
[2024-08-26 22:53:24,603][train.py][line:318][INFO] Epoch:[129/230]	 loss=565.75370	 acc=88.350
[2024-08-26 22:53:32,006][train.py][line:326][INFO] Epoch:[129/230]	 Test acc=80.515
[2024-08-26 22:53:32,007][train.py][line:335][INFO] Best Test acc=81.985
[2024-08-26 22:55:47,718][train.py][line:318][INFO] Epoch:[130/230]	 loss=550.82341	 acc=88.909
[2024-08-26 22:55:55,032][train.py][line:326][INFO] Epoch:[130/230]	 Test acc=80.637
[2024-08-26 22:55:55,032][train.py][line:335][INFO] Best Test acc=81.985
[2024-08-26 22:58:11,473][train.py][line:318][INFO] Epoch:[131/230]	 loss=550.61992	 acc=89.289
[2024-08-26 22:58:18,869][train.py][line:326][INFO] Epoch:[131/230]	 Test acc=82.353
[2024-08-26 22:58:18,870][train.py][line:335][INFO] Best Test acc=82.353
[2024-08-26 23:00:36,727][train.py][line:318][INFO] Epoch:[132/230]	 loss=592.46878	 acc=87.970
[2024-08-26 23:00:44,216][train.py][line:326][INFO] Epoch:[132/230]	 Test acc=80.270
[2024-08-26 23:00:44,216][train.py][line:335][INFO] Best Test acc=82.353
[2024-08-26 23:03:01,789][train.py][line:318][INFO] Epoch:[133/230]	 loss=579.68434	 acc=88.376
[2024-08-26 23:03:09,054][train.py][line:326][INFO] Epoch:[133/230]	 Test acc=77.328
[2024-08-26 23:03:09,054][train.py][line:335][INFO] Best Test acc=82.353
[2024-08-26 23:05:25,747][train.py][line:318][INFO] Epoch:[134/230]	 loss=546.14591	 acc=89.365
[2024-08-26 23:05:33,098][train.py][line:326][INFO] Epoch:[134/230]	 Test acc=80.515
[2024-08-26 23:05:33,098][train.py][line:335][INFO] Best Test acc=82.353
[2024-08-26 23:07:48,474][train.py][line:318][INFO] Epoch:[135/230]	 loss=576.61487	 acc=88.312
[2024-08-26 23:07:55,908][train.py][line:326][INFO] Epoch:[135/230]	 Test acc=82.108
[2024-08-26 23:07:55,908][train.py][line:335][INFO] Best Test acc=82.353
[2024-08-26 23:10:12,922][train.py][line:318][INFO] Epoch:[136/230]	 loss=554.87459	 acc=89.543
[2024-08-26 23:10:20,224][train.py][line:326][INFO] Epoch:[136/230]	 Test acc=78.799
[2024-08-26 23:10:20,224][train.py][line:335][INFO] Best Test acc=82.353
[2024-08-26 23:12:38,035][train.py][line:318][INFO] Epoch:[137/230]	 loss=566.16226	 acc=88.287
[2024-08-26 23:12:45,494][train.py][line:326][INFO] Epoch:[137/230]	 Test acc=82.230
[2024-08-26 23:12:45,494][train.py][line:335][INFO] Best Test acc=82.353
[2024-08-26 23:15:03,556][train.py][line:318][INFO] Epoch:[138/230]	 loss=571.95745	 acc=88.642
[2024-08-26 23:15:10,857][train.py][line:326][INFO] Epoch:[138/230]	 Test acc=82.108
[2024-08-26 23:15:10,857][train.py][line:335][INFO] Best Test acc=82.353
[2024-08-26 23:17:29,345][train.py][line:318][INFO] Epoch:[139/230]	 loss=549.36772	 acc=89.569
[2024-08-26 23:17:36,917][train.py][line:326][INFO] Epoch:[139/230]	 Test acc=81.863
[2024-08-26 23:17:36,917][train.py][line:335][INFO] Best Test acc=82.353
[2024-08-26 23:19:56,677][train.py][line:318][INFO] Epoch:[140/230]	 loss=555.79078	 acc=89.162
[2024-08-26 23:20:04,101][train.py][line:326][INFO] Epoch:[140/230]	 Test acc=80.515
[2024-08-26 23:20:04,101][train.py][line:335][INFO] Best Test acc=82.353
[2024-08-26 23:22:23,614][train.py][line:318][INFO] Epoch:[141/230]	 loss=374.32977	 acc=93.985
[2024-08-26 23:22:31,002][train.py][line:326][INFO] Epoch:[141/230]	 Test acc=82.353
[2024-08-26 23:22:31,002][train.py][line:335][INFO] Best Test acc=82.353
[2024-08-26 23:24:50,915][train.py][line:318][INFO] Epoch:[142/230]	 loss=366.73791	 acc=94.162
[2024-08-26 23:24:58,364][train.py][line:326][INFO] Epoch:[142/230]	 Test acc=82.721
[2024-08-26 23:24:58,364][train.py][line:335][INFO] Best Test acc=82.721
[2024-08-26 23:27:18,096][train.py][line:318][INFO] Epoch:[143/230]	 loss=367.46410	 acc=94.581
[2024-08-26 23:27:25,373][train.py][line:326][INFO] Epoch:[143/230]	 Test acc=82.353
[2024-08-26 23:27:25,373][train.py][line:335][INFO] Best Test acc=82.721
[2024-08-26 23:29:43,754][train.py][line:318][INFO] Epoch:[144/230]	 loss=353.84891	 acc=94.721
[2024-08-26 23:29:51,164][train.py][line:326][INFO] Epoch:[144/230]	 Test acc=81.740
[2024-08-26 23:29:51,164][train.py][line:335][INFO] Best Test acc=82.721
[2024-08-26 23:32:09,135][train.py][line:318][INFO] Epoch:[145/230]	 loss=348.30601	 acc=94.797
[2024-08-26 23:32:16,471][train.py][line:326][INFO] Epoch:[145/230]	 Test acc=82.475
[2024-08-26 23:32:16,471][train.py][line:335][INFO] Best Test acc=82.721
[2024-08-26 23:34:34,877][train.py][line:318][INFO] Epoch:[146/230]	 loss=341.32430	 acc=95.216
[2024-08-26 23:34:42,190][train.py][line:326][INFO] Epoch:[146/230]	 Test acc=83.088
[2024-08-26 23:34:42,190][train.py][line:335][INFO] Best Test acc=83.088
[2024-08-26 23:36:59,731][train.py][line:318][INFO] Epoch:[147/230]	 loss=344.12184	 acc=94.898
[2024-08-26 23:37:07,162][train.py][line:326][INFO] Epoch:[147/230]	 Test acc=82.353
[2024-08-26 23:37:07,162][train.py][line:335][INFO] Best Test acc=83.088
[2024-08-26 23:39:24,808][train.py][line:318][INFO] Epoch:[148/230]	 loss=335.59049	 acc=95.317
[2024-08-26 23:39:32,119][train.py][line:326][INFO] Epoch:[148/230]	 Test acc=80.637
[2024-08-26 23:39:32,120][train.py][line:335][INFO] Best Test acc=83.088
[2024-08-26 23:41:49,946][train.py][line:318][INFO] Epoch:[149/230]	 loss=346.05057	 acc=95.444
[2024-08-26 23:41:57,425][train.py][line:326][INFO] Epoch:[149/230]	 Test acc=83.578
[2024-08-26 23:41:57,426][train.py][line:335][INFO] Best Test acc=83.578
[2024-08-26 23:44:16,783][train.py][line:318][INFO] Epoch:[150/230]	 loss=341.33482	 acc=94.924
[2024-08-26 23:44:24,143][train.py][line:326][INFO] Epoch:[150/230]	 Test acc=83.456
[2024-08-26 23:44:24,143][train.py][line:335][INFO] Best Test acc=83.578
[2024-08-26 23:46:42,680][train.py][line:318][INFO] Epoch:[151/230]	 loss=330.34912	 acc=95.520
[2024-08-26 23:46:49,989][train.py][line:326][INFO] Epoch:[151/230]	 Test acc=81.618
[2024-08-26 23:46:49,989][train.py][line:335][INFO] Best Test acc=83.578
[2024-08-26 23:49:07,466][train.py][line:318][INFO] Epoch:[152/230]	 loss=328.61744	 acc=95.749
[2024-08-26 23:49:14,919][train.py][line:326][INFO] Epoch:[152/230]	 Test acc=82.966
[2024-08-26 23:49:14,920][train.py][line:335][INFO] Best Test acc=83.578
[2024-08-26 23:51:31,963][train.py][line:318][INFO] Epoch:[153/230]	 loss=327.34576	 acc=95.406
[2024-08-26 23:51:39,380][train.py][line:326][INFO] Epoch:[153/230]	 Test acc=82.353
[2024-08-26 23:51:39,380][train.py][line:335][INFO] Best Test acc=83.578
[2024-08-26 23:53:56,611][train.py][line:318][INFO] Epoch:[154/230]	 loss=324.84423	 acc=95.647
[2024-08-26 23:54:04,003][train.py][line:326][INFO] Epoch:[154/230]	 Test acc=82.230
[2024-08-26 23:54:04,003][train.py][line:335][INFO] Best Test acc=83.578
[2024-08-26 23:56:20,600][train.py][line:318][INFO] Epoch:[155/230]	 loss=322.78561	 acc=95.673
[2024-08-26 23:56:28,004][train.py][line:326][INFO] Epoch:[155/230]	 Test acc=83.088
[2024-08-26 23:56:28,005][train.py][line:335][INFO] Best Test acc=83.578
[2024-08-26 23:58:46,175][train.py][line:318][INFO] Epoch:[156/230]	 loss=326.74932	 acc=95.343
[2024-08-26 23:58:53,515][train.py][line:326][INFO] Epoch:[156/230]	 Test acc=74.265
[2024-08-26 23:58:53,515][train.py][line:335][INFO] Best Test acc=83.578
[2024-08-27 00:01:13,254][train.py][line:318][INFO] Epoch:[157/230]	 loss=327.36244	 acc=95.381
[2024-08-27 00:01:20,728][train.py][line:326][INFO] Epoch:[157/230]	 Test acc=82.843
[2024-08-27 00:01:20,728][train.py][line:335][INFO] Best Test acc=83.578
[2024-08-27 00:03:39,592][train.py][line:318][INFO] Epoch:[158/230]	 loss=317.98066	 acc=95.711
[2024-08-27 00:03:46,913][train.py][line:326][INFO] Epoch:[158/230]	 Test acc=81.495
[2024-08-27 00:03:46,913][train.py][line:335][INFO] Best Test acc=83.578
[2024-08-27 00:06:04,463][train.py][line:318][INFO] Epoch:[159/230]	 loss=309.15607	 acc=96.079
[2024-08-27 00:06:11,932][train.py][line:326][INFO] Epoch:[159/230]	 Test acc=83.578
[2024-08-27 00:06:11,932][train.py][line:335][INFO] Best Test acc=83.578
[2024-08-27 00:08:29,323][train.py][line:318][INFO] Epoch:[160/230]	 loss=311.34079	 acc=96.053
[2024-08-27 00:08:36,695][train.py][line:326][INFO] Epoch:[160/230]	 Test acc=83.211
[2024-08-27 00:08:36,695][train.py][line:335][INFO] Best Test acc=83.578
[2024-08-27 00:10:54,889][train.py][line:318][INFO] Epoch:[161/230]	 loss=312.96779	 acc=95.952
[2024-08-27 00:11:02,322][train.py][line:326][INFO] Epoch:[161/230]	 Test acc=83.456
[2024-08-27 00:11:02,323][train.py][line:335][INFO] Best Test acc=83.578
[2024-08-27 00:13:21,005][train.py][line:318][INFO] Epoch:[162/230]	 loss=311.20924	 acc=96.053
[2024-08-27 00:13:28,419][train.py][line:326][INFO] Epoch:[162/230]	 Test acc=82.966
[2024-08-27 00:13:28,420][train.py][line:335][INFO] Best Test acc=83.578
[2024-08-27 00:15:48,248][train.py][line:318][INFO] Epoch:[163/230]	 loss=311.00667	 acc=95.888
[2024-08-27 00:15:55,744][train.py][line:326][INFO] Epoch:[163/230]	 Test acc=83.333
[2024-08-27 00:15:55,744][train.py][line:335][INFO] Best Test acc=83.578
[2024-08-27 00:18:15,571][train.py][line:318][INFO] Epoch:[164/230]	 loss=299.54722	 acc=96.523
[2024-08-27 00:18:22,961][train.py][line:326][INFO] Epoch:[164/230]	 Test acc=83.211
[2024-08-27 00:18:22,961][train.py][line:335][INFO] Best Test acc=83.578
[2024-08-27 00:20:41,434][train.py][line:318][INFO] Epoch:[165/230]	 loss=295.72861	 acc=96.510
[2024-08-27 00:20:48,940][train.py][line:326][INFO] Epoch:[165/230]	 Test acc=83.456
[2024-08-27 00:20:48,941][train.py][line:335][INFO] Best Test acc=83.578
[2024-08-27 00:23:05,551][train.py][line:318][INFO] Epoch:[166/230]	 loss=296.04483	 acc=96.536
[2024-08-27 00:23:12,941][train.py][line:326][INFO] Epoch:[166/230]	 Test acc=84.191
[2024-08-27 00:23:12,941][train.py][line:335][INFO] Best Test acc=84.191
[2024-08-27 00:25:29,583][train.py][line:318][INFO] Epoch:[167/230]	 loss=300.15957	 acc=96.510
[2024-08-27 00:25:36,952][train.py][line:326][INFO] Epoch:[167/230]	 Test acc=83.211
[2024-08-27 00:25:36,953][train.py][line:335][INFO] Best Test acc=84.191
[2024-08-27 00:27:52,276][train.py][line:318][INFO] Epoch:[168/230]	 loss=296.33504	 acc=96.485
[2024-08-27 00:27:59,583][train.py][line:326][INFO] Epoch:[168/230]	 Test acc=82.108
[2024-08-27 00:27:59,583][train.py][line:335][INFO] Best Test acc=84.191
[2024-08-27 00:30:16,472][train.py][line:318][INFO] Epoch:[169/230]	 loss=294.10473	 acc=96.612
[2024-08-27 00:30:23,935][train.py][line:326][INFO] Epoch:[169/230]	 Test acc=83.578
[2024-08-27 00:30:23,935][train.py][line:335][INFO] Best Test acc=84.191
[2024-08-27 00:32:41,478][train.py][line:318][INFO] Epoch:[170/230]	 loss=290.97945	 acc=96.713
[2024-08-27 00:32:48,998][train.py][line:326][INFO] Epoch:[170/230]	 Test acc=82.966
[2024-08-27 00:32:48,999][train.py][line:335][INFO] Best Test acc=84.191
[2024-08-27 00:35:07,096][train.py][line:318][INFO] Epoch:[171/230]	 loss=286.48209	 acc=96.726
[2024-08-27 00:35:14,419][train.py][line:326][INFO] Epoch:[171/230]	 Test acc=83.578
[2024-08-27 00:35:14,419][train.py][line:335][INFO] Best Test acc=84.191
[2024-08-27 00:37:31,775][train.py][line:318][INFO] Epoch:[172/230]	 loss=288.10360	 acc=97.043
[2024-08-27 00:37:39,090][train.py][line:326][INFO] Epoch:[172/230]	 Test acc=82.721
[2024-08-27 00:37:39,091][train.py][line:335][INFO] Best Test acc=84.191
[2024-08-27 00:39:54,892][train.py][line:318][INFO] Epoch:[173/230]	 loss=284.50316	 acc=97.069
[2024-08-27 00:40:02,194][train.py][line:326][INFO] Epoch:[173/230]	 Test acc=84.069
[2024-08-27 00:40:02,195][train.py][line:335][INFO] Best Test acc=84.191
[2024-08-27 00:42:16,780][train.py][line:318][INFO] Epoch:[174/230]	 loss=293.58862	 acc=96.586
[2024-08-27 00:42:24,120][train.py][line:326][INFO] Epoch:[174/230]	 Test acc=83.824
[2024-08-27 00:42:24,121][train.py][line:335][INFO] Best Test acc=84.191
[2024-08-27 00:44:39,433][train.py][line:318][INFO] Epoch:[175/230]	 loss=279.02388	 acc=96.904
[2024-08-27 00:44:46,748][train.py][line:326][INFO] Epoch:[175/230]	 Test acc=84.436
[2024-08-27 00:44:46,748][train.py][line:335][INFO] Best Test acc=84.436
[2024-08-27 00:47:01,819][train.py][line:318][INFO] Epoch:[176/230]	 loss=281.88665	 acc=96.815
[2024-08-27 00:47:09,110][train.py][line:326][INFO] Epoch:[176/230]	 Test acc=83.333
[2024-08-27 00:47:09,111][train.py][line:335][INFO] Best Test acc=84.436
[2024-08-27 00:49:22,546][train.py][line:318][INFO] Epoch:[177/230]	 loss=279.15901	 acc=97.030
[2024-08-27 00:49:29,814][train.py][line:326][INFO] Epoch:[177/230]	 Test acc=83.456
[2024-08-27 00:49:29,814][train.py][line:335][INFO] Best Test acc=84.436
[2024-08-27 00:51:42,463][train.py][line:318][INFO] Epoch:[178/230]	 loss=278.78407	 acc=97.005
[2024-08-27 00:51:49,720][train.py][line:326][INFO] Epoch:[178/230]	 Test acc=83.088
[2024-08-27 00:51:49,720][train.py][line:335][INFO] Best Test acc=84.436
[2024-08-27 00:54:01,903][train.py][line:318][INFO] Epoch:[179/230]	 loss=280.05856	 acc=97.145
[2024-08-27 00:54:09,146][train.py][line:326][INFO] Epoch:[179/230]	 Test acc=84.191
[2024-08-27 00:54:09,146][train.py][line:335][INFO] Best Test acc=84.436
[2024-08-27 00:56:20,816][train.py][line:318][INFO] Epoch:[180/230]	 loss=275.19800	 acc=97.094
[2024-08-27 00:56:28,017][train.py][line:326][INFO] Epoch:[180/230]	 Test acc=84.436
[2024-08-27 00:56:28,017][train.py][line:335][INFO] Best Test acc=84.436
[2024-08-27 00:58:39,412][train.py][line:318][INFO] Epoch:[181/230]	 loss=268.44385	 acc=97.335
[2024-08-27 00:58:46,609][train.py][line:326][INFO] Epoch:[181/230]	 Test acc=82.966
[2024-08-27 00:58:46,609][train.py][line:335][INFO] Best Test acc=84.436
[2024-08-27 01:00:57,852][train.py][line:318][INFO] Epoch:[182/230]	 loss=267.18424	 acc=97.386
[2024-08-27 01:01:05,064][train.py][line:326][INFO] Epoch:[182/230]	 Test acc=81.985
[2024-08-27 01:01:05,064][train.py][line:335][INFO] Best Test acc=84.436
[2024-08-27 01:03:16,263][train.py][line:318][INFO] Epoch:[183/230]	 loss=264.95721	 acc=97.576
[2024-08-27 01:03:23,476][train.py][line:326][INFO] Epoch:[183/230]	 Test acc=83.701
[2024-08-27 01:03:23,476][train.py][line:335][INFO] Best Test acc=84.436
[2024-08-27 01:05:34,409][train.py][line:318][INFO] Epoch:[184/230]	 loss=265.02878	 acc=97.398
[2024-08-27 01:05:41,656][train.py][line:326][INFO] Epoch:[184/230]	 Test acc=83.333
[2024-08-27 01:05:41,656][train.py][line:335][INFO] Best Test acc=84.436
[2024-08-27 01:07:52,968][train.py][line:318][INFO] Epoch:[185/230]	 loss=262.47830	 acc=97.360
[2024-08-27 01:08:00,195][train.py][line:326][INFO] Epoch:[185/230]	 Test acc=82.598
[2024-08-27 01:08:00,195][train.py][line:335][INFO] Best Test acc=84.436
[2024-08-27 01:10:11,438][train.py][line:318][INFO] Epoch:[186/230]	 loss=261.41146	 acc=97.487
[2024-08-27 01:10:18,641][train.py][line:326][INFO] Epoch:[186/230]	 Test acc=84.436
[2024-08-27 01:10:18,642][train.py][line:335][INFO] Best Test acc=84.436
[2024-08-27 01:12:29,985][train.py][line:318][INFO] Epoch:[187/230]	 loss=261.97495	 acc=97.678
[2024-08-27 01:12:37,207][train.py][line:326][INFO] Epoch:[187/230]	 Test acc=83.578
[2024-08-27 01:12:37,207][train.py][line:335][INFO] Best Test acc=84.436
[2024-08-27 01:14:48,636][train.py][line:318][INFO] Epoch:[188/230]	 loss=256.96650	 acc=97.614
[2024-08-27 01:14:55,869][train.py][line:326][INFO] Epoch:[188/230]	 Test acc=83.946
[2024-08-27 01:14:55,869][train.py][line:335][INFO] Best Test acc=84.436
[2024-08-27 01:17:07,034][train.py][line:318][INFO] Epoch:[189/230]	 loss=256.62267	 acc=97.703
[2024-08-27 01:17:14,250][train.py][line:326][INFO] Epoch:[189/230]	 Test acc=82.721
[2024-08-27 01:17:14,251][train.py][line:335][INFO] Best Test acc=84.436
[2024-08-27 01:19:25,384][train.py][line:318][INFO] Epoch:[190/230]	 loss=254.81635	 acc=97.779
[2024-08-27 01:19:32,604][train.py][line:326][INFO] Epoch:[190/230]	 Test acc=84.314
[2024-08-27 01:19:32,604][train.py][line:335][INFO] Best Test acc=84.436
[2024-08-27 01:21:43,916][train.py][line:318][INFO] Epoch:[191/230]	 loss=253.72645	 acc=97.779
[2024-08-27 01:21:51,154][train.py][line:326][INFO] Epoch:[191/230]	 Test acc=84.681
[2024-08-27 01:21:51,154][train.py][line:335][INFO] Best Test acc=84.681
[2024-08-27 01:24:02,446][train.py][line:318][INFO] Epoch:[192/230]	 loss=253.09562	 acc=97.881
[2024-08-27 01:24:09,662][train.py][line:326][INFO] Epoch:[192/230]	 Test acc=83.578
[2024-08-27 01:24:09,662][train.py][line:335][INFO] Best Test acc=84.681
[2024-08-27 01:26:21,051][train.py][line:318][INFO] Epoch:[193/230]	 loss=254.93062	 acc=97.893
[2024-08-27 01:26:28,261][train.py][line:326][INFO] Epoch:[193/230]	 Test acc=84.191
[2024-08-27 01:26:28,262][train.py][line:335][INFO] Best Test acc=84.681
[2024-08-27 01:28:39,819][train.py][line:318][INFO] Epoch:[194/230]	 loss=253.04583	 acc=97.754
[2024-08-27 01:28:47,056][train.py][line:326][INFO] Epoch:[194/230]	 Test acc=84.436
[2024-08-27 01:28:47,056][train.py][line:335][INFO] Best Test acc=84.681
[2024-08-27 01:30:58,789][train.py][line:318][INFO] Epoch:[195/230]	 loss=249.43221	 acc=97.868
[2024-08-27 01:31:06,005][train.py][line:326][INFO] Epoch:[195/230]	 Test acc=83.088
[2024-08-27 01:31:06,006][train.py][line:335][INFO] Best Test acc=84.681
[2024-08-27 01:33:17,551][train.py][line:318][INFO] Epoch:[196/230]	 loss=249.25105	 acc=97.817
[2024-08-27 01:33:24,752][train.py][line:326][INFO] Epoch:[196/230]	 Test acc=83.701
[2024-08-27 01:33:24,752][train.py][line:335][INFO] Best Test acc=84.681
[2024-08-27 01:35:36,320][train.py][line:318][INFO] Epoch:[197/230]	 loss=249.82499	 acc=97.716
[2024-08-27 01:35:43,559][train.py][line:326][INFO] Epoch:[197/230]	 Test acc=82.966
[2024-08-27 01:35:43,559][train.py][line:335][INFO] Best Test acc=84.681
[2024-08-27 01:37:54,945][train.py][line:318][INFO] Epoch:[198/230]	 loss=243.27751	 acc=97.931
[2024-08-27 01:38:02,166][train.py][line:326][INFO] Epoch:[198/230]	 Test acc=83.701
[2024-08-27 01:38:02,166][train.py][line:335][INFO] Best Test acc=84.681
[2024-08-27 01:40:13,404][train.py][line:318][INFO] Epoch:[199/230]	 loss=248.31178	 acc=97.792
[2024-08-27 01:40:20,625][train.py][line:326][INFO] Epoch:[199/230]	 Test acc=83.578
[2024-08-27 01:40:20,625][train.py][line:335][INFO] Best Test acc=84.681
[2024-08-27 01:42:31,684][train.py][line:318][INFO] Epoch:[200/230]	 loss=243.40000	 acc=98.033
[2024-08-27 01:42:38,924][train.py][line:326][INFO] Epoch:[200/230]	 Test acc=83.701
[2024-08-27 01:42:38,925][train.py][line:335][INFO] Best Test acc=84.681
[2024-08-27 01:44:50,244][train.py][line:318][INFO] Epoch:[201/230]	 loss=241.55121	 acc=98.173
[2024-08-27 01:44:57,424][train.py][line:326][INFO] Epoch:[201/230]	 Test acc=83.701
[2024-08-27 01:44:57,424][train.py][line:335][INFO] Best Test acc=84.681
[2024-08-27 01:47:08,587][train.py][line:318][INFO] Epoch:[202/230]	 loss=245.36454	 acc=98.058
[2024-08-27 01:47:15,782][train.py][line:326][INFO] Epoch:[202/230]	 Test acc=84.069
[2024-08-27 01:47:15,782][train.py][line:335][INFO] Best Test acc=84.681
[2024-08-27 01:49:26,873][train.py][line:318][INFO] Epoch:[203/230]	 loss=244.38753	 acc=97.944
[2024-08-27 01:49:34,108][train.py][line:326][INFO] Epoch:[203/230]	 Test acc=83.456
[2024-08-27 01:49:34,109][train.py][line:335][INFO] Best Test acc=84.681
[2024-08-27 01:51:45,299][train.py][line:318][INFO] Epoch:[204/230]	 loss=239.10064	 acc=98.299
[2024-08-27 01:51:52,489][train.py][line:326][INFO] Epoch:[204/230]	 Test acc=84.191
[2024-08-27 01:51:52,489][train.py][line:335][INFO] Best Test acc=84.681
[2024-08-27 01:54:03,537][train.py][line:318][INFO] Epoch:[205/230]	 loss=239.05263	 acc=98.160
[2024-08-27 01:54:10,754][train.py][line:326][INFO] Epoch:[205/230]	 Test acc=83.824
[2024-08-27 01:54:10,754][train.py][line:335][INFO] Best Test acc=84.681
[2024-08-27 01:56:21,936][train.py][line:318][INFO] Epoch:[206/230]	 loss=237.79193	 acc=98.236
[2024-08-27 01:56:29,179][train.py][line:326][INFO] Epoch:[206/230]	 Test acc=83.701
[2024-08-27 01:56:29,179][train.py][line:335][INFO] Best Test acc=84.681
[2024-08-27 01:58:40,328][train.py][line:318][INFO] Epoch:[207/230]	 loss=238.96446	 acc=98.198
[2024-08-27 01:58:47,561][train.py][line:326][INFO] Epoch:[207/230]	 Test acc=83.701
[2024-08-27 01:58:47,562][train.py][line:335][INFO] Best Test acc=84.681
[2024-08-27 02:00:59,195][train.py][line:318][INFO] Epoch:[208/230]	 loss=237.16192	 acc=98.261
[2024-08-27 02:01:06,468][train.py][line:326][INFO] Epoch:[208/230]	 Test acc=84.436
[2024-08-27 02:01:06,468][train.py][line:335][INFO] Best Test acc=84.681
[2024-08-27 02:03:18,159][train.py][line:318][INFO] Epoch:[209/230]	 loss=239.12296	 acc=98.312
[2024-08-27 02:03:25,393][train.py][line:326][INFO] Epoch:[209/230]	 Test acc=83.578
[2024-08-27 02:03:25,394][train.py][line:335][INFO] Best Test acc=84.681
[2024-08-27 02:05:36,906][train.py][line:318][INFO] Epoch:[210/230]	 loss=234.03808	 acc=98.299
[2024-08-27 02:05:44,110][train.py][line:326][INFO] Epoch:[210/230]	 Test acc=83.578
[2024-08-27 02:05:44,111][train.py][line:335][INFO] Best Test acc=84.681
[2024-08-27 02:07:55,501][train.py][line:318][INFO] Epoch:[211/230]	 loss=235.13013	 acc=98.541
[2024-08-27 02:08:02,745][train.py][line:326][INFO] Epoch:[211/230]	 Test acc=83.824
[2024-08-27 02:08:02,745][train.py][line:335][INFO] Best Test acc=84.681
[2024-08-27 02:10:13,955][train.py][line:318][INFO] Epoch:[212/230]	 loss=240.37592	 acc=97.944
[2024-08-27 02:10:21,156][train.py][line:326][INFO] Epoch:[212/230]	 Test acc=84.069
[2024-08-27 02:10:21,156][train.py][line:335][INFO] Best Test acc=84.681
[2024-08-27 02:12:32,348][train.py][line:318][INFO] Epoch:[213/230]	 loss=235.45895	 acc=98.211
[2024-08-27 02:12:39,560][train.py][line:326][INFO] Epoch:[213/230]	 Test acc=83.211
[2024-08-27 02:12:39,560][train.py][line:335][INFO] Best Test acc=84.681
[2024-08-27 02:14:50,700][train.py][line:318][INFO] Epoch:[214/230]	 loss=236.78277	 acc=98.109
[2024-08-27 02:14:57,932][train.py][line:326][INFO] Epoch:[214/230]	 Test acc=84.191
[2024-08-27 02:14:57,933][train.py][line:335][INFO] Best Test acc=84.681
[2024-08-27 02:17:09,380][train.py][line:318][INFO] Epoch:[215/230]	 loss=233.74671	 acc=98.312
[2024-08-27 02:17:16,620][train.py][line:326][INFO] Epoch:[215/230]	 Test acc=83.211
[2024-08-27 02:17:16,620][train.py][line:335][INFO] Best Test acc=84.681
[2024-08-27 02:19:28,105][train.py][line:318][INFO] Epoch:[216/230]	 loss=236.42376	 acc=98.160
[2024-08-27 02:19:35,311][train.py][line:326][INFO] Epoch:[216/230]	 Test acc=83.578
[2024-08-27 02:19:35,311][train.py][line:335][INFO] Best Test acc=84.681
[2024-08-27 02:21:46,478][train.py][line:318][INFO] Epoch:[217/230]	 loss=231.46454	 acc=98.350
[2024-08-27 02:21:53,727][train.py][line:326][INFO] Epoch:[217/230]	 Test acc=83.946
[2024-08-27 02:21:53,727][train.py][line:335][INFO] Best Test acc=84.681
[2024-08-27 02:24:04,887][train.py][line:318][INFO] Epoch:[218/230]	 loss=230.47313	 acc=98.490
[2024-08-27 02:24:12,100][train.py][line:326][INFO] Epoch:[218/230]	 Test acc=83.088
[2024-08-27 02:24:12,100][train.py][line:335][INFO] Best Test acc=84.681
[2024-08-27 02:26:23,078][train.py][line:318][INFO] Epoch:[219/230]	 loss=234.63820	 acc=98.299
[2024-08-27 02:26:30,251][train.py][line:326][INFO] Epoch:[219/230]	 Test acc=81.985
[2024-08-27 02:26:30,252][train.py][line:335][INFO] Best Test acc=84.681
[2024-08-27 02:28:41,122][train.py][line:318][INFO] Epoch:[220/230]	 loss=231.38424	 acc=98.312
[2024-08-27 02:28:48,382][train.py][line:326][INFO] Epoch:[220/230]	 Test acc=84.559
[2024-08-27 02:28:48,382][train.py][line:335][INFO] Best Test acc=84.681
[2024-08-27 02:30:59,427][train.py][line:318][INFO] Epoch:[221/230]	 loss=234.93388	 acc=98.338
[2024-08-27 02:31:06,631][train.py][line:326][INFO] Epoch:[221/230]	 Test acc=83.701
[2024-08-27 02:31:06,631][train.py][line:335][INFO] Best Test acc=84.681
[2024-08-27 02:33:17,492][train.py][line:318][INFO] Epoch:[222/230]	 loss=231.17319	 acc=98.363
[2024-08-27 02:33:24,701][train.py][line:326][INFO] Epoch:[222/230]	 Test acc=83.456
[2024-08-27 02:33:24,701][train.py][line:335][INFO] Best Test acc=84.681
[2024-08-27 02:35:35,628][train.py][line:318][INFO] Epoch:[223/230]	 loss=230.77633	 acc=98.388
[2024-08-27 02:35:42,835][train.py][line:326][INFO] Epoch:[223/230]	 Test acc=84.436
[2024-08-27 02:35:42,835][train.py][line:335][INFO] Best Test acc=84.681
[2024-08-27 02:37:53,829][train.py][line:318][INFO] Epoch:[224/230]	 loss=226.74985	 acc=98.426
[2024-08-27 02:38:01,029][train.py][line:326][INFO] Epoch:[224/230]	 Test acc=83.824
[2024-08-27 02:38:01,029][train.py][line:335][INFO] Best Test acc=84.681
[2024-08-27 02:40:12,036][train.py][line:318][INFO] Epoch:[225/230]	 loss=229.85969	 acc=98.299
[2024-08-27 02:40:19,278][train.py][line:326][INFO] Epoch:[225/230]	 Test acc=84.191
[2024-08-27 02:40:19,278][train.py][line:335][INFO] Best Test acc=84.681
[2024-08-27 02:42:30,240][train.py][line:318][INFO] Epoch:[226/230]	 loss=229.84005	 acc=98.211
[2024-08-27 02:42:37,456][train.py][line:326][INFO] Epoch:[226/230]	 Test acc=84.191
[2024-08-27 02:42:37,456][train.py][line:335][INFO] Best Test acc=84.681
[2024-08-27 02:44:48,468][train.py][line:318][INFO] Epoch:[227/230]	 loss=228.59342	 acc=98.528
[2024-08-27 02:44:55,701][train.py][line:326][INFO] Epoch:[227/230]	 Test acc=82.721
[2024-08-27 02:44:55,702][train.py][line:335][INFO] Best Test acc=84.681
[2024-08-27 02:47:06,765][train.py][line:318][INFO] Epoch:[228/230]	 loss=229.52492	 acc=98.515
[2024-08-27 02:47:14,020][train.py][line:326][INFO] Epoch:[228/230]	 Test acc=84.069
[2024-08-27 02:47:14,020][train.py][line:335][INFO] Best Test acc=84.681
[2024-08-27 02:49:25,137][train.py][line:318][INFO] Epoch:[229/230]	 loss=231.10739	 acc=98.680
[2024-08-27 02:49:32,329][train.py][line:326][INFO] Epoch:[229/230]	 Test acc=81.863
[2024-08-27 02:49:32,329][train.py][line:335][INFO] Best Test acc=84.681
