[2024-09-05 18:32:55,563][train_cifar10.py][line:242][INFO] start training!
[2024-09-05 18:35:48,755][train_cifar10.py][line:250][INFO] Epoch:[0/300]	 loss=1643.02564	 acc=17.870
[2024-09-05 18:36:01,818][train_cifar10.py][line:255][INFO] Epoch:[0/300]	 Test acc=23.760
[2024-09-05 18:36:01,818][train_cifar10.py][line:264][INFO] Best Test acc=23.760
[2024-09-05 18:39:01,172][train_cifar10.py][line:250][INFO] Epoch:[1/300]	 loss=1502.56232	 acc=25.354
[2024-09-05 18:39:15,847][train_cifar10.py][line:255][INFO] Epoch:[1/300]	 Test acc=34.340
[2024-09-05 18:39:15,847][train_cifar10.py][line:264][INFO] Best Test acc=34.340
[2024-09-05 18:42:34,385][train_cifar10.py][line:250][INFO] Epoch:[2/300]	 loss=1286.82837	 acc=40.310
[2024-09-05 18:42:49,187][train_cifar10.py][line:255][INFO] Epoch:[2/300]	 Test acc=51.340
[2024-09-05 18:42:49,188][train_cifar10.py][line:264][INFO] Best Test acc=51.340
[2024-09-05 18:45:54,790][train_cifar10.py][line:250][INFO] Epoch:[3/300]	 loss=1072.29141	 acc=52.290
[2024-09-05 18:46:09,852][train_cifar10.py][line:255][INFO] Epoch:[3/300]	 Test acc=58.750
[2024-09-05 18:46:09,853][train_cifar10.py][line:264][INFO] Best Test acc=58.750
[2024-09-05 18:49:16,784][train_cifar10.py][line:250][INFO] Epoch:[4/300]	 loss=939.45210	 acc=58.982
[2024-09-05 18:49:30,692][train_cifar10.py][line:255][INFO] Epoch:[4/300]	 Test acc=65.210
[2024-09-05 18:49:30,692][train_cifar10.py][line:264][INFO] Best Test acc=65.210
[2024-09-05 18:52:35,877][train_cifar10.py][line:250][INFO] Epoch:[5/300]	 loss=844.84531	 acc=63.680
[2024-09-05 18:52:49,694][train_cifar10.py][line:255][INFO] Epoch:[5/300]	 Test acc=69.920
[2024-09-05 18:52:49,694][train_cifar10.py][line:264][INFO] Best Test acc=69.920
[2024-09-05 18:55:56,947][train_cifar10.py][line:250][INFO] Epoch:[6/300]	 loss=772.89670	 acc=67.240
[2024-09-05 18:56:11,143][train_cifar10.py][line:255][INFO] Epoch:[6/300]	 Test acc=71.820
[2024-09-05 18:56:11,143][train_cifar10.py][line:264][INFO] Best Test acc=71.820
[2024-09-05 18:59:15,659][train_cifar10.py][line:250][INFO] Epoch:[7/300]	 loss=729.07458	 acc=69.074
[2024-09-05 18:59:30,193][train_cifar10.py][line:255][INFO] Epoch:[7/300]	 Test acc=74.600
[2024-09-05 18:59:30,193][train_cifar10.py][line:264][INFO] Best Test acc=74.600
[2024-09-05 19:02:41,141][train_cifar10.py][line:250][INFO] Epoch:[8/300]	 loss=689.04660	 acc=71.022
[2024-09-05 19:02:55,723][train_cifar10.py][line:255][INFO] Epoch:[8/300]	 Test acc=78.320
[2024-09-05 19:02:55,724][train_cifar10.py][line:264][INFO] Best Test acc=78.320
[2024-09-05 19:06:04,598][train_cifar10.py][line:250][INFO] Epoch:[9/300]	 loss=659.21570	 acc=72.380
[2024-09-05 19:06:18,992][train_cifar10.py][line:255][INFO] Epoch:[9/300]	 Test acc=78.520
[2024-09-05 19:06:18,992][train_cifar10.py][line:264][INFO] Best Test acc=78.520
[2024-09-05 19:09:28,050][train_cifar10.py][line:250][INFO] Epoch:[10/300]	 loss=630.59548	 acc=73.880
[2024-09-05 19:09:42,742][train_cifar10.py][line:255][INFO] Epoch:[10/300]	 Test acc=78.220
[2024-09-05 19:09:42,742][train_cifar10.py][line:264][INFO] Best Test acc=78.520
[2024-09-05 19:12:50,580][train_cifar10.py][line:250][INFO] Epoch:[11/300]	 loss=604.65600	 acc=74.742
[2024-09-05 19:13:03,826][train_cifar10.py][line:255][INFO] Epoch:[11/300]	 Test acc=78.690
[2024-09-05 19:13:03,826][train_cifar10.py][line:264][INFO] Best Test acc=78.690
[2024-09-05 19:16:11,860][train_cifar10.py][line:250][INFO] Epoch:[12/300]	 loss=582.11852	 acc=76.046
[2024-09-05 19:16:26,334][train_cifar10.py][line:255][INFO] Epoch:[12/300]	 Test acc=80.980
[2024-09-05 19:16:26,334][train_cifar10.py][line:264][INFO] Best Test acc=80.980
[2024-09-05 19:19:29,880][train_cifar10.py][line:250][INFO] Epoch:[13/300]	 loss=570.57500	 acc=76.412
[2024-09-05 19:19:44,286][train_cifar10.py][line:255][INFO] Epoch:[13/300]	 Test acc=82.770
[2024-09-05 19:19:44,286][train_cifar10.py][line:264][INFO] Best Test acc=82.770
[2024-09-05 19:22:48,503][train_cifar10.py][line:250][INFO] Epoch:[14/300]	 loss=554.62557	 acc=77.090
[2024-09-05 19:23:01,887][train_cifar10.py][line:255][INFO] Epoch:[14/300]	 Test acc=80.640
[2024-09-05 19:23:01,887][train_cifar10.py][line:264][INFO] Best Test acc=82.770
[2024-09-05 19:26:02,032][train_cifar10.py][line:250][INFO] Epoch:[15/300]	 loss=540.17707	 acc=77.882
[2024-09-05 19:26:16,894][train_cifar10.py][line:255][INFO] Epoch:[15/300]	 Test acc=82.430
[2024-09-05 19:26:16,894][train_cifar10.py][line:264][INFO] Best Test acc=82.770
[2024-09-05 19:29:27,868][train_cifar10.py][line:250][INFO] Epoch:[16/300]	 loss=521.79080	 acc=78.570
[2024-09-05 19:29:42,748][train_cifar10.py][line:255][INFO] Epoch:[16/300]	 Test acc=83.610
[2024-09-05 19:29:42,748][train_cifar10.py][line:264][INFO] Best Test acc=83.610
[2024-09-05 19:32:43,207][train_cifar10.py][line:250][INFO] Epoch:[17/300]	 loss=510.45780	 acc=78.932
[2024-09-05 19:32:57,316][train_cifar10.py][line:255][INFO] Epoch:[17/300]	 Test acc=82.950
[2024-09-05 19:32:57,316][train_cifar10.py][line:264][INFO] Best Test acc=83.610
[2024-09-05 19:35:55,884][train_cifar10.py][line:250][INFO] Epoch:[18/300]	 loss=499.27466	 acc=79.686
[2024-09-05 19:36:10,758][train_cifar10.py][line:255][INFO] Epoch:[18/300]	 Test acc=83.120
[2024-09-05 19:36:10,759][train_cifar10.py][line:264][INFO] Best Test acc=83.610
[2024-09-05 19:39:22,076][train_cifar10.py][line:250][INFO] Epoch:[19/300]	 loss=484.09894	 acc=80.328
[2024-09-05 19:39:36,651][train_cifar10.py][line:255][INFO] Epoch:[19/300]	 Test acc=84.860
[2024-09-05 19:39:36,651][train_cifar10.py][line:264][INFO] Best Test acc=84.860
[2024-09-05 19:42:34,089][train_cifar10.py][line:250][INFO] Epoch:[20/300]	 loss=472.01778	 acc=80.860
[2024-09-05 19:42:47,378][train_cifar10.py][line:255][INFO] Epoch:[20/300]	 Test acc=84.160
[2024-09-05 19:42:47,378][train_cifar10.py][line:264][INFO] Best Test acc=84.860
[2024-09-05 19:45:40,957][train_cifar10.py][line:250][INFO] Epoch:[21/300]	 loss=471.71351	 acc=80.894
[2024-09-05 19:45:53,632][train_cifar10.py][line:255][INFO] Epoch:[21/300]	 Test acc=84.310
[2024-09-05 19:45:53,632][train_cifar10.py][line:264][INFO] Best Test acc=84.860
[2024-09-05 19:48:56,018][train_cifar10.py][line:250][INFO] Epoch:[22/300]	 loss=459.14476	 acc=81.322
[2024-09-05 19:49:11,173][train_cifar10.py][line:255][INFO] Epoch:[22/300]	 Test acc=85.350
[2024-09-05 19:49:11,174][train_cifar10.py][line:264][INFO] Best Test acc=85.350
[2024-09-05 19:52:18,529][train_cifar10.py][line:250][INFO] Epoch:[23/300]	 loss=451.70067	 acc=81.678
[2024-09-05 19:52:33,417][train_cifar10.py][line:255][INFO] Epoch:[23/300]	 Test acc=86.540
[2024-09-05 19:52:33,417][train_cifar10.py][line:264][INFO] Best Test acc=86.540
[2024-09-05 19:55:55,988][train_cifar10.py][line:250][INFO] Epoch:[24/300]	 loss=439.54603	 acc=82.162
[2024-09-05 19:56:11,794][train_cifar10.py][line:255][INFO] Epoch:[24/300]	 Test acc=85.460
[2024-09-05 19:56:11,794][train_cifar10.py][line:264][INFO] Best Test acc=86.540
[2024-09-05 19:59:44,307][train_cifar10.py][line:250][INFO] Epoch:[25/300]	 loss=435.13583	 acc=82.200
[2024-09-05 20:00:00,071][train_cifar10.py][line:255][INFO] Epoch:[25/300]	 Test acc=85.590
[2024-09-05 20:00:00,071][train_cifar10.py][line:264][INFO] Best Test acc=86.540
[2024-09-05 20:03:22,108][train_cifar10.py][line:250][INFO] Epoch:[26/300]	 loss=424.83500	 acc=82.790
[2024-09-05 20:03:35,570][train_cifar10.py][line:255][INFO] Epoch:[26/300]	 Test acc=85.700
[2024-09-05 20:03:35,571][train_cifar10.py][line:264][INFO] Best Test acc=86.540
[2024-09-05 20:06:43,721][train_cifar10.py][line:250][INFO] Epoch:[27/300]	 loss=424.18991	 acc=82.654
[2024-09-05 20:06:58,176][train_cifar10.py][line:255][INFO] Epoch:[27/300]	 Test acc=86.130
[2024-09-05 20:06:58,177][train_cifar10.py][line:264][INFO] Best Test acc=86.540
[2024-09-05 20:10:18,114][train_cifar10.py][line:250][INFO] Epoch:[28/300]	 loss=415.06211	 acc=83.194
[2024-09-05 20:10:34,270][train_cifar10.py][line:255][INFO] Epoch:[28/300]	 Test acc=87.950
[2024-09-05 20:10:34,270][train_cifar10.py][line:264][INFO] Best Test acc=87.950
[2024-09-05 20:14:02,259][train_cifar10.py][line:250][INFO] Epoch:[29/300]	 loss=409.57487	 acc=83.544
[2024-09-05 20:14:18,371][train_cifar10.py][line:255][INFO] Epoch:[29/300]	 Test acc=87.370
[2024-09-05 20:14:18,371][train_cifar10.py][line:264][INFO] Best Test acc=87.950
[2024-09-05 20:17:32,227][train_cifar10.py][line:250][INFO] Epoch:[30/300]	 loss=402.85367	 acc=83.742
[2024-09-05 20:17:46,019][train_cifar10.py][line:255][INFO] Epoch:[30/300]	 Test acc=85.740
[2024-09-05 20:17:46,019][train_cifar10.py][line:264][INFO] Best Test acc=87.950
[2024-09-05 20:20:59,225][train_cifar10.py][line:250][INFO] Epoch:[31/300]	 loss=397.01292	 acc=84.136
[2024-09-05 20:21:12,984][train_cifar10.py][line:255][INFO] Epoch:[31/300]	 Test acc=87.750
[2024-09-05 20:21:12,984][train_cifar10.py][line:264][INFO] Best Test acc=87.950
[2024-09-05 20:24:21,292][train_cifar10.py][line:250][INFO] Epoch:[32/300]	 loss=390.26618	 acc=84.468
[2024-09-05 20:24:36,081][train_cifar10.py][line:255][INFO] Epoch:[32/300]	 Test acc=86.930
[2024-09-05 20:24:36,081][train_cifar10.py][line:264][INFO] Best Test acc=87.950
[2024-09-05 20:27:54,863][train_cifar10.py][line:250][INFO] Epoch:[33/300]	 loss=389.98715	 acc=84.282
[2024-09-05 20:28:10,212][train_cifar10.py][line:255][INFO] Epoch:[33/300]	 Test acc=87.530
[2024-09-05 20:28:10,212][train_cifar10.py][line:264][INFO] Best Test acc=87.950
[2024-09-05 20:31:30,833][train_cifar10.py][line:250][INFO] Epoch:[34/300]	 loss=382.42058	 acc=84.590
[2024-09-05 20:31:43,846][train_cifar10.py][line:255][INFO] Epoch:[34/300]	 Test acc=86.860
[2024-09-05 20:31:43,846][train_cifar10.py][line:264][INFO] Best Test acc=87.950
[2024-09-05 20:34:57,005][train_cifar10.py][line:250][INFO] Epoch:[35/300]	 loss=378.05303	 acc=84.744
[2024-09-05 20:35:12,292][train_cifar10.py][line:255][INFO] Epoch:[35/300]	 Test acc=87.580
[2024-09-05 20:35:12,292][train_cifar10.py][line:264][INFO] Best Test acc=87.950
[2024-09-05 20:38:13,971][train_cifar10.py][line:250][INFO] Epoch:[36/300]	 loss=373.52206	 acc=85.040
[2024-09-05 20:38:27,972][train_cifar10.py][line:255][INFO] Epoch:[36/300]	 Test acc=87.010
[2024-09-05 20:38:27,972][train_cifar10.py][line:264][INFO] Best Test acc=87.950
[2024-09-05 20:41:35,828][train_cifar10.py][line:250][INFO] Epoch:[37/300]	 loss=369.35229	 acc=85.154
[2024-09-05 20:41:50,838][train_cifar10.py][line:255][INFO] Epoch:[37/300]	 Test acc=87.480
[2024-09-05 20:41:50,838][train_cifar10.py][line:264][INFO] Best Test acc=87.950
[2024-09-05 20:45:12,480][train_cifar10.py][line:250][INFO] Epoch:[38/300]	 loss=355.27471	 acc=85.858
[2024-09-05 20:45:27,185][train_cifar10.py][line:255][INFO] Epoch:[38/300]	 Test acc=88.520
[2024-09-05 20:45:27,186][train_cifar10.py][line:264][INFO] Best Test acc=88.520
[2024-09-05 20:48:43,470][train_cifar10.py][line:250][INFO] Epoch:[39/300]	 loss=355.95664	 acc=85.706
[2024-09-05 20:48:58,462][train_cifar10.py][line:255][INFO] Epoch:[39/300]	 Test acc=87.310
[2024-09-05 20:48:58,462][train_cifar10.py][line:264][INFO] Best Test acc=88.520
[2024-09-05 20:52:27,428][train_cifar10.py][line:250][INFO] Epoch:[40/300]	 loss=350.48010	 acc=86.094
[2024-09-05 20:52:43,157][train_cifar10.py][line:255][INFO] Epoch:[40/300]	 Test acc=88.900
[2024-09-05 20:52:43,157][train_cifar10.py][line:264][INFO] Best Test acc=88.900
[2024-09-05 20:56:01,110][train_cifar10.py][line:250][INFO] Epoch:[41/300]	 loss=347.43609	 acc=86.262
[2024-09-05 20:56:16,601][train_cifar10.py][line:255][INFO] Epoch:[41/300]	 Test acc=87.000
[2024-09-05 20:56:16,601][train_cifar10.py][line:264][INFO] Best Test acc=88.900
[2024-09-05 20:59:40,786][train_cifar10.py][line:250][INFO] Epoch:[42/300]	 loss=347.21117	 acc=86.292
[2024-09-05 20:59:55,972][train_cifar10.py][line:255][INFO] Epoch:[42/300]	 Test acc=87.090
[2024-09-05 20:59:55,972][train_cifar10.py][line:264][INFO] Best Test acc=88.900
[2024-09-05 21:03:22,881][train_cifar10.py][line:250][INFO] Epoch:[43/300]	 loss=344.92444	 acc=86.286
[2024-09-05 21:03:38,481][train_cifar10.py][line:255][INFO] Epoch:[43/300]	 Test acc=88.240
[2024-09-05 21:03:38,481][train_cifar10.py][line:264][INFO] Best Test acc=88.900
[2024-09-05 21:07:00,692][train_cifar10.py][line:250][INFO] Epoch:[44/300]	 loss=341.35564	 acc=86.428
[2024-09-05 21:07:16,107][train_cifar10.py][line:255][INFO] Epoch:[44/300]	 Test acc=89.010
[2024-09-05 21:07:16,107][train_cifar10.py][line:264][INFO] Best Test acc=89.010
[2024-09-05 21:10:27,919][train_cifar10.py][line:250][INFO] Epoch:[45/300]	 loss=331.95212	 acc=86.822
[2024-09-05 21:10:42,959][train_cifar10.py][line:255][INFO] Epoch:[45/300]	 Test acc=87.770
[2024-09-05 21:10:42,959][train_cifar10.py][line:264][INFO] Best Test acc=89.010
[2024-09-05 21:13:57,264][train_cifar10.py][line:250][INFO] Epoch:[46/300]	 loss=328.86949	 acc=87.036
[2024-09-05 21:14:12,413][train_cifar10.py][line:255][INFO] Epoch:[46/300]	 Test acc=88.460
[2024-09-05 21:14:12,414][train_cifar10.py][line:264][INFO] Best Test acc=89.010
[2024-09-05 21:17:26,694][train_cifar10.py][line:250][INFO] Epoch:[47/300]	 loss=329.59161	 acc=86.912
[2024-09-05 21:17:41,745][train_cifar10.py][line:255][INFO] Epoch:[47/300]	 Test acc=88.950
[2024-09-05 21:17:41,745][train_cifar10.py][line:264][INFO] Best Test acc=89.010
[2024-09-05 21:20:57,484][train_cifar10.py][line:250][INFO] Epoch:[48/300]	 loss=331.25816	 acc=86.760
[2024-09-05 21:21:12,224][train_cifar10.py][line:255][INFO] Epoch:[48/300]	 Test acc=88.410
[2024-09-05 21:21:12,224][train_cifar10.py][line:264][INFO] Best Test acc=89.010
[2024-09-05 21:24:32,980][train_cifar10.py][line:250][INFO] Epoch:[49/300]	 loss=323.51485	 acc=87.268
[2024-09-05 21:24:47,873][train_cifar10.py][line:255][INFO] Epoch:[49/300]	 Test acc=89.600
[2024-09-05 21:24:47,873][train_cifar10.py][line:264][INFO] Best Test acc=89.600
[2024-09-05 21:27:51,479][train_cifar10.py][line:250][INFO] Epoch:[50/300]	 loss=321.89587	 acc=87.210
[2024-09-05 21:28:06,768][train_cifar10.py][line:255][INFO] Epoch:[50/300]	 Test acc=89.530
[2024-09-05 21:28:06,768][train_cifar10.py][line:264][INFO] Best Test acc=89.600
[2024-09-05 21:31:17,447][train_cifar10.py][line:250][INFO] Epoch:[51/300]	 loss=319.19151	 acc=87.456
[2024-09-05 21:31:30,323][train_cifar10.py][line:255][INFO] Epoch:[51/300]	 Test acc=88.050
[2024-09-05 21:31:30,323][train_cifar10.py][line:264][INFO] Best Test acc=89.600
[2024-09-05 21:34:29,050][train_cifar10.py][line:250][INFO] Epoch:[52/300]	 loss=312.02391	 acc=87.694
[2024-09-05 21:34:43,571][train_cifar10.py][line:255][INFO] Epoch:[52/300]	 Test acc=88.790
[2024-09-05 21:34:43,571][train_cifar10.py][line:264][INFO] Best Test acc=89.600
[2024-09-05 21:37:54,496][train_cifar10.py][line:250][INFO] Epoch:[53/300]	 loss=313.23355	 acc=87.560
[2024-09-05 21:38:09,597][train_cifar10.py][line:255][INFO] Epoch:[53/300]	 Test acc=89.930
[2024-09-05 21:38:09,597][train_cifar10.py][line:264][INFO] Best Test acc=89.930
[2024-09-05 21:41:22,483][train_cifar10.py][line:250][INFO] Epoch:[54/300]	 loss=306.27143	 acc=88.042
[2024-09-05 21:41:37,428][train_cifar10.py][line:255][INFO] Epoch:[54/300]	 Test acc=89.100
[2024-09-05 21:41:37,428][train_cifar10.py][line:264][INFO] Best Test acc=89.930
[2024-09-05 21:44:56,137][train_cifar10.py][line:250][INFO] Epoch:[55/300]	 loss=308.33949	 acc=87.882
[2024-09-05 21:45:11,127][train_cifar10.py][line:255][INFO] Epoch:[55/300]	 Test acc=89.950
[2024-09-05 21:45:11,127][train_cifar10.py][line:264][INFO] Best Test acc=89.950
[2024-09-05 21:48:24,358][train_cifar10.py][line:250][INFO] Epoch:[56/300]	 loss=301.85135	 acc=88.172
[2024-09-05 21:48:39,013][train_cifar10.py][line:255][INFO] Epoch:[56/300]	 Test acc=88.790
[2024-09-05 21:48:39,013][train_cifar10.py][line:264][INFO] Best Test acc=89.950
[2024-09-05 21:51:40,531][train_cifar10.py][line:250][INFO] Epoch:[57/300]	 loss=300.89968	 acc=88.064
[2024-09-05 21:51:55,165][train_cifar10.py][line:255][INFO] Epoch:[57/300]	 Test acc=90.040
[2024-09-05 21:51:55,165][train_cifar10.py][line:264][INFO] Best Test acc=90.040
[2024-09-05 21:55:02,376][train_cifar10.py][line:250][INFO] Epoch:[58/300]	 loss=303.23656	 acc=88.238
[2024-09-05 21:55:15,452][train_cifar10.py][line:255][INFO] Epoch:[58/300]	 Test acc=89.100
[2024-09-05 21:55:15,452][train_cifar10.py][line:264][INFO] Best Test acc=90.040
[2024-09-05 21:58:27,729][train_cifar10.py][line:250][INFO] Epoch:[59/300]	 loss=300.09287	 acc=88.216
[2024-09-05 21:58:42,113][train_cifar10.py][line:255][INFO] Epoch:[59/300]	 Test acc=90.200
[2024-09-05 21:58:42,113][train_cifar10.py][line:264][INFO] Best Test acc=90.200
[2024-09-05 22:01:44,660][train_cifar10.py][line:250][INFO] Epoch:[60/300]	 loss=294.65477	 acc=88.550
[2024-09-05 22:01:57,890][train_cifar10.py][line:255][INFO] Epoch:[60/300]	 Test acc=90.420
[2024-09-05 22:01:57,891][train_cifar10.py][line:264][INFO] Best Test acc=90.420
[2024-09-05 22:04:52,712][train_cifar10.py][line:250][INFO] Epoch:[61/300]	 loss=289.08361	 acc=88.686
[2024-09-05 22:05:07,257][train_cifar10.py][line:255][INFO] Epoch:[61/300]	 Test acc=89.520
[2024-09-05 22:05:07,257][train_cifar10.py][line:264][INFO] Best Test acc=90.420
[2024-09-05 22:08:08,510][train_cifar10.py][line:250][INFO] Epoch:[62/300]	 loss=290.89682	 acc=88.546
[2024-09-05 22:08:22,417][train_cifar10.py][line:255][INFO] Epoch:[62/300]	 Test acc=89.660
[2024-09-05 22:08:22,417][train_cifar10.py][line:264][INFO] Best Test acc=90.420
[2024-09-05 22:11:26,676][train_cifar10.py][line:250][INFO] Epoch:[63/300]	 loss=282.07438	 acc=88.878
[2024-09-05 22:11:41,204][train_cifar10.py][line:255][INFO] Epoch:[63/300]	 Test acc=90.360
[2024-09-05 22:11:41,204][train_cifar10.py][line:264][INFO] Best Test acc=90.420
[2024-09-05 22:14:54,744][train_cifar10.py][line:250][INFO] Epoch:[64/300]	 loss=284.33470	 acc=88.830
[2024-09-05 22:15:08,386][train_cifar10.py][line:255][INFO] Epoch:[64/300]	 Test acc=90.230
[2024-09-05 22:15:08,386][train_cifar10.py][line:264][INFO] Best Test acc=90.420
[2024-09-05 22:18:12,045][train_cifar10.py][line:250][INFO] Epoch:[65/300]	 loss=281.72964	 acc=89.020
[2024-09-05 22:18:27,158][train_cifar10.py][line:255][INFO] Epoch:[65/300]	 Test acc=89.870
[2024-09-05 22:18:27,158][train_cifar10.py][line:264][INFO] Best Test acc=90.420
[2024-09-05 22:21:33,143][train_cifar10.py][line:250][INFO] Epoch:[66/300]	 loss=282.90836	 acc=88.902
[2024-09-05 22:21:46,034][train_cifar10.py][line:255][INFO] Epoch:[66/300]	 Test acc=90.410
[2024-09-05 22:21:46,034][train_cifar10.py][line:264][INFO] Best Test acc=90.420
[2024-09-05 22:24:47,319][train_cifar10.py][line:250][INFO] Epoch:[67/300]	 loss=278.80014	 acc=89.220
[2024-09-05 22:25:00,234][train_cifar10.py][line:255][INFO] Epoch:[67/300]	 Test acc=90.230
[2024-09-05 22:25:00,234][train_cifar10.py][line:264][INFO] Best Test acc=90.420
[2024-09-05 22:27:51,001][train_cifar10.py][line:250][INFO] Epoch:[68/300]	 loss=278.14823	 acc=89.328
[2024-09-05 22:28:04,215][train_cifar10.py][line:255][INFO] Epoch:[68/300]	 Test acc=90.900
[2024-09-05 22:28:04,215][train_cifar10.py][line:264][INFO] Best Test acc=90.900
[2024-09-05 22:31:07,396][train_cifar10.py][line:250][INFO] Epoch:[69/300]	 loss=266.74248	 acc=89.832
[2024-09-05 22:31:20,997][train_cifar10.py][line:255][INFO] Epoch:[69/300]	 Test acc=90.170
[2024-09-05 22:31:20,997][train_cifar10.py][line:264][INFO] Best Test acc=90.900
[2024-09-05 22:34:22,096][train_cifar10.py][line:250][INFO] Epoch:[70/300]	 loss=271.34412	 acc=89.526
[2024-09-05 22:34:36,734][train_cifar10.py][line:255][INFO] Epoch:[70/300]	 Test acc=90.860
[2024-09-05 22:34:36,734][train_cifar10.py][line:264][INFO] Best Test acc=90.900
[2024-09-05 22:37:49,974][train_cifar10.py][line:250][INFO] Epoch:[71/300]	 loss=265.29340	 acc=89.706
[2024-09-05 22:38:02,535][train_cifar10.py][line:255][INFO] Epoch:[71/300]	 Test acc=90.560
[2024-09-05 22:38:02,535][train_cifar10.py][line:264][INFO] Best Test acc=90.900
[2024-09-05 22:41:03,703][train_cifar10.py][line:250][INFO] Epoch:[72/300]	 loss=269.42907	 acc=89.568
[2024-09-05 22:41:18,332][train_cifar10.py][line:255][INFO] Epoch:[72/300]	 Test acc=90.200
[2024-09-05 22:41:18,333][train_cifar10.py][line:264][INFO] Best Test acc=90.900
[2024-09-05 22:44:14,859][train_cifar10.py][line:250][INFO] Epoch:[73/300]	 loss=261.61392	 acc=89.826
[2024-09-05 22:44:27,805][train_cifar10.py][line:255][INFO] Epoch:[73/300]	 Test acc=90.870
[2024-09-05 22:44:27,805][train_cifar10.py][line:264][INFO] Best Test acc=90.900
[2024-09-05 22:47:32,045][train_cifar10.py][line:250][INFO] Epoch:[74/300]	 loss=262.94020	 acc=89.878
[2024-09-05 22:47:46,250][train_cifar10.py][line:255][INFO] Epoch:[74/300]	 Test acc=91.140
[2024-09-05 22:47:46,250][train_cifar10.py][line:264][INFO] Best Test acc=91.140
[2024-09-05 22:50:56,376][train_cifar10.py][line:250][INFO] Epoch:[75/300]	 loss=259.83934	 acc=90.016
[2024-09-05 22:51:11,260][train_cifar10.py][line:255][INFO] Epoch:[75/300]	 Test acc=90.470
[2024-09-05 22:51:11,260][train_cifar10.py][line:264][INFO] Best Test acc=91.140
[2024-09-05 22:54:07,420][train_cifar10.py][line:250][INFO] Epoch:[76/300]	 loss=259.10427	 acc=90.008
[2024-09-05 22:54:21,328][train_cifar10.py][line:255][INFO] Epoch:[76/300]	 Test acc=90.590
[2024-09-05 22:54:21,328][train_cifar10.py][line:264][INFO] Best Test acc=91.140
[2024-09-05 22:57:26,288][train_cifar10.py][line:250][INFO] Epoch:[77/300]	 loss=256.26114	 acc=90.266
[2024-09-05 22:57:38,845][train_cifar10.py][line:255][INFO] Epoch:[77/300]	 Test acc=91.040
[2024-09-05 22:57:38,845][train_cifar10.py][line:264][INFO] Best Test acc=91.140
[2024-09-05 23:00:36,313][train_cifar10.py][line:250][INFO] Epoch:[78/300]	 loss=253.01098	 acc=90.392
[2024-09-05 23:00:49,552][train_cifar10.py][line:255][INFO] Epoch:[78/300]	 Test acc=90.400
[2024-09-05 23:00:49,552][train_cifar10.py][line:264][INFO] Best Test acc=91.140
[2024-09-05 23:03:57,964][train_cifar10.py][line:250][INFO] Epoch:[79/300]	 loss=255.83645	 acc=90.216
[2024-09-05 23:04:11,111][train_cifar10.py][line:255][INFO] Epoch:[79/300]	 Test acc=90.490
[2024-09-05 23:04:11,112][train_cifar10.py][line:264][INFO] Best Test acc=91.140
[2024-09-05 23:07:19,246][train_cifar10.py][line:250][INFO] Epoch:[80/300]	 loss=253.47588	 acc=90.286
[2024-09-05 23:07:33,247][train_cifar10.py][line:255][INFO] Epoch:[80/300]	 Test acc=91.020
[2024-09-05 23:07:33,248][train_cifar10.py][line:264][INFO] Best Test acc=91.140
[2024-09-05 23:10:44,016][train_cifar10.py][line:250][INFO] Epoch:[81/300]	 loss=252.14890	 acc=90.292
[2024-09-05 23:10:57,945][train_cifar10.py][line:255][INFO] Epoch:[81/300]	 Test acc=90.660
[2024-09-05 23:10:57,945][train_cifar10.py][line:264][INFO] Best Test acc=91.140
[2024-09-05 23:14:09,542][train_cifar10.py][line:250][INFO] Epoch:[82/300]	 loss=248.01178	 acc=90.496
[2024-09-05 23:14:24,862][train_cifar10.py][line:255][INFO] Epoch:[82/300]	 Test acc=91.460
[2024-09-05 23:14:24,862][train_cifar10.py][line:264][INFO] Best Test acc=91.460
[2024-09-05 23:17:35,242][train_cifar10.py][line:250][INFO] Epoch:[83/300]	 loss=246.44232	 acc=90.642
[2024-09-05 23:17:50,635][train_cifar10.py][line:255][INFO] Epoch:[83/300]	 Test acc=91.260
[2024-09-05 23:17:50,635][train_cifar10.py][line:264][INFO] Best Test acc=91.460
[2024-09-05 23:20:55,153][train_cifar10.py][line:250][INFO] Epoch:[84/300]	 loss=242.07249	 acc=90.800
[2024-09-05 23:21:09,348][train_cifar10.py][line:255][INFO] Epoch:[84/300]	 Test acc=91.050
[2024-09-05 23:21:09,348][train_cifar10.py][line:264][INFO] Best Test acc=91.460
[2024-09-05 23:24:27,085][train_cifar10.py][line:250][INFO] Epoch:[85/300]	 loss=240.29594	 acc=90.746
[2024-09-05 23:24:42,281][train_cifar10.py][line:255][INFO] Epoch:[85/300]	 Test acc=91.220
[2024-09-05 23:24:42,281][train_cifar10.py][line:264][INFO] Best Test acc=91.460
[2024-09-05 23:27:51,332][train_cifar10.py][line:250][INFO] Epoch:[86/300]	 loss=243.13975	 acc=90.690
[2024-09-05 23:28:06,776][train_cifar10.py][line:255][INFO] Epoch:[86/300]	 Test acc=91.980
[2024-09-05 23:28:06,777][train_cifar10.py][line:264][INFO] Best Test acc=91.980
[2024-09-05 23:31:11,183][train_cifar10.py][line:250][INFO] Epoch:[87/300]	 loss=238.25103	 acc=90.818
[2024-09-05 23:31:26,064][train_cifar10.py][line:255][INFO] Epoch:[87/300]	 Test acc=90.890
[2024-09-05 23:31:26,065][train_cifar10.py][line:264][INFO] Best Test acc=91.980
[2024-09-05 23:34:39,766][train_cifar10.py][line:250][INFO] Epoch:[88/300]	 loss=242.02034	 acc=90.702
[2024-09-05 23:34:54,866][train_cifar10.py][line:255][INFO] Epoch:[88/300]	 Test acc=91.160
[2024-09-05 23:34:54,866][train_cifar10.py][line:264][INFO] Best Test acc=91.980
[2024-09-05 23:38:09,278][train_cifar10.py][line:250][INFO] Epoch:[89/300]	 loss=232.86615	 acc=91.148
[2024-09-05 23:38:24,591][train_cifar10.py][line:255][INFO] Epoch:[89/300]	 Test acc=91.400
[2024-09-05 23:38:24,591][train_cifar10.py][line:264][INFO] Best Test acc=91.980
[2024-09-05 23:41:33,111][train_cifar10.py][line:250][INFO] Epoch:[90/300]	 loss=229.81992	 acc=91.210
[2024-09-05 23:41:48,548][train_cifar10.py][line:255][INFO] Epoch:[90/300]	 Test acc=91.450
[2024-09-05 23:41:48,548][train_cifar10.py][line:264][INFO] Best Test acc=91.980
[2024-09-05 23:45:07,840][train_cifar10.py][line:250][INFO] Epoch:[91/300]	 loss=233.15850	 acc=91.126
[2024-09-05 23:45:23,064][train_cifar10.py][line:255][INFO] Epoch:[91/300]	 Test acc=91.240
[2024-09-05 23:45:23,064][train_cifar10.py][line:264][INFO] Best Test acc=91.980
[2024-09-05 23:48:38,052][train_cifar10.py][line:250][INFO] Epoch:[92/300]	 loss=231.60333	 acc=91.240
[2024-09-05 23:48:50,851][train_cifar10.py][line:255][INFO] Epoch:[92/300]	 Test acc=91.090
[2024-09-05 23:48:50,851][train_cifar10.py][line:264][INFO] Best Test acc=91.980
[2024-09-05 23:51:50,020][train_cifar10.py][line:250][INFO] Epoch:[93/300]	 loss=228.85582	 acc=91.324
[2024-09-05 23:52:03,398][train_cifar10.py][line:255][INFO] Epoch:[93/300]	 Test acc=91.770
[2024-09-05 23:52:03,398][train_cifar10.py][line:264][INFO] Best Test acc=91.980
[2024-09-05 23:54:57,672][train_cifar10.py][line:250][INFO] Epoch:[94/300]	 loss=222.61639	 acc=91.644
[2024-09-05 23:55:12,002][train_cifar10.py][line:255][INFO] Epoch:[94/300]	 Test acc=91.630
[2024-09-05 23:55:12,003][train_cifar10.py][line:264][INFO] Best Test acc=91.980
[2024-09-05 23:58:22,165][train_cifar10.py][line:250][INFO] Epoch:[95/300]	 loss=225.87097	 acc=91.438
[2024-09-05 23:58:37,277][train_cifar10.py][line:255][INFO] Epoch:[95/300]	 Test acc=90.990
[2024-09-05 23:58:37,277][train_cifar10.py][line:264][INFO] Best Test acc=91.980
[2024-09-06 00:01:34,327][train_cifar10.py][line:250][INFO] Epoch:[96/300]	 loss=223.62808	 acc=91.482
[2024-09-06 00:01:48,884][train_cifar10.py][line:255][INFO] Epoch:[96/300]	 Test acc=92.010
[2024-09-06 00:01:48,885][train_cifar10.py][line:264][INFO] Best Test acc=92.010
[2024-09-06 00:05:03,028][train_cifar10.py][line:250][INFO] Epoch:[97/300]	 loss=223.46226	 acc=91.576
[2024-09-06 00:05:17,944][train_cifar10.py][line:255][INFO] Epoch:[97/300]	 Test acc=91.560
[2024-09-06 00:05:17,944][train_cifar10.py][line:264][INFO] Best Test acc=92.010
[2024-09-06 00:08:18,908][train_cifar10.py][line:250][INFO] Epoch:[98/300]	 loss=224.98482	 acc=91.524
[2024-09-06 00:08:32,219][train_cifar10.py][line:255][INFO] Epoch:[98/300]	 Test acc=91.680
[2024-09-06 00:08:32,219][train_cifar10.py][line:264][INFO] Best Test acc=92.010
[2024-09-06 00:11:37,383][train_cifar10.py][line:250][INFO] Epoch:[99/300]	 loss=221.26147	 acc=91.588
[2024-09-06 00:11:50,165][train_cifar10.py][line:255][INFO] Epoch:[99/300]	 Test acc=91.370
[2024-09-06 00:11:50,166][train_cifar10.py][line:264][INFO] Best Test acc=92.010
[2024-09-06 00:14:58,999][train_cifar10.py][line:250][INFO] Epoch:[100/300]	 loss=218.87415	 acc=91.766
[2024-09-06 00:15:14,507][train_cifar10.py][line:255][INFO] Epoch:[100/300]	 Test acc=91.700
[2024-09-06 00:15:14,507][train_cifar10.py][line:264][INFO] Best Test acc=92.010
[2024-09-06 00:18:16,369][train_cifar10.py][line:250][INFO] Epoch:[101/300]	 loss=215.34425	 acc=91.946
[2024-09-06 00:18:29,579][train_cifar10.py][line:255][INFO] Epoch:[101/300]	 Test acc=91.380
[2024-09-06 00:18:29,579][train_cifar10.py][line:264][INFO] Best Test acc=92.010
[2024-09-06 00:21:46,743][train_cifar10.py][line:250][INFO] Epoch:[102/300]	 loss=216.88317	 acc=91.806
[2024-09-06 00:22:02,210][train_cifar10.py][line:255][INFO] Epoch:[102/300]	 Test acc=91.850
[2024-09-06 00:22:02,210][train_cifar10.py][line:264][INFO] Best Test acc=92.010
[2024-09-06 00:25:07,651][train_cifar10.py][line:250][INFO] Epoch:[103/300]	 loss=215.42613	 acc=91.894
[2024-09-06 00:25:22,731][train_cifar10.py][line:255][INFO] Epoch:[103/300]	 Test acc=91.900
[2024-09-06 00:25:22,731][train_cifar10.py][line:264][INFO] Best Test acc=92.010
[2024-09-06 00:28:38,823][train_cifar10.py][line:250][INFO] Epoch:[104/300]	 loss=210.12768	 acc=92.268
[2024-09-06 00:28:54,656][train_cifar10.py][line:255][INFO] Epoch:[104/300]	 Test acc=92.070
[2024-09-06 00:28:54,656][train_cifar10.py][line:264][INFO] Best Test acc=92.070
[2024-09-06 00:32:00,797][train_cifar10.py][line:250][INFO] Epoch:[105/300]	 loss=209.01139	 acc=92.100
[2024-09-06 00:32:16,186][train_cifar10.py][line:255][INFO] Epoch:[105/300]	 Test acc=91.590
[2024-09-06 00:32:16,186][train_cifar10.py][line:264][INFO] Best Test acc=92.070
[2024-09-06 00:35:26,104][train_cifar10.py][line:250][INFO] Epoch:[106/300]	 loss=211.49790	 acc=92.180
[2024-09-06 00:35:39,442][train_cifar10.py][line:255][INFO] Epoch:[106/300]	 Test acc=91.930
[2024-09-06 00:35:39,442][train_cifar10.py][line:264][INFO] Best Test acc=92.070
[2024-09-06 00:38:48,401][train_cifar10.py][line:250][INFO] Epoch:[107/300]	 loss=209.14381	 acc=92.130
[2024-09-06 00:39:03,405][train_cifar10.py][line:255][INFO] Epoch:[107/300]	 Test acc=91.940
[2024-09-06 00:39:03,405][train_cifar10.py][line:264][INFO] Best Test acc=92.070
[2024-09-06 00:42:13,988][train_cifar10.py][line:250][INFO] Epoch:[108/300]	 loss=206.38658	 acc=92.296
[2024-09-06 00:42:26,660][train_cifar10.py][line:255][INFO] Epoch:[108/300]	 Test acc=92.050
[2024-09-06 00:42:26,660][train_cifar10.py][line:264][INFO] Best Test acc=92.070
[2024-09-06 00:45:33,373][train_cifar10.py][line:250][INFO] Epoch:[109/300]	 loss=203.65150	 acc=92.418
[2024-09-06 00:45:47,678][train_cifar10.py][line:255][INFO] Epoch:[109/300]	 Test acc=91.800
[2024-09-06 00:45:47,678][train_cifar10.py][line:264][INFO] Best Test acc=92.070
[2024-09-06 00:49:01,389][train_cifar10.py][line:250][INFO] Epoch:[110/300]	 loss=207.33984	 acc=92.276
[2024-09-06 00:49:15,082][train_cifar10.py][line:255][INFO] Epoch:[110/300]	 Test acc=92.100
[2024-09-06 00:49:15,082][train_cifar10.py][line:264][INFO] Best Test acc=92.100
[2024-09-06 00:52:19,842][train_cifar10.py][line:250][INFO] Epoch:[111/300]	 loss=203.12758	 acc=92.468
[2024-09-06 00:52:35,043][train_cifar10.py][line:255][INFO] Epoch:[111/300]	 Test acc=91.630
[2024-09-06 00:52:35,043][train_cifar10.py][line:264][INFO] Best Test acc=92.100
[2024-09-06 00:55:37,402][train_cifar10.py][line:250][INFO] Epoch:[112/300]	 loss=201.84370	 acc=92.488
[2024-09-06 00:55:52,246][train_cifar10.py][line:255][INFO] Epoch:[112/300]	 Test acc=91.530
[2024-09-06 00:55:52,246][train_cifar10.py][line:264][INFO] Best Test acc=92.100
[2024-09-06 00:59:01,229][train_cifar10.py][line:250][INFO] Epoch:[113/300]	 loss=200.01220	 acc=92.446
[2024-09-06 00:59:15,763][train_cifar10.py][line:255][INFO] Epoch:[113/300]	 Test acc=91.980
[2024-09-06 00:59:15,763][train_cifar10.py][line:264][INFO] Best Test acc=92.100
[2024-09-06 01:02:13,968][train_cifar10.py][line:250][INFO] Epoch:[114/300]	 loss=193.06169	 acc=92.884
[2024-09-06 01:02:27,781][train_cifar10.py][line:255][INFO] Epoch:[114/300]	 Test acc=92.220
[2024-09-06 01:02:27,781][train_cifar10.py][line:264][INFO] Best Test acc=92.220
[2024-09-06 01:05:40,004][train_cifar10.py][line:250][INFO] Epoch:[115/300]	 loss=199.58870	 acc=92.564
[2024-09-06 01:05:53,456][train_cifar10.py][line:255][INFO] Epoch:[115/300]	 Test acc=92.190
[2024-09-06 01:05:53,456][train_cifar10.py][line:264][INFO] Best Test acc=92.220
[2024-09-06 01:09:12,398][train_cifar10.py][line:250][INFO] Epoch:[116/300]	 loss=197.73767	 acc=92.796
[2024-09-06 01:09:28,092][train_cifar10.py][line:255][INFO] Epoch:[116/300]	 Test acc=91.820
[2024-09-06 01:09:28,092][train_cifar10.py][line:264][INFO] Best Test acc=92.220
[2024-09-06 01:12:40,402][train_cifar10.py][line:250][INFO] Epoch:[117/300]	 loss=199.17983	 acc=92.646
[2024-09-06 01:12:54,949][train_cifar10.py][line:255][INFO] Epoch:[117/300]	 Test acc=92.110
[2024-09-06 01:12:54,949][train_cifar10.py][line:264][INFO] Best Test acc=92.220
[2024-09-06 01:16:11,072][train_cifar10.py][line:250][INFO] Epoch:[118/300]	 loss=190.95214	 acc=92.990
[2024-09-06 01:16:24,167][train_cifar10.py][line:255][INFO] Epoch:[118/300]	 Test acc=91.810
[2024-09-06 01:16:24,167][train_cifar10.py][line:264][INFO] Best Test acc=92.220
[2024-09-06 01:19:40,033][train_cifar10.py][line:250][INFO] Epoch:[119/300]	 loss=196.67360	 acc=92.736
[2024-09-06 01:19:55,398][train_cifar10.py][line:255][INFO] Epoch:[119/300]	 Test acc=91.950
[2024-09-06 01:19:55,398][train_cifar10.py][line:264][INFO] Best Test acc=92.220
[2024-09-06 01:23:03,787][train_cifar10.py][line:250][INFO] Epoch:[120/300]	 loss=194.32918	 acc=92.774
[2024-09-06 01:23:19,063][train_cifar10.py][line:255][INFO] Epoch:[120/300]	 Test acc=92.630
[2024-09-06 01:23:19,064][train_cifar10.py][line:264][INFO] Best Test acc=92.630
[2024-09-06 01:26:33,520][train_cifar10.py][line:250][INFO] Epoch:[121/300]	 loss=192.60381	 acc=92.882
[2024-09-06 01:26:48,784][train_cifar10.py][line:255][INFO] Epoch:[121/300]	 Test acc=92.270
[2024-09-06 01:26:48,784][train_cifar10.py][line:264][INFO] Best Test acc=92.630
[2024-09-06 01:29:59,624][train_cifar10.py][line:250][INFO] Epoch:[122/300]	 loss=191.32354	 acc=92.970
[2024-09-06 01:30:14,373][train_cifar10.py][line:255][INFO] Epoch:[122/300]	 Test acc=91.980
[2024-09-06 01:30:14,373][train_cifar10.py][line:264][INFO] Best Test acc=92.630
[2024-09-06 01:33:21,356][train_cifar10.py][line:250][INFO] Epoch:[123/300]	 loss=188.83654	 acc=92.996
[2024-09-06 01:33:34,407][train_cifar10.py][line:255][INFO] Epoch:[123/300]	 Test acc=92.450
[2024-09-06 01:33:34,408][train_cifar10.py][line:264][INFO] Best Test acc=92.630
[2024-09-06 01:36:37,131][train_cifar10.py][line:250][INFO] Epoch:[124/300]	 loss=182.66452	 acc=93.252
[2024-09-06 01:36:51,212][train_cifar10.py][line:255][INFO] Epoch:[124/300]	 Test acc=92.480
[2024-09-06 01:36:51,212][train_cifar10.py][line:264][INFO] Best Test acc=92.630
[2024-09-06 01:39:59,677][train_cifar10.py][line:250][INFO] Epoch:[125/300]	 loss=184.61165	 acc=93.148
[2024-09-06 01:40:15,066][train_cifar10.py][line:255][INFO] Epoch:[125/300]	 Test acc=92.810
[2024-09-06 01:40:15,066][train_cifar10.py][line:264][INFO] Best Test acc=92.810
[2024-09-06 01:43:35,025][train_cifar10.py][line:250][INFO] Epoch:[126/300]	 loss=185.51175	 acc=93.254
[2024-09-06 01:43:48,011][train_cifar10.py][line:255][INFO] Epoch:[126/300]	 Test acc=92.040
[2024-09-06 01:43:48,012][train_cifar10.py][line:264][INFO] Best Test acc=92.810
[2024-09-06 01:46:59,524][train_cifar10.py][line:250][INFO] Epoch:[127/300]	 loss=187.25606	 acc=93.124
[2024-09-06 01:47:14,260][train_cifar10.py][line:255][INFO] Epoch:[127/300]	 Test acc=92.420
[2024-09-06 01:47:14,260][train_cifar10.py][line:264][INFO] Best Test acc=92.810
[2024-09-06 01:50:33,564][train_cifar10.py][line:250][INFO] Epoch:[128/300]	 loss=186.05584	 acc=93.254
[2024-09-06 01:50:47,584][train_cifar10.py][line:255][INFO] Epoch:[128/300]	 Test acc=92.280
[2024-09-06 01:50:47,585][train_cifar10.py][line:264][INFO] Best Test acc=92.810
[2024-09-06 01:53:51,873][train_cifar10.py][line:250][INFO] Epoch:[129/300]	 loss=183.54930	 acc=93.186
[2024-09-06 01:54:06,372][train_cifar10.py][line:255][INFO] Epoch:[129/300]	 Test acc=92.650
[2024-09-06 01:54:06,372][train_cifar10.py][line:264][INFO] Best Test acc=92.810
[2024-09-06 01:57:15,108][train_cifar10.py][line:250][INFO] Epoch:[130/300]	 loss=180.24203	 acc=93.364
[2024-09-06 01:57:28,782][train_cifar10.py][line:255][INFO] Epoch:[130/300]	 Test acc=92.160
[2024-09-06 01:57:28,782][train_cifar10.py][line:264][INFO] Best Test acc=92.810
[2024-09-06 02:00:30,304][train_cifar10.py][line:250][INFO] Epoch:[131/300]	 loss=183.89020	 acc=93.162
[2024-09-06 02:00:43,181][train_cifar10.py][line:255][INFO] Epoch:[131/300]	 Test acc=92.490
[2024-09-06 02:00:43,181][train_cifar10.py][line:264][INFO] Best Test acc=92.810
[2024-09-06 02:03:46,569][train_cifar10.py][line:250][INFO] Epoch:[132/300]	 loss=176.79704	 acc=93.654
[2024-09-06 02:04:01,713][train_cifar10.py][line:255][INFO] Epoch:[132/300]	 Test acc=92.530
[2024-09-06 02:04:01,713][train_cifar10.py][line:264][INFO] Best Test acc=92.810
[2024-09-06 02:07:14,065][train_cifar10.py][line:250][INFO] Epoch:[133/300]	 loss=176.76188	 acc=93.426
[2024-09-06 02:07:29,022][train_cifar10.py][line:255][INFO] Epoch:[133/300]	 Test acc=91.930
[2024-09-06 02:07:29,022][train_cifar10.py][line:264][INFO] Best Test acc=92.810
[2024-09-06 02:10:53,115][train_cifar10.py][line:250][INFO] Epoch:[134/300]	 loss=172.94530	 acc=93.622
[2024-09-06 02:11:08,957][train_cifar10.py][line:255][INFO] Epoch:[134/300]	 Test acc=92.240
[2024-09-06 02:11:08,957][train_cifar10.py][line:264][INFO] Best Test acc=92.810
[2024-09-06 02:14:19,235][train_cifar10.py][line:250][INFO] Epoch:[135/300]	 loss=176.27466	 acc=93.608
[2024-09-06 02:14:33,276][train_cifar10.py][line:255][INFO] Epoch:[135/300]	 Test acc=92.150
[2024-09-06 02:14:33,276][train_cifar10.py][line:264][INFO] Best Test acc=92.810
[2024-09-06 02:17:39,898][train_cifar10.py][line:250][INFO] Epoch:[136/300]	 loss=174.25920	 acc=93.618
[2024-09-06 02:17:53,340][train_cifar10.py][line:255][INFO] Epoch:[136/300]	 Test acc=92.460
[2024-09-06 02:17:53,340][train_cifar10.py][line:264][INFO] Best Test acc=92.810
[2024-09-06 02:21:07,245][train_cifar10.py][line:250][INFO] Epoch:[137/300]	 loss=174.75715	 acc=93.544
[2024-09-06 02:21:21,585][train_cifar10.py][line:255][INFO] Epoch:[137/300]	 Test acc=92.070
[2024-09-06 02:21:21,585][train_cifar10.py][line:264][INFO] Best Test acc=92.810
[2024-09-06 02:24:31,009][train_cifar10.py][line:250][INFO] Epoch:[138/300]	 loss=172.34358	 acc=93.620
[2024-09-06 02:24:46,353][train_cifar10.py][line:255][INFO] Epoch:[138/300]	 Test acc=92.250
[2024-09-06 02:24:46,354][train_cifar10.py][line:264][INFO] Best Test acc=92.810
[2024-09-06 02:28:05,739][train_cifar10.py][line:250][INFO] Epoch:[139/300]	 loss=172.14496	 acc=93.696
[2024-09-06 02:28:21,171][train_cifar10.py][line:255][INFO] Epoch:[139/300]	 Test acc=92.650
[2024-09-06 02:28:21,171][train_cifar10.py][line:264][INFO] Best Test acc=92.810
[2024-09-06 02:31:39,268][train_cifar10.py][line:250][INFO] Epoch:[140/300]	 loss=167.25361	 acc=93.926
[2024-09-06 02:31:54,543][train_cifar10.py][line:255][INFO] Epoch:[140/300]	 Test acc=92.130
[2024-09-06 02:31:54,543][train_cifar10.py][line:264][INFO] Best Test acc=92.810
[2024-09-06 02:35:02,346][train_cifar10.py][line:250][INFO] Epoch:[141/300]	 loss=170.67155	 acc=93.768
[2024-09-06 02:35:17,766][train_cifar10.py][line:255][INFO] Epoch:[141/300]	 Test acc=92.810
[2024-09-06 02:35:17,766][train_cifar10.py][line:264][INFO] Best Test acc=92.810
[2024-09-06 02:38:21,008][train_cifar10.py][line:250][INFO] Epoch:[142/300]	 loss=168.77905	 acc=93.914
[2024-09-06 02:38:36,306][train_cifar10.py][line:255][INFO] Epoch:[142/300]	 Test acc=92.050
[2024-09-06 02:38:36,306][train_cifar10.py][line:264][INFO] Best Test acc=92.810
[2024-09-06 02:41:51,342][train_cifar10.py][line:250][INFO] Epoch:[143/300]	 loss=168.96677	 acc=93.884
[2024-09-06 02:42:06,205][train_cifar10.py][line:255][INFO] Epoch:[143/300]	 Test acc=92.330
[2024-09-06 02:42:06,206][train_cifar10.py][line:264][INFO] Best Test acc=92.810
[2024-09-06 02:45:11,049][train_cifar10.py][line:250][INFO] Epoch:[144/300]	 loss=164.45679	 acc=94.046
[2024-09-06 02:45:25,277][train_cifar10.py][line:255][INFO] Epoch:[144/300]	 Test acc=92.490
[2024-09-06 02:45:25,277][train_cifar10.py][line:264][INFO] Best Test acc=92.810
[2024-09-06 02:48:30,136][train_cifar10.py][line:250][INFO] Epoch:[145/300]	 loss=166.41624	 acc=93.896
[2024-09-06 02:48:43,167][train_cifar10.py][line:255][INFO] Epoch:[145/300]	 Test acc=92.110
[2024-09-06 02:48:43,167][train_cifar10.py][line:264][INFO] Best Test acc=92.810
[2024-09-06 02:51:50,771][train_cifar10.py][line:250][INFO] Epoch:[146/300]	 loss=160.47419	 acc=94.126
[2024-09-06 02:52:04,206][train_cifar10.py][line:255][INFO] Epoch:[146/300]	 Test acc=92.770
[2024-09-06 02:52:04,207][train_cifar10.py][line:264][INFO] Best Test acc=92.810
[2024-09-06 02:55:16,133][train_cifar10.py][line:250][INFO] Epoch:[147/300]	 loss=166.03504	 acc=94.032
[2024-09-06 02:55:31,325][train_cifar10.py][line:255][INFO] Epoch:[147/300]	 Test acc=92.440
[2024-09-06 02:55:31,325][train_cifar10.py][line:264][INFO] Best Test acc=92.810
[2024-09-06 02:58:40,622][train_cifar10.py][line:250][INFO] Epoch:[148/300]	 loss=161.58783	 acc=94.148
[2024-09-06 02:58:54,002][train_cifar10.py][line:255][INFO] Epoch:[148/300]	 Test acc=92.740
[2024-09-06 02:58:54,002][train_cifar10.py][line:264][INFO] Best Test acc=92.810
[2024-09-06 03:02:05,838][train_cifar10.py][line:250][INFO] Epoch:[149/300]	 loss=162.88723	 acc=94.080
[2024-09-06 03:02:18,785][train_cifar10.py][line:255][INFO] Epoch:[149/300]	 Test acc=92.550
[2024-09-06 03:02:18,785][train_cifar10.py][line:264][INFO] Best Test acc=92.810
[2024-09-06 03:05:40,206][train_cifar10.py][line:250][INFO] Epoch:[150/300]	 loss=166.55773	 acc=94.052
[2024-09-06 03:05:55,550][train_cifar10.py][line:255][INFO] Epoch:[150/300]	 Test acc=92.500
[2024-09-06 03:05:55,551][train_cifar10.py][line:264][INFO] Best Test acc=92.810
[2024-09-06 03:09:11,777][train_cifar10.py][line:250][INFO] Epoch:[151/300]	 loss=161.90460	 acc=94.292
[2024-09-06 03:09:25,829][train_cifar10.py][line:255][INFO] Epoch:[151/300]	 Test acc=92.970
[2024-09-06 03:09:25,830][train_cifar10.py][line:264][INFO] Best Test acc=92.970
[2024-09-06 03:12:38,384][train_cifar10.py][line:250][INFO] Epoch:[152/300]	 loss=162.94599	 acc=94.008
[2024-09-06 03:12:53,938][train_cifar10.py][line:255][INFO] Epoch:[152/300]	 Test acc=93.030
[2024-09-06 03:12:53,938][train_cifar10.py][line:264][INFO] Best Test acc=93.030
[2024-09-06 03:15:58,670][train_cifar10.py][line:250][INFO] Epoch:[153/300]	 loss=154.85596	 acc=94.534
[2024-09-06 03:16:13,337][train_cifar10.py][line:255][INFO] Epoch:[153/300]	 Test acc=92.790
[2024-09-06 03:16:13,337][train_cifar10.py][line:264][INFO] Best Test acc=93.030
[2024-09-06 03:19:12,755][train_cifar10.py][line:250][INFO] Epoch:[154/300]	 loss=154.91993	 acc=94.530
[2024-09-06 03:19:27,127][train_cifar10.py][line:255][INFO] Epoch:[154/300]	 Test acc=92.840
[2024-09-06 03:19:27,128][train_cifar10.py][line:264][INFO] Best Test acc=93.030
[2024-09-06 03:22:40,790][train_cifar10.py][line:250][INFO] Epoch:[155/300]	 loss=161.04810	 acc=94.182
[2024-09-06 03:22:56,480][train_cifar10.py][line:255][INFO] Epoch:[155/300]	 Test acc=92.670
[2024-09-06 03:22:56,481][train_cifar10.py][line:264][INFO] Best Test acc=93.030
[2024-09-06 03:26:15,884][train_cifar10.py][line:250][INFO] Epoch:[156/300]	 loss=156.10727	 acc=94.412
[2024-09-06 03:26:30,609][train_cifar10.py][line:255][INFO] Epoch:[156/300]	 Test acc=92.920
[2024-09-06 03:26:30,609][train_cifar10.py][line:264][INFO] Best Test acc=93.030
[2024-09-06 03:29:43,877][train_cifar10.py][line:250][INFO] Epoch:[157/300]	 loss=152.07755	 acc=94.678
[2024-09-06 03:29:59,023][train_cifar10.py][line:255][INFO] Epoch:[157/300]	 Test acc=92.830
[2024-09-06 03:29:59,023][train_cifar10.py][line:264][INFO] Best Test acc=93.030
[2024-09-06 03:33:10,845][train_cifar10.py][line:250][INFO] Epoch:[158/300]	 loss=153.13978	 acc=94.550
[2024-09-06 03:33:24,751][train_cifar10.py][line:255][INFO] Epoch:[158/300]	 Test acc=92.960
[2024-09-06 03:33:24,751][train_cifar10.py][line:264][INFO] Best Test acc=93.030
[2024-09-06 03:36:30,910][train_cifar10.py][line:250][INFO] Epoch:[159/300]	 loss=152.71980	 acc=94.694
[2024-09-06 03:36:46,446][train_cifar10.py][line:255][INFO] Epoch:[159/300]	 Test acc=93.230
[2024-09-06 03:36:46,446][train_cifar10.py][line:264][INFO] Best Test acc=93.230
[2024-09-06 03:40:00,791][train_cifar10.py][line:250][INFO] Epoch:[160/300]	 loss=151.59846	 acc=94.586
[2024-09-06 03:40:15,651][train_cifar10.py][line:255][INFO] Epoch:[160/300]	 Test acc=93.370
[2024-09-06 03:40:15,652][train_cifar10.py][line:264][INFO] Best Test acc=93.370
[2024-09-06 03:43:15,362][train_cifar10.py][line:250][INFO] Epoch:[161/300]	 loss=149.45908	 acc=94.782
[2024-09-06 03:43:28,851][train_cifar10.py][line:255][INFO] Epoch:[161/300]	 Test acc=93.230
[2024-09-06 03:43:28,851][train_cifar10.py][line:264][INFO] Best Test acc=93.370
[2024-09-06 03:46:41,804][train_cifar10.py][line:250][INFO] Epoch:[162/300]	 loss=151.43480	 acc=94.624
[2024-09-06 03:46:56,954][train_cifar10.py][line:255][INFO] Epoch:[162/300]	 Test acc=92.690
[2024-09-06 03:46:56,954][train_cifar10.py][line:264][INFO] Best Test acc=93.370
[2024-09-06 03:50:06,863][train_cifar10.py][line:250][INFO] Epoch:[163/300]	 loss=144.67629	 acc=94.940
[2024-09-06 03:50:21,168][train_cifar10.py][line:255][INFO] Epoch:[163/300]	 Test acc=92.960
[2024-09-06 03:50:21,168][train_cifar10.py][line:264][INFO] Best Test acc=93.370
[2024-09-06 03:53:34,990][train_cifar10.py][line:250][INFO] Epoch:[164/300]	 loss=151.34877	 acc=94.662
[2024-09-06 03:53:50,710][train_cifar10.py][line:255][INFO] Epoch:[164/300]	 Test acc=92.790
[2024-09-06 03:53:50,710][train_cifar10.py][line:264][INFO] Best Test acc=93.370
[2024-09-06 03:56:54,594][train_cifar10.py][line:250][INFO] Epoch:[165/300]	 loss=144.19196	 acc=94.970
[2024-09-06 03:57:10,143][train_cifar10.py][line:255][INFO] Epoch:[165/300]	 Test acc=93.210
[2024-09-06 03:57:10,143][train_cifar10.py][line:264][INFO] Best Test acc=93.370
[2024-09-06 04:00:15,802][train_cifar10.py][line:250][INFO] Epoch:[166/300]	 loss=147.97529	 acc=94.706
[2024-09-06 04:00:31,651][train_cifar10.py][line:255][INFO] Epoch:[166/300]	 Test acc=93.020
[2024-09-06 04:00:31,652][train_cifar10.py][line:264][INFO] Best Test acc=93.370
[2024-09-06 04:03:46,798][train_cifar10.py][line:250][INFO] Epoch:[167/300]	 loss=145.70187	 acc=94.780
[2024-09-06 04:04:02,248][train_cifar10.py][line:255][INFO] Epoch:[167/300]	 Test acc=92.770
[2024-09-06 04:04:02,248][train_cifar10.py][line:264][INFO] Best Test acc=93.370
[2024-09-06 04:07:29,325][train_cifar10.py][line:250][INFO] Epoch:[168/300]	 loss=145.44897	 acc=94.840
[2024-09-06 04:07:42,689][train_cifar10.py][line:255][INFO] Epoch:[168/300]	 Test acc=93.180
[2024-09-06 04:07:42,689][train_cifar10.py][line:264][INFO] Best Test acc=93.370
[2024-09-06 04:10:42,814][train_cifar10.py][line:250][INFO] Epoch:[169/300]	 loss=141.46053	 acc=95.038
[2024-09-06 04:10:56,753][train_cifar10.py][line:255][INFO] Epoch:[169/300]	 Test acc=92.890
[2024-09-06 04:10:56,753][train_cifar10.py][line:264][INFO] Best Test acc=93.370
[2024-09-06 04:14:14,204][train_cifar10.py][line:250][INFO] Epoch:[170/300]	 loss=143.00247	 acc=94.932
[2024-09-06 04:14:29,609][train_cifar10.py][line:255][INFO] Epoch:[170/300]	 Test acc=93.270
[2024-09-06 04:14:29,609][train_cifar10.py][line:264][INFO] Best Test acc=93.370
[2024-09-06 04:17:45,594][train_cifar10.py][line:250][INFO] Epoch:[171/300]	 loss=138.83320	 acc=95.030
[2024-09-06 04:17:58,835][train_cifar10.py][line:255][INFO] Epoch:[171/300]	 Test acc=93.440
[2024-09-06 04:17:58,835][train_cifar10.py][line:264][INFO] Best Test acc=93.440
[2024-09-06 04:20:58,245][train_cifar10.py][line:250][INFO] Epoch:[172/300]	 loss=140.85859	 acc=95.032
[2024-09-06 04:21:12,668][train_cifar10.py][line:255][INFO] Epoch:[172/300]	 Test acc=93.030
[2024-09-06 04:21:12,668][train_cifar10.py][line:264][INFO] Best Test acc=93.440
[2024-09-06 04:24:25,108][train_cifar10.py][line:250][INFO] Epoch:[173/300]	 loss=141.44717	 acc=95.036
[2024-09-06 04:24:41,011][train_cifar10.py][line:255][INFO] Epoch:[173/300]	 Test acc=92.910
[2024-09-06 04:24:41,011][train_cifar10.py][line:264][INFO] Best Test acc=93.440
[2024-09-06 04:27:48,871][train_cifar10.py][line:250][INFO] Epoch:[174/300]	 loss=136.39448	 acc=95.294
[2024-09-06 04:28:02,930][train_cifar10.py][line:255][INFO] Epoch:[174/300]	 Test acc=93.150
[2024-09-06 04:28:02,930][train_cifar10.py][line:264][INFO] Best Test acc=93.440
[2024-09-06 04:31:16,675][train_cifar10.py][line:250][INFO] Epoch:[175/300]	 loss=135.51608	 acc=95.196
[2024-09-06 04:31:32,017][train_cifar10.py][line:255][INFO] Epoch:[175/300]	 Test acc=93.220
[2024-09-06 04:31:32,018][train_cifar10.py][line:264][INFO] Best Test acc=93.440
[2024-09-06 04:34:40,073][train_cifar10.py][line:250][INFO] Epoch:[176/300]	 loss=134.96249	 acc=95.274
[2024-09-06 04:34:53,946][train_cifar10.py][line:255][INFO] Epoch:[176/300]	 Test acc=93.030
[2024-09-06 04:34:53,947][train_cifar10.py][line:264][INFO] Best Test acc=93.440
[2024-09-06 04:37:55,053][train_cifar10.py][line:250][INFO] Epoch:[177/300]	 loss=138.82943	 acc=95.070
[2024-09-06 04:38:08,284][train_cifar10.py][line:255][INFO] Epoch:[177/300]	 Test acc=93.110
[2024-09-06 04:38:08,284][train_cifar10.py][line:264][INFO] Best Test acc=93.440
[2024-09-06 04:41:24,788][train_cifar10.py][line:250][INFO] Epoch:[178/300]	 loss=139.56705	 acc=95.098
[2024-09-06 04:41:38,921][train_cifar10.py][line:255][INFO] Epoch:[178/300]	 Test acc=93.390
[2024-09-06 04:41:38,921][train_cifar10.py][line:264][INFO] Best Test acc=93.440
[2024-09-06 04:44:52,350][train_cifar10.py][line:250][INFO] Epoch:[179/300]	 loss=135.89183	 acc=95.204
[2024-09-06 04:45:08,033][train_cifar10.py][line:255][INFO] Epoch:[179/300]	 Test acc=93.180
[2024-09-06 04:45:08,033][train_cifar10.py][line:264][INFO] Best Test acc=93.440
[2024-09-06 04:48:27,398][train_cifar10.py][line:250][INFO] Epoch:[180/300]	 loss=134.85623	 acc=95.320
[2024-09-06 04:48:41,399][train_cifar10.py][line:255][INFO] Epoch:[180/300]	 Test acc=93.120
[2024-09-06 04:48:41,399][train_cifar10.py][line:264][INFO] Best Test acc=93.440
[2024-09-06 04:51:49,953][train_cifar10.py][line:250][INFO] Epoch:[181/300]	 loss=134.19185	 acc=95.276
[2024-09-06 04:52:05,266][train_cifar10.py][line:255][INFO] Epoch:[181/300]	 Test acc=93.230
[2024-09-06 04:52:05,266][train_cifar10.py][line:264][INFO] Best Test acc=93.440
[2024-09-06 04:55:08,567][train_cifar10.py][line:250][INFO] Epoch:[182/300]	 loss=134.87274	 acc=95.284
[2024-09-06 04:55:21,511][train_cifar10.py][line:255][INFO] Epoch:[182/300]	 Test acc=93.520
[2024-09-06 04:55:21,512][train_cifar10.py][line:264][INFO] Best Test acc=93.520
[2024-09-06 04:58:22,276][train_cifar10.py][line:250][INFO] Epoch:[183/300]	 loss=133.85696	 acc=95.318
[2024-09-06 04:58:34,756][train_cifar10.py][line:255][INFO] Epoch:[183/300]	 Test acc=92.650
[2024-09-06 04:58:34,756][train_cifar10.py][line:264][INFO] Best Test acc=93.520
[2024-09-06 05:01:36,792][train_cifar10.py][line:250][INFO] Epoch:[184/300]	 loss=132.53963	 acc=95.222
[2024-09-06 05:01:51,892][train_cifar10.py][line:255][INFO] Epoch:[184/300]	 Test acc=93.340
[2024-09-06 05:01:51,892][train_cifar10.py][line:264][INFO] Best Test acc=93.520
[2024-09-06 05:04:56,134][train_cifar10.py][line:250][INFO] Epoch:[185/300]	 loss=134.01568	 acc=95.284
[2024-09-06 05:05:11,138][train_cifar10.py][line:255][INFO] Epoch:[185/300]	 Test acc=93.730
[2024-09-06 05:05:11,139][train_cifar10.py][line:264][INFO] Best Test acc=93.730
[2024-09-06 05:08:41,001][train_cifar10.py][line:250][INFO] Epoch:[186/300]	 loss=130.64415	 acc=95.512
[2024-09-06 05:08:54,686][train_cifar10.py][line:255][INFO] Epoch:[186/300]	 Test acc=93.310
[2024-09-06 05:08:54,687][train_cifar10.py][line:264][INFO] Best Test acc=93.730
[2024-09-06 05:12:20,329][train_cifar10.py][line:250][INFO] Epoch:[187/300]	 loss=126.52429	 acc=95.534
[2024-09-06 05:12:36,151][train_cifar10.py][line:255][INFO] Epoch:[187/300]	 Test acc=93.270
[2024-09-06 05:12:36,151][train_cifar10.py][line:264][INFO] Best Test acc=93.730
[2024-09-06 05:15:50,792][train_cifar10.py][line:250][INFO] Epoch:[188/300]	 loss=126.55147	 acc=95.594
[2024-09-06 05:16:06,425][train_cifar10.py][line:255][INFO] Epoch:[188/300]	 Test acc=93.800
[2024-09-06 05:16:06,425][train_cifar10.py][line:264][INFO] Best Test acc=93.800
[2024-09-06 05:19:24,485][train_cifar10.py][line:250][INFO] Epoch:[189/300]	 loss=129.66312	 acc=95.458
[2024-09-06 05:19:40,070][train_cifar10.py][line:255][INFO] Epoch:[189/300]	 Test acc=93.450
[2024-09-06 05:19:40,070][train_cifar10.py][line:264][INFO] Best Test acc=93.800
[2024-09-06 05:22:49,433][train_cifar10.py][line:250][INFO] Epoch:[190/300]	 loss=128.24467	 acc=95.518
[2024-09-06 05:23:04,736][train_cifar10.py][line:255][INFO] Epoch:[190/300]	 Test acc=93.370
[2024-09-06 05:23:04,736][train_cifar10.py][line:264][INFO] Best Test acc=93.800
[2024-09-06 05:26:10,104][train_cifar10.py][line:250][INFO] Epoch:[191/300]	 loss=127.33691	 acc=95.574
[2024-09-06 05:26:25,600][train_cifar10.py][line:255][INFO] Epoch:[191/300]	 Test acc=93.510
[2024-09-06 05:26:25,600][train_cifar10.py][line:264][INFO] Best Test acc=93.800
[2024-09-06 05:29:43,975][train_cifar10.py][line:250][INFO] Epoch:[192/300]	 loss=126.57739	 acc=95.586
[2024-09-06 05:29:56,685][train_cifar10.py][line:255][INFO] Epoch:[192/300]	 Test acc=93.340
[2024-09-06 05:29:56,685][train_cifar10.py][line:264][INFO] Best Test acc=93.800
[2024-09-06 05:32:59,511][train_cifar10.py][line:250][INFO] Epoch:[193/300]	 loss=125.30851	 acc=95.610
[2024-09-06 05:33:14,697][train_cifar10.py][line:255][INFO] Epoch:[193/300]	 Test acc=93.660
[2024-09-06 05:33:14,697][train_cifar10.py][line:264][INFO] Best Test acc=93.800
[2024-09-06 05:36:26,896][train_cifar10.py][line:250][INFO] Epoch:[194/300]	 loss=126.38123	 acc=95.586
[2024-09-06 05:36:42,115][train_cifar10.py][line:255][INFO] Epoch:[194/300]	 Test acc=93.780
[2024-09-06 05:36:42,115][train_cifar10.py][line:264][INFO] Best Test acc=93.800
[2024-09-06 05:39:53,758][train_cifar10.py][line:250][INFO] Epoch:[195/300]	 loss=124.07679	 acc=95.668
[2024-09-06 05:40:09,095][train_cifar10.py][line:255][INFO] Epoch:[195/300]	 Test acc=93.460
[2024-09-06 05:40:09,095][train_cifar10.py][line:264][INFO] Best Test acc=93.800
[2024-09-06 05:43:14,589][train_cifar10.py][line:250][INFO] Epoch:[196/300]	 loss=122.39211	 acc=95.808
[2024-09-06 05:43:29,577][train_cifar10.py][line:255][INFO] Epoch:[196/300]	 Test acc=93.430
[2024-09-06 05:43:29,577][train_cifar10.py][line:264][INFO] Best Test acc=93.800
[2024-09-06 05:46:48,988][train_cifar10.py][line:250][INFO] Epoch:[197/300]	 loss=122.26859	 acc=95.758
[2024-09-06 05:47:04,751][train_cifar10.py][line:255][INFO] Epoch:[197/300]	 Test acc=93.450
[2024-09-06 05:47:04,751][train_cifar10.py][line:264][INFO] Best Test acc=93.800
[2024-09-06 05:50:26,344][train_cifar10.py][line:250][INFO] Epoch:[198/300]	 loss=120.60055	 acc=95.800
[2024-09-06 05:50:41,345][train_cifar10.py][line:255][INFO] Epoch:[198/300]	 Test acc=93.590
[2024-09-06 05:50:41,346][train_cifar10.py][line:264][INFO] Best Test acc=93.800
[2024-09-06 05:53:44,128][train_cifar10.py][line:250][INFO] Epoch:[199/300]	 loss=121.80860	 acc=95.772
[2024-09-06 05:53:57,216][train_cifar10.py][line:255][INFO] Epoch:[199/300]	 Test acc=93.500
[2024-09-06 05:53:57,216][train_cifar10.py][line:264][INFO] Best Test acc=93.800
[2024-09-06 05:57:07,230][train_cifar10.py][line:250][INFO] Epoch:[200/300]	 loss=119.47727	 acc=95.846
[2024-09-06 05:57:22,627][train_cifar10.py][line:255][INFO] Epoch:[200/300]	 Test acc=93.620
[2024-09-06 05:57:22,627][train_cifar10.py][line:264][INFO] Best Test acc=93.800
[2024-09-06 06:00:37,025][train_cifar10.py][line:250][INFO] Epoch:[201/300]	 loss=121.60477	 acc=95.726
[2024-09-06 06:00:52,161][train_cifar10.py][line:255][INFO] Epoch:[201/300]	 Test acc=93.730
[2024-09-06 06:00:52,161][train_cifar10.py][line:264][INFO] Best Test acc=93.800
[2024-09-06 06:03:59,062][train_cifar10.py][line:250][INFO] Epoch:[202/300]	 loss=120.77444	 acc=95.808
[2024-09-06 06:04:12,085][train_cifar10.py][line:255][INFO] Epoch:[202/300]	 Test acc=93.640
[2024-09-06 06:04:12,085][train_cifar10.py][line:264][INFO] Best Test acc=93.800
[2024-09-06 06:07:16,861][train_cifar10.py][line:250][INFO] Epoch:[203/300]	 loss=121.10510	 acc=95.768
[2024-09-06 06:07:31,597][train_cifar10.py][line:255][INFO] Epoch:[203/300]	 Test acc=93.580
[2024-09-06 06:07:31,597][train_cifar10.py][line:264][INFO] Best Test acc=93.800
[2024-09-06 06:10:42,426][train_cifar10.py][line:250][INFO] Epoch:[204/300]	 loss=119.68110	 acc=95.806
[2024-09-06 06:10:57,374][train_cifar10.py][line:255][INFO] Epoch:[204/300]	 Test acc=93.600
[2024-09-06 06:10:57,374][train_cifar10.py][line:264][INFO] Best Test acc=93.800
[2024-09-06 06:13:59,849][train_cifar10.py][line:250][INFO] Epoch:[205/300]	 loss=116.84898	 acc=95.938
[2024-09-06 06:14:14,914][train_cifar10.py][line:255][INFO] Epoch:[205/300]	 Test acc=93.880
[2024-09-06 06:14:14,914][train_cifar10.py][line:264][INFO] Best Test acc=93.880
[2024-09-06 06:17:15,885][train_cifar10.py][line:250][INFO] Epoch:[206/300]	 loss=119.09841	 acc=95.858
[2024-09-06 06:17:29,189][train_cifar10.py][line:255][INFO] Epoch:[206/300]	 Test acc=93.870
[2024-09-06 06:17:29,189][train_cifar10.py][line:264][INFO] Best Test acc=93.880
[2024-09-06 06:20:39,236][train_cifar10.py][line:250][INFO] Epoch:[207/300]	 loss=118.34092	 acc=95.820
[2024-09-06 06:20:54,430][train_cifar10.py][line:255][INFO] Epoch:[207/300]	 Test acc=93.340
[2024-09-06 06:20:54,430][train_cifar10.py][line:264][INFO] Best Test acc=93.880
[2024-09-06 06:24:11,328][train_cifar10.py][line:250][INFO] Epoch:[208/300]	 loss=118.38639	 acc=95.846
[2024-09-06 06:24:24,230][train_cifar10.py][line:255][INFO] Epoch:[208/300]	 Test acc=93.710
[2024-09-06 06:24:24,230][train_cifar10.py][line:264][INFO] Best Test acc=93.880
[2024-09-06 06:27:31,909][train_cifar10.py][line:250][INFO] Epoch:[209/300]	 loss=113.17438	 acc=96.142
[2024-09-06 06:27:46,862][train_cifar10.py][line:255][INFO] Epoch:[209/300]	 Test acc=93.600
[2024-09-06 06:27:46,863][train_cifar10.py][line:264][INFO] Best Test acc=93.880
[2024-09-06 06:30:52,453][train_cifar10.py][line:250][INFO] Epoch:[210/300]	 loss=113.85323	 acc=96.094
[2024-09-06 06:31:07,926][train_cifar10.py][line:255][INFO] Epoch:[210/300]	 Test acc=93.790
[2024-09-06 06:31:07,926][train_cifar10.py][line:264][INFO] Best Test acc=93.880
[2024-09-06 06:34:16,764][train_cifar10.py][line:250][INFO] Epoch:[211/300]	 loss=118.83783	 acc=95.894
[2024-09-06 06:34:29,604][train_cifar10.py][line:255][INFO] Epoch:[211/300]	 Test acc=93.740
[2024-09-06 06:34:29,604][train_cifar10.py][line:264][INFO] Best Test acc=93.880
[2024-09-06 06:37:34,462][train_cifar10.py][line:250][INFO] Epoch:[212/300]	 loss=112.89265	 acc=96.054
[2024-09-06 06:37:49,898][train_cifar10.py][line:255][INFO] Epoch:[212/300]	 Test acc=93.820
[2024-09-06 06:37:49,898][train_cifar10.py][line:264][INFO] Best Test acc=93.880
[2024-09-06 06:40:53,943][train_cifar10.py][line:250][INFO] Epoch:[213/300]	 loss=112.97385	 acc=96.066
[2024-09-06 06:41:07,122][train_cifar10.py][line:255][INFO] Epoch:[213/300]	 Test acc=93.420
[2024-09-06 06:41:07,122][train_cifar10.py][line:264][INFO] Best Test acc=93.880
[2024-09-06 06:44:16,738][train_cifar10.py][line:250][INFO] Epoch:[214/300]	 loss=110.84654	 acc=96.214
[2024-09-06 06:44:32,001][train_cifar10.py][line:255][INFO] Epoch:[214/300]	 Test acc=93.690
[2024-09-06 06:44:32,002][train_cifar10.py][line:264][INFO] Best Test acc=93.880
[2024-09-06 06:47:40,619][train_cifar10.py][line:250][INFO] Epoch:[215/300]	 loss=113.27109	 acc=95.988
[2024-09-06 06:47:54,059][train_cifar10.py][line:255][INFO] Epoch:[215/300]	 Test acc=93.760
[2024-09-06 06:47:54,059][train_cifar10.py][line:264][INFO] Best Test acc=93.880
[2024-09-06 06:51:13,934][train_cifar10.py][line:250][INFO] Epoch:[216/300]	 loss=114.70778	 acc=96.092
[2024-09-06 06:51:27,798][train_cifar10.py][line:255][INFO] Epoch:[216/300]	 Test acc=93.910
[2024-09-06 06:51:27,798][train_cifar10.py][line:264][INFO] Best Test acc=93.910
[2024-09-06 06:54:33,017][train_cifar10.py][line:250][INFO] Epoch:[217/300]	 loss=111.41531	 acc=96.142
[2024-09-06 06:54:47,273][train_cifar10.py][line:255][INFO] Epoch:[217/300]	 Test acc=93.700
[2024-09-06 06:54:47,273][train_cifar10.py][line:264][INFO] Best Test acc=93.910
[2024-09-06 06:58:01,994][train_cifar10.py][line:250][INFO] Epoch:[218/300]	 loss=113.42021	 acc=96.080
[2024-09-06 06:58:14,847][train_cifar10.py][line:255][INFO] Epoch:[218/300]	 Test acc=93.440
[2024-09-06 06:58:14,847][train_cifar10.py][line:264][INFO] Best Test acc=93.910
[2024-09-06 07:01:34,144][train_cifar10.py][line:250][INFO] Epoch:[219/300]	 loss=111.72966	 acc=96.206
[2024-09-06 07:01:50,226][train_cifar10.py][line:255][INFO] Epoch:[219/300]	 Test acc=93.710
[2024-09-06 07:01:50,226][train_cifar10.py][line:264][INFO] Best Test acc=93.910
[2024-09-06 07:05:12,703][train_cifar10.py][line:250][INFO] Epoch:[220/300]	 loss=108.72946	 acc=96.308
[2024-09-06 07:05:27,754][train_cifar10.py][line:255][INFO] Epoch:[220/300]	 Test acc=93.760
[2024-09-06 07:05:27,754][train_cifar10.py][line:264][INFO] Best Test acc=93.910
[2024-09-06 07:08:39,286][train_cifar10.py][line:250][INFO] Epoch:[221/300]	 loss=109.72994	 acc=96.230
[2024-09-06 07:08:54,380][train_cifar10.py][line:255][INFO] Epoch:[221/300]	 Test acc=93.650
[2024-09-06 07:08:54,380][train_cifar10.py][line:264][INFO] Best Test acc=93.910
[2024-09-06 07:12:09,790][train_cifar10.py][line:250][INFO] Epoch:[222/300]	 loss=109.99669	 acc=96.202
[2024-09-06 07:12:25,487][train_cifar10.py][line:255][INFO] Epoch:[222/300]	 Test acc=93.640
[2024-09-06 07:12:25,487][train_cifar10.py][line:264][INFO] Best Test acc=93.910
[2024-09-06 07:15:36,396][train_cifar10.py][line:250][INFO] Epoch:[223/300]	 loss=108.64215	 acc=96.270
[2024-09-06 07:15:51,631][train_cifar10.py][line:255][INFO] Epoch:[223/300]	 Test acc=93.870
[2024-09-06 07:15:51,631][train_cifar10.py][line:264][INFO] Best Test acc=93.910
[2024-09-06 07:19:04,169][train_cifar10.py][line:250][INFO] Epoch:[224/300]	 loss=106.98689	 acc=96.346
[2024-09-06 07:19:17,024][train_cifar10.py][line:255][INFO] Epoch:[224/300]	 Test acc=93.510
[2024-09-06 07:19:17,024][train_cifar10.py][line:264][INFO] Best Test acc=93.910
[2024-09-06 07:22:16,860][train_cifar10.py][line:250][INFO] Epoch:[225/300]	 loss=108.55478	 acc=96.304
[2024-09-06 07:22:30,844][train_cifar10.py][line:255][INFO] Epoch:[225/300]	 Test acc=93.650
[2024-09-06 07:22:30,845][train_cifar10.py][line:264][INFO] Best Test acc=93.910
[2024-09-06 07:25:46,764][train_cifar10.py][line:250][INFO] Epoch:[226/300]	 loss=109.19379	 acc=96.204
[2024-09-06 07:26:00,937][train_cifar10.py][line:255][INFO] Epoch:[226/300]	 Test acc=93.990
[2024-09-06 07:26:00,937][train_cifar10.py][line:264][INFO] Best Test acc=93.990
[2024-09-06 07:29:14,677][train_cifar10.py][line:250][INFO] Epoch:[227/300]	 loss=109.11323	 acc=96.264
[2024-09-06 07:29:29,605][train_cifar10.py][line:255][INFO] Epoch:[227/300]	 Test acc=93.740
[2024-09-06 07:29:29,606][train_cifar10.py][line:264][INFO] Best Test acc=93.990
[2024-09-06 07:32:51,784][train_cifar10.py][line:250][INFO] Epoch:[228/300]	 loss=107.34864	 acc=96.358
[2024-09-06 07:33:07,292][train_cifar10.py][line:255][INFO] Epoch:[228/300]	 Test acc=94.000
[2024-09-06 07:33:07,292][train_cifar10.py][line:264][INFO] Best Test acc=94.000
[2024-09-06 07:36:14,264][train_cifar10.py][line:250][INFO] Epoch:[229/300]	 loss=106.52566	 acc=96.356
[2024-09-06 07:36:26,669][train_cifar10.py][line:255][INFO] Epoch:[229/300]	 Test acc=93.950
[2024-09-06 07:36:26,669][train_cifar10.py][line:264][INFO] Best Test acc=94.000
[2024-09-06 07:39:48,853][train_cifar10.py][line:250][INFO] Epoch:[230/300]	 loss=107.54456	 acc=96.292
[2024-09-06 07:40:04,138][train_cifar10.py][line:255][INFO] Epoch:[230/300]	 Test acc=93.950
[2024-09-06 07:40:04,139][train_cifar10.py][line:264][INFO] Best Test acc=94.000
[2024-09-06 07:43:11,346][train_cifar10.py][line:250][INFO] Epoch:[231/300]	 loss=104.45489	 acc=96.420
[2024-09-06 07:43:26,216][train_cifar10.py][line:255][INFO] Epoch:[231/300]	 Test acc=93.710
[2024-09-06 07:43:26,216][train_cifar10.py][line:264][INFO] Best Test acc=94.000
[2024-09-06 07:46:31,200][train_cifar10.py][line:250][INFO] Epoch:[232/300]	 loss=104.47650	 acc=96.450
[2024-09-06 07:46:46,703][train_cifar10.py][line:255][INFO] Epoch:[232/300]	 Test acc=93.870
[2024-09-06 07:46:46,703][train_cifar10.py][line:264][INFO] Best Test acc=94.000
[2024-09-06 07:49:54,072][train_cifar10.py][line:250][INFO] Epoch:[233/300]	 loss=104.62794	 acc=96.408
[2024-09-06 07:50:08,633][train_cifar10.py][line:255][INFO] Epoch:[233/300]	 Test acc=93.830
[2024-09-06 07:50:08,633][train_cifar10.py][line:264][INFO] Best Test acc=94.000
[2024-09-06 07:53:23,541][train_cifar10.py][line:250][INFO] Epoch:[234/300]	 loss=104.63589	 acc=96.420
[2024-09-06 07:53:38,840][train_cifar10.py][line:255][INFO] Epoch:[234/300]	 Test acc=93.980
[2024-09-06 07:53:38,840][train_cifar10.py][line:264][INFO] Best Test acc=94.000
[2024-09-06 07:56:49,782][train_cifar10.py][line:250][INFO] Epoch:[235/300]	 loss=104.14530	 acc=96.436
[2024-09-06 07:57:04,080][train_cifar10.py][line:255][INFO] Epoch:[235/300]	 Test acc=93.780
[2024-09-06 07:57:04,080][train_cifar10.py][line:264][INFO] Best Test acc=94.000
[2024-09-06 08:00:17,852][train_cifar10.py][line:250][INFO] Epoch:[236/300]	 loss=104.34632	 acc=96.356
[2024-09-06 08:00:33,217][train_cifar10.py][line:255][INFO] Epoch:[236/300]	 Test acc=93.940
[2024-09-06 08:00:33,218][train_cifar10.py][line:264][INFO] Best Test acc=94.000
[2024-09-06 08:03:42,587][train_cifar10.py][line:250][INFO] Epoch:[237/300]	 loss=102.64140	 acc=96.508
[2024-09-06 08:03:55,994][train_cifar10.py][line:255][INFO] Epoch:[237/300]	 Test acc=93.940
[2024-09-06 08:03:55,994][train_cifar10.py][line:264][INFO] Best Test acc=94.000
[2024-09-06 08:07:02,601][train_cifar10.py][line:250][INFO] Epoch:[238/300]	 loss=104.65392	 acc=96.464
[2024-09-06 08:07:16,641][train_cifar10.py][line:255][INFO] Epoch:[238/300]	 Test acc=94.050
[2024-09-06 08:07:16,642][train_cifar10.py][line:264][INFO] Best Test acc=94.050
[2024-09-06 08:10:44,963][train_cifar10.py][line:250][INFO] Epoch:[239/300]	 loss=100.19052	 acc=96.536
[2024-09-06 08:11:00,762][train_cifar10.py][line:255][INFO] Epoch:[239/300]	 Test acc=93.870
[2024-09-06 08:11:00,762][train_cifar10.py][line:264][INFO] Best Test acc=94.050
[2024-09-06 08:14:18,196][train_cifar10.py][line:250][INFO] Epoch:[240/300]	 loss=100.08307	 acc=96.582
[2024-09-06 08:14:32,562][train_cifar10.py][line:255][INFO] Epoch:[240/300]	 Test acc=93.760
[2024-09-06 08:14:32,562][train_cifar10.py][line:264][INFO] Best Test acc=94.050
[2024-09-06 08:17:53,469][train_cifar10.py][line:250][INFO] Epoch:[241/300]	 loss=101.68248	 acc=96.542
[2024-09-06 08:18:07,102][train_cifar10.py][line:255][INFO] Epoch:[241/300]	 Test acc=93.920
[2024-09-06 08:18:07,102][train_cifar10.py][line:264][INFO] Best Test acc=94.050
[2024-09-06 08:21:22,912][train_cifar10.py][line:250][INFO] Epoch:[242/300]	 loss=101.56775	 acc=96.502
[2024-09-06 08:21:38,638][train_cifar10.py][line:255][INFO] Epoch:[242/300]	 Test acc=93.670
[2024-09-06 08:21:38,638][train_cifar10.py][line:264][INFO] Best Test acc=94.050
[2024-09-06 08:24:49,799][train_cifar10.py][line:250][INFO] Epoch:[243/300]	 loss=102.10341	 acc=96.404
[2024-09-06 08:25:04,310][train_cifar10.py][line:255][INFO] Epoch:[243/300]	 Test acc=93.820
[2024-09-06 08:25:04,310][train_cifar10.py][line:264][INFO] Best Test acc=94.050
[2024-09-06 08:28:06,081][train_cifar10.py][line:250][INFO] Epoch:[244/300]	 loss=99.72391	 acc=96.558
[2024-09-06 08:28:21,079][train_cifar10.py][line:255][INFO] Epoch:[244/300]	 Test acc=93.940
[2024-09-06 08:28:21,079][train_cifar10.py][line:264][INFO] Best Test acc=94.050
[2024-09-06 08:31:28,215][train_cifar10.py][line:250][INFO] Epoch:[245/300]	 loss=101.12482	 acc=96.518
[2024-09-06 08:31:42,710][train_cifar10.py][line:255][INFO] Epoch:[245/300]	 Test acc=94.070
[2024-09-06 08:31:42,710][train_cifar10.py][line:264][INFO] Best Test acc=94.070
[2024-09-06 08:34:53,680][train_cifar10.py][line:250][INFO] Epoch:[246/300]	 loss=97.55355	 acc=96.650
[2024-09-06 08:35:09,550][train_cifar10.py][line:255][INFO] Epoch:[246/300]	 Test acc=94.180
[2024-09-06 08:35:09,551][train_cifar10.py][line:264][INFO] Best Test acc=94.180
[2024-09-06 08:38:15,691][train_cifar10.py][line:250][INFO] Epoch:[247/300]	 loss=98.06532	 acc=96.670
[2024-09-06 08:38:28,293][train_cifar10.py][line:255][INFO] Epoch:[247/300]	 Test acc=93.880
[2024-09-06 08:38:28,294][train_cifar10.py][line:264][INFO] Best Test acc=94.180
[2024-09-06 08:41:26,310][train_cifar10.py][line:250][INFO] Epoch:[248/300]	 loss=97.75395	 acc=96.662
[2024-09-06 08:41:39,526][train_cifar10.py][line:255][INFO] Epoch:[248/300]	 Test acc=93.910
[2024-09-06 08:41:39,527][train_cifar10.py][line:264][INFO] Best Test acc=94.180
[2024-09-06 08:44:47,259][train_cifar10.py][line:250][INFO] Epoch:[249/300]	 loss=96.85029	 acc=96.686
[2024-09-06 08:45:00,867][train_cifar10.py][line:255][INFO] Epoch:[249/300]	 Test acc=94.160
[2024-09-06 08:45:00,867][train_cifar10.py][line:264][INFO] Best Test acc=94.180
[2024-09-06 08:48:04,708][train_cifar10.py][line:250][INFO] Epoch:[250/300]	 loss=99.93179	 acc=96.614
[2024-09-06 08:48:18,154][train_cifar10.py][line:255][INFO] Epoch:[250/300]	 Test acc=94.120
[2024-09-06 08:48:18,154][train_cifar10.py][line:264][INFO] Best Test acc=94.180
[2024-09-06 08:51:17,278][train_cifar10.py][line:250][INFO] Epoch:[251/300]	 loss=100.35992	 acc=96.560
[2024-09-06 08:51:30,808][train_cifar10.py][line:255][INFO] Epoch:[251/300]	 Test acc=93.810
[2024-09-06 08:51:30,808][train_cifar10.py][line:264][INFO] Best Test acc=94.180
[2024-09-06 08:54:27,170][train_cifar10.py][line:250][INFO] Epoch:[252/300]	 loss=101.00349	 acc=96.408
[2024-09-06 08:54:38,627][train_cifar10.py][line:255][INFO] Epoch:[252/300]	 Test acc=94.090
[2024-09-06 08:54:38,628][train_cifar10.py][line:264][INFO] Best Test acc=94.180
[2024-09-06 08:57:37,713][train_cifar10.py][line:250][INFO] Epoch:[253/300]	 loss=97.87874	 acc=96.692
[2024-09-06 08:57:49,909][train_cifar10.py][line:255][INFO] Epoch:[253/300]	 Test acc=93.930
[2024-09-06 08:57:49,909][train_cifar10.py][line:264][INFO] Best Test acc=94.180
[2024-09-06 09:00:40,759][train_cifar10.py][line:250][INFO] Epoch:[254/300]	 loss=95.56859	 acc=96.748
[2024-09-06 09:00:54,877][train_cifar10.py][line:255][INFO] Epoch:[254/300]	 Test acc=93.830
[2024-09-06 09:00:54,877][train_cifar10.py][line:264][INFO] Best Test acc=94.180
[2024-09-06 09:04:03,622][train_cifar10.py][line:250][INFO] Epoch:[255/300]	 loss=98.24175	 acc=96.582
[2024-09-06 09:04:18,039][train_cifar10.py][line:255][INFO] Epoch:[255/300]	 Test acc=93.930
[2024-09-06 09:04:18,039][train_cifar10.py][line:264][INFO] Best Test acc=94.180
[2024-09-06 09:07:21,713][train_cifar10.py][line:250][INFO] Epoch:[256/300]	 loss=99.66992	 acc=96.612
[2024-09-06 09:07:36,351][train_cifar10.py][line:255][INFO] Epoch:[256/300]	 Test acc=94.360
[2024-09-06 09:07:36,352][train_cifar10.py][line:264][INFO] Best Test acc=94.360
[2024-09-06 09:10:37,621][train_cifar10.py][line:250][INFO] Epoch:[257/300]	 loss=97.61879	 acc=96.646
[2024-09-06 09:10:49,661][train_cifar10.py][line:255][INFO] Epoch:[257/300]	 Test acc=94.050
[2024-09-06 09:10:49,661][train_cifar10.py][line:264][INFO] Best Test acc=94.360
[2024-09-06 09:13:54,819][train_cifar10.py][line:250][INFO] Epoch:[258/300]	 loss=94.41994	 acc=96.790
[2024-09-06 09:14:09,153][train_cifar10.py][line:255][INFO] Epoch:[258/300]	 Test acc=94.180
[2024-09-06 09:14:09,153][train_cifar10.py][line:264][INFO] Best Test acc=94.360
[2024-09-06 09:17:13,678][train_cifar10.py][line:250][INFO] Epoch:[259/300]	 loss=99.00149	 acc=96.600
[2024-09-06 09:17:26,057][train_cifar10.py][line:255][INFO] Epoch:[259/300]	 Test acc=93.920
[2024-09-06 09:17:26,057][train_cifar10.py][line:264][INFO] Best Test acc=94.360
[2024-09-06 09:20:20,625][train_cifar10.py][line:250][INFO] Epoch:[260/300]	 loss=95.13198	 acc=96.752
[2024-09-06 09:20:34,447][train_cifar10.py][line:255][INFO] Epoch:[260/300]	 Test acc=94.190
[2024-09-06 09:20:34,447][train_cifar10.py][line:264][INFO] Best Test acc=94.360
[2024-09-06 09:23:34,899][train_cifar10.py][line:250][INFO] Epoch:[261/300]	 loss=97.17809	 acc=96.716
[2024-09-06 09:23:49,218][train_cifar10.py][line:255][INFO] Epoch:[261/300]	 Test acc=94.100
[2024-09-06 09:23:49,218][train_cifar10.py][line:264][INFO] Best Test acc=94.360
[2024-09-06 09:26:54,332][train_cifar10.py][line:250][INFO] Epoch:[262/300]	 loss=95.92519	 acc=96.776
[2024-09-06 09:27:09,279][train_cifar10.py][line:255][INFO] Epoch:[262/300]	 Test acc=93.990
[2024-09-06 09:27:09,279][train_cifar10.py][line:264][INFO] Best Test acc=94.360
[2024-09-06 09:30:21,874][train_cifar10.py][line:250][INFO] Epoch:[263/300]	 loss=92.32232	 acc=96.924
[2024-09-06 09:30:36,705][train_cifar10.py][line:255][INFO] Epoch:[263/300]	 Test acc=94.120
[2024-09-06 09:30:36,705][train_cifar10.py][line:264][INFO] Best Test acc=94.360
[2024-09-06 09:33:38,483][train_cifar10.py][line:250][INFO] Epoch:[264/300]	 loss=94.25282	 acc=96.876
[2024-09-06 09:33:52,702][train_cifar10.py][line:255][INFO] Epoch:[264/300]	 Test acc=94.000
[2024-09-06 09:33:52,702][train_cifar10.py][line:264][INFO] Best Test acc=94.360
[2024-09-06 09:36:53,658][train_cifar10.py][line:250][INFO] Epoch:[265/300]	 loss=94.36574	 acc=96.826
[2024-09-06 09:37:07,379][train_cifar10.py][line:255][INFO] Epoch:[265/300]	 Test acc=94.060
[2024-09-06 09:37:07,379][train_cifar10.py][line:264][INFO] Best Test acc=94.360
[2024-09-06 09:40:10,121][train_cifar10.py][line:250][INFO] Epoch:[266/300]	 loss=96.73519	 acc=96.698
[2024-09-06 09:40:23,610][train_cifar10.py][line:255][INFO] Epoch:[266/300]	 Test acc=94.060
[2024-09-06 09:40:23,610][train_cifar10.py][line:264][INFO] Best Test acc=94.360
[2024-09-06 09:43:22,447][train_cifar10.py][line:250][INFO] Epoch:[267/300]	 loss=94.91014	 acc=96.738
[2024-09-06 09:43:36,238][train_cifar10.py][line:255][INFO] Epoch:[267/300]	 Test acc=94.050
[2024-09-06 09:43:36,238][train_cifar10.py][line:264][INFO] Best Test acc=94.360
[2024-09-06 09:46:40,592][train_cifar10.py][line:250][INFO] Epoch:[268/300]	 loss=96.59249	 acc=96.622
[2024-09-06 09:46:55,562][train_cifar10.py][line:255][INFO] Epoch:[268/300]	 Test acc=93.670
[2024-09-06 09:46:55,563][train_cifar10.py][line:264][INFO] Best Test acc=94.360
[2024-09-06 09:50:06,012][train_cifar10.py][line:250][INFO] Epoch:[269/300]	 loss=93.91849	 acc=96.758
[2024-09-06 09:50:20,372][train_cifar10.py][line:255][INFO] Epoch:[269/300]	 Test acc=94.210
[2024-09-06 09:50:20,372][train_cifar10.py][line:264][INFO] Best Test acc=94.360
[2024-09-06 09:53:25,816][train_cifar10.py][line:250][INFO] Epoch:[270/300]	 loss=97.04078	 acc=96.716
[2024-09-06 09:53:40,493][train_cifar10.py][line:255][INFO] Epoch:[270/300]	 Test acc=93.850
[2024-09-06 09:53:40,493][train_cifar10.py][line:264][INFO] Best Test acc=94.360
[2024-09-06 09:56:50,001][train_cifar10.py][line:250][INFO] Epoch:[271/300]	 loss=93.37762	 acc=96.896
[2024-09-06 09:57:04,599][train_cifar10.py][line:255][INFO] Epoch:[271/300]	 Test acc=93.870
[2024-09-06 09:57:04,599][train_cifar10.py][line:264][INFO] Best Test acc=94.360
[2024-09-06 10:00:14,959][train_cifar10.py][line:250][INFO] Epoch:[272/300]	 loss=94.28471	 acc=96.806
[2024-09-06 10:00:27,675][train_cifar10.py][line:255][INFO] Epoch:[272/300]	 Test acc=93.880
[2024-09-06 10:00:27,675][train_cifar10.py][line:264][INFO] Best Test acc=94.360
[2024-09-06 10:03:29,765][train_cifar10.py][line:250][INFO] Epoch:[273/300]	 loss=91.89652	 acc=96.876
[2024-09-06 10:03:44,193][train_cifar10.py][line:255][INFO] Epoch:[273/300]	 Test acc=94.120
[2024-09-06 10:03:44,193][train_cifar10.py][line:264][INFO] Best Test acc=94.360
[2024-09-06 10:06:43,511][train_cifar10.py][line:250][INFO] Epoch:[274/300]	 loss=94.91330	 acc=96.764
[2024-09-06 10:06:55,852][train_cifar10.py][line:255][INFO] Epoch:[274/300]	 Test acc=93.930
[2024-09-06 10:06:55,853][train_cifar10.py][line:264][INFO] Best Test acc=94.360
[2024-09-06 10:09:59,818][train_cifar10.py][line:250][INFO] Epoch:[275/300]	 loss=93.76520	 acc=96.778
[2024-09-06 10:10:14,589][train_cifar10.py][line:255][INFO] Epoch:[275/300]	 Test acc=94.080
[2024-09-06 10:10:14,589][train_cifar10.py][line:264][INFO] Best Test acc=94.360
[2024-09-06 10:13:20,612][train_cifar10.py][line:250][INFO] Epoch:[276/300]	 loss=96.40858	 acc=96.754
[2024-09-06 10:13:34,512][train_cifar10.py][line:255][INFO] Epoch:[276/300]	 Test acc=94.060
[2024-09-06 10:13:34,512][train_cifar10.py][line:264][INFO] Best Test acc=94.360
[2024-09-06 10:16:37,939][train_cifar10.py][line:250][INFO] Epoch:[277/300]	 loss=96.44852	 acc=96.816
[2024-09-06 10:16:52,602][train_cifar10.py][line:255][INFO] Epoch:[277/300]	 Test acc=94.050
[2024-09-06 10:16:52,602][train_cifar10.py][line:264][INFO] Best Test acc=94.360
[2024-09-06 10:20:03,866][train_cifar10.py][line:250][INFO] Epoch:[278/300]	 loss=95.88844	 acc=96.682
[2024-09-06 10:20:19,247][train_cifar10.py][line:255][INFO] Epoch:[278/300]	 Test acc=94.240
[2024-09-06 10:20:19,247][train_cifar10.py][line:264][INFO] Best Test acc=94.360
[2024-09-06 10:23:25,596][train_cifar10.py][line:250][INFO] Epoch:[279/300]	 loss=92.94811	 acc=96.862
[2024-09-06 10:23:38,717][train_cifar10.py][line:255][INFO] Epoch:[279/300]	 Test acc=94.050
[2024-09-06 10:23:38,717][train_cifar10.py][line:264][INFO] Best Test acc=94.360
[2024-09-06 10:26:43,453][train_cifar10.py][line:250][INFO] Epoch:[280/300]	 loss=94.15990	 acc=96.864
[2024-09-06 10:26:56,066][train_cifar10.py][line:255][INFO] Epoch:[280/300]	 Test acc=94.010
[2024-09-06 10:26:56,066][train_cifar10.py][line:264][INFO] Best Test acc=94.360
[2024-09-06 10:30:04,166][train_cifar10.py][line:250][INFO] Epoch:[281/300]	 loss=92.25888	 acc=96.898
[2024-09-06 10:30:17,270][train_cifar10.py][line:255][INFO] Epoch:[281/300]	 Test acc=94.040
[2024-09-06 10:30:17,270][train_cifar10.py][line:264][INFO] Best Test acc=94.360
[2024-09-06 10:33:19,523][train_cifar10.py][line:250][INFO] Epoch:[282/300]	 loss=96.82935	 acc=96.732
[2024-09-06 10:33:33,020][train_cifar10.py][line:255][INFO] Epoch:[282/300]	 Test acc=94.070
[2024-09-06 10:33:33,020][train_cifar10.py][line:264][INFO] Best Test acc=94.360
[2024-09-06 10:36:34,588][train_cifar10.py][line:250][INFO] Epoch:[283/300]	 loss=94.00617	 acc=96.724
[2024-09-06 10:36:47,881][train_cifar10.py][line:255][INFO] Epoch:[283/300]	 Test acc=94.120
[2024-09-06 10:36:47,881][train_cifar10.py][line:264][INFO] Best Test acc=94.360
[2024-09-06 10:40:04,217][train_cifar10.py][line:250][INFO] Epoch:[284/300]	 loss=96.58722	 acc=96.706
[2024-09-06 10:40:19,782][train_cifar10.py][line:255][INFO] Epoch:[284/300]	 Test acc=94.080
[2024-09-06 10:40:19,783][train_cifar10.py][line:264][INFO] Best Test acc=94.360
[2024-09-06 10:43:30,309][train_cifar10.py][line:250][INFO] Epoch:[285/300]	 loss=92.47375	 acc=96.866
[2024-09-06 10:43:44,740][train_cifar10.py][line:255][INFO] Epoch:[285/300]	 Test acc=94.180
[2024-09-06 10:43:44,740][train_cifar10.py][line:264][INFO] Best Test acc=94.360
[2024-09-06 10:47:02,092][train_cifar10.py][line:250][INFO] Epoch:[286/300]	 loss=91.95019	 acc=96.866
[2024-09-06 10:47:16,873][train_cifar10.py][line:255][INFO] Epoch:[286/300]	 Test acc=94.180
[2024-09-06 10:47:16,873][train_cifar10.py][line:264][INFO] Best Test acc=94.360
[2024-09-06 10:50:28,498][train_cifar10.py][line:250][INFO] Epoch:[287/300]	 loss=94.13536	 acc=96.772
[2024-09-06 10:50:43,429][train_cifar10.py][line:255][INFO] Epoch:[287/300]	 Test acc=93.990
[2024-09-06 10:50:43,429][train_cifar10.py][line:264][INFO] Best Test acc=94.360
[2024-09-06 10:53:46,452][train_cifar10.py][line:250][INFO] Epoch:[288/300]	 loss=91.90770	 acc=96.894
[2024-09-06 10:53:59,535][train_cifar10.py][line:255][INFO] Epoch:[288/300]	 Test acc=94.020
[2024-09-06 10:53:59,536][train_cifar10.py][line:264][INFO] Best Test acc=94.360
[2024-09-06 10:57:06,916][train_cifar10.py][line:250][INFO] Epoch:[289/300]	 loss=93.66028	 acc=96.840
[2024-09-06 10:57:19,985][train_cifar10.py][line:255][INFO] Epoch:[289/300]	 Test acc=93.990
[2024-09-06 10:57:19,985][train_cifar10.py][line:264][INFO] Best Test acc=94.360
[2024-09-06 11:00:25,029][train_cifar10.py][line:250][INFO] Epoch:[290/300]	 loss=98.73752	 acc=96.676
[2024-09-06 11:00:38,340][train_cifar10.py][line:255][INFO] Epoch:[290/300]	 Test acc=94.270
[2024-09-06 11:00:38,340][train_cifar10.py][line:264][INFO] Best Test acc=94.360
[2024-09-06 11:03:47,060][train_cifar10.py][line:250][INFO] Epoch:[291/300]	 loss=93.85022	 acc=96.792
[2024-09-06 11:04:01,559][train_cifar10.py][line:255][INFO] Epoch:[291/300]	 Test acc=94.060
[2024-09-06 11:04:01,559][train_cifar10.py][line:264][INFO] Best Test acc=94.360
[2024-09-06 11:07:10,525][train_cifar10.py][line:250][INFO] Epoch:[292/300]	 loss=93.56067	 acc=96.738
[2024-09-06 11:07:26,115][train_cifar10.py][line:255][INFO] Epoch:[292/300]	 Test acc=94.120
[2024-09-06 11:07:26,115][train_cifar10.py][line:264][INFO] Best Test acc=94.360
[2024-09-06 11:10:47,972][train_cifar10.py][line:250][INFO] Epoch:[293/300]	 loss=92.81823	 acc=96.844
[2024-09-06 11:11:01,718][train_cifar10.py][line:255][INFO] Epoch:[293/300]	 Test acc=94.170
[2024-09-06 11:11:01,718][train_cifar10.py][line:264][INFO] Best Test acc=94.360
[2024-09-06 11:14:04,963][train_cifar10.py][line:250][INFO] Epoch:[294/300]	 loss=92.10770	 acc=96.862
[2024-09-06 11:14:19,688][train_cifar10.py][line:255][INFO] Epoch:[294/300]	 Test acc=94.090
[2024-09-06 11:14:19,688][train_cifar10.py][line:264][INFO] Best Test acc=94.360
[2024-09-06 11:17:25,204][train_cifar10.py][line:250][INFO] Epoch:[295/300]	 loss=92.09849	 acc=96.892
[2024-09-06 11:17:40,471][train_cifar10.py][line:255][INFO] Epoch:[295/300]	 Test acc=94.190
[2024-09-06 11:17:40,472][train_cifar10.py][line:264][INFO] Best Test acc=94.360
[2024-09-06 11:20:55,614][train_cifar10.py][line:250][INFO] Epoch:[296/300]	 loss=96.27863	 acc=96.656
[2024-09-06 11:21:11,229][train_cifar10.py][line:255][INFO] Epoch:[296/300]	 Test acc=94.170
[2024-09-06 11:21:11,229][train_cifar10.py][line:264][INFO] Best Test acc=94.360
[2024-09-06 11:24:28,071][train_cifar10.py][line:250][INFO] Epoch:[297/300]	 loss=97.44387	 acc=96.650
[2024-09-06 11:24:42,686][train_cifar10.py][line:255][INFO] Epoch:[297/300]	 Test acc=93.820
[2024-09-06 11:24:42,686][train_cifar10.py][line:264][INFO] Best Test acc=94.360
[2024-09-06 11:27:57,293][train_cifar10.py][line:250][INFO] Epoch:[298/300]	 loss=94.36472	 acc=96.810
[2024-09-06 11:28:12,435][train_cifar10.py][line:255][INFO] Epoch:[298/300]	 Test acc=94.070
[2024-09-06 11:28:12,435][train_cifar10.py][line:264][INFO] Best Test acc=94.360
[2024-09-06 11:31:24,744][train_cifar10.py][line:250][INFO] Epoch:[299/300]	 loss=90.39015	 acc=96.854
[2024-09-06 11:31:39,526][train_cifar10.py][line:255][INFO] Epoch:[299/300]	 Test acc=94.050
[2024-09-06 11:31:39,526][train_cifar10.py][line:264][INFO] Best Test acc=94.360
