[2024-09-02 03:35:10,094][train_vgg.py][line:315][INFO] start training!
[2024-09-02 03:36:33,948][train_vgg.py][line:323][INFO] Epoch:[0/230]	 loss=522.19190	 acc=33.786
[2024-09-02 03:36:36,880][train_vgg.py][line:331][INFO] Epoch:[0/230]	 Test acc=21.270
[2024-09-02 03:36:36,880][train_vgg.py][line:340][INFO] Best Test acc=21.270
[2024-09-02 03:38:01,910][train_vgg.py][line:323][INFO] Epoch:[1/230]	 loss=430.36629	 acc=48.109
[2024-09-02 03:38:04,796][train_vgg.py][line:331][INFO] Epoch:[1/230]	 Test acc=41.431
[2024-09-02 03:38:04,796][train_vgg.py][line:340][INFO] Best Test acc=41.431
[2024-09-02 03:39:29,999][train_vgg.py][line:323][INFO] Epoch:[2/230]	 loss=377.57659	 acc=55.038
[2024-09-02 03:39:32,963][train_vgg.py][line:331][INFO] Epoch:[2/230]	 Test acc=60.786
[2024-09-02 03:39:32,963][train_vgg.py][line:340][INFO] Best Test acc=60.786
[2024-09-02 03:40:58,157][train_vgg.py][line:323][INFO] Epoch:[3/230]	 loss=332.78333	 acc=61.833
[2024-09-02 03:41:01,116][train_vgg.py][line:331][INFO] Epoch:[3/230]	 Test acc=61.391
[2024-09-02 03:41:01,116][train_vgg.py][line:340][INFO] Best Test acc=61.391
[2024-09-02 03:42:25,825][train_vgg.py][line:323][INFO] Epoch:[4/230]	 loss=311.99131	 acc=65.147
[2024-09-02 03:42:28,740][train_vgg.py][line:331][INFO] Epoch:[4/230]	 Test acc=65.423
[2024-09-02 03:42:28,740][train_vgg.py][line:340][INFO] Best Test acc=65.423
[2024-09-02 03:43:53,489][train_vgg.py][line:323][INFO] Epoch:[5/230]	 loss=286.56762	 acc=68.316
[2024-09-02 03:43:56,444][train_vgg.py][line:331][INFO] Epoch:[5/230]	 Test acc=63.508
[2024-09-02 03:43:56,444][train_vgg.py][line:340][INFO] Best Test acc=65.423
[2024-09-02 03:45:21,200][train_vgg.py][line:323][INFO] Epoch:[6/230]	 loss=269.77091	 acc=71.263
[2024-09-02 03:45:24,105][train_vgg.py][line:331][INFO] Epoch:[6/230]	 Test acc=67.339
[2024-09-02 03:45:24,105][train_vgg.py][line:340][INFO] Best Test acc=67.339
[2024-09-02 03:46:48,867][train_vgg.py][line:323][INFO] Epoch:[7/230]	 loss=256.59648	 acc=72.731
[2024-09-02 03:46:51,768][train_vgg.py][line:331][INFO] Epoch:[7/230]	 Test acc=65.323
[2024-09-02 03:46:51,768][train_vgg.py][line:340][INFO] Best Test acc=67.339
[2024-09-02 03:48:16,625][train_vgg.py][line:323][INFO] Epoch:[8/230]	 loss=243.11038	 acc=74.044
[2024-09-02 03:48:19,569][train_vgg.py][line:331][INFO] Epoch:[8/230]	 Test acc=67.540
[2024-09-02 03:48:19,569][train_vgg.py][line:340][INFO] Best Test acc=67.540
[2024-09-02 03:49:44,556][train_vgg.py][line:323][INFO] Epoch:[9/230]	 loss=232.75116	 acc=75.545
[2024-09-02 03:49:47,465][train_vgg.py][line:331][INFO] Epoch:[9/230]	 Test acc=68.044
[2024-09-02 03:49:47,465][train_vgg.py][line:340][INFO] Best Test acc=68.044
[2024-09-02 03:51:12,404][train_vgg.py][line:323][INFO] Epoch:[10/230]	 loss=225.50625	 acc=76.790
[2024-09-02 03:51:15,342][train_vgg.py][line:331][INFO] Epoch:[10/230]	 Test acc=58.065
[2024-09-02 03:51:15,342][train_vgg.py][line:340][INFO] Best Test acc=68.044
[2024-09-02 03:52:40,263][train_vgg.py][line:323][INFO] Epoch:[11/230]	 loss=214.89398	 acc=78.359
[2024-09-02 03:52:43,249][train_vgg.py][line:331][INFO] Epoch:[11/230]	 Test acc=70.665
[2024-09-02 03:52:43,249][train_vgg.py][line:340][INFO] Best Test acc=70.665
[2024-09-02 03:54:08,152][train_vgg.py][line:323][INFO] Epoch:[12/230]	 loss=214.61446	 acc=78.114
[2024-09-02 03:54:11,049][train_vgg.py][line:331][INFO] Epoch:[12/230]	 Test acc=70.968
[2024-09-02 03:54:11,050][train_vgg.py][line:340][INFO] Best Test acc=70.968
[2024-09-02 03:55:36,281][train_vgg.py][line:323][INFO] Epoch:[13/230]	 loss=205.17103	 acc=79.537
[2024-09-02 03:55:39,217][train_vgg.py][line:331][INFO] Epoch:[13/230]	 Test acc=65.827
[2024-09-02 03:55:39,218][train_vgg.py][line:340][INFO] Best Test acc=70.968
[2024-09-02 03:57:04,208][train_vgg.py][line:323][INFO] Epoch:[14/230]	 loss=198.28045	 acc=80.460
[2024-09-02 03:57:07,150][train_vgg.py][line:331][INFO] Epoch:[14/230]	 Test acc=67.137
[2024-09-02 03:57:07,151][train_vgg.py][line:340][INFO] Best Test acc=70.968
[2024-09-02 03:58:32,075][train_vgg.py][line:323][INFO] Epoch:[15/230]	 loss=195.00660	 acc=80.983
[2024-09-02 03:58:34,987][train_vgg.py][line:331][INFO] Epoch:[15/230]	 Test acc=68.448
[2024-09-02 03:58:34,987][train_vgg.py][line:340][INFO] Best Test acc=70.968
[2024-09-02 03:59:59,982][train_vgg.py][line:323][INFO] Epoch:[16/230]	 loss=186.52807	 acc=82.151
[2024-09-02 04:00:02,985][train_vgg.py][line:331][INFO] Epoch:[16/230]	 Test acc=71.472
[2024-09-02 04:00:02,985][train_vgg.py][line:340][INFO] Best Test acc=71.472
[2024-09-02 04:01:28,082][train_vgg.py][line:323][INFO] Epoch:[17/230]	 loss=190.64863	 acc=81.383
[2024-09-02 04:01:31,035][train_vgg.py][line:331][INFO] Epoch:[17/230]	 Test acc=51.210
[2024-09-02 04:01:31,035][train_vgg.py][line:340][INFO] Best Test acc=71.472
[2024-09-02 04:02:55,874][train_vgg.py][line:323][INFO] Epoch:[18/230]	 loss=179.11406	 acc=82.762
[2024-09-02 04:02:58,762][train_vgg.py][line:331][INFO] Epoch:[18/230]	 Test acc=72.984
[2024-09-02 04:02:58,762][train_vgg.py][line:340][INFO] Best Test acc=72.984
[2024-09-02 04:04:23,498][train_vgg.py][line:323][INFO] Epoch:[19/230]	 loss=167.16361	 acc=84.853
[2024-09-02 04:04:26,424][train_vgg.py][line:331][INFO] Epoch:[19/230]	 Test acc=58.065
[2024-09-02 04:04:26,424][train_vgg.py][line:340][INFO] Best Test acc=72.984
[2024-09-02 04:05:51,453][train_vgg.py][line:323][INFO] Epoch:[20/230]	 loss=173.05628	 acc=84.319
[2024-09-02 04:05:54,419][train_vgg.py][line:331][INFO] Epoch:[20/230]	 Test acc=55.242
[2024-09-02 04:05:54,419][train_vgg.py][line:340][INFO] Best Test acc=72.984
[2024-09-02 04:07:19,326][train_vgg.py][line:323][INFO] Epoch:[21/230]	 loss=159.15416	 acc=85.420
[2024-09-02 04:07:22,215][train_vgg.py][line:331][INFO] Epoch:[21/230]	 Test acc=73.690
[2024-09-02 04:07:22,215][train_vgg.py][line:340][INFO] Best Test acc=73.690
[2024-09-02 04:08:47,106][train_vgg.py][line:323][INFO] Epoch:[22/230]	 loss=156.34837	 acc=86.143
[2024-09-02 04:08:50,054][train_vgg.py][line:331][INFO] Epoch:[22/230]	 Test acc=74.798
[2024-09-02 04:08:50,054][train_vgg.py][line:340][INFO] Best Test acc=74.798
[2024-09-02 04:10:15,104][train_vgg.py][line:323][INFO] Epoch:[23/230]	 loss=153.74473	 acc=86.577
[2024-09-02 04:10:18,024][train_vgg.py][line:331][INFO] Epoch:[23/230]	 Test acc=69.153
[2024-09-02 04:10:18,025][train_vgg.py][line:340][INFO] Best Test acc=74.798
[2024-09-02 04:11:42,942][train_vgg.py][line:323][INFO] Epoch:[24/230]	 loss=146.94582	 acc=87.244
[2024-09-02 04:11:45,831][train_vgg.py][line:331][INFO] Epoch:[24/230]	 Test acc=65.121
[2024-09-02 04:11:45,831][train_vgg.py][line:340][INFO] Best Test acc=74.798
[2024-09-02 04:13:10,499][train_vgg.py][line:323][INFO] Epoch:[25/230]	 loss=150.27509	 acc=87.089
[2024-09-02 04:13:13,431][train_vgg.py][line:331][INFO] Epoch:[25/230]	 Test acc=72.480
[2024-09-02 04:13:13,431][train_vgg.py][line:340][INFO] Best Test acc=74.798
[2024-09-02 04:14:38,111][train_vgg.py][line:323][INFO] Epoch:[26/230]	 loss=134.98141	 acc=89.090
[2024-09-02 04:14:41,026][train_vgg.py][line:331][INFO] Epoch:[26/230]	 Test acc=73.891
[2024-09-02 04:14:41,027][train_vgg.py][line:340][INFO] Best Test acc=74.798
[2024-09-02 04:16:05,577][train_vgg.py][line:323][INFO] Epoch:[27/230]	 loss=131.90292	 acc=89.713
[2024-09-02 04:16:08,514][train_vgg.py][line:331][INFO] Epoch:[27/230]	 Test acc=72.077
[2024-09-02 04:16:08,514][train_vgg.py][line:340][INFO] Best Test acc=74.798
[2024-09-02 04:17:33,449][train_vgg.py][line:323][INFO] Epoch:[28/230]	 loss=129.71047	 acc=89.924
[2024-09-02 04:17:36,423][train_vgg.py][line:331][INFO] Epoch:[28/230]	 Test acc=77.117
[2024-09-02 04:17:36,423][train_vgg.py][line:340][INFO] Best Test acc=77.117
[2024-09-02 04:19:01,310][train_vgg.py][line:323][INFO] Epoch:[29/230]	 loss=123.24914	 acc=90.414
[2024-09-02 04:19:04,207][train_vgg.py][line:331][INFO] Epoch:[29/230]	 Test acc=65.625
[2024-09-02 04:19:04,207][train_vgg.py][line:340][INFO] Best Test acc=77.117
[2024-09-02 04:20:28,082][train_vgg.py][line:323][INFO] Epoch:[30/230]	 loss=118.64824	 acc=90.992
[2024-09-02 04:20:30,937][train_vgg.py][line:331][INFO] Epoch:[30/230]	 Test acc=74.597
[2024-09-02 04:20:30,937][train_vgg.py][line:340][INFO] Best Test acc=77.117
[2024-09-02 04:21:55,563][train_vgg.py][line:323][INFO] Epoch:[31/230]	 loss=134.49176	 acc=89.391
[2024-09-02 04:21:58,579][train_vgg.py][line:331][INFO] Epoch:[31/230]	 Test acc=75.101
[2024-09-02 04:21:58,579][train_vgg.py][line:340][INFO] Best Test acc=77.117
[2024-09-02 04:23:23,178][train_vgg.py][line:323][INFO] Epoch:[32/230]	 loss=129.08712	 acc=90.024
[2024-09-02 04:23:26,061][train_vgg.py][line:331][INFO] Epoch:[32/230]	 Test acc=73.185
[2024-09-02 04:23:26,061][train_vgg.py][line:340][INFO] Best Test acc=77.117
[2024-09-02 04:24:50,557][train_vgg.py][line:323][INFO] Epoch:[33/230]	 loss=216.81973	 acc=76.446
[2024-09-02 04:24:53,444][train_vgg.py][line:331][INFO] Epoch:[33/230]	 Test acc=14.919
[2024-09-02 04:24:53,444][train_vgg.py][line:340][INFO] Best Test acc=77.117
[2024-09-02 04:26:18,168][train_vgg.py][line:323][INFO] Epoch:[34/230]	 loss=282.21314	 acc=69.317
[2024-09-02 04:26:21,150][train_vgg.py][line:331][INFO] Epoch:[34/230]	 Test acc=64.012
[2024-09-02 04:26:21,150][train_vgg.py][line:340][INFO] Best Test acc=77.117
[2024-09-02 04:27:46,037][train_vgg.py][line:323][INFO] Epoch:[35/230]	 loss=121.04737	 acc=90.903
[2024-09-02 04:27:48,956][train_vgg.py][line:331][INFO] Epoch:[35/230]	 Test acc=68.347
[2024-09-02 04:27:48,956][train_vgg.py][line:340][INFO] Best Test acc=77.117
[2024-09-02 04:29:13,942][train_vgg.py][line:323][INFO] Epoch:[36/230]	 loss=121.93353	 acc=90.792
[2024-09-02 04:29:16,838][train_vgg.py][line:331][INFO] Epoch:[36/230]	 Test acc=75.605
[2024-09-02 04:29:16,838][train_vgg.py][line:340][INFO] Best Test acc=77.117
[2024-09-02 04:30:41,826][train_vgg.py][line:323][INFO] Epoch:[37/230]	 loss=104.25428	 acc=92.860
[2024-09-02 04:30:44,764][train_vgg.py][line:331][INFO] Epoch:[37/230]	 Test acc=74.093
[2024-09-02 04:30:44,764][train_vgg.py][line:340][INFO] Best Test acc=77.117
[2024-09-02 04:32:09,482][train_vgg.py][line:323][INFO] Epoch:[38/230]	 loss=107.56414	 acc=92.538
[2024-09-02 04:32:12,366][train_vgg.py][line:331][INFO] Epoch:[38/230]	 Test acc=58.669
[2024-09-02 04:32:12,366][train_vgg.py][line:340][INFO] Best Test acc=77.117
[2024-09-02 04:33:37,391][train_vgg.py][line:323][INFO] Epoch:[39/230]	 loss=103.64019	 acc=92.838
[2024-09-02 04:33:40,293][train_vgg.py][line:331][INFO] Epoch:[39/230]	 Test acc=70.060
[2024-09-02 04:33:40,293][train_vgg.py][line:340][INFO] Best Test acc=77.117
[2024-09-02 04:35:05,176][train_vgg.py][line:323][INFO] Epoch:[40/230]	 loss=100.38459	 acc=93.472
[2024-09-02 04:35:08,135][train_vgg.py][line:331][INFO] Epoch:[40/230]	 Test acc=76.714
[2024-09-02 04:35:08,136][train_vgg.py][line:340][INFO] Best Test acc=77.117
[2024-09-02 04:36:32,769][train_vgg.py][line:323][INFO] Epoch:[41/230]	 loss=99.12202	 acc=93.483
[2024-09-02 04:36:35,678][train_vgg.py][line:331][INFO] Epoch:[41/230]	 Test acc=74.698
[2024-09-02 04:36:35,678][train_vgg.py][line:340][INFO] Best Test acc=77.117
[2024-09-02 04:38:00,262][train_vgg.py][line:323][INFO] Epoch:[42/230]	 loss=98.72421	 acc=93.650
[2024-09-02 04:38:03,142][train_vgg.py][line:331][INFO] Epoch:[42/230]	 Test acc=74.798
[2024-09-02 04:38:03,142][train_vgg.py][line:340][INFO] Best Test acc=77.117
[2024-09-02 04:39:27,979][train_vgg.py][line:323][INFO] Epoch:[43/230]	 loss=101.53159	 acc=93.194
[2024-09-02 04:39:30,894][train_vgg.py][line:331][INFO] Epoch:[43/230]	 Test acc=77.621
[2024-09-02 04:39:30,894][train_vgg.py][line:340][INFO] Best Test acc=77.621
[2024-09-02 04:40:55,619][train_vgg.py][line:323][INFO] Epoch:[44/230]	 loss=92.88761	 acc=94.039
[2024-09-02 04:40:58,487][train_vgg.py][line:331][INFO] Epoch:[44/230]	 Test acc=71.976
[2024-09-02 04:40:58,488][train_vgg.py][line:340][INFO] Best Test acc=77.621
[2024-09-02 04:42:23,156][train_vgg.py][line:323][INFO] Epoch:[45/230]	 loss=78.39568	 acc=95.874
[2024-09-02 04:42:26,055][train_vgg.py][line:331][INFO] Epoch:[45/230]	 Test acc=73.790
[2024-09-02 04:42:26,055][train_vgg.py][line:340][INFO] Best Test acc=77.621
[2024-09-02 04:43:50,844][train_vgg.py][line:323][INFO] Epoch:[46/230]	 loss=84.40926	 acc=95.118
[2024-09-02 04:43:53,851][train_vgg.py][line:331][INFO] Epoch:[46/230]	 Test acc=73.085
[2024-09-02 04:43:53,852][train_vgg.py][line:340][INFO] Best Test acc=77.621
[2024-09-02 04:45:18,838][train_vgg.py][line:323][INFO] Epoch:[47/230]	 loss=87.40645	 acc=94.895
[2024-09-02 04:45:21,701][train_vgg.py][line:331][INFO] Epoch:[47/230]	 Test acc=71.976
[2024-09-02 04:45:21,701][train_vgg.py][line:340][INFO] Best Test acc=77.621
[2024-09-02 04:46:46,727][train_vgg.py][line:323][INFO] Epoch:[48/230]	 loss=93.92296	 acc=94.161
[2024-09-02 04:46:49,699][train_vgg.py][line:331][INFO] Epoch:[48/230]	 Test acc=69.153
[2024-09-02 04:46:49,700][train_vgg.py][line:340][INFO] Best Test acc=77.621
[2024-09-02 04:48:14,552][train_vgg.py][line:323][INFO] Epoch:[49/230]	 loss=87.52709	 acc=94.818
[2024-09-02 04:48:17,539][train_vgg.py][line:331][INFO] Epoch:[49/230]	 Test acc=75.202
[2024-09-02 04:48:17,540][train_vgg.py][line:340][INFO] Best Test acc=77.621
[2024-09-02 04:49:42,371][train_vgg.py][line:323][INFO] Epoch:[50/230]	 loss=88.12061	 acc=94.718
[2024-09-02 04:49:45,268][train_vgg.py][line:331][INFO] Epoch:[50/230]	 Test acc=77.117
[2024-09-02 04:49:45,268][train_vgg.py][line:340][INFO] Best Test acc=77.621
[2024-09-02 04:51:09,807][train_vgg.py][line:323][INFO] Epoch:[51/230]	 loss=72.84211	 acc=96.019
[2024-09-02 04:51:12,682][train_vgg.py][line:331][INFO] Epoch:[51/230]	 Test acc=74.597
[2024-09-02 04:51:12,683][train_vgg.py][line:340][INFO] Best Test acc=77.621
[2024-09-02 04:52:37,266][train_vgg.py][line:323][INFO] Epoch:[52/230]	 loss=82.56622	 acc=95.173
[2024-09-02 04:52:40,243][train_vgg.py][line:331][INFO] Epoch:[52/230]	 Test acc=72.177
[2024-09-02 04:52:40,243][train_vgg.py][line:340][INFO] Best Test acc=77.621
[2024-09-02 04:54:04,897][train_vgg.py][line:323][INFO] Epoch:[53/230]	 loss=77.49914	 acc=95.863
[2024-09-02 04:54:07,816][train_vgg.py][line:331][INFO] Epoch:[53/230]	 Test acc=78.125
[2024-09-02 04:54:07,816][train_vgg.py][line:340][INFO] Best Test acc=78.125
[2024-09-02 04:55:32,646][train_vgg.py][line:323][INFO] Epoch:[54/230]	 loss=73.27756	 acc=96.386
[2024-09-02 04:55:35,545][train_vgg.py][line:331][INFO] Epoch:[54/230]	 Test acc=77.016
[2024-09-02 04:55:35,545][train_vgg.py][line:340][INFO] Best Test acc=78.125
[2024-09-02 04:57:00,228][train_vgg.py][line:323][INFO] Epoch:[55/230]	 loss=65.47196	 acc=96.908
[2024-09-02 04:57:03,159][train_vgg.py][line:331][INFO] Epoch:[55/230]	 Test acc=71.875
[2024-09-02 04:57:03,159][train_vgg.py][line:340][INFO] Best Test acc=78.125
[2024-09-02 04:58:27,947][train_vgg.py][line:323][INFO] Epoch:[56/230]	 loss=78.01612	 acc=95.952
[2024-09-02 04:58:30,832][train_vgg.py][line:331][INFO] Epoch:[56/230]	 Test acc=65.726
[2024-09-02 04:58:30,833][train_vgg.py][line:340][INFO] Best Test acc=78.125
[2024-09-02 04:59:55,876][train_vgg.py][line:323][INFO] Epoch:[57/230]	 loss=77.77953	 acc=95.996
[2024-09-02 04:59:58,864][train_vgg.py][line:331][INFO] Epoch:[57/230]	 Test acc=69.960
[2024-09-02 04:59:58,864][train_vgg.py][line:340][INFO] Best Test acc=78.125
[2024-09-02 05:01:23,616][train_vgg.py][line:323][INFO] Epoch:[58/230]	 loss=71.04073	 acc=96.686
[2024-09-02 05:01:26,599][train_vgg.py][line:331][INFO] Epoch:[58/230]	 Test acc=78.931
[2024-09-02 05:01:26,599][train_vgg.py][line:340][INFO] Best Test acc=78.931
[2024-09-02 05:02:51,681][train_vgg.py][line:323][INFO] Epoch:[59/230]	 loss=68.53115	 acc=96.853
[2024-09-02 05:02:54,600][train_vgg.py][line:331][INFO] Epoch:[59/230]	 Test acc=69.052
[2024-09-02 05:02:54,600][train_vgg.py][line:340][INFO] Best Test acc=78.931
[2024-09-02 05:04:19,844][train_vgg.py][line:323][INFO] Epoch:[60/230]	 loss=72.38240	 acc=96.397
[2024-09-02 05:04:22,780][train_vgg.py][line:331][INFO] Epoch:[60/230]	 Test acc=78.226
[2024-09-02 05:04:22,780][train_vgg.py][line:340][INFO] Best Test acc=78.931
[2024-09-02 05:05:48,231][train_vgg.py][line:323][INFO] Epoch:[61/230]	 loss=74.33452	 acc=96.330
[2024-09-02 05:05:51,152][train_vgg.py][line:331][INFO] Epoch:[61/230]	 Test acc=76.915
[2024-09-02 05:05:51,153][train_vgg.py][line:340][INFO] Best Test acc=78.931
[2024-09-02 05:07:16,530][train_vgg.py][line:323][INFO] Epoch:[62/230]	 loss=68.56894	 acc=96.619
[2024-09-02 05:07:19,435][train_vgg.py][line:331][INFO] Epoch:[62/230]	 Test acc=78.125
[2024-09-02 05:07:19,435][train_vgg.py][line:340][INFO] Best Test acc=78.931
[2024-09-02 05:08:44,698][train_vgg.py][line:323][INFO] Epoch:[63/230]	 loss=61.69007	 acc=97.309
[2024-09-02 05:08:47,598][train_vgg.py][line:331][INFO] Epoch:[63/230]	 Test acc=67.036
[2024-09-02 05:08:47,599][train_vgg.py][line:340][INFO] Best Test acc=78.931
[2024-09-02 05:10:12,994][train_vgg.py][line:323][INFO] Epoch:[64/230]	 loss=71.01177	 acc=96.408
[2024-09-02 05:10:15,904][train_vgg.py][line:331][INFO] Epoch:[64/230]	 Test acc=77.419
[2024-09-02 05:10:15,904][train_vgg.py][line:340][INFO] Best Test acc=78.931
[2024-09-02 05:11:41,382][train_vgg.py][line:323][INFO] Epoch:[65/230]	 loss=65.47122	 acc=96.775
[2024-09-02 05:11:44,319][train_vgg.py][line:331][INFO] Epoch:[65/230]	 Test acc=74.899
[2024-09-02 05:11:44,320][train_vgg.py][line:340][INFO] Best Test acc=78.931
[2024-09-02 05:13:09,471][train_vgg.py][line:323][INFO] Epoch:[66/230]	 loss=64.76905	 acc=97.131
[2024-09-02 05:13:12,363][train_vgg.py][line:331][INFO] Epoch:[66/230]	 Test acc=78.226
[2024-09-02 05:13:12,363][train_vgg.py][line:340][INFO] Best Test acc=78.931
[2024-09-02 05:14:37,504][train_vgg.py][line:323][INFO] Epoch:[67/230]	 loss=69.57549	 acc=96.608
[2024-09-02 05:14:40,461][train_vgg.py][line:331][INFO] Epoch:[67/230]	 Test acc=76.109
[2024-09-02 05:14:40,461][train_vgg.py][line:340][INFO] Best Test acc=78.931
[2024-09-02 05:16:05,570][train_vgg.py][line:323][INFO] Epoch:[68/230]	 loss=73.40816	 acc=96.185
[2024-09-02 05:16:08,507][train_vgg.py][line:331][INFO] Epoch:[68/230]	 Test acc=72.077
[2024-09-02 05:16:08,507][train_vgg.py][line:340][INFO] Best Test acc=78.931
[2024-09-02 05:17:33,518][train_vgg.py][line:323][INFO] Epoch:[69/230]	 loss=74.23029	 acc=96.130
[2024-09-02 05:17:36,431][train_vgg.py][line:331][INFO] Epoch:[69/230]	 Test acc=72.681
[2024-09-02 05:17:36,432][train_vgg.py][line:340][INFO] Best Test acc=78.931
[2024-09-02 05:19:01,627][train_vgg.py][line:323][INFO] Epoch:[70/230]	 loss=54.86311	 acc=97.898
[2024-09-02 05:19:04,558][train_vgg.py][line:331][INFO] Epoch:[70/230]	 Test acc=76.613
[2024-09-02 05:19:04,558][train_vgg.py][line:340][INFO] Best Test acc=78.931
[2024-09-02 05:20:29,802][train_vgg.py][line:323][INFO] Epoch:[71/230]	 loss=53.23308	 acc=98.020
[2024-09-02 05:20:32,691][train_vgg.py][line:331][INFO] Epoch:[71/230]	 Test acc=77.621
[2024-09-02 05:20:32,692][train_vgg.py][line:340][INFO] Best Test acc=78.931
[2024-09-02 05:21:57,992][train_vgg.py][line:323][INFO] Epoch:[72/230]	 loss=55.72939	 acc=97.620
[2024-09-02 05:22:00,916][train_vgg.py][line:331][INFO] Epoch:[72/230]	 Test acc=65.827
[2024-09-02 05:22:00,916][train_vgg.py][line:340][INFO] Best Test acc=78.931
[2024-09-02 05:23:26,128][train_vgg.py][line:323][INFO] Epoch:[73/230]	 loss=54.88359	 acc=97.831
[2024-09-02 05:23:29,016][train_vgg.py][line:331][INFO] Epoch:[73/230]	 Test acc=68.851
[2024-09-02 05:23:29,016][train_vgg.py][line:340][INFO] Best Test acc=78.931
[2024-09-02 05:24:54,135][train_vgg.py][line:323][INFO] Epoch:[74/230]	 loss=59.97639	 acc=97.375
[2024-09-02 05:24:57,038][train_vgg.py][line:331][INFO] Epoch:[74/230]	 Test acc=78.730
[2024-09-02 05:24:57,039][train_vgg.py][line:340][INFO] Best Test acc=78.931
[2024-09-02 05:26:22,214][train_vgg.py][line:323][INFO] Epoch:[75/230]	 loss=66.73815	 acc=97.020
[2024-09-02 05:26:25,109][train_vgg.py][line:331][INFO] Epoch:[75/230]	 Test acc=75.202
[2024-09-02 05:26:25,109][train_vgg.py][line:340][INFO] Best Test acc=78.931
[2024-09-02 05:27:50,047][train_vgg.py][line:323][INFO] Epoch:[76/230]	 loss=69.91905	 acc=96.619
[2024-09-02 05:27:53,006][train_vgg.py][line:331][INFO] Epoch:[76/230]	 Test acc=72.077
[2024-09-02 05:27:53,006][train_vgg.py][line:340][INFO] Best Test acc=78.931
[2024-09-02 05:29:17,925][train_vgg.py][line:323][INFO] Epoch:[77/230]	 loss=58.09755	 acc=97.954
[2024-09-02 05:29:20,854][train_vgg.py][line:331][INFO] Epoch:[77/230]	 Test acc=77.923
[2024-09-02 05:29:20,854][train_vgg.py][line:340][INFO] Best Test acc=78.931
[2024-09-02 05:30:45,828][train_vgg.py][line:323][INFO] Epoch:[78/230]	 loss=50.46409	 acc=98.254
[2024-09-02 05:30:48,764][train_vgg.py][line:331][INFO] Epoch:[78/230]	 Test acc=77.117
[2024-09-02 05:30:48,764][train_vgg.py][line:340][INFO] Best Test acc=78.931
[2024-09-02 05:32:13,628][train_vgg.py][line:323][INFO] Epoch:[79/230]	 loss=47.11401	 acc=98.387
[2024-09-02 05:32:16,505][train_vgg.py][line:331][INFO] Epoch:[79/230]	 Test acc=76.411
[2024-09-02 05:32:16,505][train_vgg.py][line:340][INFO] Best Test acc=78.931
[2024-09-02 05:33:41,402][train_vgg.py][line:323][INFO] Epoch:[80/230]	 loss=47.88141	 acc=98.554
[2024-09-02 05:33:44,322][train_vgg.py][line:331][INFO] Epoch:[80/230]	 Test acc=78.629
[2024-09-02 05:33:44,322][train_vgg.py][line:340][INFO] Best Test acc=78.931
[2024-09-02 05:35:09,296][train_vgg.py][line:323][INFO] Epoch:[81/230]	 loss=45.92722	 acc=98.632
[2024-09-02 05:35:12,266][train_vgg.py][line:331][INFO] Epoch:[81/230]	 Test acc=81.149
[2024-09-02 05:35:12,267][train_vgg.py][line:340][INFO] Best Test acc=81.149
[2024-09-02 05:36:37,189][train_vgg.py][line:323][INFO] Epoch:[82/230]	 loss=42.92095	 acc=98.821
[2024-09-02 05:36:40,092][train_vgg.py][line:331][INFO] Epoch:[82/230]	 Test acc=75.000
[2024-09-02 05:36:40,093][train_vgg.py][line:340][INFO] Best Test acc=81.149
[2024-09-02 05:38:04,929][train_vgg.py][line:323][INFO] Epoch:[83/230]	 loss=55.05999	 acc=97.931
[2024-09-02 05:38:07,818][train_vgg.py][line:331][INFO] Epoch:[83/230]	 Test acc=72.379
[2024-09-02 05:38:07,819][train_vgg.py][line:340][INFO] Best Test acc=81.149
[2024-09-02 05:39:32,667][train_vgg.py][line:323][INFO] Epoch:[84/230]	 loss=59.93323	 acc=97.520
[2024-09-02 05:39:35,579][train_vgg.py][line:331][INFO] Epoch:[84/230]	 Test acc=77.218
[2024-09-02 05:39:35,579][train_vgg.py][line:340][INFO] Best Test acc=81.149
[2024-09-02 05:41:00,474][train_vgg.py][line:323][INFO] Epoch:[85/230]	 loss=56.71486	 acc=97.665
[2024-09-02 05:41:03,371][train_vgg.py][line:331][INFO] Epoch:[85/230]	 Test acc=80.847
[2024-09-02 05:41:03,371][train_vgg.py][line:340][INFO] Best Test acc=81.149
[2024-09-02 05:42:28,302][train_vgg.py][line:323][INFO] Epoch:[86/230]	 loss=55.10169	 acc=97.954
[2024-09-02 05:42:31,198][train_vgg.py][line:331][INFO] Epoch:[86/230]	 Test acc=70.161
[2024-09-02 05:42:31,198][train_vgg.py][line:340][INFO] Best Test acc=81.149
[2024-09-02 05:43:56,207][train_vgg.py][line:323][INFO] Epoch:[87/230]	 loss=55.15982	 acc=97.887
[2024-09-02 05:43:59,124][train_vgg.py][line:331][INFO] Epoch:[87/230]	 Test acc=77.923
[2024-09-02 05:43:59,124][train_vgg.py][line:340][INFO] Best Test acc=81.149
[2024-09-02 05:45:24,066][train_vgg.py][line:323][INFO] Epoch:[88/230]	 loss=45.00984	 acc=98.721
[2024-09-02 05:45:27,000][train_vgg.py][line:331][INFO] Epoch:[88/230]	 Test acc=80.242
[2024-09-02 05:45:27,000][train_vgg.py][line:340][INFO] Best Test acc=81.149
[2024-09-02 05:46:51,956][train_vgg.py][line:323][INFO] Epoch:[89/230]	 loss=41.45290	 acc=98.999
[2024-09-02 05:46:54,852][train_vgg.py][line:331][INFO] Epoch:[89/230]	 Test acc=79.536
[2024-09-02 05:46:54,852][train_vgg.py][line:340][INFO] Best Test acc=81.149
[2024-09-02 05:48:19,903][train_vgg.py][line:323][INFO] Epoch:[90/230]	 loss=33.96442	 acc=99.310
[2024-09-02 05:48:22,792][train_vgg.py][line:331][INFO] Epoch:[90/230]	 Test acc=79.133
[2024-09-02 05:48:22,792][train_vgg.py][line:340][INFO] Best Test acc=81.149
[2024-09-02 05:49:47,651][train_vgg.py][line:323][INFO] Epoch:[91/230]	 loss=43.60043	 acc=98.688
[2024-09-02 05:49:50,554][train_vgg.py][line:331][INFO] Epoch:[91/230]	 Test acc=71.673
[2024-09-02 05:49:50,554][train_vgg.py][line:340][INFO] Best Test acc=81.149
[2024-09-02 05:51:15,316][train_vgg.py][line:323][INFO] Epoch:[92/230]	 loss=48.48892	 acc=98.476
[2024-09-02 05:51:18,239][train_vgg.py][line:331][INFO] Epoch:[92/230]	 Test acc=77.218
[2024-09-02 05:51:18,239][train_vgg.py][line:340][INFO] Best Test acc=81.149
[2024-09-02 05:52:43,164][train_vgg.py][line:323][INFO] Epoch:[93/230]	 loss=55.56213	 acc=98.087
[2024-09-02 05:52:46,089][train_vgg.py][line:331][INFO] Epoch:[93/230]	 Test acc=70.766
[2024-09-02 05:52:46,089][train_vgg.py][line:340][INFO] Best Test acc=81.149
[2024-09-02 05:54:10,919][train_vgg.py][line:323][INFO] Epoch:[94/230]	 loss=52.77149	 acc=98.254
[2024-09-02 05:54:13,820][train_vgg.py][line:331][INFO] Epoch:[94/230]	 Test acc=76.815
[2024-09-02 05:54:13,820][train_vgg.py][line:340][INFO] Best Test acc=81.149
[2024-09-02 05:55:38,735][train_vgg.py][line:323][INFO] Epoch:[95/230]	 loss=43.41806	 acc=98.955
[2024-09-02 05:55:41,624][train_vgg.py][line:331][INFO] Epoch:[95/230]	 Test acc=78.226
[2024-09-02 05:55:41,624][train_vgg.py][line:340][INFO] Best Test acc=81.149
[2024-09-02 05:57:06,444][train_vgg.py][line:323][INFO] Epoch:[96/230]	 loss=38.77044	 acc=98.910
[2024-09-02 05:57:09,311][train_vgg.py][line:331][INFO] Epoch:[96/230]	 Test acc=77.218
[2024-09-02 05:57:09,311][train_vgg.py][line:340][INFO] Best Test acc=81.149
[2024-09-02 05:58:34,295][train_vgg.py][line:323][INFO] Epoch:[97/230]	 loss=44.68320	 acc=98.543
[2024-09-02 05:58:37,162][train_vgg.py][line:331][INFO] Epoch:[97/230]	 Test acc=81.250
[2024-09-02 05:58:37,162][train_vgg.py][line:340][INFO] Best Test acc=81.250
[2024-09-02 06:00:02,177][train_vgg.py][line:323][INFO] Epoch:[98/230]	 loss=38.07617	 acc=99.188
[2024-09-02 06:00:05,078][train_vgg.py][line:331][INFO] Epoch:[98/230]	 Test acc=79.234
[2024-09-02 06:00:05,078][train_vgg.py][line:340][INFO] Best Test acc=81.250
[2024-09-02 06:01:30,020][train_vgg.py][line:323][INFO] Epoch:[99/230]	 loss=32.97273	 acc=99.388
[2024-09-02 06:01:32,915][train_vgg.py][line:331][INFO] Epoch:[99/230]	 Test acc=69.052
[2024-09-02 06:01:32,915][train_vgg.py][line:340][INFO] Best Test acc=81.250
[2024-09-02 06:02:57,797][train_vgg.py][line:323][INFO] Epoch:[100/230]	 loss=34.15859	 acc=99.355
[2024-09-02 06:03:00,706][train_vgg.py][line:331][INFO] Epoch:[100/230]	 Test acc=77.823
[2024-09-02 06:03:00,706][train_vgg.py][line:340][INFO] Best Test acc=81.250
[2024-09-02 06:04:25,562][train_vgg.py][line:323][INFO] Epoch:[101/230]	 loss=34.27340	 acc=99.310
[2024-09-02 06:04:28,471][train_vgg.py][line:331][INFO] Epoch:[101/230]	 Test acc=79.335
[2024-09-02 06:04:28,472][train_vgg.py][line:340][INFO] Best Test acc=81.250
[2024-09-02 06:05:53,369][train_vgg.py][line:323][INFO] Epoch:[102/230]	 loss=27.28422	 acc=99.700
[2024-09-02 06:05:56,277][train_vgg.py][line:331][INFO] Epoch:[102/230]	 Test acc=79.839
[2024-09-02 06:05:56,278][train_vgg.py][line:340][INFO] Best Test acc=81.250
[2024-09-02 06:07:21,227][train_vgg.py][line:323][INFO] Epoch:[103/230]	 loss=25.73233	 acc=99.733
[2024-09-02 06:07:24,120][train_vgg.py][line:331][INFO] Epoch:[103/230]	 Test acc=81.250
[2024-09-02 06:07:24,120][train_vgg.py][line:340][INFO] Best Test acc=81.250
[2024-09-02 06:08:48,999][train_vgg.py][line:323][INFO] Epoch:[104/230]	 loss=29.00400	 acc=99.455
[2024-09-02 06:08:51,884][train_vgg.py][line:331][INFO] Epoch:[104/230]	 Test acc=78.427
[2024-09-02 06:08:51,884][train_vgg.py][line:340][INFO] Best Test acc=81.250
[2024-09-02 06:10:16,574][train_vgg.py][line:323][INFO] Epoch:[105/230]	 loss=59.42612	 acc=97.609
[2024-09-02 06:10:19,505][train_vgg.py][line:331][INFO] Epoch:[105/230]	 Test acc=72.278
[2024-09-02 06:10:19,505][train_vgg.py][line:340][INFO] Best Test acc=81.250
[2024-09-02 06:11:44,430][train_vgg.py][line:323][INFO] Epoch:[106/230]	 loss=84.79406	 acc=95.351
[2024-09-02 06:11:47,347][train_vgg.py][line:331][INFO] Epoch:[106/230]	 Test acc=55.544
[2024-09-02 06:11:47,347][train_vgg.py][line:340][INFO] Best Test acc=81.250
[2024-09-02 06:13:12,235][train_vgg.py][line:323][INFO] Epoch:[107/230]	 loss=55.58162	 acc=97.831
[2024-09-02 06:13:15,105][train_vgg.py][line:331][INFO] Epoch:[107/230]	 Test acc=76.210
[2024-09-02 06:13:15,105][train_vgg.py][line:340][INFO] Best Test acc=81.250
[2024-09-02 06:14:39,928][train_vgg.py][line:323][INFO] Epoch:[108/230]	 loss=36.94624	 acc=99.121
[2024-09-02 06:14:42,871][train_vgg.py][line:331][INFO] Epoch:[108/230]	 Test acc=78.629
[2024-09-02 06:14:42,871][train_vgg.py][line:340][INFO] Best Test acc=81.250
[2024-09-02 06:16:07,690][train_vgg.py][line:323][INFO] Epoch:[109/230]	 loss=27.84174	 acc=99.533
[2024-09-02 06:16:10,577][train_vgg.py][line:331][INFO] Epoch:[109/230]	 Test acc=80.948
[2024-09-02 06:16:10,577][train_vgg.py][line:340][INFO] Best Test acc=81.250
[2024-09-02 06:17:35,308][train_vgg.py][line:323][INFO] Epoch:[110/230]	 loss=27.97154	 acc=99.466
[2024-09-02 06:17:38,190][train_vgg.py][line:331][INFO] Epoch:[110/230]	 Test acc=81.149
[2024-09-02 06:17:38,191][train_vgg.py][line:340][INFO] Best Test acc=81.250
[2024-09-02 06:19:02,997][train_vgg.py][line:323][INFO] Epoch:[111/230]	 loss=18.86438	 acc=99.889
[2024-09-02 06:19:05,913][train_vgg.py][line:331][INFO] Epoch:[111/230]	 Test acc=82.258
[2024-09-02 06:19:05,913][train_vgg.py][line:340][INFO] Best Test acc=82.258
[2024-09-02 06:20:30,786][train_vgg.py][line:323][INFO] Epoch:[112/230]	 loss=15.90412	 acc=99.911
[2024-09-02 06:20:33,680][train_vgg.py][line:331][INFO] Epoch:[112/230]	 Test acc=81.149
[2024-09-02 06:20:33,680][train_vgg.py][line:340][INFO] Best Test acc=82.258
[2024-09-02 06:21:58,655][train_vgg.py][line:323][INFO] Epoch:[113/230]	 loss=14.47994	 acc=99.922
[2024-09-02 06:22:01,569][train_vgg.py][line:331][INFO] Epoch:[113/230]	 Test acc=82.359
[2024-09-02 06:22:01,569][train_vgg.py][line:340][INFO] Best Test acc=82.359
[2024-09-02 06:23:26,625][train_vgg.py][line:323][INFO] Epoch:[114/230]	 loss=16.06109	 acc=99.978
[2024-09-02 06:23:29,502][train_vgg.py][line:331][INFO] Epoch:[114/230]	 Test acc=82.359
[2024-09-02 06:23:29,503][train_vgg.py][line:340][INFO] Best Test acc=82.359
[2024-09-02 06:24:54,337][train_vgg.py][line:323][INFO] Epoch:[115/230]	 loss=15.70662	 acc=99.956
[2024-09-02 06:24:57,228][train_vgg.py][line:331][INFO] Epoch:[115/230]	 Test acc=77.722
[2024-09-02 06:24:57,228][train_vgg.py][line:340][INFO] Best Test acc=82.359
[2024-09-02 06:26:21,993][train_vgg.py][line:323][INFO] Epoch:[116/230]	 loss=20.90631	 acc=99.889
[2024-09-02 06:26:24,918][train_vgg.py][line:331][INFO] Epoch:[116/230]	 Test acc=81.048
[2024-09-02 06:26:24,918][train_vgg.py][line:340][INFO] Best Test acc=82.359
[2024-09-02 06:27:49,685][train_vgg.py][line:323][INFO] Epoch:[117/230]	 loss=88.06732	 acc=94.729
[2024-09-02 06:27:52,605][train_vgg.py][line:331][INFO] Epoch:[117/230]	 Test acc=56.149
[2024-09-02 06:27:52,605][train_vgg.py][line:340][INFO] Best Test acc=82.359
[2024-09-02 06:29:17,361][train_vgg.py][line:323][INFO] Epoch:[118/230]	 loss=111.06708	 acc=92.549
[2024-09-02 06:29:20,256][train_vgg.py][line:331][INFO] Epoch:[118/230]	 Test acc=80.040
[2024-09-02 06:29:20,256][train_vgg.py][line:340][INFO] Best Test acc=82.359
[2024-09-02 06:30:45,201][train_vgg.py][line:323][INFO] Epoch:[119/230]	 loss=51.39829	 acc=98.243
[2024-09-02 06:30:48,121][train_vgg.py][line:331][INFO] Epoch:[119/230]	 Test acc=78.327
[2024-09-02 06:30:48,121][train_vgg.py][line:340][INFO] Best Test acc=82.359
[2024-09-02 06:32:12,870][train_vgg.py][line:323][INFO] Epoch:[120/230]	 loss=37.99018	 acc=99.077
[2024-09-02 06:32:15,749][train_vgg.py][line:331][INFO] Epoch:[120/230]	 Test acc=78.427
[2024-09-02 06:32:15,749][train_vgg.py][line:340][INFO] Best Test acc=82.359
[2024-09-02 06:33:40,545][train_vgg.py][line:323][INFO] Epoch:[121/230]	 loss=25.92286	 acc=99.666
[2024-09-02 06:33:43,420][train_vgg.py][line:331][INFO] Epoch:[121/230]	 Test acc=81.452
[2024-09-02 06:33:43,420][train_vgg.py][line:340][INFO] Best Test acc=82.359
[2024-09-02 06:35:08,262][train_vgg.py][line:323][INFO] Epoch:[122/230]	 loss=19.57656	 acc=99.889
[2024-09-02 06:35:11,170][train_vgg.py][line:331][INFO] Epoch:[122/230]	 Test acc=82.157
[2024-09-02 06:35:11,171][train_vgg.py][line:340][INFO] Best Test acc=82.359
[2024-09-02 06:36:35,978][train_vgg.py][line:323][INFO] Epoch:[123/230]	 loss=16.67345	 acc=99.900
[2024-09-02 06:36:38,860][train_vgg.py][line:331][INFO] Epoch:[123/230]	 Test acc=82.258
[2024-09-02 06:36:38,860][train_vgg.py][line:340][INFO] Best Test acc=82.359
[2024-09-02 06:38:03,709][train_vgg.py][line:323][INFO] Epoch:[124/230]	 loss=14.09140	 acc=99.944
[2024-09-02 06:38:06,642][train_vgg.py][line:331][INFO] Epoch:[124/230]	 Test acc=82.560
[2024-09-02 06:38:06,643][train_vgg.py][line:340][INFO] Best Test acc=82.560
[2024-09-02 06:39:31,379][train_vgg.py][line:323][INFO] Epoch:[125/230]	 loss=12.54012	 acc=100.000
[2024-09-02 06:39:34,264][train_vgg.py][line:331][INFO] Epoch:[125/230]	 Test acc=83.770
[2024-09-02 06:39:34,265][train_vgg.py][line:340][INFO] Best Test acc=83.770
[2024-09-02 06:40:58,958][train_vgg.py][line:323][INFO] Epoch:[126/230]	 loss=11.83978	 acc=99.978
[2024-09-02 06:41:01,885][train_vgg.py][line:331][INFO] Epoch:[126/230]	 Test acc=82.964
[2024-09-02 06:41:01,885][train_vgg.py][line:340][INFO] Best Test acc=83.770
[2024-09-02 06:42:26,521][train_vgg.py][line:323][INFO] Epoch:[127/230]	 loss=12.14351	 acc=99.989
[2024-09-02 06:42:29,436][train_vgg.py][line:331][INFO] Epoch:[127/230]	 Test acc=84.778
[2024-09-02 06:42:29,437][train_vgg.py][line:340][INFO] Best Test acc=84.778
[2024-09-02 06:43:54,475][train_vgg.py][line:323][INFO] Epoch:[128/230]	 loss=10.60014	 acc=99.978
[2024-09-02 06:43:57,421][train_vgg.py][line:331][INFO] Epoch:[128/230]	 Test acc=82.964
[2024-09-02 06:43:57,422][train_vgg.py][line:340][INFO] Best Test acc=84.778
[2024-09-02 06:45:22,052][train_vgg.py][line:323][INFO] Epoch:[129/230]	 loss=10.45512	 acc=100.000
[2024-09-02 06:45:24,957][train_vgg.py][line:331][INFO] Epoch:[129/230]	 Test acc=83.367
[2024-09-02 06:45:24,957][train_vgg.py][line:340][INFO] Best Test acc=84.778
[2024-09-02 06:46:49,781][train_vgg.py][line:323][INFO] Epoch:[130/230]	 loss=10.68766	 acc=99.978
[2024-09-02 06:46:52,744][train_vgg.py][line:331][INFO] Epoch:[130/230]	 Test acc=84.476
[2024-09-02 06:46:52,744][train_vgg.py][line:340][INFO] Best Test acc=84.778
[2024-09-02 06:48:17,647][train_vgg.py][line:323][INFO] Epoch:[131/230]	 loss=10.43356	 acc=99.989
[2024-09-02 06:48:20,545][train_vgg.py][line:331][INFO] Epoch:[131/230]	 Test acc=82.661
[2024-09-02 06:48:20,545][train_vgg.py][line:340][INFO] Best Test acc=84.778
[2024-09-02 06:49:45,599][train_vgg.py][line:323][INFO] Epoch:[132/230]	 loss=13.09287	 acc=100.000
[2024-09-02 06:49:48,521][train_vgg.py][line:331][INFO] Epoch:[132/230]	 Test acc=80.847
[2024-09-02 06:49:48,521][train_vgg.py][line:340][INFO] Best Test acc=84.778
[2024-09-02 06:51:13,405][train_vgg.py][line:323][INFO] Epoch:[133/230]	 loss=16.52747	 acc=99.944
[2024-09-02 06:51:16,369][train_vgg.py][line:331][INFO] Epoch:[133/230]	 Test acc=78.730
[2024-09-02 06:51:16,369][train_vgg.py][line:340][INFO] Best Test acc=84.778
[2024-09-02 06:52:41,440][train_vgg.py][line:323][INFO] Epoch:[134/230]	 loss=30.54967	 acc=99.488
[2024-09-02 06:52:44,318][train_vgg.py][line:331][INFO] Epoch:[134/230]	 Test acc=65.726
[2024-09-02 06:52:44,319][train_vgg.py][line:340][INFO] Best Test acc=84.778
[2024-09-02 06:54:09,327][train_vgg.py][line:323][INFO] Epoch:[135/230]	 loss=403.49781	 acc=53.637
[2024-09-02 06:54:12,206][train_vgg.py][line:331][INFO] Epoch:[135/230]	 Test acc=42.641
[2024-09-02 06:54:12,206][train_vgg.py][line:340][INFO] Best Test acc=84.778
[2024-09-02 06:55:36,986][train_vgg.py][line:323][INFO] Epoch:[136/230]	 loss=177.32679	 acc=85.065
[2024-09-02 06:55:39,886][train_vgg.py][line:331][INFO] Epoch:[136/230]	 Test acc=73.992
[2024-09-02 06:55:39,886][train_vgg.py][line:340][INFO] Best Test acc=84.778
[2024-09-02 06:57:04,678][train_vgg.py][line:323][INFO] Epoch:[137/230]	 loss=81.94814	 acc=95.518
[2024-09-02 06:57:07,604][train_vgg.py][line:331][INFO] Epoch:[137/230]	 Test acc=76.613
[2024-09-02 06:57:07,604][train_vgg.py][line:340][INFO] Best Test acc=84.778
[2024-09-02 06:58:32,311][train_vgg.py][line:323][INFO] Epoch:[138/230]	 loss=49.12902	 acc=98.232
[2024-09-02 06:58:35,215][train_vgg.py][line:331][INFO] Epoch:[138/230]	 Test acc=81.754
[2024-09-02 06:58:35,216][train_vgg.py][line:340][INFO] Best Test acc=84.778
[2024-09-02 06:59:59,989][train_vgg.py][line:323][INFO] Epoch:[139/230]	 loss=33.76979	 acc=99.244
[2024-09-02 07:00:02,938][train_vgg.py][line:331][INFO] Epoch:[139/230]	 Test acc=82.056
[2024-09-02 07:00:02,938][train_vgg.py][line:340][INFO] Best Test acc=84.778
[2024-09-02 07:01:27,765][train_vgg.py][line:323][INFO] Epoch:[140/230]	 loss=24.88480	 acc=99.611
[2024-09-02 07:01:30,659][train_vgg.py][line:331][INFO] Epoch:[140/230]	 Test acc=81.956
[2024-09-02 07:01:30,659][train_vgg.py][line:340][INFO] Best Test acc=84.778
[2024-09-02 07:02:55,488][train_vgg.py][line:323][INFO] Epoch:[141/230]	 loss=18.77895	 acc=99.933
[2024-09-02 07:02:58,436][train_vgg.py][line:331][INFO] Epoch:[141/230]	 Test acc=82.661
[2024-09-02 07:02:58,436][train_vgg.py][line:340][INFO] Best Test acc=84.778
[2024-09-02 07:04:22,432][train_vgg.py][line:323][INFO] Epoch:[142/230]	 loss=14.85912	 acc=99.956
[2024-09-02 07:04:25,347][train_vgg.py][line:331][INFO] Epoch:[142/230]	 Test acc=81.250
[2024-09-02 07:04:25,347][train_vgg.py][line:340][INFO] Best Test acc=84.778
[2024-09-02 07:05:50,155][train_vgg.py][line:323][INFO] Epoch:[143/230]	 loss=12.28463	 acc=99.989
[2024-09-02 07:05:53,033][train_vgg.py][line:331][INFO] Epoch:[143/230]	 Test acc=82.863
[2024-09-02 07:05:53,034][train_vgg.py][line:340][INFO] Best Test acc=84.778
[2024-09-02 07:07:17,761][train_vgg.py][line:323][INFO] Epoch:[144/230]	 loss=11.62996	 acc=99.944
[2024-09-02 07:07:20,661][train_vgg.py][line:331][INFO] Epoch:[144/230]	 Test acc=83.972
[2024-09-02 07:07:20,661][train_vgg.py][line:340][INFO] Best Test acc=84.778
[2024-09-02 07:08:45,455][train_vgg.py][line:323][INFO] Epoch:[145/230]	 loss=10.41219	 acc=99.989
[2024-09-02 07:08:48,366][train_vgg.py][line:331][INFO] Epoch:[145/230]	 Test acc=83.367
[2024-09-02 07:08:48,366][train_vgg.py][line:340][INFO] Best Test acc=84.778
[2024-09-02 07:10:13,145][train_vgg.py][line:323][INFO] Epoch:[146/230]	 loss=9.14562	 acc=99.989
[2024-09-02 07:10:16,023][train_vgg.py][line:331][INFO] Epoch:[146/230]	 Test acc=84.577
[2024-09-02 07:10:16,023][train_vgg.py][line:340][INFO] Best Test acc=84.778
[2024-09-02 07:11:40,907][train_vgg.py][line:323][INFO] Epoch:[147/230]	 loss=8.97511	 acc=100.000
[2024-09-02 07:11:43,813][train_vgg.py][line:331][INFO] Epoch:[147/230]	 Test acc=84.879
[2024-09-02 07:11:43,814][train_vgg.py][line:340][INFO] Best Test acc=84.879
[2024-09-02 07:13:08,644][train_vgg.py][line:323][INFO] Epoch:[148/230]	 loss=8.39741	 acc=100.000
[2024-09-02 07:13:11,548][train_vgg.py][line:331][INFO] Epoch:[148/230]	 Test acc=84.173
[2024-09-02 07:13:11,549][train_vgg.py][line:340][INFO] Best Test acc=84.879
[2024-09-02 07:14:36,483][train_vgg.py][line:323][INFO] Epoch:[149/230]	 loss=7.63515	 acc=100.000
[2024-09-02 07:14:39,412][train_vgg.py][line:331][INFO] Epoch:[149/230]	 Test acc=85.383
[2024-09-02 07:14:39,412][train_vgg.py][line:340][INFO] Best Test acc=85.383
[2024-09-02 07:15:47,763][train_vgg.py][line:323][INFO] Epoch:[150/230]	 loss=8.13674	 acc=100.000
[2024-09-02 07:15:50,672][train_vgg.py][line:331][INFO] Epoch:[150/230]	 Test acc=84.677
[2024-09-02 07:15:50,672][train_vgg.py][line:340][INFO] Best Test acc=85.383
[2024-09-02 07:16:58,890][train_vgg.py][line:323][INFO] Epoch:[151/230]	 loss=7.82643	 acc=100.000
[2024-09-02 07:17:01,760][train_vgg.py][line:331][INFO] Epoch:[151/230]	 Test acc=83.468
[2024-09-02 07:17:01,761][train_vgg.py][line:340][INFO] Best Test acc=85.383
[2024-09-02 07:18:09,977][train_vgg.py][line:323][INFO] Epoch:[152/230]	 loss=7.62086	 acc=100.000
[2024-09-02 07:18:12,828][train_vgg.py][line:331][INFO] Epoch:[152/230]	 Test acc=83.669
[2024-09-02 07:18:12,828][train_vgg.py][line:340][INFO] Best Test acc=85.383
[2024-09-02 07:19:21,048][train_vgg.py][line:323][INFO] Epoch:[153/230]	 loss=7.52475	 acc=100.000
[2024-09-02 07:19:23,914][train_vgg.py][line:331][INFO] Epoch:[153/230]	 Test acc=83.266
[2024-09-02 07:19:23,914][train_vgg.py][line:340][INFO] Best Test acc=85.383
[2024-09-02 07:20:32,081][train_vgg.py][line:323][INFO] Epoch:[154/230]	 loss=7.06046	 acc=100.000
[2024-09-02 07:20:34,972][train_vgg.py][line:331][INFO] Epoch:[154/230]	 Test acc=85.181
[2024-09-02 07:20:34,973][train_vgg.py][line:340][INFO] Best Test acc=85.383
[2024-09-02 07:21:43,144][train_vgg.py][line:323][INFO] Epoch:[155/230]	 loss=7.30875	 acc=100.000
[2024-09-02 07:21:46,030][train_vgg.py][line:331][INFO] Epoch:[155/230]	 Test acc=84.274
[2024-09-02 07:21:46,031][train_vgg.py][line:340][INFO] Best Test acc=85.383
[2024-09-02 07:22:54,284][train_vgg.py][line:323][INFO] Epoch:[156/230]	 loss=7.10850	 acc=100.000
[2024-09-02 07:22:57,145][train_vgg.py][line:331][INFO] Epoch:[156/230]	 Test acc=84.778
[2024-09-02 07:22:57,145][train_vgg.py][line:340][INFO] Best Test acc=85.383
[2024-09-02 07:24:05,417][train_vgg.py][line:323][INFO] Epoch:[157/230]	 loss=6.61285	 acc=100.000
[2024-09-02 07:24:08,275][train_vgg.py][line:331][INFO] Epoch:[157/230]	 Test acc=84.677
[2024-09-02 07:24:08,275][train_vgg.py][line:340][INFO] Best Test acc=85.383
[2024-09-02 07:25:16,660][train_vgg.py][line:323][INFO] Epoch:[158/230]	 loss=6.59277	 acc=100.000
[2024-09-02 07:25:19,542][train_vgg.py][line:331][INFO] Epoch:[158/230]	 Test acc=83.669
[2024-09-02 07:25:19,542][train_vgg.py][line:340][INFO] Best Test acc=85.383
[2024-09-02 07:26:27,745][train_vgg.py][line:323][INFO] Epoch:[159/230]	 loss=6.67052	 acc=100.000
[2024-09-02 07:26:30,604][train_vgg.py][line:331][INFO] Epoch:[159/230]	 Test acc=85.685
[2024-09-02 07:26:30,604][train_vgg.py][line:340][INFO] Best Test acc=85.685
[2024-09-02 07:27:38,934][train_vgg.py][line:323][INFO] Epoch:[160/230]	 loss=7.30093	 acc=100.000
[2024-09-02 07:27:41,800][train_vgg.py][line:331][INFO] Epoch:[160/230]	 Test acc=84.375
[2024-09-02 07:27:41,800][train_vgg.py][line:340][INFO] Best Test acc=85.685
[2024-09-02 07:28:50,108][train_vgg.py][line:323][INFO] Epoch:[161/230]	 loss=7.12723	 acc=100.000
[2024-09-02 07:28:52,987][train_vgg.py][line:331][INFO] Epoch:[161/230]	 Test acc=84.879
[2024-09-02 07:28:52,987][train_vgg.py][line:340][INFO] Best Test acc=85.685
[2024-09-02 07:30:01,232][train_vgg.py][line:323][INFO] Epoch:[162/230]	 loss=7.08525	 acc=100.000
[2024-09-02 07:30:04,148][train_vgg.py][line:331][INFO] Epoch:[162/230]	 Test acc=84.173
[2024-09-02 07:30:04,148][train_vgg.py][line:340][INFO] Best Test acc=85.685
[2024-09-02 07:31:12,329][train_vgg.py][line:323][INFO] Epoch:[163/230]	 loss=7.01428	 acc=100.000
[2024-09-02 07:31:15,215][train_vgg.py][line:331][INFO] Epoch:[163/230]	 Test acc=84.274
[2024-09-02 07:31:15,215][train_vgg.py][line:340][INFO] Best Test acc=85.685
[2024-09-02 07:32:23,430][train_vgg.py][line:323][INFO] Epoch:[164/230]	 loss=6.72446	 acc=100.000
[2024-09-02 07:32:26,317][train_vgg.py][line:331][INFO] Epoch:[164/230]	 Test acc=84.577
[2024-09-02 07:32:26,317][train_vgg.py][line:340][INFO] Best Test acc=85.685
[2024-09-02 07:33:34,431][train_vgg.py][line:323][INFO] Epoch:[165/230]	 loss=6.98085	 acc=100.000
[2024-09-02 07:33:37,286][train_vgg.py][line:331][INFO] Epoch:[165/230]	 Test acc=83.669
[2024-09-02 07:33:37,286][train_vgg.py][line:340][INFO] Best Test acc=85.685
[2024-09-02 07:34:45,395][train_vgg.py][line:323][INFO] Epoch:[166/230]	 loss=7.21076	 acc=100.000
[2024-09-02 07:34:48,296][train_vgg.py][line:331][INFO] Epoch:[166/230]	 Test acc=84.173
[2024-09-02 07:34:48,296][train_vgg.py][line:340][INFO] Best Test acc=85.685
[2024-09-02 07:35:56,455][train_vgg.py][line:323][INFO] Epoch:[167/230]	 loss=6.51075	 acc=100.000
[2024-09-02 07:35:59,311][train_vgg.py][line:331][INFO] Epoch:[167/230]	 Test acc=84.173
[2024-09-02 07:35:59,311][train_vgg.py][line:340][INFO] Best Test acc=85.685
[2024-09-02 07:37:07,502][train_vgg.py][line:323][INFO] Epoch:[168/230]	 loss=6.45362	 acc=100.000
[2024-09-02 07:37:10,401][train_vgg.py][line:331][INFO] Epoch:[168/230]	 Test acc=83.972
[2024-09-02 07:37:10,401][train_vgg.py][line:340][INFO] Best Test acc=85.685
[2024-09-02 07:38:18,626][train_vgg.py][line:323][INFO] Epoch:[169/230]	 loss=6.32085	 acc=100.000
[2024-09-02 07:38:21,545][train_vgg.py][line:331][INFO] Epoch:[169/230]	 Test acc=83.669
[2024-09-02 07:38:21,546][train_vgg.py][line:340][INFO] Best Test acc=85.685
[2024-09-02 07:39:29,676][train_vgg.py][line:323][INFO] Epoch:[170/230]	 loss=6.47514	 acc=100.000
[2024-09-02 07:39:32,580][train_vgg.py][line:331][INFO] Epoch:[170/230]	 Test acc=84.980
[2024-09-02 07:39:32,581][train_vgg.py][line:340][INFO] Best Test acc=85.685
[2024-09-02 07:40:40,745][train_vgg.py][line:323][INFO] Epoch:[171/230]	 loss=6.60208	 acc=100.000
[2024-09-02 07:40:43,625][train_vgg.py][line:331][INFO] Epoch:[171/230]	 Test acc=84.577
[2024-09-02 07:40:43,625][train_vgg.py][line:340][INFO] Best Test acc=85.685
[2024-09-02 07:41:51,697][train_vgg.py][line:323][INFO] Epoch:[172/230]	 loss=7.03196	 acc=100.000
[2024-09-02 07:41:54,598][train_vgg.py][line:331][INFO] Epoch:[172/230]	 Test acc=83.972
[2024-09-02 07:41:54,598][train_vgg.py][line:340][INFO] Best Test acc=85.685
[2024-09-02 07:43:02,595][train_vgg.py][line:323][INFO] Epoch:[173/230]	 loss=7.55765	 acc=100.000
[2024-09-02 07:43:05,482][train_vgg.py][line:331][INFO] Epoch:[173/230]	 Test acc=83.165
[2024-09-02 07:43:05,482][train_vgg.py][line:340][INFO] Best Test acc=85.685
[2024-09-02 07:44:13,530][train_vgg.py][line:323][INFO] Epoch:[174/230]	 loss=6.78119	 acc=100.000
[2024-09-02 07:44:16,414][train_vgg.py][line:331][INFO] Epoch:[174/230]	 Test acc=84.677
[2024-09-02 07:44:16,414][train_vgg.py][line:340][INFO] Best Test acc=85.685
[2024-09-02 07:45:24,345][train_vgg.py][line:323][INFO] Epoch:[175/230]	 loss=7.09851	 acc=100.000
[2024-09-02 07:45:27,213][train_vgg.py][line:331][INFO] Epoch:[175/230]	 Test acc=83.669
[2024-09-02 07:45:27,213][train_vgg.py][line:340][INFO] Best Test acc=85.685
[2024-09-02 07:46:35,273][train_vgg.py][line:323][INFO] Epoch:[176/230]	 loss=6.26077	 acc=100.000
[2024-09-02 07:46:38,145][train_vgg.py][line:331][INFO] Epoch:[176/230]	 Test acc=85.081
[2024-09-02 07:46:38,145][train_vgg.py][line:340][INFO] Best Test acc=85.685
[2024-09-02 07:47:46,071][train_vgg.py][line:323][INFO] Epoch:[177/230]	 loss=6.29469	 acc=100.000
[2024-09-02 07:47:48,935][train_vgg.py][line:331][INFO] Epoch:[177/230]	 Test acc=84.274
[2024-09-02 07:47:48,935][train_vgg.py][line:340][INFO] Best Test acc=85.685
[2024-09-02 07:48:56,861][train_vgg.py][line:323][INFO] Epoch:[178/230]	 loss=6.05380	 acc=100.000
[2024-09-02 07:48:59,776][train_vgg.py][line:331][INFO] Epoch:[178/230]	 Test acc=83.871
[2024-09-02 07:48:59,776][train_vgg.py][line:340][INFO] Best Test acc=85.685
[2024-09-02 07:50:07,824][train_vgg.py][line:323][INFO] Epoch:[179/230]	 loss=6.55150	 acc=100.000
[2024-09-02 07:50:10,719][train_vgg.py][line:331][INFO] Epoch:[179/230]	 Test acc=84.173
[2024-09-02 07:50:10,719][train_vgg.py][line:340][INFO] Best Test acc=85.685
[2024-09-02 07:51:18,767][train_vgg.py][line:323][INFO] Epoch:[180/230]	 loss=6.84834	 acc=100.000
[2024-09-02 07:51:21,630][train_vgg.py][line:331][INFO] Epoch:[180/230]	 Test acc=83.468
[2024-09-02 07:51:21,631][train_vgg.py][line:340][INFO] Best Test acc=85.685
[2024-09-02 07:52:29,803][train_vgg.py][line:323][INFO] Epoch:[181/230]	 loss=6.90555	 acc=100.000
[2024-09-02 07:52:32,672][train_vgg.py][line:331][INFO] Epoch:[181/230]	 Test acc=84.073
[2024-09-02 07:52:32,672][train_vgg.py][line:340][INFO] Best Test acc=85.685
[2024-09-02 07:53:39,892][train_vgg.py][line:323][INFO] Epoch:[182/230]	 loss=6.75884	 acc=100.000
[2024-09-02 07:53:42,790][train_vgg.py][line:331][INFO] Epoch:[182/230]	 Test acc=84.476
[2024-09-02 07:53:42,790][train_vgg.py][line:340][INFO] Best Test acc=85.685
[2024-09-02 07:54:50,770][train_vgg.py][line:323][INFO] Epoch:[183/230]	 loss=5.78545	 acc=100.000
[2024-09-02 07:54:53,632][train_vgg.py][line:331][INFO] Epoch:[183/230]	 Test acc=84.173
[2024-09-02 07:54:53,632][train_vgg.py][line:340][INFO] Best Test acc=85.685
[2024-09-02 07:56:01,821][train_vgg.py][line:323][INFO] Epoch:[184/230]	 loss=5.96161	 acc=100.000
[2024-09-02 07:56:04,731][train_vgg.py][line:331][INFO] Epoch:[184/230]	 Test acc=84.577
[2024-09-02 07:56:04,731][train_vgg.py][line:340][INFO] Best Test acc=85.685
[2024-09-02 07:57:12,954][train_vgg.py][line:323][INFO] Epoch:[185/230]	 loss=5.61959	 acc=100.000
[2024-09-02 07:57:15,812][train_vgg.py][line:331][INFO] Epoch:[185/230]	 Test acc=84.375
[2024-09-02 07:57:15,812][train_vgg.py][line:340][INFO] Best Test acc=85.685
[2024-09-02 07:58:24,045][train_vgg.py][line:323][INFO] Epoch:[186/230]	 loss=5.70844	 acc=100.000
[2024-09-02 07:58:26,919][train_vgg.py][line:331][INFO] Epoch:[186/230]	 Test acc=84.778
[2024-09-02 07:58:26,919][train_vgg.py][line:340][INFO] Best Test acc=85.685
[2024-09-02 07:59:35,050][train_vgg.py][line:323][INFO] Epoch:[187/230]	 loss=5.89564	 acc=100.000
[2024-09-02 07:59:37,967][train_vgg.py][line:331][INFO] Epoch:[187/230]	 Test acc=84.375
[2024-09-02 07:59:37,967][train_vgg.py][line:340][INFO] Best Test acc=85.685
[2024-09-02 08:00:46,184][train_vgg.py][line:323][INFO] Epoch:[188/230]	 loss=5.58924	 acc=100.000
[2024-09-02 08:00:49,070][train_vgg.py][line:331][INFO] Epoch:[188/230]	 Test acc=83.972
[2024-09-02 08:00:49,070][train_vgg.py][line:340][INFO] Best Test acc=85.685
[2024-09-02 08:01:57,264][train_vgg.py][line:323][INFO] Epoch:[189/230]	 loss=5.24019	 acc=100.000
[2024-09-02 08:02:00,142][train_vgg.py][line:331][INFO] Epoch:[189/230]	 Test acc=84.476
[2024-09-02 08:02:00,142][train_vgg.py][line:340][INFO] Best Test acc=85.685
[2024-09-02 08:03:08,443][train_vgg.py][line:323][INFO] Epoch:[190/230]	 loss=5.39685	 acc=100.000
[2024-09-02 08:03:11,311][train_vgg.py][line:331][INFO] Epoch:[190/230]	 Test acc=85.282
[2024-09-02 08:03:11,311][train_vgg.py][line:340][INFO] Best Test acc=85.685
[2024-09-02 08:04:19,516][train_vgg.py][line:323][INFO] Epoch:[191/230]	 loss=5.43550	 acc=100.000
[2024-09-02 08:04:22,406][train_vgg.py][line:331][INFO] Epoch:[191/230]	 Test acc=84.677
[2024-09-02 08:04:22,406][train_vgg.py][line:340][INFO] Best Test acc=85.685
[2024-09-02 08:05:30,539][train_vgg.py][line:323][INFO] Epoch:[192/230]	 loss=5.32144	 acc=100.000
[2024-09-02 08:05:33,447][train_vgg.py][line:331][INFO] Epoch:[192/230]	 Test acc=84.173
[2024-09-02 08:05:33,447][train_vgg.py][line:340][INFO] Best Test acc=85.685
[2024-09-02 08:06:41,614][train_vgg.py][line:323][INFO] Epoch:[193/230]	 loss=5.03077	 acc=100.000
[2024-09-02 08:06:44,489][train_vgg.py][line:331][INFO] Epoch:[193/230]	 Test acc=84.879
[2024-09-02 08:06:44,489][train_vgg.py][line:340][INFO] Best Test acc=85.685
[2024-09-02 08:07:52,678][train_vgg.py][line:323][INFO] Epoch:[194/230]	 loss=5.02869	 acc=100.000
[2024-09-02 08:07:55,556][train_vgg.py][line:331][INFO] Epoch:[194/230]	 Test acc=85.383
[2024-09-02 08:07:55,556][train_vgg.py][line:340][INFO] Best Test acc=85.685
[2024-09-02 08:09:03,738][train_vgg.py][line:323][INFO] Epoch:[195/230]	 loss=5.11996	 acc=100.000
[2024-09-02 08:09:06,629][train_vgg.py][line:331][INFO] Epoch:[195/230]	 Test acc=83.972
[2024-09-02 08:09:06,630][train_vgg.py][line:340][INFO] Best Test acc=85.685
[2024-09-02 08:10:14,880][train_vgg.py][line:323][INFO] Epoch:[196/230]	 loss=4.97331	 acc=100.000
[2024-09-02 08:10:17,751][train_vgg.py][line:331][INFO] Epoch:[196/230]	 Test acc=84.778
[2024-09-02 08:10:17,751][train_vgg.py][line:340][INFO] Best Test acc=85.685
[2024-09-02 08:11:25,951][train_vgg.py][line:323][INFO] Epoch:[197/230]	 loss=4.96541	 acc=100.000
[2024-09-02 08:11:28,820][train_vgg.py][line:331][INFO] Epoch:[197/230]	 Test acc=84.879
[2024-09-02 08:11:28,820][train_vgg.py][line:340][INFO] Best Test acc=85.685
[2024-09-02 08:12:36,903][train_vgg.py][line:323][INFO] Epoch:[198/230]	 loss=4.80883	 acc=100.000
[2024-09-02 08:12:39,802][train_vgg.py][line:331][INFO] Epoch:[198/230]	 Test acc=84.778
[2024-09-02 08:12:39,802][train_vgg.py][line:340][INFO] Best Test acc=85.685
[2024-09-02 08:13:47,863][train_vgg.py][line:323][INFO] Epoch:[199/230]	 loss=4.99335	 acc=100.000
[2024-09-02 08:13:50,742][train_vgg.py][line:331][INFO] Epoch:[199/230]	 Test acc=84.476
[2024-09-02 08:13:50,743][train_vgg.py][line:340][INFO] Best Test acc=85.685
[2024-09-02 08:14:58,791][train_vgg.py][line:323][INFO] Epoch:[200/230]	 loss=4.99580	 acc=100.000
[2024-09-02 08:15:01,651][train_vgg.py][line:331][INFO] Epoch:[200/230]	 Test acc=83.871
[2024-09-02 08:15:01,652][train_vgg.py][line:340][INFO] Best Test acc=85.685
[2024-09-02 08:16:09,645][train_vgg.py][line:323][INFO] Epoch:[201/230]	 loss=4.84108	 acc=100.000
[2024-09-02 08:16:12,527][train_vgg.py][line:331][INFO] Epoch:[201/230]	 Test acc=85.484
[2024-09-02 08:16:12,527][train_vgg.py][line:340][INFO] Best Test acc=85.685
[2024-09-02 08:17:19,634][train_vgg.py][line:323][INFO] Epoch:[202/230]	 loss=4.75320	 acc=100.000
[2024-09-02 08:17:22,488][train_vgg.py][line:331][INFO] Epoch:[202/230]	 Test acc=84.778
[2024-09-02 08:17:22,488][train_vgg.py][line:340][INFO] Best Test acc=85.685
[2024-09-02 08:18:30,425][train_vgg.py][line:323][INFO] Epoch:[203/230]	 loss=4.77963	 acc=100.000
[2024-09-02 08:18:33,288][train_vgg.py][line:331][INFO] Epoch:[203/230]	 Test acc=85.181
[2024-09-02 08:18:33,288][train_vgg.py][line:340][INFO] Best Test acc=85.685
[2024-09-02 08:19:41,295][train_vgg.py][line:323][INFO] Epoch:[204/230]	 loss=4.85204	 acc=100.000
[2024-09-02 08:19:44,183][train_vgg.py][line:331][INFO] Epoch:[204/230]	 Test acc=84.274
[2024-09-02 08:19:44,183][train_vgg.py][line:340][INFO] Best Test acc=85.685
[2024-09-02 08:20:52,295][train_vgg.py][line:323][INFO] Epoch:[205/230]	 loss=4.79246	 acc=100.000
[2024-09-02 08:20:55,185][train_vgg.py][line:331][INFO] Epoch:[205/230]	 Test acc=84.577
[2024-09-02 08:20:55,185][train_vgg.py][line:340][INFO] Best Test acc=85.685
[2024-09-02 08:22:03,189][train_vgg.py][line:323][INFO] Epoch:[206/230]	 loss=4.77364	 acc=100.000
[2024-09-02 08:22:06,106][train_vgg.py][line:331][INFO] Epoch:[206/230]	 Test acc=84.577
[2024-09-02 08:22:06,106][train_vgg.py][line:340][INFO] Best Test acc=85.685
[2024-09-02 08:23:14,173][train_vgg.py][line:323][INFO] Epoch:[207/230]	 loss=4.85355	 acc=100.000
[2024-09-02 08:23:17,023][train_vgg.py][line:331][INFO] Epoch:[207/230]	 Test acc=85.282
[2024-09-02 08:23:17,024][train_vgg.py][line:340][INFO] Best Test acc=85.685
[2024-09-02 08:24:25,090][train_vgg.py][line:323][INFO] Epoch:[208/230]	 loss=4.77373	 acc=100.000
[2024-09-02 08:24:27,970][train_vgg.py][line:331][INFO] Epoch:[208/230]	 Test acc=84.173
[2024-09-02 08:24:27,970][train_vgg.py][line:340][INFO] Best Test acc=85.685
[2024-09-02 08:25:35,934][train_vgg.py][line:323][INFO] Epoch:[209/230]	 loss=4.79231	 acc=100.000
[2024-09-02 08:25:38,810][train_vgg.py][line:331][INFO] Epoch:[209/230]	 Test acc=84.778
[2024-09-02 08:25:38,810][train_vgg.py][line:340][INFO] Best Test acc=85.685
[2024-09-02 08:26:46,756][train_vgg.py][line:323][INFO] Epoch:[210/230]	 loss=4.76576	 acc=100.000
[2024-09-02 08:26:49,601][train_vgg.py][line:331][INFO] Epoch:[210/230]	 Test acc=84.476
[2024-09-02 08:26:49,601][train_vgg.py][line:340][INFO] Best Test acc=85.685
[2024-09-02 08:27:57,501][train_vgg.py][line:323][INFO] Epoch:[211/230]	 loss=4.63265	 acc=100.000
[2024-09-02 08:28:00,355][train_vgg.py][line:331][INFO] Epoch:[211/230]	 Test acc=85.081
[2024-09-02 08:28:00,355][train_vgg.py][line:340][INFO] Best Test acc=85.685
[2024-09-02 08:29:08,530][train_vgg.py][line:323][INFO] Epoch:[212/230]	 loss=4.66987	 acc=100.000
[2024-09-02 08:29:11,491][train_vgg.py][line:331][INFO] Epoch:[212/230]	 Test acc=84.980
[2024-09-02 08:29:11,491][train_vgg.py][line:340][INFO] Best Test acc=85.685
[2024-09-02 08:30:18,355][train_vgg.py][line:323][INFO] Epoch:[213/230]	 loss=4.69117	 acc=100.000
[2024-09-02 08:30:21,205][train_vgg.py][line:331][INFO] Epoch:[213/230]	 Test acc=84.879
[2024-09-02 08:30:21,205][train_vgg.py][line:340][INFO] Best Test acc=85.685
[2024-09-02 08:31:28,774][train_vgg.py][line:323][INFO] Epoch:[214/230]	 loss=4.66556	 acc=100.000
[2024-09-02 08:31:31,634][train_vgg.py][line:331][INFO] Epoch:[214/230]	 Test acc=85.383
[2024-09-02 08:31:31,635][train_vgg.py][line:340][INFO] Best Test acc=85.685
[2024-09-02 08:32:39,103][train_vgg.py][line:323][INFO] Epoch:[215/230]	 loss=4.63124	 acc=100.000
[2024-09-02 08:32:41,947][train_vgg.py][line:331][INFO] Epoch:[215/230]	 Test acc=84.577
[2024-09-02 08:32:41,947][train_vgg.py][line:340][INFO] Best Test acc=85.685
[2024-09-02 08:33:49,211][train_vgg.py][line:323][INFO] Epoch:[216/230]	 loss=4.62732	 acc=100.000
[2024-09-02 08:33:52,045][train_vgg.py][line:331][INFO] Epoch:[216/230]	 Test acc=85.383
[2024-09-02 08:33:52,045][train_vgg.py][line:340][INFO] Best Test acc=85.685
[2024-09-02 08:34:59,175][train_vgg.py][line:323][INFO] Epoch:[217/230]	 loss=4.69319	 acc=100.000
[2024-09-02 08:35:02,014][train_vgg.py][line:331][INFO] Epoch:[217/230]	 Test acc=84.879
[2024-09-02 08:35:02,014][train_vgg.py][line:340][INFO] Best Test acc=85.685
[2024-09-02 08:36:09,020][train_vgg.py][line:323][INFO] Epoch:[218/230]	 loss=4.71126	 acc=100.000
[2024-09-02 08:36:11,866][train_vgg.py][line:331][INFO] Epoch:[218/230]	 Test acc=85.081
[2024-09-02 08:36:11,866][train_vgg.py][line:340][INFO] Best Test acc=85.685
[2024-09-02 08:37:18,775][train_vgg.py][line:323][INFO] Epoch:[219/230]	 loss=4.57737	 acc=100.000
[2024-09-02 08:37:21,608][train_vgg.py][line:331][INFO] Epoch:[219/230]	 Test acc=84.476
[2024-09-02 08:37:21,608][train_vgg.py][line:340][INFO] Best Test acc=85.685
[2024-09-02 08:38:28,508][train_vgg.py][line:323][INFO] Epoch:[220/230]	 loss=4.64673	 acc=100.000
[2024-09-02 08:38:31,351][train_vgg.py][line:331][INFO] Epoch:[220/230]	 Test acc=85.988
[2024-09-02 08:38:31,352][train_vgg.py][line:340][INFO] Best Test acc=85.988
[2024-09-02 08:39:38,297][train_vgg.py][line:323][INFO] Epoch:[221/230]	 loss=4.60241	 acc=100.000
[2024-09-02 08:39:41,155][train_vgg.py][line:331][INFO] Epoch:[221/230]	 Test acc=85.081
[2024-09-02 08:39:41,155][train_vgg.py][line:340][INFO] Best Test acc=85.988
[2024-09-02 08:40:48,100][train_vgg.py][line:323][INFO] Epoch:[222/230]	 loss=4.59518	 acc=100.000
[2024-09-02 08:40:50,955][train_vgg.py][line:331][INFO] Epoch:[222/230]	 Test acc=85.181
[2024-09-02 08:40:50,956][train_vgg.py][line:340][INFO] Best Test acc=85.988
[2024-09-02 08:41:57,849][train_vgg.py][line:323][INFO] Epoch:[223/230]	 loss=4.56144	 acc=100.000
[2024-09-02 08:42:00,685][train_vgg.py][line:331][INFO] Epoch:[223/230]	 Test acc=84.778
[2024-09-02 08:42:00,685][train_vgg.py][line:340][INFO] Best Test acc=85.988
[2024-09-02 08:43:07,481][train_vgg.py][line:323][INFO] Epoch:[224/230]	 loss=4.59621	 acc=100.000
[2024-09-02 08:43:10,313][train_vgg.py][line:331][INFO] Epoch:[224/230]	 Test acc=85.383
[2024-09-02 08:43:10,313][train_vgg.py][line:340][INFO] Best Test acc=85.988
[2024-09-02 08:44:17,155][train_vgg.py][line:323][INFO] Epoch:[225/230]	 loss=4.54067	 acc=100.000
[2024-09-02 08:44:19,979][train_vgg.py][line:331][INFO] Epoch:[225/230]	 Test acc=84.375
[2024-09-02 08:44:19,979][train_vgg.py][line:340][INFO] Best Test acc=85.988
[2024-09-02 08:45:26,794][train_vgg.py][line:323][INFO] Epoch:[226/230]	 loss=4.61532	 acc=100.000
[2024-09-02 08:45:29,616][train_vgg.py][line:331][INFO] Epoch:[226/230]	 Test acc=84.677
[2024-09-02 08:45:29,616][train_vgg.py][line:340][INFO] Best Test acc=85.988
[2024-09-02 08:46:36,410][train_vgg.py][line:323][INFO] Epoch:[227/230]	 loss=4.58493	 acc=100.000
[2024-09-02 08:46:39,239][train_vgg.py][line:331][INFO] Epoch:[227/230]	 Test acc=84.980
[2024-09-02 08:46:39,239][train_vgg.py][line:340][INFO] Best Test acc=85.988
[2024-09-02 08:47:46,073][train_vgg.py][line:323][INFO] Epoch:[228/230]	 loss=4.65921	 acc=100.000
[2024-09-02 08:47:48,913][train_vgg.py][line:331][INFO] Epoch:[228/230]	 Test acc=84.476
[2024-09-02 08:47:48,913][train_vgg.py][line:340][INFO] Best Test acc=85.988
[2024-09-02 08:48:55,774][train_vgg.py][line:323][INFO] Epoch:[229/230]	 loss=4.61268	 acc=100.000
[2024-09-02 08:48:58,590][train_vgg.py][line:331][INFO] Epoch:[229/230]	 Test acc=85.081
[2024-09-02 08:48:58,591][train_vgg.py][line:340][INFO] Best Test acc=85.988
