[2024-09-01 22:23:12,950][train_vgg.py][line:315][INFO] start training!
[2024-09-01 22:24:34,567][train_vgg.py][line:323][INFO] Epoch:[0/230]	 loss=541.95032	 acc=30.805
[2024-09-01 22:24:37,362][train_vgg.py][line:331][INFO] Epoch:[0/230]	 Test acc=29.032
[2024-09-01 22:24:37,362][train_vgg.py][line:340][INFO] Best Test acc=29.032
[2024-09-01 22:25:59,287][train_vgg.py][line:323][INFO] Epoch:[1/230]	 loss=455.98332	 acc=44.362
[2024-09-01 22:26:02,069][train_vgg.py][line:331][INFO] Epoch:[1/230]	 Test acc=46.371
[2024-09-01 22:26:02,069][train_vgg.py][line:340][INFO] Best Test acc=46.371
[2024-09-01 22:27:24,283][train_vgg.py][line:323][INFO] Epoch:[2/230]	 loss=406.31618	 acc=51.423
[2024-09-01 22:27:27,089][train_vgg.py][line:331][INFO] Epoch:[2/230]	 Test acc=56.351
[2024-09-01 22:27:27,090][train_vgg.py][line:340][INFO] Best Test acc=56.351
[2024-09-01 22:28:49,239][train_vgg.py][line:323][INFO] Epoch:[3/230]	 loss=372.93398	 acc=56.561
[2024-09-01 22:28:52,066][train_vgg.py][line:331][INFO] Epoch:[3/230]	 Test acc=63.206
[2024-09-01 22:28:52,066][train_vgg.py][line:340][INFO] Best Test acc=63.206
[2024-09-01 22:30:14,565][train_vgg.py][line:323][INFO] Epoch:[4/230]	 loss=347.56887	 acc=60.398
[2024-09-01 22:30:17,373][train_vgg.py][line:331][INFO] Epoch:[4/230]	 Test acc=65.726
[2024-09-01 22:30:17,373][train_vgg.py][line:340][INFO] Best Test acc=65.726
[2024-09-01 22:31:40,180][train_vgg.py][line:323][INFO] Epoch:[5/230]	 loss=318.73810	 acc=64.168
[2024-09-01 22:31:43,009][train_vgg.py][line:331][INFO] Epoch:[5/230]	 Test acc=64.415
[2024-09-01 22:31:43,009][train_vgg.py][line:340][INFO] Best Test acc=65.726
[2024-09-01 22:33:05,844][train_vgg.py][line:323][INFO] Epoch:[6/230]	 loss=308.24000	 acc=65.914
[2024-09-01 22:33:08,689][train_vgg.py][line:331][INFO] Epoch:[6/230]	 Test acc=68.145
[2024-09-01 22:33:08,689][train_vgg.py][line:340][INFO] Best Test acc=68.145
[2024-09-01 22:34:31,925][train_vgg.py][line:323][INFO] Epoch:[7/230]	 loss=302.89547	 acc=67.349
[2024-09-01 22:34:34,784][train_vgg.py][line:331][INFO] Epoch:[7/230]	 Test acc=66.028
[2024-09-01 22:34:34,784][train_vgg.py][line:340][INFO] Best Test acc=68.145
[2024-09-01 22:35:57,905][train_vgg.py][line:323][INFO] Epoch:[8/230]	 loss=290.52671	 acc=69.417
[2024-09-01 22:36:00,751][train_vgg.py][line:331][INFO] Epoch:[8/230]	 Test acc=66.935
[2024-09-01 22:36:00,752][train_vgg.py][line:340][INFO] Best Test acc=68.145
[2024-09-01 22:37:23,723][train_vgg.py][line:323][INFO] Epoch:[9/230]	 loss=275.89981	 acc=70.663
[2024-09-01 22:37:26,556][train_vgg.py][line:331][INFO] Epoch:[9/230]	 Test acc=67.137
[2024-09-01 22:37:26,556][train_vgg.py][line:340][INFO] Best Test acc=68.145
[2024-09-01 22:38:49,464][train_vgg.py][line:323][INFO] Epoch:[10/230]	 loss=263.72562	 acc=72.286
[2024-09-01 22:38:52,272][train_vgg.py][line:331][INFO] Epoch:[10/230]	 Test acc=56.552
[2024-09-01 22:38:52,272][train_vgg.py][line:340][INFO] Best Test acc=68.145
[2024-09-01 22:40:14,786][train_vgg.py][line:323][INFO] Epoch:[11/230]	 loss=259.23618	 acc=73.599
[2024-09-01 22:40:17,609][train_vgg.py][line:331][INFO] Epoch:[11/230]	 Test acc=69.960
[2024-09-01 22:40:17,609][train_vgg.py][line:340][INFO] Best Test acc=69.960
[2024-09-01 22:41:40,100][train_vgg.py][line:323][INFO] Epoch:[12/230]	 loss=264.87565	 acc=72.665
[2024-09-01 22:41:42,935][train_vgg.py][line:331][INFO] Epoch:[12/230]	 Test acc=67.137
[2024-09-01 22:41:42,935][train_vgg.py][line:340][INFO] Best Test acc=69.960
[2024-09-01 22:43:05,595][train_vgg.py][line:323][INFO] Epoch:[13/230]	 loss=273.20535	 acc=72.008
[2024-09-01 22:43:08,423][train_vgg.py][line:331][INFO] Epoch:[13/230]	 Test acc=68.448
[2024-09-01 22:43:08,423][train_vgg.py][line:340][INFO] Best Test acc=69.960
[2024-09-01 22:44:31,036][train_vgg.py][line:323][INFO] Epoch:[14/230]	 loss=257.37735	 acc=73.387
[2024-09-01 22:44:33,860][train_vgg.py][line:331][INFO] Epoch:[14/230]	 Test acc=70.665
[2024-09-01 22:44:33,860][train_vgg.py][line:340][INFO] Best Test acc=70.665
[2024-09-01 22:45:56,503][train_vgg.py][line:323][INFO] Epoch:[15/230]	 loss=249.13618	 acc=75.156
[2024-09-01 22:45:59,334][train_vgg.py][line:331][INFO] Epoch:[15/230]	 Test acc=70.262
[2024-09-01 22:45:59,334][train_vgg.py][line:340][INFO] Best Test acc=70.665
[2024-09-01 22:47:21,811][train_vgg.py][line:323][INFO] Epoch:[16/230]	 loss=248.37195	 acc=74.989
[2024-09-01 22:47:24,660][train_vgg.py][line:331][INFO] Epoch:[16/230]	 Test acc=61.089
[2024-09-01 22:47:24,660][train_vgg.py][line:340][INFO] Best Test acc=70.665
[2024-09-01 22:48:47,043][train_vgg.py][line:323][INFO] Epoch:[17/230]	 loss=244.85671	 acc=75.456
[2024-09-01 22:48:49,847][train_vgg.py][line:331][INFO] Epoch:[17/230]	 Test acc=60.081
[2024-09-01 22:48:49,848][train_vgg.py][line:340][INFO] Best Test acc=70.665
[2024-09-01 22:50:12,264][train_vgg.py][line:323][INFO] Epoch:[18/230]	 loss=238.84093	 acc=76.290
[2024-09-01 22:50:15,075][train_vgg.py][line:331][INFO] Epoch:[18/230]	 Test acc=64.819
[2024-09-01 22:50:15,075][train_vgg.py][line:340][INFO] Best Test acc=70.665
[2024-09-01 22:51:37,472][train_vgg.py][line:323][INFO] Epoch:[19/230]	 loss=237.06009	 acc=76.935
[2024-09-01 22:51:40,278][train_vgg.py][line:331][INFO] Epoch:[19/230]	 Test acc=68.448
[2024-09-01 22:51:40,278][train_vgg.py][line:340][INFO] Best Test acc=70.665
[2024-09-01 22:53:02,706][train_vgg.py][line:323][INFO] Epoch:[20/230]	 loss=233.00574	 acc=77.069
[2024-09-01 22:53:05,532][train_vgg.py][line:331][INFO] Epoch:[20/230]	 Test acc=74.496
[2024-09-01 22:53:05,532][train_vgg.py][line:340][INFO] Best Test acc=74.496
[2024-09-01 22:54:27,838][train_vgg.py][line:323][INFO] Epoch:[21/230]	 loss=225.87409	 acc=78.603
[2024-09-01 22:54:30,670][train_vgg.py][line:331][INFO] Epoch:[21/230]	 Test acc=72.681
[2024-09-01 22:54:30,670][train_vgg.py][line:340][INFO] Best Test acc=74.496
[2024-09-01 22:55:52,946][train_vgg.py][line:323][INFO] Epoch:[22/230]	 loss=232.80876	 acc=77.613
[2024-09-01 22:55:55,780][train_vgg.py][line:331][INFO] Epoch:[22/230]	 Test acc=68.750
[2024-09-01 22:55:55,781][train_vgg.py][line:340][INFO] Best Test acc=74.496
[2024-09-01 22:57:17,897][train_vgg.py][line:323][INFO] Epoch:[23/230]	 loss=231.46315	 acc=77.736
[2024-09-01 22:57:20,707][train_vgg.py][line:331][INFO] Epoch:[23/230]	 Test acc=62.298
[2024-09-01 22:57:20,708][train_vgg.py][line:340][INFO] Best Test acc=74.496
[2024-09-01 22:58:43,166][train_vgg.py][line:323][INFO] Epoch:[24/230]	 loss=220.83417	 acc=79.037
[2024-09-01 22:58:45,976][train_vgg.py][line:331][INFO] Epoch:[24/230]	 Test acc=66.230
[2024-09-01 22:58:45,977][train_vgg.py][line:340][INFO] Best Test acc=74.496
[2024-09-01 23:00:08,423][train_vgg.py][line:323][INFO] Epoch:[25/230]	 loss=217.83748	 acc=79.382
[2024-09-01 23:00:11,230][train_vgg.py][line:331][INFO] Epoch:[25/230]	 Test acc=71.774
[2024-09-01 23:00:11,230][train_vgg.py][line:340][INFO] Best Test acc=74.496
[2024-09-01 23:01:33,608][train_vgg.py][line:323][INFO] Epoch:[26/230]	 loss=210.10230	 acc=80.371
[2024-09-01 23:01:36,428][train_vgg.py][line:331][INFO] Epoch:[26/230]	 Test acc=76.310
[2024-09-01 23:01:36,429][train_vgg.py][line:340][INFO] Best Test acc=76.310
[2024-09-01 23:02:58,697][train_vgg.py][line:323][INFO] Epoch:[27/230]	 loss=202.96309	 acc=81.484
[2024-09-01 23:03:01,506][train_vgg.py][line:331][INFO] Epoch:[27/230]	 Test acc=71.472
[2024-09-01 23:03:01,506][train_vgg.py][line:340][INFO] Best Test acc=76.310
[2024-09-01 23:04:23,646][train_vgg.py][line:323][INFO] Epoch:[28/230]	 loss=207.81437	 acc=80.572
[2024-09-01 23:04:26,445][train_vgg.py][line:331][INFO] Epoch:[28/230]	 Test acc=61.996
[2024-09-01 23:04:26,446][train_vgg.py][line:340][INFO] Best Test acc=76.310
[2024-09-01 23:05:48,561][train_vgg.py][line:323][INFO] Epoch:[29/230]	 loss=229.04615	 acc=79.093
[2024-09-01 23:05:51,360][train_vgg.py][line:331][INFO] Epoch:[29/230]	 Test acc=76.512
[2024-09-01 23:05:51,360][train_vgg.py][line:340][INFO] Best Test acc=76.512
[2024-09-01 23:07:13,246][train_vgg.py][line:323][INFO] Epoch:[30/230]	 loss=202.31199	 acc=81.417
[2024-09-01 23:07:16,046][train_vgg.py][line:331][INFO] Epoch:[30/230]	 Test acc=74.899
[2024-09-01 23:07:16,046][train_vgg.py][line:340][INFO] Best Test acc=76.512
[2024-09-01 23:08:38,032][train_vgg.py][line:323][INFO] Epoch:[31/230]	 loss=192.12396	 acc=82.751
[2024-09-01 23:08:40,833][train_vgg.py][line:331][INFO] Epoch:[31/230]	 Test acc=73.085
[2024-09-01 23:08:40,833][train_vgg.py][line:340][INFO] Best Test acc=76.512
[2024-09-01 23:10:02,943][train_vgg.py][line:323][INFO] Epoch:[32/230]	 loss=190.99555	 acc=83.007
[2024-09-01 23:10:05,769][train_vgg.py][line:331][INFO] Epoch:[32/230]	 Test acc=70.867
[2024-09-01 23:10:05,769][train_vgg.py][line:340][INFO] Best Test acc=76.512
[2024-09-01 23:11:27,722][train_vgg.py][line:323][INFO] Epoch:[33/230]	 loss=204.93188	 acc=81.573
[2024-09-01 23:11:30,524][train_vgg.py][line:331][INFO] Epoch:[33/230]	 Test acc=73.387
[2024-09-01 23:11:30,525][train_vgg.py][line:340][INFO] Best Test acc=76.512
[2024-09-01 23:12:52,458][train_vgg.py][line:323][INFO] Epoch:[34/230]	 loss=189.75508	 acc=83.263
[2024-09-01 23:12:55,245][train_vgg.py][line:331][INFO] Epoch:[34/230]	 Test acc=74.395
[2024-09-01 23:12:55,245][train_vgg.py][line:340][INFO] Best Test acc=76.512
[2024-09-01 23:14:17,143][train_vgg.py][line:323][INFO] Epoch:[35/230]	 loss=173.97430	 acc=84.720
[2024-09-01 23:14:19,945][train_vgg.py][line:331][INFO] Epoch:[35/230]	 Test acc=68.246
[2024-09-01 23:14:19,945][train_vgg.py][line:340][INFO] Best Test acc=76.512
[2024-09-01 23:15:41,854][train_vgg.py][line:323][INFO] Epoch:[36/230]	 loss=182.38711	 acc=84.620
[2024-09-01 23:15:44,677][train_vgg.py][line:331][INFO] Epoch:[36/230]	 Test acc=65.827
[2024-09-01 23:15:44,677][train_vgg.py][line:340][INFO] Best Test acc=76.512
[2024-09-01 23:17:06,629][train_vgg.py][line:323][INFO] Epoch:[37/230]	 loss=182.45277	 acc=84.520
[2024-09-01 23:17:09,426][train_vgg.py][line:331][INFO] Epoch:[37/230]	 Test acc=62.903
[2024-09-01 23:17:09,427][train_vgg.py][line:340][INFO] Best Test acc=76.512
[2024-09-01 23:18:31,357][train_vgg.py][line:323][INFO] Epoch:[38/230]	 loss=173.75157	 acc=85.376
[2024-09-01 23:18:34,155][train_vgg.py][line:331][INFO] Epoch:[38/230]	 Test acc=77.722
[2024-09-01 23:18:34,155][train_vgg.py][line:340][INFO] Best Test acc=77.722
[2024-09-01 23:19:56,199][train_vgg.py][line:323][INFO] Epoch:[39/230]	 loss=176.49297	 acc=84.786
[2024-09-01 23:19:58,995][train_vgg.py][line:331][INFO] Epoch:[39/230]	 Test acc=73.185
[2024-09-01 23:19:58,996][train_vgg.py][line:340][INFO] Best Test acc=77.722
[2024-09-01 23:21:20,961][train_vgg.py][line:323][INFO] Epoch:[40/230]	 loss=179.05330	 acc=84.620
[2024-09-01 23:21:23,777][train_vgg.py][line:331][INFO] Epoch:[40/230]	 Test acc=69.456
[2024-09-01 23:21:23,777][train_vgg.py][line:340][INFO] Best Test acc=77.722
[2024-09-01 23:22:45,748][train_vgg.py][line:323][INFO] Epoch:[41/230]	 loss=178.63684	 acc=85.276
[2024-09-01 23:22:48,539][train_vgg.py][line:331][INFO] Epoch:[41/230]	 Test acc=61.794
[2024-09-01 23:22:48,539][train_vgg.py][line:340][INFO] Best Test acc=77.722
[2024-09-01 23:24:10,489][train_vgg.py][line:323][INFO] Epoch:[42/230]	 loss=184.53420	 acc=84.486
[2024-09-01 23:24:13,280][train_vgg.py][line:331][INFO] Epoch:[42/230]	 Test acc=72.782
[2024-09-01 23:24:13,280][train_vgg.py][line:340][INFO] Best Test acc=77.722
[2024-09-01 23:25:35,202][train_vgg.py][line:323][INFO] Epoch:[43/230]	 loss=185.23646	 acc=83.986
[2024-09-01 23:25:38,026][train_vgg.py][line:331][INFO] Epoch:[43/230]	 Test acc=69.859
[2024-09-01 23:25:38,026][train_vgg.py][line:340][INFO] Best Test acc=77.722
[2024-09-01 23:27:00,003][train_vgg.py][line:323][INFO] Epoch:[44/230]	 loss=165.04637	 acc=86.421
[2024-09-01 23:27:02,801][train_vgg.py][line:331][INFO] Epoch:[44/230]	 Test acc=74.294
[2024-09-01 23:27:02,801][train_vgg.py][line:340][INFO] Best Test acc=77.722
[2024-09-01 23:28:24,795][train_vgg.py][line:323][INFO] Epoch:[45/230]	 loss=156.81171	 acc=87.200
[2024-09-01 23:28:27,606][train_vgg.py][line:331][INFO] Epoch:[45/230]	 Test acc=72.480
[2024-09-01 23:28:27,606][train_vgg.py][line:340][INFO] Best Test acc=77.722
[2024-09-01 23:29:49,687][train_vgg.py][line:323][INFO] Epoch:[46/230]	 loss=168.27851	 acc=86.188
[2024-09-01 23:29:52,484][train_vgg.py][line:331][INFO] Epoch:[46/230]	 Test acc=76.008
[2024-09-01 23:29:52,484][train_vgg.py][line:340][INFO] Best Test acc=77.722
[2024-09-01 23:31:15,150][train_vgg.py][line:323][INFO] Epoch:[47/230]	 loss=162.04084	 acc=86.499
[2024-09-01 23:31:17,993][train_vgg.py][line:331][INFO] Epoch:[47/230]	 Test acc=79.133
[2024-09-01 23:31:17,994][train_vgg.py][line:340][INFO] Best Test acc=79.133
[2024-09-01 23:32:41,259][train_vgg.py][line:323][INFO] Epoch:[48/230]	 loss=166.71931	 acc=86.788
[2024-09-01 23:32:44,079][train_vgg.py][line:331][INFO] Epoch:[48/230]	 Test acc=74.093
[2024-09-01 23:32:44,079][train_vgg.py][line:340][INFO] Best Test acc=79.133
[2024-09-01 23:34:07,806][train_vgg.py][line:323][INFO] Epoch:[49/230]	 loss=159.77630	 acc=86.877
[2024-09-01 23:34:10,690][train_vgg.py][line:331][INFO] Epoch:[49/230]	 Test acc=75.302
[2024-09-01 23:34:10,691][train_vgg.py][line:340][INFO] Best Test acc=79.133
[2024-09-01 23:35:33,755][train_vgg.py][line:323][INFO] Epoch:[50/230]	 loss=158.58841	 acc=87.255
[2024-09-01 23:35:36,604][train_vgg.py][line:331][INFO] Epoch:[50/230]	 Test acc=61.794
[2024-09-01 23:35:36,604][train_vgg.py][line:340][INFO] Best Test acc=79.133
[2024-09-01 23:37:00,551][train_vgg.py][line:323][INFO] Epoch:[51/230]	 loss=146.79363	 acc=88.523
[2024-09-01 23:37:03,422][train_vgg.py][line:331][INFO] Epoch:[51/230]	 Test acc=77.319
[2024-09-01 23:37:03,422][train_vgg.py][line:340][INFO] Best Test acc=79.133
[2024-09-01 23:38:27,448][train_vgg.py][line:323][INFO] Epoch:[52/230]	 loss=164.59151	 acc=87.166
[2024-09-01 23:38:30,299][train_vgg.py][line:331][INFO] Epoch:[52/230]	 Test acc=66.835
[2024-09-01 23:38:30,299][train_vgg.py][line:340][INFO] Best Test acc=79.133
[2024-09-01 23:39:54,598][train_vgg.py][line:323][INFO] Epoch:[53/230]	 loss=165.52457	 acc=87.200
[2024-09-01 23:39:57,460][train_vgg.py][line:331][INFO] Epoch:[53/230]	 Test acc=67.742
[2024-09-01 23:39:57,460][train_vgg.py][line:340][INFO] Best Test acc=79.133
[2024-09-01 23:41:21,880][train_vgg.py][line:323][INFO] Epoch:[54/230]	 loss=167.45139	 acc=86.588
[2024-09-01 23:41:24,746][train_vgg.py][line:331][INFO] Epoch:[54/230]	 Test acc=77.823
[2024-09-01 23:41:24,747][train_vgg.py][line:340][INFO] Best Test acc=79.133
[2024-09-01 23:42:49,200][train_vgg.py][line:323][INFO] Epoch:[55/230]	 loss=149.90099	 acc=88.623
[2024-09-01 23:42:52,121][train_vgg.py][line:331][INFO] Epoch:[55/230]	 Test acc=77.117
[2024-09-01 23:42:52,121][train_vgg.py][line:340][INFO] Best Test acc=79.133
[2024-09-01 23:44:16,579][train_vgg.py][line:323][INFO] Epoch:[56/230]	 loss=143.33536	 acc=89.135
[2024-09-01 23:44:19,479][train_vgg.py][line:331][INFO] Epoch:[56/230]	 Test acc=71.169
[2024-09-01 23:44:19,479][train_vgg.py][line:340][INFO] Best Test acc=79.133
[2024-09-01 23:45:43,957][train_vgg.py][line:323][INFO] Epoch:[57/230]	 loss=141.75392	 acc=89.435
[2024-09-01 23:45:46,834][train_vgg.py][line:331][INFO] Epoch:[57/230]	 Test acc=69.960
[2024-09-01 23:45:46,835][train_vgg.py][line:340][INFO] Best Test acc=79.133
[2024-09-01 23:47:11,389][train_vgg.py][line:323][INFO] Epoch:[58/230]	 loss=142.53797	 acc=89.368
[2024-09-01 23:47:14,309][train_vgg.py][line:331][INFO] Epoch:[58/230]	 Test acc=75.202
[2024-09-01 23:47:14,309][train_vgg.py][line:340][INFO] Best Test acc=79.133
[2024-09-01 23:48:38,833][train_vgg.py][line:323][INFO] Epoch:[59/230]	 loss=161.75158	 acc=87.289
[2024-09-01 23:48:41,715][train_vgg.py][line:331][INFO] Epoch:[59/230]	 Test acc=77.016
[2024-09-01 23:48:41,715][train_vgg.py][line:340][INFO] Best Test acc=79.133
[2024-09-01 23:50:06,363][train_vgg.py][line:323][INFO] Epoch:[60/230]	 loss=141.76093	 acc=89.424
[2024-09-01 23:50:09,239][train_vgg.py][line:331][INFO] Epoch:[60/230]	 Test acc=77.117
[2024-09-01 23:50:09,240][train_vgg.py][line:340][INFO] Best Test acc=79.133
[2024-09-01 23:51:33,988][train_vgg.py][line:323][INFO] Epoch:[61/230]	 loss=140.91937	 acc=89.891
[2024-09-01 23:51:36,864][train_vgg.py][line:331][INFO] Epoch:[61/230]	 Test acc=75.403
[2024-09-01 23:51:36,864][train_vgg.py][line:340][INFO] Best Test acc=79.133
[2024-09-01 23:53:01,696][train_vgg.py][line:323][INFO] Epoch:[62/230]	 loss=144.59445	 acc=89.457
[2024-09-01 23:53:04,623][train_vgg.py][line:331][INFO] Epoch:[62/230]	 Test acc=77.117
[2024-09-01 23:53:04,623][train_vgg.py][line:340][INFO] Best Test acc=79.133
[2024-09-01 23:54:29,464][train_vgg.py][line:323][INFO] Epoch:[63/230]	 loss=126.97165	 acc=91.270
[2024-09-01 23:54:32,352][train_vgg.py][line:331][INFO] Epoch:[63/230]	 Test acc=79.435
[2024-09-01 23:54:32,352][train_vgg.py][line:340][INFO] Best Test acc=79.435
[2024-09-01 23:55:57,083][train_vgg.py][line:323][INFO] Epoch:[64/230]	 loss=144.58604	 acc=89.213
[2024-09-01 23:55:59,971][train_vgg.py][line:331][INFO] Epoch:[64/230]	 Test acc=75.907
[2024-09-01 23:55:59,971][train_vgg.py][line:340][INFO] Best Test acc=79.435
[2024-09-01 23:57:24,497][train_vgg.py][line:323][INFO] Epoch:[65/230]	 loss=139.90169	 acc=90.236
[2024-09-01 23:57:27,376][train_vgg.py][line:331][INFO] Epoch:[65/230]	 Test acc=77.117
[2024-09-01 23:57:27,377][train_vgg.py][line:340][INFO] Best Test acc=79.435
[2024-09-01 23:58:51,856][train_vgg.py][line:323][INFO] Epoch:[66/230]	 loss=146.76031	 acc=89.524
[2024-09-01 23:58:54,763][train_vgg.py][line:331][INFO] Epoch:[66/230]	 Test acc=76.411
[2024-09-01 23:58:54,763][train_vgg.py][line:340][INFO] Best Test acc=79.435
[2024-09-02 00:00:19,542][train_vgg.py][line:323][INFO] Epoch:[67/230]	 loss=142.50353	 acc=89.435
[2024-09-02 00:00:22,392][train_vgg.py][line:331][INFO] Epoch:[67/230]	 Test acc=72.379
[2024-09-02 00:00:22,392][train_vgg.py][line:340][INFO] Best Test acc=79.435
[2024-09-02 00:01:47,035][train_vgg.py][line:323][INFO] Epoch:[68/230]	 loss=129.57033	 acc=90.692
[2024-09-02 00:01:49,903][train_vgg.py][line:331][INFO] Epoch:[68/230]	 Test acc=72.782
[2024-09-02 00:01:49,903][train_vgg.py][line:340][INFO] Best Test acc=79.435
[2024-09-02 00:03:14,528][train_vgg.py][line:323][INFO] Epoch:[69/230]	 loss=132.10150	 acc=90.525
[2024-09-02 00:03:17,424][train_vgg.py][line:331][INFO] Epoch:[69/230]	 Test acc=74.093
[2024-09-02 00:03:17,424][train_vgg.py][line:340][INFO] Best Test acc=79.435
[2024-09-02 00:04:41,216][train_vgg.py][line:323][INFO] Epoch:[70/230]	 loss=135.02540	 acc=90.158
[2024-09-02 00:04:44,152][train_vgg.py][line:331][INFO] Epoch:[70/230]	 Test acc=78.730
[2024-09-02 00:04:44,152][train_vgg.py][line:340][INFO] Best Test acc=79.435
[2024-09-02 00:06:08,832][train_vgg.py][line:323][INFO] Epoch:[71/230]	 loss=114.64837	 acc=92.449
[2024-09-02 00:06:11,753][train_vgg.py][line:331][INFO] Epoch:[71/230]	 Test acc=78.427
[2024-09-02 00:06:11,753][train_vgg.py][line:340][INFO] Best Test acc=79.435
[2024-09-02 00:07:36,332][train_vgg.py][line:323][INFO] Epoch:[72/230]	 loss=138.94579	 acc=89.947
[2024-09-02 00:07:39,211][train_vgg.py][line:331][INFO] Epoch:[72/230]	 Test acc=76.915
[2024-09-02 00:07:39,211][train_vgg.py][line:340][INFO] Best Test acc=79.435
[2024-09-02 00:09:03,908][train_vgg.py][line:323][INFO] Epoch:[73/230]	 loss=130.40099	 acc=91.192
[2024-09-02 00:09:06,793][train_vgg.py][line:331][INFO] Epoch:[73/230]	 Test acc=79.536
[2024-09-02 00:09:06,793][train_vgg.py][line:340][INFO] Best Test acc=79.536
[2024-09-02 00:10:31,730][train_vgg.py][line:323][INFO] Epoch:[74/230]	 loss=123.98577	 acc=91.748
[2024-09-02 00:10:34,617][train_vgg.py][line:331][INFO] Epoch:[74/230]	 Test acc=80.645
[2024-09-02 00:10:34,617][train_vgg.py][line:340][INFO] Best Test acc=80.645
[2024-09-02 00:11:59,541][train_vgg.py][line:323][INFO] Epoch:[75/230]	 loss=135.33576	 acc=90.469
[2024-09-02 00:12:02,412][train_vgg.py][line:331][INFO] Epoch:[75/230]	 Test acc=74.194
[2024-09-02 00:12:02,412][train_vgg.py][line:340][INFO] Best Test acc=80.645
[2024-09-02 00:13:27,595][train_vgg.py][line:323][INFO] Epoch:[76/230]	 loss=140.82050	 acc=90.024
[2024-09-02 00:13:30,480][train_vgg.py][line:331][INFO] Epoch:[76/230]	 Test acc=76.714
[2024-09-02 00:13:30,481][train_vgg.py][line:340][INFO] Best Test acc=80.645
[2024-09-02 00:14:55,362][train_vgg.py][line:323][INFO] Epoch:[77/230]	 loss=131.94446	 acc=91.114
[2024-09-02 00:14:58,323][train_vgg.py][line:331][INFO] Epoch:[77/230]	 Test acc=75.403
[2024-09-02 00:14:58,323][train_vgg.py][line:340][INFO] Best Test acc=80.645
[2024-09-02 00:16:23,320][train_vgg.py][line:323][INFO] Epoch:[78/230]	 loss=115.66437	 acc=92.215
[2024-09-02 00:16:26,240][train_vgg.py][line:331][INFO] Epoch:[78/230]	 Test acc=77.419
[2024-09-02 00:16:26,241][train_vgg.py][line:340][INFO] Best Test acc=80.645
[2024-09-02 00:17:51,132][train_vgg.py][line:323][INFO] Epoch:[79/230]	 loss=121.38380	 acc=92.160
[2024-09-02 00:17:54,034][train_vgg.py][line:331][INFO] Epoch:[79/230]	 Test acc=73.387
[2024-09-02 00:17:54,034][train_vgg.py][line:340][INFO] Best Test acc=80.645
[2024-09-02 00:19:18,899][train_vgg.py][line:323][INFO] Epoch:[80/230]	 loss=125.25489	 acc=91.937
[2024-09-02 00:19:21,819][train_vgg.py][line:331][INFO] Epoch:[80/230]	 Test acc=77.520
[2024-09-02 00:19:21,820][train_vgg.py][line:340][INFO] Best Test acc=80.645
[2024-09-02 00:20:45,680][train_vgg.py][line:323][INFO] Epoch:[81/230]	 loss=142.32617	 acc=90.091
[2024-09-02 00:20:48,565][train_vgg.py][line:331][INFO] Epoch:[81/230]	 Test acc=79.637
[2024-09-02 00:20:48,565][train_vgg.py][line:340][INFO] Best Test acc=80.645
[2024-09-02 00:22:13,322][train_vgg.py][line:323][INFO] Epoch:[82/230]	 loss=119.32907	 acc=91.993
[2024-09-02 00:22:16,194][train_vgg.py][line:331][INFO] Epoch:[82/230]	 Test acc=78.931
[2024-09-02 00:22:16,195][train_vgg.py][line:340][INFO] Best Test acc=80.645
[2024-09-02 00:23:40,944][train_vgg.py][line:323][INFO] Epoch:[83/230]	 loss=117.66303	 acc=92.415
[2024-09-02 00:23:43,818][train_vgg.py][line:331][INFO] Epoch:[83/230]	 Test acc=79.335
[2024-09-02 00:23:43,818][train_vgg.py][line:340][INFO] Best Test acc=80.645
[2024-09-02 00:25:08,543][train_vgg.py][line:323][INFO] Epoch:[84/230]	 loss=118.49563	 acc=92.327
[2024-09-02 00:25:11,457][train_vgg.py][line:331][INFO] Epoch:[84/230]	 Test acc=80.141
[2024-09-02 00:25:11,457][train_vgg.py][line:340][INFO] Best Test acc=80.645
[2024-09-02 00:26:36,275][train_vgg.py][line:323][INFO] Epoch:[85/230]	 loss=104.34022	 acc=93.917
[2024-09-02 00:26:39,140][train_vgg.py][line:331][INFO] Epoch:[85/230]	 Test acc=78.528
[2024-09-02 00:26:39,141][train_vgg.py][line:340][INFO] Best Test acc=80.645
[2024-09-02 00:28:03,956][train_vgg.py][line:323][INFO] Epoch:[86/230]	 loss=118.03143	 acc=92.160
[2024-09-02 00:28:06,852][train_vgg.py][line:331][INFO] Epoch:[86/230]	 Test acc=73.690
[2024-09-02 00:28:06,853][train_vgg.py][line:340][INFO] Best Test acc=80.645
[2024-09-02 00:29:31,740][train_vgg.py][line:323][INFO] Epoch:[87/230]	 loss=120.77379	 acc=92.104
[2024-09-02 00:29:34,627][train_vgg.py][line:331][INFO] Epoch:[87/230]	 Test acc=75.101
[2024-09-02 00:29:34,628][train_vgg.py][line:340][INFO] Best Test acc=80.645
[2024-09-02 00:30:59,490][train_vgg.py][line:323][INFO] Epoch:[88/230]	 loss=115.39236	 acc=92.649
[2024-09-02 00:31:02,407][train_vgg.py][line:331][INFO] Epoch:[88/230]	 Test acc=79.940
[2024-09-02 00:31:02,407][train_vgg.py][line:340][INFO] Best Test acc=80.645
[2024-09-02 00:32:27,071][train_vgg.py][line:323][INFO] Epoch:[89/230]	 loss=104.27778	 acc=93.505
[2024-09-02 00:32:29,950][train_vgg.py][line:331][INFO] Epoch:[89/230]	 Test acc=76.613
[2024-09-02 00:32:29,950][train_vgg.py][line:340][INFO] Best Test acc=80.645
[2024-09-02 00:33:54,583][train_vgg.py][line:323][INFO] Epoch:[90/230]	 loss=110.32405	 acc=92.860
[2024-09-02 00:33:57,475][train_vgg.py][line:331][INFO] Epoch:[90/230]	 Test acc=77.218
[2024-09-02 00:33:57,475][train_vgg.py][line:340][INFO] Best Test acc=80.645
[2024-09-02 00:35:22,383][train_vgg.py][line:323][INFO] Epoch:[91/230]	 loss=116.88351	 acc=92.716
[2024-09-02 00:35:25,284][train_vgg.py][line:331][INFO] Epoch:[91/230]	 Test acc=79.335
[2024-09-02 00:35:25,285][train_vgg.py][line:340][INFO] Best Test acc=80.645
[2024-09-02 00:36:50,142][train_vgg.py][line:323][INFO] Epoch:[92/230]	 loss=110.48515	 acc=92.949
[2024-09-02 00:36:53,015][train_vgg.py][line:331][INFO] Epoch:[92/230]	 Test acc=77.722
[2024-09-02 00:36:53,015][train_vgg.py][line:340][INFO] Best Test acc=80.645
[2024-09-02 00:38:17,880][train_vgg.py][line:323][INFO] Epoch:[93/230]	 loss=117.90039	 acc=92.860
[2024-09-02 00:38:20,764][train_vgg.py][line:331][INFO] Epoch:[93/230]	 Test acc=73.185
[2024-09-02 00:38:20,764][train_vgg.py][line:340][INFO] Best Test acc=80.645
[2024-09-02 00:39:45,641][train_vgg.py][line:323][INFO] Epoch:[94/230]	 loss=120.92010	 acc=92.393
[2024-09-02 00:39:48,564][train_vgg.py][line:331][INFO] Epoch:[94/230]	 Test acc=78.327
[2024-09-02 00:39:48,564][train_vgg.py][line:340][INFO] Best Test acc=80.645
[2024-09-02 00:41:13,233][train_vgg.py][line:323][INFO] Epoch:[95/230]	 loss=96.17940	 acc=94.217
[2024-09-02 00:41:16,138][train_vgg.py][line:331][INFO] Epoch:[95/230]	 Test acc=79.738
[2024-09-02 00:41:16,138][train_vgg.py][line:340][INFO] Best Test acc=80.645
[2024-09-02 00:42:40,847][train_vgg.py][line:323][INFO] Epoch:[96/230]	 loss=108.66663	 acc=93.427
[2024-09-02 00:42:43,724][train_vgg.py][line:331][INFO] Epoch:[96/230]	 Test acc=75.706
[2024-09-02 00:42:43,724][train_vgg.py][line:340][INFO] Best Test acc=80.645
[2024-09-02 00:44:08,236][train_vgg.py][line:323][INFO] Epoch:[97/230]	 loss=99.24230	 acc=94.206
[2024-09-02 00:44:11,141][train_vgg.py][line:331][INFO] Epoch:[97/230]	 Test acc=78.427
[2024-09-02 00:44:11,141][train_vgg.py][line:340][INFO] Best Test acc=80.645
[2024-09-02 00:45:35,749][train_vgg.py][line:323][INFO] Epoch:[98/230]	 loss=116.23990	 acc=92.627
[2024-09-02 00:45:38,682][train_vgg.py][line:331][INFO] Epoch:[98/230]	 Test acc=79.738
[2024-09-02 00:45:38,683][train_vgg.py][line:340][INFO] Best Test acc=80.645
[2024-09-02 00:47:03,492][train_vgg.py][line:323][INFO] Epoch:[99/230]	 loss=117.12799	 acc=92.549
[2024-09-02 00:47:06,440][train_vgg.py][line:331][INFO] Epoch:[99/230]	 Test acc=81.048
[2024-09-02 00:47:06,440][train_vgg.py][line:340][INFO] Best Test acc=81.048
[2024-09-02 00:48:31,249][train_vgg.py][line:323][INFO] Epoch:[100/230]	 loss=81.79318	 acc=95.874
[2024-09-02 00:48:34,165][train_vgg.py][line:331][INFO] Epoch:[100/230]	 Test acc=80.746
[2024-09-02 00:48:34,165][train_vgg.py][line:340][INFO] Best Test acc=81.048
[2024-09-02 00:49:59,120][train_vgg.py][line:323][INFO] Epoch:[101/230]	 loss=93.37870	 acc=94.762
[2024-09-02 00:50:02,004][train_vgg.py][line:331][INFO] Epoch:[101/230]	 Test acc=79.839
[2024-09-02 00:50:02,004][train_vgg.py][line:340][INFO] Best Test acc=81.048
[2024-09-02 00:51:26,946][train_vgg.py][line:323][INFO] Epoch:[102/230]	 loss=106.83079	 acc=93.706
[2024-09-02 00:51:29,861][train_vgg.py][line:331][INFO] Epoch:[102/230]	 Test acc=79.032
[2024-09-02 00:51:29,861][train_vgg.py][line:340][INFO] Best Test acc=81.048
[2024-09-02 00:52:54,790][train_vgg.py][line:323][INFO] Epoch:[103/230]	 loss=81.61226	 acc=95.974
[2024-09-02 00:52:57,658][train_vgg.py][line:331][INFO] Epoch:[103/230]	 Test acc=77.621
[2024-09-02 00:52:57,658][train_vgg.py][line:340][INFO] Best Test acc=81.048
[2024-09-02 00:54:22,406][train_vgg.py][line:323][INFO] Epoch:[104/230]	 loss=92.56985	 acc=94.751
[2024-09-02 00:54:25,306][train_vgg.py][line:331][INFO] Epoch:[104/230]	 Test acc=79.133
[2024-09-02 00:54:25,306][train_vgg.py][line:340][INFO] Best Test acc=81.048
[2024-09-02 00:55:49,849][train_vgg.py][line:323][INFO] Epoch:[105/230]	 loss=116.93738	 acc=92.927
[2024-09-02 00:55:52,772][train_vgg.py][line:331][INFO] Epoch:[105/230]	 Test acc=73.992
[2024-09-02 00:55:52,772][train_vgg.py][line:340][INFO] Best Test acc=81.048
[2024-09-02 00:57:17,427][train_vgg.py][line:323][INFO] Epoch:[106/230]	 loss=109.59661	 acc=93.194
[2024-09-02 00:57:20,288][train_vgg.py][line:331][INFO] Epoch:[106/230]	 Test acc=78.226
[2024-09-02 00:57:20,288][train_vgg.py][line:340][INFO] Best Test acc=81.048
[2024-09-02 00:58:45,146][train_vgg.py][line:323][INFO] Epoch:[107/230]	 loss=85.72598	 acc=95.540
[2024-09-02 00:58:48,021][train_vgg.py][line:331][INFO] Epoch:[107/230]	 Test acc=77.520
[2024-09-02 00:58:48,022][train_vgg.py][line:340][INFO] Best Test acc=81.048
[2024-09-02 01:00:12,921][train_vgg.py][line:323][INFO] Epoch:[108/230]	 loss=93.42698	 acc=94.962
[2024-09-02 01:00:15,793][train_vgg.py][line:331][INFO] Epoch:[108/230]	 Test acc=79.435
[2024-09-02 01:00:15,793][train_vgg.py][line:340][INFO] Best Test acc=81.048
[2024-09-02 01:01:40,705][train_vgg.py][line:323][INFO] Epoch:[109/230]	 loss=85.32624	 acc=95.607
[2024-09-02 01:01:43,624][train_vgg.py][line:331][INFO] Epoch:[109/230]	 Test acc=82.157
[2024-09-02 01:01:43,624][train_vgg.py][line:340][INFO] Best Test acc=82.157
[2024-09-02 01:03:08,442][train_vgg.py][line:323][INFO] Epoch:[110/230]	 loss=90.70223	 acc=95.162
[2024-09-02 01:03:11,386][train_vgg.py][line:331][INFO] Epoch:[110/230]	 Test acc=81.351
[2024-09-02 01:03:11,387][train_vgg.py][line:340][INFO] Best Test acc=82.157
[2024-09-02 01:04:36,330][train_vgg.py][line:323][INFO] Epoch:[111/230]	 loss=127.61119	 acc=91.681
[2024-09-02 01:04:39,258][train_vgg.py][line:331][INFO] Epoch:[111/230]	 Test acc=75.907
[2024-09-02 01:04:39,258][train_vgg.py][line:340][INFO] Best Test acc=82.157
[2024-09-02 01:06:03,017][train_vgg.py][line:323][INFO] Epoch:[112/230]	 loss=102.97762	 acc=93.995
[2024-09-02 01:06:05,927][train_vgg.py][line:331][INFO] Epoch:[112/230]	 Test acc=76.109
[2024-09-02 01:06:05,928][train_vgg.py][line:340][INFO] Best Test acc=82.157
[2024-09-02 01:07:30,506][train_vgg.py][line:323][INFO] Epoch:[113/230]	 loss=88.76839	 acc=95.207
[2024-09-02 01:07:33,395][train_vgg.py][line:331][INFO] Epoch:[113/230]	 Test acc=77.117
[2024-09-02 01:07:33,395][train_vgg.py][line:340][INFO] Best Test acc=82.157
[2024-09-02 01:08:58,211][train_vgg.py][line:323][INFO] Epoch:[114/230]	 loss=102.48149	 acc=93.895
[2024-09-02 01:09:01,130][train_vgg.py][line:331][INFO] Epoch:[114/230]	 Test acc=78.730
[2024-09-02 01:09:01,130][train_vgg.py][line:340][INFO] Best Test acc=82.157
[2024-09-02 01:10:25,878][train_vgg.py][line:323][INFO] Epoch:[115/230]	 loss=95.73117	 acc=94.773
[2024-09-02 01:10:28,750][train_vgg.py][line:331][INFO] Epoch:[115/230]	 Test acc=61.391
[2024-09-02 01:10:28,751][train_vgg.py][line:340][INFO] Best Test acc=82.157
[2024-09-02 01:11:53,556][train_vgg.py][line:323][INFO] Epoch:[116/230]	 loss=84.01757	 acc=95.763
[2024-09-02 01:11:56,481][train_vgg.py][line:331][INFO] Epoch:[116/230]	 Test acc=76.310
[2024-09-02 01:11:56,481][train_vgg.py][line:340][INFO] Best Test acc=82.157
[2024-09-02 01:13:21,335][train_vgg.py][line:323][INFO] Epoch:[117/230]	 loss=94.68453	 acc=94.795
[2024-09-02 01:13:24,228][train_vgg.py][line:331][INFO] Epoch:[117/230]	 Test acc=78.024
[2024-09-02 01:13:24,228][train_vgg.py][line:340][INFO] Best Test acc=82.157
[2024-09-02 01:14:49,204][train_vgg.py][line:323][INFO] Epoch:[118/230]	 loss=76.47945	 acc=95.763
[2024-09-02 01:14:52,112][train_vgg.py][line:331][INFO] Epoch:[118/230]	 Test acc=82.056
[2024-09-02 01:14:52,112][train_vgg.py][line:340][INFO] Best Test acc=82.157
[2024-09-02 01:16:17,346][train_vgg.py][line:323][INFO] Epoch:[119/230]	 loss=86.85078	 acc=95.440
[2024-09-02 01:16:20,279][train_vgg.py][line:331][INFO] Epoch:[119/230]	 Test acc=79.940
[2024-09-02 01:16:20,279][train_vgg.py][line:340][INFO] Best Test acc=82.157
[2024-09-02 01:17:45,153][train_vgg.py][line:323][INFO] Epoch:[120/230]	 loss=74.02510	 acc=96.363
[2024-09-02 01:17:48,060][train_vgg.py][line:331][INFO] Epoch:[120/230]	 Test acc=78.629
[2024-09-02 01:17:48,060][train_vgg.py][line:340][INFO] Best Test acc=82.157
[2024-09-02 01:19:12,997][train_vgg.py][line:323][INFO] Epoch:[121/230]	 loss=73.50597	 acc=96.641
[2024-09-02 01:19:15,861][train_vgg.py][line:331][INFO] Epoch:[121/230]	 Test acc=78.528
[2024-09-02 01:19:15,862][train_vgg.py][line:340][INFO] Best Test acc=82.157
[2024-09-02 01:20:40,919][train_vgg.py][line:323][INFO] Epoch:[122/230]	 loss=72.22816	 acc=96.664
[2024-09-02 01:20:43,811][train_vgg.py][line:331][INFO] Epoch:[122/230]	 Test acc=74.899
[2024-09-02 01:20:43,811][train_vgg.py][line:340][INFO] Best Test acc=82.157
[2024-09-02 01:22:08,796][train_vgg.py][line:323][INFO] Epoch:[123/230]	 loss=78.18183	 acc=96.241
[2024-09-02 01:22:11,700][train_vgg.py][line:331][INFO] Epoch:[123/230]	 Test acc=72.681
[2024-09-02 01:22:11,700][train_vgg.py][line:340][INFO] Best Test acc=82.157
[2024-09-02 01:23:36,775][train_vgg.py][line:323][INFO] Epoch:[124/230]	 loss=99.58774	 acc=94.428
[2024-09-02 01:23:39,695][train_vgg.py][line:331][INFO] Epoch:[124/230]	 Test acc=78.831
[2024-09-02 01:23:39,695][train_vgg.py][line:340][INFO] Best Test acc=82.157
[2024-09-02 01:25:04,481][train_vgg.py][line:323][INFO] Epoch:[125/230]	 loss=84.15783	 acc=95.752
[2024-09-02 01:25:07,408][train_vgg.py][line:331][INFO] Epoch:[125/230]	 Test acc=77.621
[2024-09-02 01:25:07,408][train_vgg.py][line:340][INFO] Best Test acc=82.157
[2024-09-02 01:26:32,372][train_vgg.py][line:323][INFO] Epoch:[126/230]	 loss=74.31573	 acc=96.130
[2024-09-02 01:26:35,265][train_vgg.py][line:331][INFO] Epoch:[126/230]	 Test acc=82.056
[2024-09-02 01:26:35,266][train_vgg.py][line:340][INFO] Best Test acc=82.157
[2024-09-02 01:28:00,122][train_vgg.py][line:323][INFO] Epoch:[127/230]	 loss=89.80297	 acc=95.296
[2024-09-02 01:28:02,996][train_vgg.py][line:331][INFO] Epoch:[127/230]	 Test acc=82.359
[2024-09-02 01:28:02,996][train_vgg.py][line:340][INFO] Best Test acc=82.359
[2024-09-02 01:29:28,044][train_vgg.py][line:323][INFO] Epoch:[128/230]	 loss=77.60441	 acc=95.807
[2024-09-02 01:29:30,925][train_vgg.py][line:331][INFO] Epoch:[128/230]	 Test acc=83.266
[2024-09-02 01:29:30,926][train_vgg.py][line:340][INFO] Best Test acc=83.266
[2024-09-02 01:30:55,578][train_vgg.py][line:323][INFO] Epoch:[129/230]	 loss=91.86237	 acc=94.962
[2024-09-02 01:30:58,452][train_vgg.py][line:331][INFO] Epoch:[129/230]	 Test acc=77.319
[2024-09-02 01:30:58,452][train_vgg.py][line:340][INFO] Best Test acc=83.266
[2024-09-02 01:32:23,314][train_vgg.py][line:323][INFO] Epoch:[130/230]	 loss=88.17351	 acc=95.251
[2024-09-02 01:32:26,220][train_vgg.py][line:331][INFO] Epoch:[130/230]	 Test acc=80.444
[2024-09-02 01:32:26,220][train_vgg.py][line:340][INFO] Best Test acc=83.266
[2024-09-02 01:33:51,216][train_vgg.py][line:323][INFO] Epoch:[131/230]	 loss=95.92124	 acc=94.684
[2024-09-02 01:33:54,106][train_vgg.py][line:331][INFO] Epoch:[131/230]	 Test acc=82.359
[2024-09-02 01:33:54,107][train_vgg.py][line:340][INFO] Best Test acc=83.266
[2024-09-02 01:35:19,043][train_vgg.py][line:323][INFO] Epoch:[132/230]	 loss=93.76097	 acc=94.851
[2024-09-02 01:35:21,969][train_vgg.py][line:331][INFO] Epoch:[132/230]	 Test acc=74.597
[2024-09-02 01:35:21,970][train_vgg.py][line:340][INFO] Best Test acc=83.266
[2024-09-02 01:36:46,936][train_vgg.py][line:323][INFO] Epoch:[133/230]	 loss=77.25749	 acc=96.152
[2024-09-02 01:36:49,849][train_vgg.py][line:331][INFO] Epoch:[133/230]	 Test acc=80.141
[2024-09-02 01:36:49,849][train_vgg.py][line:340][INFO] Best Test acc=83.266
[2024-09-02 01:38:14,703][train_vgg.py][line:323][INFO] Epoch:[134/230]	 loss=90.15208	 acc=95.073
[2024-09-02 01:38:17,620][train_vgg.py][line:331][INFO] Epoch:[134/230]	 Test acc=78.024
[2024-09-02 01:38:17,620][train_vgg.py][line:340][INFO] Best Test acc=83.266
[2024-09-02 01:39:42,408][train_vgg.py][line:323][INFO] Epoch:[135/230]	 loss=73.07967	 acc=96.241
[2024-09-02 01:39:45,294][train_vgg.py][line:331][INFO] Epoch:[135/230]	 Test acc=80.141
[2024-09-02 01:39:45,295][train_vgg.py][line:340][INFO] Best Test acc=83.266
[2024-09-02 01:41:10,264][train_vgg.py][line:323][INFO] Epoch:[136/230]	 loss=86.53174	 acc=95.407
[2024-09-02 01:41:13,185][train_vgg.py][line:331][INFO] Epoch:[136/230]	 Test acc=81.452
[2024-09-02 01:41:13,185][train_vgg.py][line:340][INFO] Best Test acc=83.266
[2024-09-02 01:42:38,364][train_vgg.py][line:323][INFO] Epoch:[137/230]	 loss=79.54866	 acc=95.896
[2024-09-02 01:42:41,286][train_vgg.py][line:331][INFO] Epoch:[137/230]	 Test acc=81.754
[2024-09-02 01:42:41,287][train_vgg.py][line:340][INFO] Best Test acc=83.266
[2024-09-02 01:44:06,442][train_vgg.py][line:323][INFO] Epoch:[138/230]	 loss=72.62246	 acc=96.341
[2024-09-02 01:44:09,405][train_vgg.py][line:331][INFO] Epoch:[138/230]	 Test acc=82.560
[2024-09-02 01:44:09,405][train_vgg.py][line:340][INFO] Best Test acc=83.266
[2024-09-02 01:45:34,528][train_vgg.py][line:323][INFO] Epoch:[139/230]	 loss=82.37223	 acc=95.718
[2024-09-02 01:45:37,432][train_vgg.py][line:331][INFO] Epoch:[139/230]	 Test acc=82.056
[2024-09-02 01:45:37,432][train_vgg.py][line:340][INFO] Best Test acc=83.266
[2024-09-02 01:47:02,401][train_vgg.py][line:323][INFO] Epoch:[140/230]	 loss=84.68612	 acc=95.329
[2024-09-02 01:47:05,311][train_vgg.py][line:331][INFO] Epoch:[140/230]	 Test acc=81.149
[2024-09-02 01:47:05,311][train_vgg.py][line:340][INFO] Best Test acc=83.266
[2024-09-02 01:48:30,469][train_vgg.py][line:323][INFO] Epoch:[141/230]	 loss=19.92190	 acc=99.978
[2024-09-02 01:48:33,409][train_vgg.py][line:331][INFO] Epoch:[141/230]	 Test acc=84.274
[2024-09-02 01:48:33,409][train_vgg.py][line:340][INFO] Best Test acc=84.274
[2024-09-02 01:49:58,552][train_vgg.py][line:323][INFO] Epoch:[142/230]	 loss=15.31618	 acc=99.978
[2024-09-02 01:50:01,447][train_vgg.py][line:331][INFO] Epoch:[142/230]	 Test acc=84.778
[2024-09-02 01:50:01,447][train_vgg.py][line:340][INFO] Best Test acc=84.778
[2024-09-02 01:51:26,549][train_vgg.py][line:323][INFO] Epoch:[143/230]	 loss=12.87354	 acc=99.978
[2024-09-02 01:51:29,491][train_vgg.py][line:331][INFO] Epoch:[143/230]	 Test acc=84.577
[2024-09-02 01:51:29,491][train_vgg.py][line:340][INFO] Best Test acc=84.778
[2024-09-02 01:52:54,629][train_vgg.py][line:323][INFO] Epoch:[144/230]	 loss=11.99514	 acc=99.989
[2024-09-02 01:52:57,573][train_vgg.py][line:331][INFO] Epoch:[144/230]	 Test acc=84.879
[2024-09-02 01:52:57,573][train_vgg.py][line:340][INFO] Best Test acc=84.879
[2024-09-02 01:54:22,677][train_vgg.py][line:323][INFO] Epoch:[145/230]	 loss=10.79630	 acc=100.000
[2024-09-02 01:54:25,587][train_vgg.py][line:331][INFO] Epoch:[145/230]	 Test acc=85.383
[2024-09-02 01:54:25,588][train_vgg.py][line:340][INFO] Best Test acc=85.383
[2024-09-02 01:55:50,724][train_vgg.py][line:323][INFO] Epoch:[146/230]	 loss=9.95570	 acc=100.000
[2024-09-02 01:55:53,643][train_vgg.py][line:331][INFO] Epoch:[146/230]	 Test acc=85.585
[2024-09-02 01:55:53,643][train_vgg.py][line:340][INFO] Best Test acc=85.585
[2024-09-02 01:57:18,492][train_vgg.py][line:323][INFO] Epoch:[147/230]	 loss=9.72556	 acc=100.000
[2024-09-02 01:57:21,379][train_vgg.py][line:331][INFO] Epoch:[147/230]	 Test acc=85.181
[2024-09-02 01:57:21,379][train_vgg.py][line:340][INFO] Best Test acc=85.585
[2024-09-02 01:58:46,520][train_vgg.py][line:323][INFO] Epoch:[148/230]	 loss=9.32597	 acc=100.000
[2024-09-02 01:58:49,402][train_vgg.py][line:331][INFO] Epoch:[148/230]	 Test acc=85.484
[2024-09-02 01:58:49,402][train_vgg.py][line:340][INFO] Best Test acc=85.585
[2024-09-02 02:00:14,306][train_vgg.py][line:323][INFO] Epoch:[149/230]	 loss=9.24233	 acc=99.989
[2024-09-02 02:00:17,230][train_vgg.py][line:331][INFO] Epoch:[149/230]	 Test acc=84.274
[2024-09-02 02:00:17,230][train_vgg.py][line:340][INFO] Best Test acc=85.585
[2024-09-02 02:01:25,843][train_vgg.py][line:323][INFO] Epoch:[150/230]	 loss=8.99453	 acc=100.000
[2024-09-02 02:01:28,712][train_vgg.py][line:331][INFO] Epoch:[150/230]	 Test acc=84.577
[2024-09-02 02:01:28,712][train_vgg.py][line:340][INFO] Best Test acc=85.585
[2024-09-02 02:02:36,994][train_vgg.py][line:323][INFO] Epoch:[151/230]	 loss=8.96758	 acc=100.000
[2024-09-02 02:02:39,903][train_vgg.py][line:331][INFO] Epoch:[151/230]	 Test acc=85.181
[2024-09-02 02:02:39,903][train_vgg.py][line:340][INFO] Best Test acc=85.585
[2024-09-02 02:03:48,214][train_vgg.py][line:323][INFO] Epoch:[152/230]	 loss=8.66563	 acc=100.000
[2024-09-02 02:03:51,135][train_vgg.py][line:331][INFO] Epoch:[152/230]	 Test acc=84.980
[2024-09-02 02:03:51,135][train_vgg.py][line:340][INFO] Best Test acc=85.585
[2024-09-02 02:04:59,391][train_vgg.py][line:323][INFO] Epoch:[153/230]	 loss=8.08883	 acc=100.000
[2024-09-02 02:05:02,258][train_vgg.py][line:331][INFO] Epoch:[153/230]	 Test acc=84.980
[2024-09-02 02:05:02,258][train_vgg.py][line:340][INFO] Best Test acc=85.585
[2024-09-02 02:06:10,483][train_vgg.py][line:323][INFO] Epoch:[154/230]	 loss=8.44028	 acc=100.000
[2024-09-02 02:06:13,412][train_vgg.py][line:331][INFO] Epoch:[154/230]	 Test acc=85.282
[2024-09-02 02:06:13,413][train_vgg.py][line:340][INFO] Best Test acc=85.585
[2024-09-02 02:07:21,464][train_vgg.py][line:323][INFO] Epoch:[155/230]	 loss=7.92551	 acc=100.000
[2024-09-02 02:07:24,361][train_vgg.py][line:331][INFO] Epoch:[155/230]	 Test acc=85.988
[2024-09-02 02:07:24,361][train_vgg.py][line:340][INFO] Best Test acc=85.988
[2024-09-02 02:08:32,693][train_vgg.py][line:323][INFO] Epoch:[156/230]	 loss=7.65611	 acc=100.000
[2024-09-02 02:08:35,563][train_vgg.py][line:331][INFO] Epoch:[156/230]	 Test acc=85.585
[2024-09-02 02:08:35,563][train_vgg.py][line:340][INFO] Best Test acc=85.988
[2024-09-02 02:09:43,803][train_vgg.py][line:323][INFO] Epoch:[157/230]	 loss=8.03382	 acc=100.000
[2024-09-02 02:09:46,669][train_vgg.py][line:331][INFO] Epoch:[157/230]	 Test acc=84.677
[2024-09-02 02:09:46,669][train_vgg.py][line:340][INFO] Best Test acc=85.988
[2024-09-02 02:10:54,847][train_vgg.py][line:323][INFO] Epoch:[158/230]	 loss=7.58381	 acc=100.000
[2024-09-02 02:10:57,741][train_vgg.py][line:331][INFO] Epoch:[158/230]	 Test acc=86.089
[2024-09-02 02:10:57,741][train_vgg.py][line:340][INFO] Best Test acc=86.089
[2024-09-02 02:12:06,092][train_vgg.py][line:323][INFO] Epoch:[159/230]	 loss=7.19546	 acc=100.000
[2024-09-02 02:12:08,961][train_vgg.py][line:331][INFO] Epoch:[159/230]	 Test acc=85.282
[2024-09-02 02:12:08,961][train_vgg.py][line:340][INFO] Best Test acc=86.089
[2024-09-02 02:13:17,207][train_vgg.py][line:323][INFO] Epoch:[160/230]	 loss=7.21763	 acc=100.000
[2024-09-02 02:13:20,082][train_vgg.py][line:331][INFO] Epoch:[160/230]	 Test acc=85.282
[2024-09-02 02:13:20,083][train_vgg.py][line:340][INFO] Best Test acc=86.089
[2024-09-02 02:14:28,252][train_vgg.py][line:323][INFO] Epoch:[161/230]	 loss=7.30906	 acc=99.989
[2024-09-02 02:14:31,125][train_vgg.py][line:331][INFO] Epoch:[161/230]	 Test acc=85.988
[2024-09-02 02:14:31,125][train_vgg.py][line:340][INFO] Best Test acc=86.089
[2024-09-02 02:15:39,221][train_vgg.py][line:323][INFO] Epoch:[162/230]	 loss=7.67792	 acc=100.000
[2024-09-02 02:15:42,082][train_vgg.py][line:331][INFO] Epoch:[162/230]	 Test acc=85.988
[2024-09-02 02:15:42,082][train_vgg.py][line:340][INFO] Best Test acc=86.089
[2024-09-02 02:16:50,298][train_vgg.py][line:323][INFO] Epoch:[163/230]	 loss=7.39498	 acc=100.000
[2024-09-02 02:16:53,191][train_vgg.py][line:331][INFO] Epoch:[163/230]	 Test acc=85.484
[2024-09-02 02:16:53,191][train_vgg.py][line:340][INFO] Best Test acc=86.089
[2024-09-02 02:18:01,568][train_vgg.py][line:323][INFO] Epoch:[164/230]	 loss=7.17730	 acc=100.000
[2024-09-02 02:18:04,476][train_vgg.py][line:331][INFO] Epoch:[164/230]	 Test acc=86.492
[2024-09-02 02:18:04,476][train_vgg.py][line:340][INFO] Best Test acc=86.492
[2024-09-02 02:19:12,775][train_vgg.py][line:323][INFO] Epoch:[165/230]	 loss=6.91284	 acc=100.000
[2024-09-02 02:19:15,659][train_vgg.py][line:331][INFO] Epoch:[165/230]	 Test acc=85.484
[2024-09-02 02:19:15,659][train_vgg.py][line:340][INFO] Best Test acc=86.492
[2024-09-02 02:20:22,907][train_vgg.py][line:323][INFO] Epoch:[166/230]	 loss=7.60320	 acc=100.000
[2024-09-02 02:20:25,775][train_vgg.py][line:331][INFO] Epoch:[166/230]	 Test acc=84.274
[2024-09-02 02:20:25,775][train_vgg.py][line:340][INFO] Best Test acc=86.492
[2024-09-02 02:21:33,956][train_vgg.py][line:323][INFO] Epoch:[167/230]	 loss=7.27952	 acc=100.000
[2024-09-02 02:21:36,800][train_vgg.py][line:331][INFO] Epoch:[167/230]	 Test acc=85.081
[2024-09-02 02:21:36,801][train_vgg.py][line:340][INFO] Best Test acc=86.492
[2024-09-02 02:22:44,917][train_vgg.py][line:323][INFO] Epoch:[168/230]	 loss=6.67473	 acc=100.000
[2024-09-02 02:22:47,785][train_vgg.py][line:331][INFO] Epoch:[168/230]	 Test acc=85.484
[2024-09-02 02:22:47,785][train_vgg.py][line:340][INFO] Best Test acc=86.492
[2024-09-02 02:23:56,068][train_vgg.py][line:323][INFO] Epoch:[169/230]	 loss=6.60538	 acc=100.000
[2024-09-02 02:23:58,935][train_vgg.py][line:331][INFO] Epoch:[169/230]	 Test acc=85.685
[2024-09-02 02:23:58,936][train_vgg.py][line:340][INFO] Best Test acc=86.492
[2024-09-02 02:25:07,350][train_vgg.py][line:323][INFO] Epoch:[170/230]	 loss=6.59860	 acc=100.000
[2024-09-02 02:25:10,232][train_vgg.py][line:331][INFO] Epoch:[170/230]	 Test acc=85.383
[2024-09-02 02:25:10,232][train_vgg.py][line:340][INFO] Best Test acc=86.492
[2024-09-02 02:26:18,679][train_vgg.py][line:323][INFO] Epoch:[171/230]	 loss=6.90110	 acc=100.000
[2024-09-02 02:26:21,575][train_vgg.py][line:331][INFO] Epoch:[171/230]	 Test acc=86.391
[2024-09-02 02:26:21,575][train_vgg.py][line:340][INFO] Best Test acc=86.492
[2024-09-02 02:27:29,907][train_vgg.py][line:323][INFO] Epoch:[172/230]	 loss=6.99427	 acc=100.000
[2024-09-02 02:27:32,777][train_vgg.py][line:331][INFO] Epoch:[172/230]	 Test acc=84.980
[2024-09-02 02:27:32,778][train_vgg.py][line:340][INFO] Best Test acc=86.492
[2024-09-02 02:28:41,072][train_vgg.py][line:323][INFO] Epoch:[173/230]	 loss=7.17004	 acc=100.000
[2024-09-02 02:28:43,978][train_vgg.py][line:331][INFO] Epoch:[173/230]	 Test acc=85.786
[2024-09-02 02:28:43,978][train_vgg.py][line:340][INFO] Best Test acc=86.492
[2024-09-02 02:29:52,267][train_vgg.py][line:323][INFO] Epoch:[174/230]	 loss=6.53127	 acc=100.000
[2024-09-02 02:29:55,168][train_vgg.py][line:331][INFO] Epoch:[174/230]	 Test acc=84.677
[2024-09-02 02:29:55,168][train_vgg.py][line:340][INFO] Best Test acc=86.492
[2024-09-02 02:31:03,554][train_vgg.py][line:323][INFO] Epoch:[175/230]	 loss=6.47391	 acc=100.000
[2024-09-02 02:31:06,471][train_vgg.py][line:331][INFO] Epoch:[175/230]	 Test acc=86.391
[2024-09-02 02:31:06,471][train_vgg.py][line:340][INFO] Best Test acc=86.492
[2024-09-02 02:32:14,869][train_vgg.py][line:323][INFO] Epoch:[176/230]	 loss=6.09385	 acc=100.000
[2024-09-02 02:32:17,739][train_vgg.py][line:331][INFO] Epoch:[176/230]	 Test acc=85.988
[2024-09-02 02:32:17,739][train_vgg.py][line:340][INFO] Best Test acc=86.492
[2024-09-02 02:33:26,038][train_vgg.py][line:323][INFO] Epoch:[177/230]	 loss=6.31435	 acc=100.000
[2024-09-02 02:33:28,919][train_vgg.py][line:331][INFO] Epoch:[177/230]	 Test acc=85.685
[2024-09-02 02:33:28,919][train_vgg.py][line:340][INFO] Best Test acc=86.492
[2024-09-02 02:34:37,265][train_vgg.py][line:323][INFO] Epoch:[178/230]	 loss=6.19451	 acc=99.989
[2024-09-02 02:34:40,136][train_vgg.py][line:331][INFO] Epoch:[178/230]	 Test acc=86.492
[2024-09-02 02:34:40,136][train_vgg.py][line:340][INFO] Best Test acc=86.492
[2024-09-02 02:35:48,594][train_vgg.py][line:323][INFO] Epoch:[179/230]	 loss=6.62121	 acc=100.000
[2024-09-02 02:35:51,454][train_vgg.py][line:331][INFO] Epoch:[179/230]	 Test acc=85.585
[2024-09-02 02:35:51,454][train_vgg.py][line:340][INFO] Best Test acc=86.492
[2024-09-02 02:36:59,839][train_vgg.py][line:323][INFO] Epoch:[180/230]	 loss=5.86882	 acc=100.000
[2024-09-02 02:37:02,726][train_vgg.py][line:331][INFO] Epoch:[180/230]	 Test acc=85.585
[2024-09-02 02:37:02,726][train_vgg.py][line:340][INFO] Best Test acc=86.492
[2024-09-02 02:38:11,040][train_vgg.py][line:323][INFO] Epoch:[181/230]	 loss=5.85654	 acc=100.000
[2024-09-02 02:38:13,929][train_vgg.py][line:331][INFO] Epoch:[181/230]	 Test acc=86.290
[2024-09-02 02:38:13,929][train_vgg.py][line:340][INFO] Best Test acc=86.492
[2024-09-02 02:39:22,219][train_vgg.py][line:323][INFO] Epoch:[182/230]	 loss=5.83444	 acc=100.000
[2024-09-02 02:39:25,148][train_vgg.py][line:331][INFO] Epoch:[182/230]	 Test acc=86.593
[2024-09-02 02:39:25,148][train_vgg.py][line:340][INFO] Best Test acc=86.593
[2024-09-02 02:40:33,334][train_vgg.py][line:323][INFO] Epoch:[183/230]	 loss=5.74357	 acc=100.000
[2024-09-02 02:40:36,182][train_vgg.py][line:331][INFO] Epoch:[183/230]	 Test acc=84.577
[2024-09-02 02:40:36,183][train_vgg.py][line:340][INFO] Best Test acc=86.593
[2024-09-02 02:41:44,431][train_vgg.py][line:323][INFO] Epoch:[184/230]	 loss=5.95099	 acc=100.000
[2024-09-02 02:41:47,325][train_vgg.py][line:331][INFO] Epoch:[184/230]	 Test acc=85.585
[2024-09-02 02:41:47,325][train_vgg.py][line:340][INFO] Best Test acc=86.593
[2024-09-02 02:42:55,619][train_vgg.py][line:323][INFO] Epoch:[185/230]	 loss=5.72297	 acc=100.000
[2024-09-02 02:42:58,473][train_vgg.py][line:331][INFO] Epoch:[185/230]	 Test acc=85.383
[2024-09-02 02:42:58,473][train_vgg.py][line:340][INFO] Best Test acc=86.593
[2024-09-02 02:44:06,620][train_vgg.py][line:323][INFO] Epoch:[186/230]	 loss=5.91796	 acc=100.000
[2024-09-02 02:44:09,481][train_vgg.py][line:331][INFO] Epoch:[186/230]	 Test acc=85.685
[2024-09-02 02:44:09,481][train_vgg.py][line:340][INFO] Best Test acc=86.593
[2024-09-02 02:45:17,620][train_vgg.py][line:323][INFO] Epoch:[187/230]	 loss=5.92736	 acc=100.000
[2024-09-02 02:45:20,559][train_vgg.py][line:331][INFO] Epoch:[187/230]	 Test acc=85.786
[2024-09-02 02:45:20,559][train_vgg.py][line:340][INFO] Best Test acc=86.593
[2024-09-02 02:46:27,875][train_vgg.py][line:323][INFO] Epoch:[188/230]	 loss=5.69282	 acc=100.000
[2024-09-02 02:46:30,733][train_vgg.py][line:331][INFO] Epoch:[188/230]	 Test acc=86.391
[2024-09-02 02:46:30,733][train_vgg.py][line:340][INFO] Best Test acc=86.593
[2024-09-02 02:47:38,913][train_vgg.py][line:323][INFO] Epoch:[189/230]	 loss=5.61822	 acc=100.000
[2024-09-02 02:47:41,798][train_vgg.py][line:331][INFO] Epoch:[189/230]	 Test acc=85.786
[2024-09-02 02:47:41,798][train_vgg.py][line:340][INFO] Best Test acc=86.593
[2024-09-02 02:48:50,057][train_vgg.py][line:323][INFO] Epoch:[190/230]	 loss=5.81049	 acc=100.000
[2024-09-02 02:48:52,917][train_vgg.py][line:331][INFO] Epoch:[190/230]	 Test acc=85.685
[2024-09-02 02:48:52,918][train_vgg.py][line:340][INFO] Best Test acc=86.593
[2024-09-02 02:50:01,357][train_vgg.py][line:323][INFO] Epoch:[191/230]	 loss=5.51587	 acc=100.000
[2024-09-02 02:50:04,215][train_vgg.py][line:331][INFO] Epoch:[191/230]	 Test acc=85.484
[2024-09-02 02:50:04,216][train_vgg.py][line:340][INFO] Best Test acc=86.593
[2024-09-02 02:51:12,521][train_vgg.py][line:323][INFO] Epoch:[192/230]	 loss=5.59060	 acc=100.000
[2024-09-02 02:51:15,501][train_vgg.py][line:331][INFO] Epoch:[192/230]	 Test acc=86.190
[2024-09-02 02:51:15,501][train_vgg.py][line:340][INFO] Best Test acc=86.593
[2024-09-02 02:52:23,814][train_vgg.py][line:323][INFO] Epoch:[193/230]	 loss=5.58316	 acc=100.000
[2024-09-02 02:52:26,714][train_vgg.py][line:331][INFO] Epoch:[193/230]	 Test acc=86.190
[2024-09-02 02:52:26,714][train_vgg.py][line:340][INFO] Best Test acc=86.593
[2024-09-02 02:53:34,963][train_vgg.py][line:323][INFO] Epoch:[194/230]	 loss=5.45574	 acc=100.000
[2024-09-02 02:53:37,845][train_vgg.py][line:331][INFO] Epoch:[194/230]	 Test acc=85.685
[2024-09-02 02:53:37,845][train_vgg.py][line:340][INFO] Best Test acc=86.593
[2024-09-02 02:54:46,267][train_vgg.py][line:323][INFO] Epoch:[195/230]	 loss=5.43992	 acc=100.000
[2024-09-02 02:54:49,139][train_vgg.py][line:331][INFO] Epoch:[195/230]	 Test acc=86.190
[2024-09-02 02:54:49,139][train_vgg.py][line:340][INFO] Best Test acc=86.593
[2024-09-02 02:55:57,407][train_vgg.py][line:323][INFO] Epoch:[196/230]	 loss=5.36687	 acc=100.000
[2024-09-02 02:56:00,318][train_vgg.py][line:331][INFO] Epoch:[196/230]	 Test acc=85.081
[2024-09-02 02:56:00,318][train_vgg.py][line:340][INFO] Best Test acc=86.593
[2024-09-02 02:57:08,492][train_vgg.py][line:323][INFO] Epoch:[197/230]	 loss=5.43338	 acc=100.000
[2024-09-02 02:57:11,360][train_vgg.py][line:331][INFO] Epoch:[197/230]	 Test acc=86.492
[2024-09-02 02:57:11,360][train_vgg.py][line:340][INFO] Best Test acc=86.593
[2024-09-02 02:58:19,550][train_vgg.py][line:323][INFO] Epoch:[198/230]	 loss=5.41509	 acc=100.000
[2024-09-02 02:58:22,444][train_vgg.py][line:331][INFO] Epoch:[198/230]	 Test acc=85.685
[2024-09-02 02:58:22,444][train_vgg.py][line:340][INFO] Best Test acc=86.593
[2024-09-02 02:59:30,689][train_vgg.py][line:323][INFO] Epoch:[199/230]	 loss=5.34011	 acc=100.000
[2024-09-02 02:59:33,559][train_vgg.py][line:331][INFO] Epoch:[199/230]	 Test acc=85.685
[2024-09-02 02:59:33,559][train_vgg.py][line:340][INFO] Best Test acc=86.593
[2024-09-02 03:00:41,784][train_vgg.py][line:323][INFO] Epoch:[200/230]	 loss=5.45093	 acc=100.000
[2024-09-02 03:00:44,662][train_vgg.py][line:331][INFO] Epoch:[200/230]	 Test acc=85.585
[2024-09-02 03:00:44,662][train_vgg.py][line:340][INFO] Best Test acc=86.593
[2024-09-02 03:01:52,827][train_vgg.py][line:323][INFO] Epoch:[201/230]	 loss=5.32154	 acc=100.000
[2024-09-02 03:01:55,719][train_vgg.py][line:331][INFO] Epoch:[201/230]	 Test acc=86.391
[2024-09-02 03:01:55,720][train_vgg.py][line:340][INFO] Best Test acc=86.593
[2024-09-02 03:03:03,944][train_vgg.py][line:323][INFO] Epoch:[202/230]	 loss=5.26021	 acc=100.000
[2024-09-02 03:03:06,838][train_vgg.py][line:331][INFO] Epoch:[202/230]	 Test acc=85.988
[2024-09-02 03:03:06,838][train_vgg.py][line:340][INFO] Best Test acc=86.593
[2024-09-02 03:04:15,162][train_vgg.py][line:323][INFO] Epoch:[203/230]	 loss=5.27634	 acc=100.000
[2024-09-02 03:04:18,046][train_vgg.py][line:331][INFO] Epoch:[203/230]	 Test acc=86.694
[2024-09-02 03:04:18,046][train_vgg.py][line:340][INFO] Best Test acc=86.694
[2024-09-02 03:05:26,404][train_vgg.py][line:323][INFO] Epoch:[204/230]	 loss=5.20142	 acc=100.000
[2024-09-02 03:05:29,283][train_vgg.py][line:331][INFO] Epoch:[204/230]	 Test acc=85.887
[2024-09-02 03:05:29,283][train_vgg.py][line:340][INFO] Best Test acc=86.694
[2024-09-02 03:06:37,545][train_vgg.py][line:323][INFO] Epoch:[205/230]	 loss=5.11549	 acc=100.000
[2024-09-02 03:06:40,393][train_vgg.py][line:331][INFO] Epoch:[205/230]	 Test acc=86.290
[2024-09-02 03:06:40,394][train_vgg.py][line:340][INFO] Best Test acc=86.694
[2024-09-02 03:07:48,566][train_vgg.py][line:323][INFO] Epoch:[206/230]	 loss=5.07552	 acc=100.000
[2024-09-02 03:07:51,438][train_vgg.py][line:331][INFO] Epoch:[206/230]	 Test acc=85.484
[2024-09-02 03:07:51,438][train_vgg.py][line:340][INFO] Best Test acc=86.694
[2024-09-02 03:08:59,695][train_vgg.py][line:323][INFO] Epoch:[207/230]	 loss=5.12508	 acc=100.000
[2024-09-02 03:09:02,595][train_vgg.py][line:331][INFO] Epoch:[207/230]	 Test acc=85.585
[2024-09-02 03:09:02,596][train_vgg.py][line:340][INFO] Best Test acc=86.694
[2024-09-02 03:10:10,896][train_vgg.py][line:323][INFO] Epoch:[208/230]	 loss=5.10555	 acc=100.000
[2024-09-02 03:10:13,813][train_vgg.py][line:331][INFO] Epoch:[208/230]	 Test acc=86.290
[2024-09-02 03:10:13,813][train_vgg.py][line:340][INFO] Best Test acc=86.694
[2024-09-02 03:11:22,135][train_vgg.py][line:323][INFO] Epoch:[209/230]	 loss=5.09695	 acc=100.000
[2024-09-02 03:11:25,039][train_vgg.py][line:331][INFO] Epoch:[209/230]	 Test acc=85.786
[2024-09-02 03:11:25,039][train_vgg.py][line:340][INFO] Best Test acc=86.694
[2024-09-02 03:12:33,322][train_vgg.py][line:323][INFO] Epoch:[210/230]	 loss=4.98283	 acc=100.000
[2024-09-02 03:12:36,226][train_vgg.py][line:331][INFO] Epoch:[210/230]	 Test acc=86.290
[2024-09-02 03:12:36,226][train_vgg.py][line:340][INFO] Best Test acc=86.694
[2024-09-02 03:13:44,404][train_vgg.py][line:323][INFO] Epoch:[211/230]	 loss=4.95302	 acc=100.000
[2024-09-02 03:13:47,313][train_vgg.py][line:331][INFO] Epoch:[211/230]	 Test acc=86.290
[2024-09-02 03:13:47,313][train_vgg.py][line:340][INFO] Best Test acc=86.694
[2024-09-02 03:14:55,487][train_vgg.py][line:323][INFO] Epoch:[212/230]	 loss=5.10920	 acc=100.000
[2024-09-02 03:14:58,353][train_vgg.py][line:331][INFO] Epoch:[212/230]	 Test acc=86.593
[2024-09-02 03:14:58,353][train_vgg.py][line:340][INFO] Best Test acc=86.694
[2024-09-02 03:16:06,507][train_vgg.py][line:323][INFO] Epoch:[213/230]	 loss=5.04762	 acc=100.000
[2024-09-02 03:16:09,398][train_vgg.py][line:331][INFO] Epoch:[213/230]	 Test acc=86.593
[2024-09-02 03:16:09,399][train_vgg.py][line:340][INFO] Best Test acc=86.694
[2024-09-02 03:17:17,597][train_vgg.py][line:323][INFO] Epoch:[214/230]	 loss=5.10038	 acc=100.000
[2024-09-02 03:17:20,491][train_vgg.py][line:331][INFO] Epoch:[214/230]	 Test acc=86.694
[2024-09-02 03:17:20,491][train_vgg.py][line:340][INFO] Best Test acc=86.694
[2024-09-02 03:18:28,863][train_vgg.py][line:323][INFO] Epoch:[215/230]	 loss=4.99394	 acc=100.000
[2024-09-02 03:18:31,739][train_vgg.py][line:331][INFO] Epoch:[215/230]	 Test acc=86.089
[2024-09-02 03:18:31,739][train_vgg.py][line:340][INFO] Best Test acc=86.694
[2024-09-02 03:19:40,167][train_vgg.py][line:323][INFO] Epoch:[216/230]	 loss=5.05788	 acc=100.000
[2024-09-02 03:19:43,032][train_vgg.py][line:331][INFO] Epoch:[216/230]	 Test acc=86.089
[2024-09-02 03:19:43,032][train_vgg.py][line:340][INFO] Best Test acc=86.694
[2024-09-02 03:20:51,411][train_vgg.py][line:323][INFO] Epoch:[217/230]	 loss=4.89059	 acc=100.000
[2024-09-02 03:20:54,334][train_vgg.py][line:331][INFO] Epoch:[217/230]	 Test acc=86.190
[2024-09-02 03:20:54,334][train_vgg.py][line:340][INFO] Best Test acc=86.694
[2024-09-02 03:22:02,687][train_vgg.py][line:323][INFO] Epoch:[218/230]	 loss=5.03193	 acc=100.000
[2024-09-02 03:22:05,566][train_vgg.py][line:331][INFO] Epoch:[218/230]	 Test acc=85.786
[2024-09-02 03:22:05,566][train_vgg.py][line:340][INFO] Best Test acc=86.694
[2024-09-02 03:23:14,027][train_vgg.py][line:323][INFO] Epoch:[219/230]	 loss=4.98727	 acc=100.000
[2024-09-02 03:23:16,919][train_vgg.py][line:331][INFO] Epoch:[219/230]	 Test acc=86.593
[2024-09-02 03:23:16,920][train_vgg.py][line:340][INFO] Best Test acc=86.694
[2024-09-02 03:24:25,416][train_vgg.py][line:323][INFO] Epoch:[220/230]	 loss=5.05149	 acc=100.000
[2024-09-02 03:24:28,322][train_vgg.py][line:331][INFO] Epoch:[220/230]	 Test acc=86.391
[2024-09-02 03:24:28,322][train_vgg.py][line:340][INFO] Best Test acc=86.694
[2024-09-02 03:25:36,740][train_vgg.py][line:323][INFO] Epoch:[221/230]	 loss=5.00083	 acc=100.000
[2024-09-02 03:25:39,631][train_vgg.py][line:331][INFO] Epoch:[221/230]	 Test acc=86.593
[2024-09-02 03:25:39,631][train_vgg.py][line:340][INFO] Best Test acc=86.694
[2024-09-02 03:26:48,095][train_vgg.py][line:323][INFO] Epoch:[222/230]	 loss=5.00482	 acc=100.000
[2024-09-02 03:26:51,000][train_vgg.py][line:331][INFO] Epoch:[222/230]	 Test acc=86.089
[2024-09-02 03:26:51,000][train_vgg.py][line:340][INFO] Best Test acc=86.694
[2024-09-02 03:27:59,396][train_vgg.py][line:323][INFO] Epoch:[223/230]	 loss=4.98579	 acc=100.000
[2024-09-02 03:28:02,293][train_vgg.py][line:331][INFO] Epoch:[223/230]	 Test acc=85.988
[2024-09-02 03:28:02,293][train_vgg.py][line:340][INFO] Best Test acc=86.694
[2024-09-02 03:29:09,725][train_vgg.py][line:323][INFO] Epoch:[224/230]	 loss=4.93082	 acc=100.000
[2024-09-02 03:29:12,602][train_vgg.py][line:331][INFO] Epoch:[224/230]	 Test acc=85.282
[2024-09-02 03:29:12,603][train_vgg.py][line:340][INFO] Best Test acc=86.694
[2024-09-02 03:30:20,936][train_vgg.py][line:323][INFO] Epoch:[225/230]	 loss=4.96111	 acc=100.000
[2024-09-02 03:30:23,825][train_vgg.py][line:331][INFO] Epoch:[225/230]	 Test acc=86.593
[2024-09-02 03:30:23,825][train_vgg.py][line:340][INFO] Best Test acc=86.694
[2024-09-02 03:31:32,107][train_vgg.py][line:323][INFO] Epoch:[226/230]	 loss=4.96862	 acc=100.000
[2024-09-02 03:31:34,972][train_vgg.py][line:331][INFO] Epoch:[226/230]	 Test acc=85.887
[2024-09-02 03:31:34,972][train_vgg.py][line:340][INFO] Best Test acc=86.694
[2024-09-02 03:32:43,215][train_vgg.py][line:323][INFO] Epoch:[227/230]	 loss=4.94919	 acc=100.000
[2024-09-02 03:32:46,083][train_vgg.py][line:331][INFO] Epoch:[227/230]	 Test acc=86.593
[2024-09-02 03:32:46,084][train_vgg.py][line:340][INFO] Best Test acc=86.694
[2024-09-02 03:33:54,287][train_vgg.py][line:323][INFO] Epoch:[228/230]	 loss=4.97465	 acc=100.000
[2024-09-02 03:33:57,182][train_vgg.py][line:331][INFO] Epoch:[228/230]	 Test acc=85.786
[2024-09-02 03:33:57,183][train_vgg.py][line:340][INFO] Best Test acc=86.694
[2024-09-02 03:35:05,396][train_vgg.py][line:323][INFO] Epoch:[229/230]	 loss=5.05723	 acc=100.000
[2024-09-02 03:35:08,283][train_vgg.py][line:331][INFO] Epoch:[229/230]	 Test acc=86.391
[2024-09-02 03:35:08,284][train_vgg.py][line:340][INFO] Best Test acc=86.694
