[2024-08-03 23:00:02,213][train_vgg.py][line:261][INFO] start training!
[2024-08-03 23:01:17,513][train_vgg.py][line:269][INFO] Epoch:[0/200]	 loss=563.39277	 acc=26.746
[2024-08-03 23:01:20,534][train_vgg.py][line:277][INFO] Epoch:[0/200]	 Test acc=34.778
[2024-08-03 23:01:20,535][train_vgg.py][line:286][INFO] Best Test acc=34.778
[2024-08-03 23:02:30,236][train_vgg.py][line:269][INFO] Epoch:[1/200]	 loss=475.56138	 acc=41.871
[2024-08-03 23:02:33,398][train_vgg.py][line:277][INFO] Epoch:[1/200]	 Test acc=45.161
[2024-08-03 23:02:33,398][train_vgg.py][line:286][INFO] Best Test acc=45.161
[2024-08-03 23:03:45,127][train_vgg.py][line:269][INFO] Epoch:[2/200]	 loss=424.85444	 acc=48.999
[2024-08-03 23:03:48,457][train_vgg.py][line:277][INFO] Epoch:[2/200]	 Test acc=51.512
[2024-08-03 23:03:48,457][train_vgg.py][line:286][INFO] Best Test acc=51.512
[2024-08-03 23:05:03,940][train_vgg.py][line:269][INFO] Epoch:[3/200]	 loss=390.63153	 acc=54.604
[2024-08-03 23:05:07,356][train_vgg.py][line:277][INFO] Epoch:[3/200]	 Test acc=40.927
[2024-08-03 23:05:07,356][train_vgg.py][line:286][INFO] Best Test acc=51.512
[2024-08-03 23:06:18,616][train_vgg.py][line:269][INFO] Epoch:[4/200]	 loss=362.32394	 acc=58.163
[2024-08-03 23:06:21,692][train_vgg.py][line:277][INFO] Epoch:[4/200]	 Test acc=55.746
[2024-08-03 23:06:21,692][train_vgg.py][line:286][INFO] Best Test acc=55.746
[2024-08-03 23:07:41,539][train_vgg.py][line:269][INFO] Epoch:[5/200]	 loss=351.37552	 acc=60.710
[2024-08-03 23:07:44,961][train_vgg.py][line:277][INFO] Epoch:[5/200]	 Test acc=54.536
[2024-08-03 23:07:44,962][train_vgg.py][line:286][INFO] Best Test acc=55.746
[2024-08-03 23:09:01,051][train_vgg.py][line:269][INFO] Epoch:[6/200]	 loss=329.50513	 acc=63.000
[2024-08-03 23:09:04,342][train_vgg.py][line:277][INFO] Epoch:[6/200]	 Test acc=56.956
[2024-08-03 23:09:04,342][train_vgg.py][line:286][INFO] Best Test acc=56.956
[2024-08-03 23:10:22,497][train_vgg.py][line:269][INFO] Epoch:[7/200]	 loss=320.69785	 acc=64.046
[2024-08-03 23:10:25,379][train_vgg.py][line:277][INFO] Epoch:[7/200]	 Test acc=61.391
[2024-08-03 23:10:25,379][train_vgg.py][line:286][INFO] Best Test acc=61.391
[2024-08-03 23:11:39,670][train_vgg.py][line:269][INFO] Epoch:[8/200]	 loss=318.73765	 acc=64.758
[2024-08-03 23:11:42,668][train_vgg.py][line:277][INFO] Epoch:[8/200]	 Test acc=49.294
[2024-08-03 23:11:42,668][train_vgg.py][line:286][INFO] Best Test acc=61.391
[2024-08-03 23:13:00,075][train_vgg.py][line:269][INFO] Epoch:[9/200]	 loss=311.22576	 acc=65.770
[2024-08-03 23:13:03,086][train_vgg.py][line:277][INFO] Epoch:[9/200]	 Test acc=41.633
[2024-08-03 23:13:03,086][train_vgg.py][line:286][INFO] Best Test acc=61.391
[2024-08-03 23:14:17,057][train_vgg.py][line:269][INFO] Epoch:[10/200]	 loss=297.59766	 acc=67.571
[2024-08-03 23:14:20,331][train_vgg.py][line:277][INFO] Epoch:[10/200]	 Test acc=54.234
[2024-08-03 23:14:20,332][train_vgg.py][line:286][INFO] Best Test acc=61.391
[2024-08-03 23:15:32,562][train_vgg.py][line:269][INFO] Epoch:[11/200]	 loss=291.93798	 acc=68.339
[2024-08-03 23:15:35,937][train_vgg.py][line:277][INFO] Epoch:[11/200]	 Test acc=26.210
[2024-08-03 23:15:35,938][train_vgg.py][line:286][INFO] Best Test acc=61.391
[2024-08-03 23:16:49,472][train_vgg.py][line:269][INFO] Epoch:[12/200]	 loss=287.69956	 acc=69.273
[2024-08-03 23:16:52,339][train_vgg.py][line:277][INFO] Epoch:[12/200]	 Test acc=54.435
[2024-08-03 23:16:52,340][train_vgg.py][line:286][INFO] Best Test acc=61.391
[2024-08-03 23:18:09,426][train_vgg.py][line:269][INFO] Epoch:[13/200]	 loss=281.65254	 acc=69.706
[2024-08-03 23:18:12,952][train_vgg.py][line:277][INFO] Epoch:[13/200]	 Test acc=52.419
[2024-08-03 23:18:12,952][train_vgg.py][line:286][INFO] Best Test acc=61.391
[2024-08-03 23:19:28,854][train_vgg.py][line:269][INFO] Epoch:[14/200]	 loss=284.95843	 acc=69.451
[2024-08-03 23:19:31,937][train_vgg.py][line:277][INFO] Epoch:[14/200]	 Test acc=37.903
[2024-08-03 23:19:31,938][train_vgg.py][line:286][INFO] Best Test acc=61.391
[2024-08-03 23:20:41,219][train_vgg.py][line:269][INFO] Epoch:[15/200]	 loss=271.54628	 acc=71.063
[2024-08-03 23:20:43,983][train_vgg.py][line:277][INFO] Epoch:[15/200]	 Test acc=37.702
[2024-08-03 23:20:43,983][train_vgg.py][line:286][INFO] Best Test acc=61.391
[2024-08-03 23:21:55,282][train_vgg.py][line:269][INFO] Epoch:[16/200]	 loss=262.33891	 acc=71.897
[2024-08-03 23:21:58,314][train_vgg.py][line:277][INFO] Epoch:[16/200]	 Test acc=56.956
[2024-08-03 23:21:58,314][train_vgg.py][line:286][INFO] Best Test acc=61.391
[2024-08-03 23:23:11,339][train_vgg.py][line:269][INFO] Epoch:[17/200]	 loss=266.66980	 acc=72.109
[2024-08-03 23:23:14,172][train_vgg.py][line:277][INFO] Epoch:[17/200]	 Test acc=67.440
[2024-08-03 23:23:14,172][train_vgg.py][line:286][INFO] Best Test acc=67.440
[2024-08-03 23:24:24,931][train_vgg.py][line:269][INFO] Epoch:[18/200]	 loss=261.34077	 acc=72.831
[2024-08-03 23:24:28,007][train_vgg.py][line:277][INFO] Epoch:[18/200]	 Test acc=60.181
[2024-08-03 23:24:28,008][train_vgg.py][line:286][INFO] Best Test acc=67.440
[2024-08-03 23:25:41,523][train_vgg.py][line:269][INFO] Epoch:[19/200]	 loss=255.50063	 acc=72.876
[2024-08-03 23:25:44,112][train_vgg.py][line:277][INFO] Epoch:[19/200]	 Test acc=65.020
[2024-08-03 23:25:44,112][train_vgg.py][line:286][INFO] Best Test acc=67.440
[2024-08-03 23:26:58,124][train_vgg.py][line:269][INFO] Epoch:[20/200]	 loss=249.25513	 acc=73.888
[2024-08-03 23:27:00,900][train_vgg.py][line:277][INFO] Epoch:[20/200]	 Test acc=49.093
[2024-08-03 23:27:00,901][train_vgg.py][line:286][INFO] Best Test acc=67.440
[2024-08-03 23:28:15,891][train_vgg.py][line:269][INFO] Epoch:[21/200]	 loss=252.03425	 acc=73.910
[2024-08-03 23:28:18,830][train_vgg.py][line:277][INFO] Epoch:[21/200]	 Test acc=55.847
[2024-08-03 23:28:18,831][train_vgg.py][line:286][INFO] Best Test acc=67.440
[2024-08-03 23:29:31,097][train_vgg.py][line:269][INFO] Epoch:[22/200]	 loss=249.85135	 acc=74.077
[2024-08-03 23:29:34,173][train_vgg.py][line:277][INFO] Epoch:[22/200]	 Test acc=69.254
[2024-08-03 23:29:34,174][train_vgg.py][line:286][INFO] Best Test acc=69.254
[2024-08-03 23:30:49,356][train_vgg.py][line:269][INFO] Epoch:[23/200]	 loss=241.28467	 acc=74.677
[2024-08-03 23:30:52,781][train_vgg.py][line:277][INFO] Epoch:[23/200]	 Test acc=64.617
[2024-08-03 23:30:52,781][train_vgg.py][line:286][INFO] Best Test acc=69.254
[2024-08-03 23:32:02,565][train_vgg.py][line:269][INFO] Epoch:[24/200]	 loss=247.13845	 acc=74.277
[2024-08-03 23:32:05,411][train_vgg.py][line:277][INFO] Epoch:[24/200]	 Test acc=66.532
[2024-08-03 23:32:05,412][train_vgg.py][line:286][INFO] Best Test acc=69.254
[2024-08-03 23:33:19,252][train_vgg.py][line:269][INFO] Epoch:[25/200]	 loss=235.67976	 acc=75.489
[2024-08-03 23:33:22,203][train_vgg.py][line:277][INFO] Epoch:[25/200]	 Test acc=72.480
[2024-08-03 23:33:22,203][train_vgg.py][line:286][INFO] Best Test acc=72.480
[2024-08-03 23:34:33,610][train_vgg.py][line:269][INFO] Epoch:[26/200]	 loss=233.70654	 acc=75.968
[2024-08-03 23:34:36,323][train_vgg.py][line:277][INFO] Epoch:[26/200]	 Test acc=62.500
[2024-08-03 23:34:36,323][train_vgg.py][line:286][INFO] Best Test acc=72.480
[2024-08-03 23:35:46,838][train_vgg.py][line:269][INFO] Epoch:[27/200]	 loss=227.54673	 acc=76.657
[2024-08-03 23:35:49,750][train_vgg.py][line:277][INFO] Epoch:[27/200]	 Test acc=67.742
[2024-08-03 23:35:49,750][train_vgg.py][line:286][INFO] Best Test acc=72.480
[2024-08-03 23:37:06,792][train_vgg.py][line:269][INFO] Epoch:[28/200]	 loss=225.89725	 acc=77.113
[2024-08-03 23:37:09,949][train_vgg.py][line:277][INFO] Epoch:[28/200]	 Test acc=66.532
[2024-08-03 23:37:09,950][train_vgg.py][line:286][INFO] Best Test acc=72.480
[2024-08-03 23:38:26,006][train_vgg.py][line:269][INFO] Epoch:[29/200]	 loss=229.29353	 acc=76.557
[2024-08-03 23:38:29,255][train_vgg.py][line:277][INFO] Epoch:[29/200]	 Test acc=56.653
[2024-08-03 23:38:29,255][train_vgg.py][line:286][INFO] Best Test acc=72.480
[2024-08-03 23:39:41,858][train_vgg.py][line:269][INFO] Epoch:[30/200]	 loss=221.01550	 acc=77.135
[2024-08-03 23:39:44,971][train_vgg.py][line:277][INFO] Epoch:[30/200]	 Test acc=71.069
[2024-08-03 23:39:44,971][train_vgg.py][line:286][INFO] Best Test acc=72.480
[2024-08-03 23:40:58,455][train_vgg.py][line:269][INFO] Epoch:[31/200]	 loss=222.28173	 acc=77.113
[2024-08-03 23:41:01,551][train_vgg.py][line:277][INFO] Epoch:[31/200]	 Test acc=73.286
[2024-08-03 23:41:01,551][train_vgg.py][line:286][INFO] Best Test acc=73.286
[2024-08-03 23:42:18,970][train_vgg.py][line:269][INFO] Epoch:[32/200]	 loss=218.37565	 acc=77.969
[2024-08-03 23:42:22,158][train_vgg.py][line:277][INFO] Epoch:[32/200]	 Test acc=73.286
[2024-08-03 23:42:22,159][train_vgg.py][line:286][INFO] Best Test acc=73.286
[2024-08-03 23:43:33,159][train_vgg.py][line:269][INFO] Epoch:[33/200]	 loss=216.05076	 acc=78.414
[2024-08-03 23:43:36,226][train_vgg.py][line:277][INFO] Epoch:[33/200]	 Test acc=71.069
[2024-08-03 23:43:36,227][train_vgg.py][line:286][INFO] Best Test acc=73.286
[2024-08-03 23:44:44,426][train_vgg.py][line:269][INFO] Epoch:[34/200]	 loss=209.39684	 acc=79.070
[2024-08-03 23:44:47,404][train_vgg.py][line:277][INFO] Epoch:[34/200]	 Test acc=64.617
[2024-08-03 23:44:47,404][train_vgg.py][line:286][INFO] Best Test acc=73.286
[2024-08-03 23:46:03,506][train_vgg.py][line:269][INFO] Epoch:[35/200]	 loss=204.90291	 acc=79.404
[2024-08-03 23:46:06,624][train_vgg.py][line:277][INFO] Epoch:[35/200]	 Test acc=68.145
[2024-08-03 23:46:06,624][train_vgg.py][line:286][INFO] Best Test acc=73.286
[2024-08-03 23:47:17,626][train_vgg.py][line:269][INFO] Epoch:[36/200]	 loss=203.85206	 acc=80.105
[2024-08-03 23:47:20,864][train_vgg.py][line:277][INFO] Epoch:[36/200]	 Test acc=68.851
[2024-08-03 23:47:20,864][train_vgg.py][line:286][INFO] Best Test acc=73.286
[2024-08-03 23:48:32,896][train_vgg.py][line:269][INFO] Epoch:[37/200]	 loss=207.26577	 acc=79.704
[2024-08-03 23:48:35,607][train_vgg.py][line:277][INFO] Epoch:[37/200]	 Test acc=67.944
[2024-08-03 23:48:35,607][train_vgg.py][line:286][INFO] Best Test acc=73.286
[2024-08-03 23:49:51,046][train_vgg.py][line:269][INFO] Epoch:[38/200]	 loss=201.84272	 acc=80.282
[2024-08-03 23:49:54,243][train_vgg.py][line:277][INFO] Epoch:[38/200]	 Test acc=66.734
[2024-08-03 23:49:54,244][train_vgg.py][line:286][INFO] Best Test acc=73.286
[2024-08-03 23:51:10,217][train_vgg.py][line:269][INFO] Epoch:[39/200]	 loss=196.11162	 acc=80.839
[2024-08-03 23:51:13,244][train_vgg.py][line:277][INFO] Epoch:[39/200]	 Test acc=67.036
[2024-08-03 23:51:13,244][train_vgg.py][line:286][INFO] Best Test acc=73.286
[2024-08-03 23:52:18,859][train_vgg.py][line:269][INFO] Epoch:[40/200]	 loss=189.08326	 acc=81.962
[2024-08-03 23:52:21,772][train_vgg.py][line:277][INFO] Epoch:[40/200]	 Test acc=58.770
[2024-08-03 23:52:21,772][train_vgg.py][line:286][INFO] Best Test acc=73.286
[2024-08-03 23:53:47,221][train_vgg.py][line:269][INFO] Epoch:[41/200]	 loss=194.87035	 acc=81.117
[2024-08-03 23:53:50,356][train_vgg.py][line:277][INFO] Epoch:[41/200]	 Test acc=53.125
[2024-08-03 23:53:50,356][train_vgg.py][line:286][INFO] Best Test acc=73.286
[2024-08-03 23:55:05,718][train_vgg.py][line:269][INFO] Epoch:[42/200]	 loss=202.22956	 acc=80.394
[2024-08-03 23:55:08,692][train_vgg.py][line:277][INFO] Epoch:[42/200]	 Test acc=68.145
[2024-08-03 23:55:08,692][train_vgg.py][line:286][INFO] Best Test acc=73.286
[2024-08-03 23:56:20,885][train_vgg.py][line:269][INFO] Epoch:[43/200]	 loss=196.59046	 acc=81.239
[2024-08-03 23:56:23,789][train_vgg.py][line:277][INFO] Epoch:[43/200]	 Test acc=68.044
[2024-08-03 23:56:23,789][train_vgg.py][line:286][INFO] Best Test acc=73.286
[2024-08-03 23:57:35,246][train_vgg.py][line:269][INFO] Epoch:[44/200]	 loss=188.71827	 acc=81.884
[2024-08-03 23:57:38,166][train_vgg.py][line:277][INFO] Epoch:[44/200]	 Test acc=57.359
[2024-08-03 23:57:38,166][train_vgg.py][line:286][INFO] Best Test acc=73.286
[2024-08-03 23:58:55,273][train_vgg.py][line:269][INFO] Epoch:[45/200]	 loss=189.85366	 acc=81.650
[2024-08-03 23:58:58,480][train_vgg.py][line:277][INFO] Epoch:[45/200]	 Test acc=75.000
[2024-08-03 23:58:58,480][train_vgg.py][line:286][INFO] Best Test acc=75.000
[2024-08-04 00:00:13,665][train_vgg.py][line:269][INFO] Epoch:[46/200]	 loss=181.23665	 acc=82.863
[2024-08-04 00:00:17,081][train_vgg.py][line:277][INFO] Epoch:[46/200]	 Test acc=69.456
[2024-08-04 00:00:17,081][train_vgg.py][line:286][INFO] Best Test acc=75.000
[2024-08-04 00:01:35,061][train_vgg.py][line:269][INFO] Epoch:[47/200]	 loss=180.87987	 acc=82.718
[2024-08-04 00:01:38,379][train_vgg.py][line:277][INFO] Epoch:[47/200]	 Test acc=58.669
[2024-08-04 00:01:38,379][train_vgg.py][line:286][INFO] Best Test acc=75.000
[2024-08-04 00:02:57,528][train_vgg.py][line:269][INFO] Epoch:[48/200]	 loss=191.22850	 acc=81.817
[2024-08-04 00:03:00,595][train_vgg.py][line:277][INFO] Epoch:[48/200]	 Test acc=63.508
[2024-08-04 00:03:00,595][train_vgg.py][line:286][INFO] Best Test acc=75.000
[2024-08-04 00:04:21,370][train_vgg.py][line:269][INFO] Epoch:[49/200]	 loss=178.67175	 acc=83.441
[2024-08-04 00:04:24,676][train_vgg.py][line:277][INFO] Epoch:[49/200]	 Test acc=70.867
[2024-08-04 00:04:24,676][train_vgg.py][line:286][INFO] Best Test acc=75.000
[2024-08-04 00:05:49,182][train_vgg.py][line:269][INFO] Epoch:[50/200]	 loss=174.49138	 acc=83.330
[2024-08-04 00:05:52,026][train_vgg.py][line:277][INFO] Epoch:[50/200]	 Test acc=70.464
[2024-08-04 00:05:52,026][train_vgg.py][line:286][INFO] Best Test acc=75.000
[2024-08-04 00:07:11,494][train_vgg.py][line:269][INFO] Epoch:[51/200]	 loss=165.08644	 acc=84.742
[2024-08-04 00:07:14,822][train_vgg.py][line:277][INFO] Epoch:[51/200]	 Test acc=71.976
[2024-08-04 00:07:14,822][train_vgg.py][line:286][INFO] Best Test acc=75.000
[2024-08-04 00:08:30,794][train_vgg.py][line:269][INFO] Epoch:[52/200]	 loss=173.67078	 acc=83.452
[2024-08-04 00:08:34,306][train_vgg.py][line:277][INFO] Epoch:[52/200]	 Test acc=75.101
[2024-08-04 00:08:34,306][train_vgg.py][line:286][INFO] Best Test acc=75.101
[2024-08-04 00:09:56,879][train_vgg.py][line:269][INFO] Epoch:[53/200]	 loss=166.26618	 acc=84.842
[2024-08-04 00:10:00,460][train_vgg.py][line:277][INFO] Epoch:[53/200]	 Test acc=74.698
[2024-08-04 00:10:00,461][train_vgg.py][line:286][INFO] Best Test acc=75.101
[2024-08-04 00:11:15,155][train_vgg.py][line:269][INFO] Epoch:[54/200]	 loss=166.28976	 acc=84.609
[2024-08-04 00:11:18,206][train_vgg.py][line:277][INFO] Epoch:[54/200]	 Test acc=69.052
[2024-08-04 00:11:18,206][train_vgg.py][line:286][INFO] Best Test acc=75.101
[2024-08-04 00:12:43,223][train_vgg.py][line:269][INFO] Epoch:[55/200]	 loss=167.71405	 acc=83.964
[2024-08-04 00:12:46,558][train_vgg.py][line:277][INFO] Epoch:[55/200]	 Test acc=71.774
[2024-08-04 00:12:46,558][train_vgg.py][line:286][INFO] Best Test acc=75.101
[2024-08-04 00:14:04,443][train_vgg.py][line:269][INFO] Epoch:[56/200]	 loss=164.84399	 acc=85.165
[2024-08-04 00:14:07,501][train_vgg.py][line:277][INFO] Epoch:[56/200]	 Test acc=71.472
[2024-08-04 00:14:07,501][train_vgg.py][line:286][INFO] Best Test acc=75.101
[2024-08-04 00:15:22,770][train_vgg.py][line:269][INFO] Epoch:[57/200]	 loss=153.59221	 acc=85.887
[2024-08-04 00:15:26,046][train_vgg.py][line:277][INFO] Epoch:[57/200]	 Test acc=69.153
[2024-08-04 00:15:26,046][train_vgg.py][line:286][INFO] Best Test acc=75.101
[2024-08-04 00:16:51,839][train_vgg.py][line:269][INFO] Epoch:[58/200]	 loss=153.16878	 acc=85.765
[2024-08-04 00:16:55,405][train_vgg.py][line:277][INFO] Epoch:[58/200]	 Test acc=66.633
[2024-08-04 00:16:55,405][train_vgg.py][line:286][INFO] Best Test acc=75.101
[2024-08-04 00:18:22,464][train_vgg.py][line:269][INFO] Epoch:[59/200]	 loss=150.54737	 acc=86.566
[2024-08-04 00:18:26,276][train_vgg.py][line:277][INFO] Epoch:[59/200]	 Test acc=73.992
[2024-08-04 00:18:26,276][train_vgg.py][line:286][INFO] Best Test acc=75.101
[2024-08-04 00:19:56,294][train_vgg.py][line:269][INFO] Epoch:[60/200]	 loss=159.32627	 acc=85.843
[2024-08-04 00:20:00,081][train_vgg.py][line:277][INFO] Epoch:[60/200]	 Test acc=65.927
[2024-08-04 00:20:00,081][train_vgg.py][line:286][INFO] Best Test acc=75.101
[2024-08-04 00:21:25,202][train_vgg.py][line:269][INFO] Epoch:[61/200]	 loss=151.35622	 acc=86.299
[2024-08-04 00:21:28,339][train_vgg.py][line:277][INFO] Epoch:[61/200]	 Test acc=65.726
[2024-08-04 00:21:28,339][train_vgg.py][line:286][INFO] Best Test acc=75.101
[2024-08-04 00:22:43,999][train_vgg.py][line:269][INFO] Epoch:[62/200]	 loss=144.17406	 acc=87.722
[2024-08-04 00:22:46,895][train_vgg.py][line:277][INFO] Epoch:[62/200]	 Test acc=73.891
[2024-08-04 00:22:46,895][train_vgg.py][line:286][INFO] Best Test acc=75.101
[2024-08-04 00:24:04,092][train_vgg.py][line:269][INFO] Epoch:[63/200]	 loss=152.96292	 acc=86.221
[2024-08-04 00:24:07,292][train_vgg.py][line:277][INFO] Epoch:[63/200]	 Test acc=71.371
[2024-08-04 00:24:07,292][train_vgg.py][line:286][INFO] Best Test acc=75.101
[2024-08-04 00:25:25,183][train_vgg.py][line:269][INFO] Epoch:[64/200]	 loss=141.41390	 acc=87.789
[2024-08-04 00:25:28,451][train_vgg.py][line:277][INFO] Epoch:[64/200]	 Test acc=72.077
[2024-08-04 00:25:28,451][train_vgg.py][line:286][INFO] Best Test acc=75.101
[2024-08-04 00:26:45,138][train_vgg.py][line:269][INFO] Epoch:[65/200]	 loss=143.15923	 acc=87.578
[2024-08-04 00:26:48,327][train_vgg.py][line:277][INFO] Epoch:[65/200]	 Test acc=77.319
[2024-08-04 00:26:48,327][train_vgg.py][line:286][INFO] Best Test acc=77.319
[2024-08-04 00:28:07,390][train_vgg.py][line:269][INFO] Epoch:[66/200]	 loss=135.34048	 acc=88.434
[2024-08-04 00:28:10,439][train_vgg.py][line:277][INFO] Epoch:[66/200]	 Test acc=64.012
[2024-08-04 00:28:10,439][train_vgg.py][line:286][INFO] Best Test acc=77.319
[2024-08-04 00:29:34,298][train_vgg.py][line:269][INFO] Epoch:[67/200]	 loss=135.60646	 acc=88.290
[2024-08-04 00:29:37,596][train_vgg.py][line:277][INFO] Epoch:[67/200]	 Test acc=76.310
[2024-08-04 00:29:37,596][train_vgg.py][line:286][INFO] Best Test acc=77.319
[2024-08-04 00:30:49,736][train_vgg.py][line:269][INFO] Epoch:[68/200]	 loss=134.25309	 acc=88.501
[2024-08-04 00:30:52,664][train_vgg.py][line:277][INFO] Epoch:[68/200]	 Test acc=66.734
[2024-08-04 00:30:52,664][train_vgg.py][line:286][INFO] Best Test acc=77.319
[2024-08-04 00:32:05,403][train_vgg.py][line:269][INFO] Epoch:[69/200]	 loss=142.24777	 acc=87.355
[2024-08-04 00:32:08,927][train_vgg.py][line:277][INFO] Epoch:[69/200]	 Test acc=73.589
[2024-08-04 00:32:08,927][train_vgg.py][line:286][INFO] Best Test acc=77.319
[2024-08-04 00:33:29,213][train_vgg.py][line:269][INFO] Epoch:[70/200]	 loss=132.06783	 acc=88.734
[2024-08-04 00:33:32,372][train_vgg.py][line:277][INFO] Epoch:[70/200]	 Test acc=71.169
[2024-08-04 00:33:32,372][train_vgg.py][line:286][INFO] Best Test acc=77.319
[2024-08-04 00:34:58,108][train_vgg.py][line:269][INFO] Epoch:[71/200]	 loss=127.95421	 acc=89.179
[2024-08-04 00:35:01,268][train_vgg.py][line:277][INFO] Epoch:[71/200]	 Test acc=75.101
[2024-08-04 00:35:01,268][train_vgg.py][line:286][INFO] Best Test acc=77.319
[2024-08-04 00:36:23,322][train_vgg.py][line:269][INFO] Epoch:[72/200]	 loss=125.32454	 acc=89.502
[2024-08-04 00:36:26,230][train_vgg.py][line:277][INFO] Epoch:[72/200]	 Test acc=71.774
[2024-08-04 00:36:26,230][train_vgg.py][line:286][INFO] Best Test acc=77.319
[2024-08-04 00:37:40,208][train_vgg.py][line:269][INFO] Epoch:[73/200]	 loss=119.18043	 acc=89.958
[2024-08-04 00:37:43,598][train_vgg.py][line:277][INFO] Epoch:[73/200]	 Test acc=75.403
[2024-08-04 00:37:43,599][train_vgg.py][line:286][INFO] Best Test acc=77.319
[2024-08-04 00:39:12,471][train_vgg.py][line:269][INFO] Epoch:[74/200]	 loss=127.78802	 acc=89.502
[2024-08-04 00:39:16,443][train_vgg.py][line:277][INFO] Epoch:[74/200]	 Test acc=70.161
[2024-08-04 00:39:16,443][train_vgg.py][line:286][INFO] Best Test acc=77.319
[2024-08-04 00:40:35,437][train_vgg.py][line:269][INFO] Epoch:[75/200]	 loss=132.30912	 acc=88.568
[2024-08-04 00:40:38,519][train_vgg.py][line:277][INFO] Epoch:[75/200]	 Test acc=75.605
[2024-08-04 00:40:38,519][train_vgg.py][line:286][INFO] Best Test acc=77.319
[2024-08-04 00:42:03,963][train_vgg.py][line:269][INFO] Epoch:[76/200]	 loss=117.36650	 acc=90.658
[2024-08-04 00:42:07,555][train_vgg.py][line:277][INFO] Epoch:[76/200]	 Test acc=71.673
[2024-08-04 00:42:07,555][train_vgg.py][line:286][INFO] Best Test acc=77.319
[2024-08-04 00:43:26,580][train_vgg.py][line:269][INFO] Epoch:[77/200]	 loss=114.88668	 acc=91.048
[2024-08-04 00:43:30,208][train_vgg.py][line:277][INFO] Epoch:[77/200]	 Test acc=72.278
[2024-08-04 00:43:30,208][train_vgg.py][line:286][INFO] Best Test acc=77.319
[2024-08-04 00:45:06,302][train_vgg.py][line:269][INFO] Epoch:[78/200]	 loss=122.97733	 acc=89.991
[2024-08-04 00:45:09,775][train_vgg.py][line:277][INFO] Epoch:[78/200]	 Test acc=68.548
[2024-08-04 00:45:09,776][train_vgg.py][line:286][INFO] Best Test acc=77.319
[2024-08-04 00:46:23,368][train_vgg.py][line:269][INFO] Epoch:[79/200]	 loss=112.50163	 acc=91.036
[2024-08-04 00:46:26,271][train_vgg.py][line:277][INFO] Epoch:[79/200]	 Test acc=75.605
[2024-08-04 00:46:26,271][train_vgg.py][line:286][INFO] Best Test acc=77.319
[2024-08-04 00:47:42,975][train_vgg.py][line:269][INFO] Epoch:[80/200]	 loss=115.72714	 acc=90.636
[2024-08-04 00:47:45,999][train_vgg.py][line:277][INFO] Epoch:[80/200]	 Test acc=75.000
[2024-08-04 00:47:46,000][train_vgg.py][line:286][INFO] Best Test acc=77.319
[2024-08-04 00:48:58,948][train_vgg.py][line:269][INFO] Epoch:[81/200]	 loss=113.68992	 acc=90.959
[2024-08-04 00:49:01,892][train_vgg.py][line:277][INFO] Epoch:[81/200]	 Test acc=73.790
[2024-08-04 00:49:01,892][train_vgg.py][line:286][INFO] Best Test acc=77.319
[2024-08-04 00:50:19,030][train_vgg.py][line:269][INFO] Epoch:[82/200]	 loss=107.23582	 acc=91.715
[2024-08-04 00:50:22,558][train_vgg.py][line:277][INFO] Epoch:[82/200]	 Test acc=76.008
[2024-08-04 00:50:22,559][train_vgg.py][line:286][INFO] Best Test acc=77.319
[2024-08-04 00:51:54,597][train_vgg.py][line:269][INFO] Epoch:[83/200]	 loss=109.78832	 acc=91.492
[2024-08-04 00:51:58,636][train_vgg.py][line:277][INFO] Epoch:[83/200]	 Test acc=77.117
[2024-08-04 00:51:58,636][train_vgg.py][line:286][INFO] Best Test acc=77.319
[2024-08-04 00:53:31,484][train_vgg.py][line:269][INFO] Epoch:[84/200]	 loss=113.37230	 acc=91.059
[2024-08-04 00:53:35,189][train_vgg.py][line:277][INFO] Epoch:[84/200]	 Test acc=77.218
[2024-08-04 00:53:35,189][train_vgg.py][line:286][INFO] Best Test acc=77.319
[2024-08-04 00:55:01,820][train_vgg.py][line:269][INFO] Epoch:[85/200]	 loss=104.54494	 acc=92.349
[2024-08-04 00:55:05,677][train_vgg.py][line:277][INFO] Epoch:[85/200]	 Test acc=76.915
[2024-08-04 00:55:05,678][train_vgg.py][line:286][INFO] Best Test acc=77.319
[2024-08-04 00:56:30,045][train_vgg.py][line:269][INFO] Epoch:[86/200]	 loss=101.72139	 acc=92.104
[2024-08-04 00:56:33,586][train_vgg.py][line:277][INFO] Epoch:[86/200]	 Test acc=75.202
[2024-08-04 00:56:33,586][train_vgg.py][line:286][INFO] Best Test acc=77.319
[2024-08-04 00:57:55,765][train_vgg.py][line:269][INFO] Epoch:[87/200]	 loss=98.71245	 acc=92.771
[2024-08-04 00:57:59,469][train_vgg.py][line:277][INFO] Epoch:[87/200]	 Test acc=70.565
[2024-08-04 00:57:59,470][train_vgg.py][line:286][INFO] Best Test acc=77.319
[2024-08-04 00:59:26,635][train_vgg.py][line:269][INFO] Epoch:[88/200]	 loss=100.30987	 acc=92.538
[2024-08-04 00:59:30,097][train_vgg.py][line:277][INFO] Epoch:[88/200]	 Test acc=75.302
[2024-08-04 00:59:30,098][train_vgg.py][line:286][INFO] Best Test acc=77.319
[2024-08-04 01:01:03,414][train_vgg.py][line:269][INFO] Epoch:[89/200]	 loss=93.51518	 acc=92.794
[2024-08-04 01:01:07,245][train_vgg.py][line:277][INFO] Epoch:[89/200]	 Test acc=62.903
[2024-08-04 01:01:07,246][train_vgg.py][line:286][INFO] Best Test acc=77.319
[2024-08-04 01:02:28,228][train_vgg.py][line:269][INFO] Epoch:[90/200]	 loss=101.44156	 acc=92.605
[2024-08-04 01:02:31,086][train_vgg.py][line:277][INFO] Epoch:[90/200]	 Test acc=74.294
[2024-08-04 01:02:31,087][train_vgg.py][line:286][INFO] Best Test acc=77.319
[2024-08-04 01:03:52,094][train_vgg.py][line:269][INFO] Epoch:[91/200]	 loss=97.77953	 acc=92.627
[2024-08-04 01:03:55,434][train_vgg.py][line:277][INFO] Epoch:[91/200]	 Test acc=58.266
[2024-08-04 01:03:55,434][train_vgg.py][line:286][INFO] Best Test acc=77.319
[2024-08-04 01:05:17,645][train_vgg.py][line:269][INFO] Epoch:[92/200]	 loss=92.00976	 acc=93.494
[2024-08-04 01:05:21,395][train_vgg.py][line:277][INFO] Epoch:[92/200]	 Test acc=77.520
[2024-08-04 01:05:21,395][train_vgg.py][line:286][INFO] Best Test acc=77.520
[2024-08-04 01:06:39,242][train_vgg.py][line:269][INFO] Epoch:[93/200]	 loss=92.55005	 acc=93.350
[2024-08-04 01:06:42,290][train_vgg.py][line:277][INFO] Epoch:[93/200]	 Test acc=78.024
[2024-08-04 01:06:42,290][train_vgg.py][line:286][INFO] Best Test acc=78.024
[2024-08-04 01:08:04,087][train_vgg.py][line:269][INFO] Epoch:[94/200]	 loss=82.26393	 acc=94.617
[2024-08-04 01:08:07,180][train_vgg.py][line:277][INFO] Epoch:[94/200]	 Test acc=79.435
[2024-08-04 01:08:07,180][train_vgg.py][line:286][INFO] Best Test acc=79.435
[2024-08-04 01:09:20,514][train_vgg.py][line:269][INFO] Epoch:[95/200]	 loss=83.77576	 acc=94.440
[2024-08-04 01:09:23,300][train_vgg.py][line:277][INFO] Epoch:[95/200]	 Test acc=74.496
[2024-08-04 01:09:23,300][train_vgg.py][line:286][INFO] Best Test acc=79.435
[2024-08-04 01:10:37,910][train_vgg.py][line:269][INFO] Epoch:[96/200]	 loss=87.86922	 acc=93.850
[2024-08-04 01:10:40,851][train_vgg.py][line:277][INFO] Epoch:[96/200]	 Test acc=75.504
[2024-08-04 01:10:40,851][train_vgg.py][line:286][INFO] Best Test acc=79.435
[2024-08-04 01:12:02,925][train_vgg.py][line:269][INFO] Epoch:[97/200]	 loss=80.50877	 acc=94.806
[2024-08-04 01:12:06,070][train_vgg.py][line:277][INFO] Epoch:[97/200]	 Test acc=76.512
[2024-08-04 01:12:06,070][train_vgg.py][line:286][INFO] Best Test acc=79.435
[2024-08-04 01:13:26,671][train_vgg.py][line:269][INFO] Epoch:[98/200]	 loss=78.14393	 acc=95.240
[2024-08-04 01:13:29,780][train_vgg.py][line:277][INFO] Epoch:[98/200]	 Test acc=77.722
[2024-08-04 01:13:29,780][train_vgg.py][line:286][INFO] Best Test acc=79.435
[2024-08-04 01:14:44,671][train_vgg.py][line:269][INFO] Epoch:[99/200]	 loss=76.00873	 acc=95.307
[2024-08-04 01:14:47,707][train_vgg.py][line:277][INFO] Epoch:[99/200]	 Test acc=78.226
[2024-08-04 01:14:47,707][train_vgg.py][line:286][INFO] Best Test acc=79.435
[2024-08-04 01:16:05,107][train_vgg.py][line:269][INFO] Epoch:[100/200]	 loss=73.08935	 acc=95.285
[2024-08-04 01:16:08,171][train_vgg.py][line:277][INFO] Epoch:[100/200]	 Test acc=70.867
[2024-08-04 01:16:08,171][train_vgg.py][line:286][INFO] Best Test acc=79.435
[2024-08-04 01:17:33,270][train_vgg.py][line:269][INFO] Epoch:[101/200]	 loss=71.96912	 acc=95.730
[2024-08-04 01:17:36,487][train_vgg.py][line:277][INFO] Epoch:[101/200]	 Test acc=73.891
[2024-08-04 01:17:36,487][train_vgg.py][line:286][INFO] Best Test acc=79.435
[2024-08-04 01:18:52,081][train_vgg.py][line:269][INFO] Epoch:[102/200]	 loss=77.45150	 acc=95.185
[2024-08-04 01:18:55,550][train_vgg.py][line:277][INFO] Epoch:[102/200]	 Test acc=76.815
[2024-08-04 01:18:55,550][train_vgg.py][line:286][INFO] Best Test acc=79.435
[2024-08-04 01:20:10,775][train_vgg.py][line:269][INFO] Epoch:[103/200]	 loss=74.48773	 acc=95.229
[2024-08-04 01:20:13,803][train_vgg.py][line:277][INFO] Epoch:[103/200]	 Test acc=78.528
[2024-08-04 01:20:13,803][train_vgg.py][line:286][INFO] Best Test acc=79.435
[2024-08-04 01:21:37,859][train_vgg.py][line:269][INFO] Epoch:[104/200]	 loss=71.89251	 acc=95.507
[2024-08-04 01:21:41,646][train_vgg.py][line:277][INFO] Epoch:[104/200]	 Test acc=79.839
[2024-08-04 01:21:41,646][train_vgg.py][line:286][INFO] Best Test acc=79.839
[2024-08-04 01:23:15,402][train_vgg.py][line:269][INFO] Epoch:[105/200]	 loss=67.34849	 acc=96.108
[2024-08-04 01:23:19,176][train_vgg.py][line:277][INFO] Epoch:[105/200]	 Test acc=74.294
[2024-08-04 01:23:19,176][train_vgg.py][line:286][INFO] Best Test acc=79.839
[2024-08-04 01:24:54,479][train_vgg.py][line:269][INFO] Epoch:[106/200]	 loss=67.88346	 acc=96.063
[2024-08-04 01:24:58,434][train_vgg.py][line:277][INFO] Epoch:[106/200]	 Test acc=74.294
[2024-08-04 01:24:58,435][train_vgg.py][line:286][INFO] Best Test acc=79.839
[2024-08-04 01:26:39,791][train_vgg.py][line:269][INFO] Epoch:[107/200]	 loss=63.70447	 acc=96.185
[2024-08-04 01:26:43,687][train_vgg.py][line:277][INFO] Epoch:[107/200]	 Test acc=80.444
[2024-08-04 01:26:43,687][train_vgg.py][line:286][INFO] Best Test acc=80.444
[2024-08-04 01:28:19,467][train_vgg.py][line:269][INFO] Epoch:[108/200]	 loss=59.62554	 acc=96.842
[2024-08-04 01:28:23,074][train_vgg.py][line:277][INFO] Epoch:[108/200]	 Test acc=78.427
[2024-08-04 01:28:23,074][train_vgg.py][line:286][INFO] Best Test acc=80.444
[2024-08-04 01:29:55,336][train_vgg.py][line:269][INFO] Epoch:[109/200]	 loss=59.74427	 acc=96.864
[2024-08-04 01:29:58,967][train_vgg.py][line:277][INFO] Epoch:[109/200]	 Test acc=76.613
[2024-08-04 01:29:58,967][train_vgg.py][line:286][INFO] Best Test acc=80.444
[2024-08-04 01:31:31,075][train_vgg.py][line:269][INFO] Epoch:[110/200]	 loss=58.06773	 acc=96.897
[2024-08-04 01:31:34,877][train_vgg.py][line:277][INFO] Epoch:[110/200]	 Test acc=78.730
[2024-08-04 01:31:34,877][train_vgg.py][line:286][INFO] Best Test acc=80.444
[2024-08-04 01:33:06,190][train_vgg.py][line:269][INFO] Epoch:[111/200]	 loss=54.74804	 acc=97.086
[2024-08-04 01:33:10,112][train_vgg.py][line:277][INFO] Epoch:[111/200]	 Test acc=78.125
[2024-08-04 01:33:10,112][train_vgg.py][line:286][INFO] Best Test acc=80.444
[2024-08-04 01:34:50,569][train_vgg.py][line:269][INFO] Epoch:[112/200]	 loss=58.18103	 acc=97.242
[2024-08-04 01:34:53,855][train_vgg.py][line:277][INFO] Epoch:[112/200]	 Test acc=78.528
[2024-08-04 01:34:53,855][train_vgg.py][line:286][INFO] Best Test acc=80.444
[2024-08-04 01:36:16,308][train_vgg.py][line:269][INFO] Epoch:[113/200]	 loss=58.87544	 acc=96.886
[2024-08-04 01:36:19,602][train_vgg.py][line:277][INFO] Epoch:[113/200]	 Test acc=79.940
[2024-08-04 01:36:19,602][train_vgg.py][line:286][INFO] Best Test acc=80.444
[2024-08-04 01:37:39,790][train_vgg.py][line:269][INFO] Epoch:[114/200]	 loss=55.60962	 acc=97.064
[2024-08-04 01:37:43,107][train_vgg.py][line:277][INFO] Epoch:[114/200]	 Test acc=77.621
[2024-08-04 01:37:43,107][train_vgg.py][line:286][INFO] Best Test acc=80.444
[2024-08-04 01:39:16,074][train_vgg.py][line:269][INFO] Epoch:[115/200]	 loss=52.32121	 acc=97.364
[2024-08-04 01:39:19,854][train_vgg.py][line:277][INFO] Epoch:[115/200]	 Test acc=78.427
[2024-08-04 01:39:19,854][train_vgg.py][line:286][INFO] Best Test acc=80.444
[2024-08-04 01:40:44,056][train_vgg.py][line:269][INFO] Epoch:[116/200]	 loss=54.25554	 acc=97.409
[2024-08-04 01:40:47,355][train_vgg.py][line:277][INFO] Epoch:[116/200]	 Test acc=80.141
[2024-08-04 01:40:47,355][train_vgg.py][line:286][INFO] Best Test acc=80.444
[2024-08-04 01:42:10,131][train_vgg.py][line:269][INFO] Epoch:[117/200]	 loss=50.70402	 acc=97.765
[2024-08-04 01:42:13,196][train_vgg.py][line:277][INFO] Epoch:[117/200]	 Test acc=77.823
[2024-08-04 01:42:13,196][train_vgg.py][line:286][INFO] Best Test acc=80.444
[2024-08-04 01:43:43,592][train_vgg.py][line:269][INFO] Epoch:[118/200]	 loss=42.76679	 acc=98.287
[2024-08-04 01:43:47,563][train_vgg.py][line:277][INFO] Epoch:[118/200]	 Test acc=76.714
[2024-08-04 01:43:47,563][train_vgg.py][line:286][INFO] Best Test acc=80.444
[2024-08-04 01:45:15,124][train_vgg.py][line:269][INFO] Epoch:[119/200]	 loss=49.42923	 acc=97.731
[2024-08-04 01:45:18,384][train_vgg.py][line:277][INFO] Epoch:[119/200]	 Test acc=78.629
[2024-08-04 01:45:18,384][train_vgg.py][line:286][INFO] Best Test acc=80.444
[2024-08-04 01:46:46,396][train_vgg.py][line:269][INFO] Epoch:[120/200]	 loss=41.70359	 acc=98.198
[2024-08-04 01:46:50,166][train_vgg.py][line:277][INFO] Epoch:[120/200]	 Test acc=79.335
[2024-08-04 01:46:50,166][train_vgg.py][line:286][INFO] Best Test acc=80.444
[2024-08-04 01:48:26,717][train_vgg.py][line:269][INFO] Epoch:[121/200]	 loss=48.33485	 acc=97.920
[2024-08-04 01:48:30,661][train_vgg.py][line:277][INFO] Epoch:[121/200]	 Test acc=76.109
[2024-08-04 01:48:30,661][train_vgg.py][line:286][INFO] Best Test acc=80.444
[2024-08-04 01:49:58,994][train_vgg.py][line:269][INFO] Epoch:[122/200]	 loss=41.93735	 acc=98.410
[2024-08-04 01:50:02,175][train_vgg.py][line:277][INFO] Epoch:[122/200]	 Test acc=81.855
[2024-08-04 01:50:02,175][train_vgg.py][line:286][INFO] Best Test acc=81.855
[2024-08-04 01:51:30,910][train_vgg.py][line:269][INFO] Epoch:[123/200]	 loss=44.47307	 acc=97.976
[2024-08-04 01:51:34,945][train_vgg.py][line:277][INFO] Epoch:[123/200]	 Test acc=79.133
[2024-08-04 01:51:34,945][train_vgg.py][line:286][INFO] Best Test acc=81.855
[2024-08-04 01:53:08,315][train_vgg.py][line:269][INFO] Epoch:[124/200]	 loss=38.16094	 acc=98.743
[2024-08-04 01:53:12,148][train_vgg.py][line:277][INFO] Epoch:[124/200]	 Test acc=82.056
[2024-08-04 01:53:12,148][train_vgg.py][line:286][INFO] Best Test acc=82.056
[2024-08-04 01:54:43,554][train_vgg.py][line:269][INFO] Epoch:[125/200]	 loss=31.72364	 acc=99.055
[2024-08-04 01:54:47,517][train_vgg.py][line:277][INFO] Epoch:[125/200]	 Test acc=80.141
[2024-08-04 01:54:47,518][train_vgg.py][line:286][INFO] Best Test acc=82.056
[2024-08-04 01:56:18,598][train_vgg.py][line:269][INFO] Epoch:[126/200]	 loss=30.50585	 acc=99.121
[2024-08-04 01:56:21,992][train_vgg.py][line:277][INFO] Epoch:[126/200]	 Test acc=78.024
[2024-08-04 01:56:21,993][train_vgg.py][line:286][INFO] Best Test acc=82.056
[2024-08-04 01:57:46,216][train_vgg.py][line:269][INFO] Epoch:[127/200]	 loss=28.49842	 acc=99.199
[2024-08-04 01:57:49,577][train_vgg.py][line:277][INFO] Epoch:[127/200]	 Test acc=78.528
[2024-08-04 01:57:49,577][train_vgg.py][line:286][INFO] Best Test acc=82.056
[2024-08-04 01:59:19,984][train_vgg.py][line:269][INFO] Epoch:[128/200]	 loss=27.60939	 acc=99.277
[2024-08-04 01:59:23,672][train_vgg.py][line:277][INFO] Epoch:[128/200]	 Test acc=80.343
[2024-08-04 01:59:23,672][train_vgg.py][line:286][INFO] Best Test acc=82.056
[2024-08-04 02:00:51,192][train_vgg.py][line:269][INFO] Epoch:[129/200]	 loss=24.24775	 acc=99.477
[2024-08-04 02:00:54,685][train_vgg.py][line:277][INFO] Epoch:[129/200]	 Test acc=80.948
[2024-08-04 02:00:54,685][train_vgg.py][line:286][INFO] Best Test acc=82.056
[2024-08-04 02:02:20,556][train_vgg.py][line:269][INFO] Epoch:[130/200]	 loss=24.04328	 acc=99.466
[2024-08-04 02:02:24,217][train_vgg.py][line:277][INFO] Epoch:[130/200]	 Test acc=80.746
[2024-08-04 02:02:24,217][train_vgg.py][line:286][INFO] Best Test acc=82.056
[2024-08-04 02:03:41,819][train_vgg.py][line:269][INFO] Epoch:[131/200]	 loss=26.25620	 acc=99.322
[2024-08-04 02:03:44,950][train_vgg.py][line:277][INFO] Epoch:[131/200]	 Test acc=81.552
[2024-08-04 02:03:44,950][train_vgg.py][line:286][INFO] Best Test acc=82.056
[2024-08-04 02:05:13,198][train_vgg.py][line:269][INFO] Epoch:[132/200]	 loss=32.62366	 acc=99.144
[2024-08-04 02:05:16,532][train_vgg.py][line:277][INFO] Epoch:[132/200]	 Test acc=77.722
[2024-08-04 02:05:16,532][train_vgg.py][line:286][INFO] Best Test acc=82.056
[2024-08-04 02:06:47,130][train_vgg.py][line:269][INFO] Epoch:[133/200]	 loss=30.49910	 acc=99.155
[2024-08-04 02:06:50,826][train_vgg.py][line:277][INFO] Epoch:[133/200]	 Test acc=80.948
[2024-08-04 02:06:50,827][train_vgg.py][line:286][INFO] Best Test acc=82.056
[2024-08-04 02:08:24,787][train_vgg.py][line:269][INFO] Epoch:[134/200]	 loss=28.90270	 acc=99.288
[2024-08-04 02:08:28,668][train_vgg.py][line:277][INFO] Epoch:[134/200]	 Test acc=79.738
[2024-08-04 02:08:28,668][train_vgg.py][line:286][INFO] Best Test acc=82.056
[2024-08-04 02:10:05,993][train_vgg.py][line:269][INFO] Epoch:[135/200]	 loss=23.31616	 acc=99.677
[2024-08-04 02:10:09,896][train_vgg.py][line:277][INFO] Epoch:[135/200]	 Test acc=80.444
[2024-08-04 02:10:09,896][train_vgg.py][line:286][INFO] Best Test acc=82.056
[2024-08-04 02:11:46,124][train_vgg.py][line:269][INFO] Epoch:[136/200]	 loss=20.60683	 acc=99.711
[2024-08-04 02:11:50,096][train_vgg.py][line:277][INFO] Epoch:[136/200]	 Test acc=82.258
[2024-08-04 02:11:50,096][train_vgg.py][line:286][INFO] Best Test acc=82.258
[2024-08-04 02:13:19,684][train_vgg.py][line:269][INFO] Epoch:[137/200]	 loss=19.25946	 acc=99.744
[2024-08-04 02:13:23,068][train_vgg.py][line:277][INFO] Epoch:[137/200]	 Test acc=82.762
[2024-08-04 02:13:23,068][train_vgg.py][line:286][INFO] Best Test acc=82.762
[2024-08-04 02:14:49,663][train_vgg.py][line:269][INFO] Epoch:[138/200]	 loss=15.17705	 acc=99.833
[2024-08-04 02:14:53,612][train_vgg.py][line:277][INFO] Epoch:[138/200]	 Test acc=81.250
[2024-08-04 02:14:53,612][train_vgg.py][line:286][INFO] Best Test acc=82.762
[2024-08-04 02:16:18,467][train_vgg.py][line:269][INFO] Epoch:[139/200]	 loss=13.07252	 acc=99.956
[2024-08-04 02:16:21,811][train_vgg.py][line:277][INFO] Epoch:[139/200]	 Test acc=83.065
[2024-08-04 02:16:21,811][train_vgg.py][line:286][INFO] Best Test acc=83.065
[2024-08-04 02:17:38,736][train_vgg.py][line:269][INFO] Epoch:[140/200]	 loss=11.80332	 acc=99.944
[2024-08-04 02:17:42,308][train_vgg.py][line:277][INFO] Epoch:[140/200]	 Test acc=84.073
[2024-08-04 02:17:42,308][train_vgg.py][line:286][INFO] Best Test acc=84.073
[2024-08-04 02:19:03,987][train_vgg.py][line:269][INFO] Epoch:[141/200]	 loss=10.14865	 acc=100.000
[2024-08-04 02:19:07,276][train_vgg.py][line:277][INFO] Epoch:[141/200]	 Test acc=82.762
[2024-08-04 02:19:07,277][train_vgg.py][line:286][INFO] Best Test acc=84.073
[2024-08-04 02:20:31,101][train_vgg.py][line:269][INFO] Epoch:[142/200]	 loss=10.38644	 acc=99.978
[2024-08-04 02:20:34,887][train_vgg.py][line:277][INFO] Epoch:[142/200]	 Test acc=83.871
[2024-08-04 02:20:34,887][train_vgg.py][line:286][INFO] Best Test acc=84.073
[2024-08-04 02:22:10,049][train_vgg.py][line:269][INFO] Epoch:[143/200]	 loss=9.60242	 acc=99.989
[2024-08-04 02:22:14,142][train_vgg.py][line:277][INFO] Epoch:[143/200]	 Test acc=84.677
[2024-08-04 02:22:14,142][train_vgg.py][line:286][INFO] Best Test acc=84.677
[2024-08-04 02:23:43,134][train_vgg.py][line:269][INFO] Epoch:[144/200]	 loss=9.42077	 acc=99.989
[2024-08-04 02:23:46,405][train_vgg.py][line:277][INFO] Epoch:[144/200]	 Test acc=83.871
[2024-08-04 02:23:46,405][train_vgg.py][line:286][INFO] Best Test acc=84.677
[2024-08-04 02:25:16,708][train_vgg.py][line:269][INFO] Epoch:[145/200]	 loss=8.53515	 acc=100.000
[2024-08-04 02:25:20,284][train_vgg.py][line:277][INFO] Epoch:[145/200]	 Test acc=83.871
[2024-08-04 02:25:20,285][train_vgg.py][line:286][INFO] Best Test acc=84.677
[2024-08-04 02:26:41,150][train_vgg.py][line:269][INFO] Epoch:[146/200]	 loss=8.45553	 acc=100.000
[2024-08-04 02:26:44,700][train_vgg.py][line:277][INFO] Epoch:[146/200]	 Test acc=84.577
[2024-08-04 02:26:44,700][train_vgg.py][line:286][INFO] Best Test acc=84.677
[2024-08-04 02:28:07,756][train_vgg.py][line:269][INFO] Epoch:[147/200]	 loss=8.53377	 acc=99.978
[2024-08-04 02:28:11,244][train_vgg.py][line:277][INFO] Epoch:[147/200]	 Test acc=83.468
[2024-08-04 02:28:11,244][train_vgg.py][line:286][INFO] Best Test acc=84.677
[2024-08-04 02:29:40,492][train_vgg.py][line:269][INFO] Epoch:[148/200]	 loss=8.39955	 acc=99.989
[2024-08-04 02:29:44,299][train_vgg.py][line:277][INFO] Epoch:[148/200]	 Test acc=84.375
[2024-08-04 02:29:44,300][train_vgg.py][line:286][INFO] Best Test acc=84.677
[2024-08-04 02:31:22,545][train_vgg.py][line:269][INFO] Epoch:[149/200]	 loss=8.85545	 acc=99.978
[2024-08-04 02:31:25,996][train_vgg.py][line:277][INFO] Epoch:[149/200]	 Test acc=84.375
[2024-08-04 02:31:25,996][train_vgg.py][line:286][INFO] Best Test acc=84.677
[2024-08-04 02:32:44,766][train_vgg.py][line:269][INFO] Epoch:[150/200]	 loss=7.91954	 acc=99.989
[2024-08-04 02:32:48,167][train_vgg.py][line:277][INFO] Epoch:[150/200]	 Test acc=83.972
[2024-08-04 02:32:48,167][train_vgg.py][line:286][INFO] Best Test acc=84.677
[2024-08-04 02:34:24,476][train_vgg.py][line:269][INFO] Epoch:[151/200]	 loss=7.94024	 acc=99.989
[2024-08-04 02:34:27,560][train_vgg.py][line:277][INFO] Epoch:[151/200]	 Test acc=84.476
[2024-08-04 02:34:27,560][train_vgg.py][line:286][INFO] Best Test acc=84.677
[2024-08-04 02:35:46,141][train_vgg.py][line:269][INFO] Epoch:[152/200]	 loss=8.26936	 acc=99.978
[2024-08-04 02:35:49,482][train_vgg.py][line:277][INFO] Epoch:[152/200]	 Test acc=84.980
[2024-08-04 02:35:49,482][train_vgg.py][line:286][INFO] Best Test acc=84.980
[2024-08-04 02:37:17,677][train_vgg.py][line:269][INFO] Epoch:[153/200]	 loss=7.34462	 acc=100.000
[2024-08-04 02:37:21,660][train_vgg.py][line:277][INFO] Epoch:[153/200]	 Test acc=84.274
[2024-08-04 02:37:21,660][train_vgg.py][line:286][INFO] Best Test acc=84.980
[2024-08-04 02:38:44,662][train_vgg.py][line:269][INFO] Epoch:[154/200]	 loss=7.11793	 acc=100.000
[2024-08-04 02:38:47,937][train_vgg.py][line:277][INFO] Epoch:[154/200]	 Test acc=83.569
[2024-08-04 02:38:47,937][train_vgg.py][line:286][INFO] Best Test acc=84.980
[2024-08-04 02:40:18,375][train_vgg.py][line:269][INFO] Epoch:[155/200]	 loss=7.16122	 acc=100.000
[2024-08-04 02:40:21,508][train_vgg.py][line:277][INFO] Epoch:[155/200]	 Test acc=84.677
[2024-08-04 02:40:21,509][train_vgg.py][line:286][INFO] Best Test acc=84.980
[2024-08-04 02:41:57,119][train_vgg.py][line:269][INFO] Epoch:[156/200]	 loss=6.91076	 acc=100.000
[2024-08-04 02:42:01,251][train_vgg.py][line:277][INFO] Epoch:[156/200]	 Test acc=83.770
[2024-08-04 02:42:01,252][train_vgg.py][line:286][INFO] Best Test acc=84.980
[2024-08-04 02:43:37,519][train_vgg.py][line:269][INFO] Epoch:[157/200]	 loss=7.22597	 acc=99.989
[2024-08-04 02:43:41,395][train_vgg.py][line:277][INFO] Epoch:[157/200]	 Test acc=84.577
[2024-08-04 02:43:41,395][train_vgg.py][line:286][INFO] Best Test acc=84.980
[2024-08-04 02:45:13,370][train_vgg.py][line:269][INFO] Epoch:[158/200]	 loss=7.46419	 acc=100.000
[2024-08-04 02:45:17,057][train_vgg.py][line:277][INFO] Epoch:[158/200]	 Test acc=84.274
[2024-08-04 02:45:17,057][train_vgg.py][line:286][INFO] Best Test acc=84.980
[2024-08-04 02:46:34,115][train_vgg.py][line:269][INFO] Epoch:[159/200]	 loss=7.51312	 acc=99.989
[2024-08-04 02:46:36,906][train_vgg.py][line:277][INFO] Epoch:[159/200]	 Test acc=84.173
[2024-08-04 02:46:36,906][train_vgg.py][line:286][INFO] Best Test acc=84.980
[2024-08-04 02:47:47,684][train_vgg.py][line:269][INFO] Epoch:[160/200]	 loss=7.08713	 acc=100.000
[2024-08-04 02:47:50,840][train_vgg.py][line:277][INFO] Epoch:[160/200]	 Test acc=84.980
[2024-08-04 02:47:50,840][train_vgg.py][line:286][INFO] Best Test acc=84.980
[2024-08-04 02:49:08,229][train_vgg.py][line:269][INFO] Epoch:[161/200]	 loss=6.74159	 acc=100.000
[2024-08-04 02:49:11,592][train_vgg.py][line:277][INFO] Epoch:[161/200]	 Test acc=85.887
[2024-08-04 02:49:11,592][train_vgg.py][line:286][INFO] Best Test acc=85.887
[2024-08-04 02:50:29,667][train_vgg.py][line:269][INFO] Epoch:[162/200]	 loss=7.54940	 acc=100.000
[2024-08-04 02:50:32,891][train_vgg.py][line:277][INFO] Epoch:[162/200]	 Test acc=84.577
[2024-08-04 02:50:32,891][train_vgg.py][line:286][INFO] Best Test acc=85.887
[2024-08-04 02:51:59,591][train_vgg.py][line:269][INFO] Epoch:[163/200]	 loss=6.79841	 acc=99.989
[2024-08-04 02:52:02,617][train_vgg.py][line:277][INFO] Epoch:[163/200]	 Test acc=84.879
[2024-08-04 02:52:02,617][train_vgg.py][line:286][INFO] Best Test acc=85.887
[2024-08-04 02:53:19,289][train_vgg.py][line:269][INFO] Epoch:[164/200]	 loss=6.36874	 acc=100.000
[2024-08-04 02:53:22,614][train_vgg.py][line:277][INFO] Epoch:[164/200]	 Test acc=85.181
[2024-08-04 02:53:22,615][train_vgg.py][line:286][INFO] Best Test acc=85.887
[2024-08-04 02:54:43,063][train_vgg.py][line:269][INFO] Epoch:[165/200]	 loss=6.37764	 acc=100.000
[2024-08-04 02:54:46,598][train_vgg.py][line:277][INFO] Epoch:[165/200]	 Test acc=85.181
[2024-08-04 02:54:46,598][train_vgg.py][line:286][INFO] Best Test acc=85.887
[2024-08-04 02:56:16,655][train_vgg.py][line:269][INFO] Epoch:[166/200]	 loss=6.21644	 acc=100.000
[2024-08-04 02:56:20,386][train_vgg.py][line:277][INFO] Epoch:[166/200]	 Test acc=85.383
[2024-08-04 02:56:20,386][train_vgg.py][line:286][INFO] Best Test acc=85.887
[2024-08-04 02:57:57,430][train_vgg.py][line:269][INFO] Epoch:[167/200]	 loss=5.91677	 acc=100.000
[2024-08-04 02:58:01,213][train_vgg.py][line:277][INFO] Epoch:[167/200]	 Test acc=85.786
[2024-08-04 02:58:01,213][train_vgg.py][line:286][INFO] Best Test acc=85.887
[2024-08-04 02:59:23,133][train_vgg.py][line:269][INFO] Epoch:[168/200]	 loss=5.94218	 acc=100.000
[2024-08-04 02:59:26,811][train_vgg.py][line:277][INFO] Epoch:[168/200]	 Test acc=85.383
[2024-08-04 02:59:26,811][train_vgg.py][line:286][INFO] Best Test acc=85.887
[2024-08-04 03:00:57,573][train_vgg.py][line:269][INFO] Epoch:[169/200]	 loss=5.95635	 acc=100.000
[2024-08-04 03:01:01,037][train_vgg.py][line:277][INFO] Epoch:[169/200]	 Test acc=85.383
[2024-08-04 03:01:01,037][train_vgg.py][line:286][INFO] Best Test acc=85.887
[2024-08-04 03:02:26,366][train_vgg.py][line:269][INFO] Epoch:[170/200]	 loss=6.01161	 acc=100.000
[2024-08-04 03:02:30,252][train_vgg.py][line:277][INFO] Epoch:[170/200]	 Test acc=85.887
[2024-08-04 03:02:30,252][train_vgg.py][line:286][INFO] Best Test acc=85.887
[2024-08-04 03:03:55,148][train_vgg.py][line:269][INFO] Epoch:[171/200]	 loss=5.78495	 acc=100.000
[2024-08-04 03:03:59,045][train_vgg.py][line:277][INFO] Epoch:[171/200]	 Test acc=85.786
[2024-08-04 03:03:59,045][train_vgg.py][line:286][INFO] Best Test acc=85.887
[2024-08-04 03:05:35,684][train_vgg.py][line:269][INFO] Epoch:[172/200]	 loss=5.88098	 acc=100.000
[2024-08-04 03:05:39,449][train_vgg.py][line:277][INFO] Epoch:[172/200]	 Test acc=85.383
[2024-08-04 03:05:39,450][train_vgg.py][line:286][INFO] Best Test acc=85.887
[2024-08-04 03:07:08,250][train_vgg.py][line:269][INFO] Epoch:[173/200]	 loss=5.62276	 acc=100.000
[2024-08-04 03:07:11,604][train_vgg.py][line:277][INFO] Epoch:[173/200]	 Test acc=85.383
[2024-08-04 03:07:11,604][train_vgg.py][line:286][INFO] Best Test acc=85.887
[2024-08-04 03:08:30,704][train_vgg.py][line:269][INFO] Epoch:[174/200]	 loss=5.53608	 acc=100.000
[2024-08-04 03:08:33,930][train_vgg.py][line:277][INFO] Epoch:[174/200]	 Test acc=85.585
[2024-08-04 03:08:33,931][train_vgg.py][line:286][INFO] Best Test acc=85.887
[2024-08-04 03:09:52,052][train_vgg.py][line:269][INFO] Epoch:[175/200]	 loss=5.70268	 acc=100.000
[2024-08-04 03:09:55,175][train_vgg.py][line:277][INFO] Epoch:[175/200]	 Test acc=85.484
[2024-08-04 03:09:55,175][train_vgg.py][line:286][INFO] Best Test acc=85.887
[2024-08-04 03:11:34,481][train_vgg.py][line:269][INFO] Epoch:[176/200]	 loss=5.39180	 acc=100.000
[2024-08-04 03:11:38,458][train_vgg.py][line:277][INFO] Epoch:[176/200]	 Test acc=85.786
[2024-08-04 03:11:38,459][train_vgg.py][line:286][INFO] Best Test acc=85.887
[2024-08-04 03:12:58,053][train_vgg.py][line:269][INFO] Epoch:[177/200]	 loss=5.40215	 acc=100.000
[2024-08-04 03:13:01,055][train_vgg.py][line:277][INFO] Epoch:[177/200]	 Test acc=85.282
[2024-08-04 03:13:01,056][train_vgg.py][line:286][INFO] Best Test acc=85.887
[2024-08-04 03:14:31,485][train_vgg.py][line:269][INFO] Epoch:[178/200]	 loss=5.40517	 acc=100.000
[2024-08-04 03:14:34,943][train_vgg.py][line:277][INFO] Epoch:[178/200]	 Test acc=85.685
[2024-08-04 03:14:34,943][train_vgg.py][line:286][INFO] Best Test acc=85.887
[2024-08-04 03:16:05,794][train_vgg.py][line:269][INFO] Epoch:[179/200]	 loss=5.33965	 acc=100.000
[2024-08-04 03:16:08,905][train_vgg.py][line:277][INFO] Epoch:[179/200]	 Test acc=85.887
[2024-08-04 03:16:08,905][train_vgg.py][line:286][INFO] Best Test acc=85.887
[2024-08-04 03:17:28,507][train_vgg.py][line:269][INFO] Epoch:[180/200]	 loss=5.37309	 acc=100.000
[2024-08-04 03:17:32,361][train_vgg.py][line:277][INFO] Epoch:[180/200]	 Test acc=85.585
[2024-08-04 03:17:32,362][train_vgg.py][line:286][INFO] Best Test acc=85.887
[2024-08-04 03:19:08,504][train_vgg.py][line:269][INFO] Epoch:[181/200]	 loss=5.30159	 acc=100.000
[2024-08-04 03:19:12,257][train_vgg.py][line:277][INFO] Epoch:[181/200]	 Test acc=85.685
[2024-08-04 03:19:12,257][train_vgg.py][line:286][INFO] Best Test acc=85.887
[2024-08-04 03:20:30,799][train_vgg.py][line:269][INFO] Epoch:[182/200]	 loss=5.37254	 acc=100.000
[2024-08-04 03:20:34,078][train_vgg.py][line:277][INFO] Epoch:[182/200]	 Test acc=85.181
[2024-08-04 03:20:34,078][train_vgg.py][line:286][INFO] Best Test acc=85.887
[2024-08-04 03:21:57,908][train_vgg.py][line:269][INFO] Epoch:[183/200]	 loss=5.34488	 acc=100.000
[2024-08-04 03:22:01,298][train_vgg.py][line:277][INFO] Epoch:[183/200]	 Test acc=85.383
[2024-08-04 03:22:01,298][train_vgg.py][line:286][INFO] Best Test acc=85.887
[2024-08-04 03:23:20,943][train_vgg.py][line:269][INFO] Epoch:[184/200]	 loss=5.41721	 acc=100.000
[2024-08-04 03:23:24,416][train_vgg.py][line:277][INFO] Epoch:[184/200]	 Test acc=85.585
[2024-08-04 03:23:24,416][train_vgg.py][line:286][INFO] Best Test acc=85.887
[2024-08-04 03:24:44,981][train_vgg.py][line:269][INFO] Epoch:[185/200]	 loss=5.23251	 acc=100.000
[2024-08-04 03:24:48,193][train_vgg.py][line:277][INFO] Epoch:[185/200]	 Test acc=85.484
[2024-08-04 03:24:48,193][train_vgg.py][line:286][INFO] Best Test acc=85.887
[2024-08-04 03:26:13,888][train_vgg.py][line:269][INFO] Epoch:[186/200]	 loss=5.17146	 acc=100.000
[2024-08-04 03:26:17,438][train_vgg.py][line:277][INFO] Epoch:[186/200]	 Test acc=84.577
[2024-08-04 03:26:17,438][train_vgg.py][line:286][INFO] Best Test acc=85.887
[2024-08-04 03:27:42,567][train_vgg.py][line:269][INFO] Epoch:[187/200]	 loss=5.25987	 acc=100.000
[2024-08-04 03:27:45,724][train_vgg.py][line:277][INFO] Epoch:[187/200]	 Test acc=85.282
[2024-08-04 03:27:45,724][train_vgg.py][line:286][INFO] Best Test acc=85.887
[2024-08-04 03:29:11,878][train_vgg.py][line:269][INFO] Epoch:[188/200]	 loss=5.09612	 acc=100.000
[2024-08-04 03:29:15,636][train_vgg.py][line:277][INFO] Epoch:[188/200]	 Test acc=85.887
[2024-08-04 03:29:15,637][train_vgg.py][line:286][INFO] Best Test acc=85.887
[2024-08-04 03:30:55,017][train_vgg.py][line:269][INFO] Epoch:[189/200]	 loss=5.10508	 acc=100.000
[2024-08-04 03:30:59,071][train_vgg.py][line:277][INFO] Epoch:[189/200]	 Test acc=85.282
[2024-08-04 03:30:59,071][train_vgg.py][line:286][INFO] Best Test acc=85.887
[2024-08-04 03:32:22,434][train_vgg.py][line:269][INFO] Epoch:[190/200]	 loss=5.13455	 acc=100.000
[2024-08-04 03:32:25,736][train_vgg.py][line:277][INFO] Epoch:[190/200]	 Test acc=85.282
[2024-08-04 03:32:25,736][train_vgg.py][line:286][INFO] Best Test acc=85.887
[2024-08-04 03:33:49,743][train_vgg.py][line:269][INFO] Epoch:[191/200]	 loss=5.18380	 acc=100.000
[2024-08-04 03:33:53,593][train_vgg.py][line:277][INFO] Epoch:[191/200]	 Test acc=85.181
[2024-08-04 03:33:53,593][train_vgg.py][line:286][INFO] Best Test acc=85.887
[2024-08-04 03:35:29,224][train_vgg.py][line:269][INFO] Epoch:[192/200]	 loss=5.17549	 acc=100.000
[2024-08-04 03:35:33,299][train_vgg.py][line:277][INFO] Epoch:[192/200]	 Test acc=85.988
[2024-08-04 03:35:33,299][train_vgg.py][line:286][INFO] Best Test acc=85.988
[2024-08-04 03:36:58,378][train_vgg.py][line:269][INFO] Epoch:[193/200]	 loss=5.23395	 acc=100.000
[2024-08-04 03:37:01,408][train_vgg.py][line:277][INFO] Epoch:[193/200]	 Test acc=85.383
[2024-08-04 03:37:01,408][train_vgg.py][line:286][INFO] Best Test acc=85.988
[2024-08-04 03:38:28,115][train_vgg.py][line:269][INFO] Epoch:[194/200]	 loss=5.19631	 acc=100.000
[2024-08-04 03:38:31,941][train_vgg.py][line:277][INFO] Epoch:[194/200]	 Test acc=85.484
[2024-08-04 03:38:31,941][train_vgg.py][line:286][INFO] Best Test acc=85.988
[2024-08-04 03:40:00,845][train_vgg.py][line:269][INFO] Epoch:[195/200]	 loss=5.15258	 acc=100.000
[2024-08-04 03:40:03,940][train_vgg.py][line:277][INFO] Epoch:[195/200]	 Test acc=85.786
[2024-08-04 03:40:03,940][train_vgg.py][line:286][INFO] Best Test acc=85.988
[2024-08-04 03:41:32,187][train_vgg.py][line:269][INFO] Epoch:[196/200]	 loss=5.17061	 acc=100.000
[2024-08-04 03:41:35,201][train_vgg.py][line:277][INFO] Epoch:[196/200]	 Test acc=85.685
[2024-08-04 03:41:35,201][train_vgg.py][line:286][INFO] Best Test acc=85.988
[2024-08-04 03:43:01,088][train_vgg.py][line:269][INFO] Epoch:[197/200]	 loss=5.12682	 acc=100.000
[2024-08-04 03:43:04,169][train_vgg.py][line:277][INFO] Epoch:[197/200]	 Test acc=85.383
[2024-08-04 03:43:04,169][train_vgg.py][line:286][INFO] Best Test acc=85.988
[2024-08-04 03:44:29,238][train_vgg.py][line:269][INFO] Epoch:[198/200]	 loss=5.15603	 acc=100.000
[2024-08-04 03:44:32,994][train_vgg.py][line:277][INFO] Epoch:[198/200]	 Test acc=84.879
[2024-08-04 03:44:32,994][train_vgg.py][line:286][INFO] Best Test acc=85.988
[2024-08-04 03:45:57,807][train_vgg.py][line:269][INFO] Epoch:[199/200]	 loss=5.24168	 acc=100.000
[2024-08-04 03:46:01,094][train_vgg.py][line:277][INFO] Epoch:[199/200]	 Test acc=86.290
[2024-08-04 03:46:01,094][train_vgg.py][line:286][INFO] Best Test acc=86.290
