[2024-09-01 22:23:15,495][train_vgg.py][line:315][INFO] start training!
[2024-09-01 22:23:55,649][train_vgg.py][line:323][INFO] Epoch:[0/230]	 loss=547.06639	 acc=29.671
[2024-09-01 22:23:57,130][train_vgg.py][line:331][INFO] Epoch:[0/230]	 Test acc=37.198
[2024-09-01 22:23:57,130][train_vgg.py][line:340][INFO] Best Test acc=37.198
[2024-09-01 22:24:41,224][train_vgg.py][line:323][INFO] Epoch:[1/230]	 loss=464.79457	 acc=42.816
[2024-09-01 22:24:42,720][train_vgg.py][line:331][INFO] Epoch:[1/230]	 Test acc=50.302
[2024-09-01 22:24:42,720][train_vgg.py][line:340][INFO] Best Test acc=50.302
[2024-09-01 22:25:27,737][train_vgg.py][line:323][INFO] Epoch:[2/230]	 loss=411.71761	 acc=50.167
[2024-09-01 22:25:29,283][train_vgg.py][line:331][INFO] Epoch:[2/230]	 Test acc=56.048
[2024-09-01 22:25:29,283][train_vgg.py][line:340][INFO] Best Test acc=56.048
[2024-09-01 22:26:12,433][train_vgg.py][line:323][INFO] Epoch:[3/230]	 loss=380.38025	 acc=54.749
[2024-09-01 22:26:13,952][train_vgg.py][line:331][INFO] Epoch:[3/230]	 Test acc=58.669
[2024-09-01 22:26:13,952][train_vgg.py][line:340][INFO] Best Test acc=58.669
[2024-09-01 22:26:59,017][train_vgg.py][line:323][INFO] Epoch:[4/230]	 loss=353.77420	 acc=58.841
[2024-09-01 22:27:00,533][train_vgg.py][line:331][INFO] Epoch:[4/230]	 Test acc=61.492
[2024-09-01 22:27:00,533][train_vgg.py][line:340][INFO] Best Test acc=61.492
[2024-09-01 22:27:46,715][train_vgg.py][line:323][INFO] Epoch:[5/230]	 loss=324.77197	 acc=62.233
[2024-09-01 22:27:48,313][train_vgg.py][line:331][INFO] Epoch:[5/230]	 Test acc=62.298
[2024-09-01 22:27:48,313][train_vgg.py][line:340][INFO] Best Test acc=62.298
[2024-09-01 22:28:31,782][train_vgg.py][line:323][INFO] Epoch:[6/230]	 loss=313.55011	 acc=63.812
[2024-09-01 22:28:33,295][train_vgg.py][line:331][INFO] Epoch:[6/230]	 Test acc=66.835
[2024-09-01 22:28:33,295][train_vgg.py][line:340][INFO] Best Test acc=66.835
[2024-09-01 22:29:16,329][train_vgg.py][line:323][INFO] Epoch:[7/230]	 loss=309.10388	 acc=64.791
[2024-09-01 22:29:17,814][train_vgg.py][line:331][INFO] Epoch:[7/230]	 Test acc=66.734
[2024-09-01 22:29:17,814][train_vgg.py][line:340][INFO] Best Test acc=66.835
[2024-09-01 22:30:04,532][train_vgg.py][line:323][INFO] Epoch:[8/230]	 loss=295.63756	 acc=66.871
[2024-09-01 22:30:06,140][train_vgg.py][line:331][INFO] Epoch:[8/230]	 Test acc=55.040
[2024-09-01 22:30:06,140][train_vgg.py][line:340][INFO] Best Test acc=66.835
[2024-09-01 22:30:49,933][train_vgg.py][line:323][INFO] Epoch:[9/230]	 loss=280.79815	 acc=68.016
[2024-09-01 22:30:51,450][train_vgg.py][line:331][INFO] Epoch:[9/230]	 Test acc=67.440
[2024-09-01 22:30:51,450][train_vgg.py][line:340][INFO] Best Test acc=67.440
[2024-09-01 22:31:38,150][train_vgg.py][line:323][INFO] Epoch:[10/230]	 loss=269.82193	 acc=70.096
[2024-09-01 22:31:39,748][train_vgg.py][line:331][INFO] Epoch:[10/230]	 Test acc=69.758
[2024-09-01 22:31:39,748][train_vgg.py][line:340][INFO] Best Test acc=69.758
[2024-09-01 22:32:23,311][train_vgg.py][line:323][INFO] Epoch:[11/230]	 loss=270.53835	 acc=70.085
[2024-09-01 22:32:24,776][train_vgg.py][line:331][INFO] Epoch:[11/230]	 Test acc=64.919
[2024-09-01 22:32:24,776][train_vgg.py][line:340][INFO] Best Test acc=69.758
[2024-09-01 22:33:09,146][train_vgg.py][line:323][INFO] Epoch:[12/230]	 loss=276.60709	 acc=69.673
[2024-09-01 22:33:10,687][train_vgg.py][line:331][INFO] Epoch:[12/230]	 Test acc=59.879
[2024-09-01 22:33:10,688][train_vgg.py][line:340][INFO] Best Test acc=69.758
[2024-09-01 22:33:57,652][train_vgg.py][line:323][INFO] Epoch:[13/230]	 loss=284.92441	 acc=68.917
[2024-09-01 22:33:59,191][train_vgg.py][line:331][INFO] Epoch:[13/230]	 Test acc=55.242
[2024-09-01 22:33:59,192][train_vgg.py][line:340][INFO] Best Test acc=69.758
[2024-09-01 22:34:46,531][train_vgg.py][line:323][INFO] Epoch:[14/230]	 loss=266.31908	 acc=70.696
[2024-09-01 22:34:48,159][train_vgg.py][line:331][INFO] Epoch:[14/230]	 Test acc=60.282
[2024-09-01 22:34:48,159][train_vgg.py][line:340][INFO] Best Test acc=69.758
[2024-09-01 22:35:32,376][train_vgg.py][line:323][INFO] Epoch:[15/230]	 loss=272.94112	 acc=70.429
[2024-09-01 22:35:33,964][train_vgg.py][line:331][INFO] Epoch:[15/230]	 Test acc=67.036
[2024-09-01 22:35:33,964][train_vgg.py][line:340][INFO] Best Test acc=69.758
[2024-09-01 22:36:17,931][train_vgg.py][line:323][INFO] Epoch:[16/230]	 loss=259.23268	 acc=72.286
[2024-09-01 22:36:19,526][train_vgg.py][line:331][INFO] Epoch:[16/230]	 Test acc=60.585
[2024-09-01 22:36:19,526][train_vgg.py][line:340][INFO] Best Test acc=69.758
[2024-09-01 22:37:06,876][train_vgg.py][line:323][INFO] Epoch:[17/230]	 loss=265.41574	 acc=71.864
[2024-09-01 22:37:08,368][train_vgg.py][line:331][INFO] Epoch:[17/230]	 Test acc=61.391
[2024-09-01 22:37:08,368][train_vgg.py][line:340][INFO] Best Test acc=69.758
[2024-09-01 22:37:52,840][train_vgg.py][line:323][INFO] Epoch:[18/230]	 loss=255.25679	 acc=72.787
[2024-09-01 22:37:54,384][train_vgg.py][line:331][INFO] Epoch:[18/230]	 Test acc=69.556
[2024-09-01 22:37:54,384][train_vgg.py][line:340][INFO] Best Test acc=69.758
[2024-09-01 22:38:41,674][train_vgg.py][line:323][INFO] Epoch:[19/230]	 loss=244.96598	 acc=74.233
[2024-09-01 22:38:43,207][train_vgg.py][line:331][INFO] Epoch:[19/230]	 Test acc=73.891
[2024-09-01 22:38:43,207][train_vgg.py][line:340][INFO] Best Test acc=73.891
[2024-09-01 22:39:26,910][train_vgg.py][line:323][INFO] Epoch:[20/230]	 loss=242.68678	 acc=74.199
[2024-09-01 22:39:28,510][train_vgg.py][line:331][INFO] Epoch:[20/230]	 Test acc=67.339
[2024-09-01 22:39:28,510][train_vgg.py][line:340][INFO] Best Test acc=73.891
[2024-09-01 22:40:11,738][train_vgg.py][line:323][INFO] Epoch:[21/230]	 loss=240.58816	 acc=74.867
[2024-09-01 22:40:13,339][train_vgg.py][line:331][INFO] Epoch:[21/230]	 Test acc=62.500
[2024-09-01 22:40:13,339][train_vgg.py][line:340][INFO] Best Test acc=73.891
[2024-09-01 22:40:56,248][train_vgg.py][line:323][INFO] Epoch:[22/230]	 loss=254.17738	 acc=73.421
[2024-09-01 22:40:57,759][train_vgg.py][line:331][INFO] Epoch:[22/230]	 Test acc=63.911
[2024-09-01 22:40:57,759][train_vgg.py][line:340][INFO] Best Test acc=73.891
[2024-09-01 22:41:41,523][train_vgg.py][line:323][INFO] Epoch:[23/230]	 loss=242.96252	 acc=74.366
[2024-09-01 22:41:43,034][train_vgg.py][line:331][INFO] Epoch:[23/230]	 Test acc=72.077
[2024-09-01 22:41:43,035][train_vgg.py][line:340][INFO] Best Test acc=73.891
[2024-09-01 22:42:27,987][train_vgg.py][line:323][INFO] Epoch:[24/230]	 loss=234.43102	 acc=75.300
[2024-09-01 22:42:29,572][train_vgg.py][line:331][INFO] Epoch:[24/230]	 Test acc=63.206
[2024-09-01 22:42:29,572][train_vgg.py][line:340][INFO] Best Test acc=73.891
[2024-09-01 22:43:14,010][train_vgg.py][line:323][INFO] Epoch:[25/230]	 loss=240.63681	 acc=74.967
[2024-09-01 22:43:15,607][train_vgg.py][line:331][INFO] Epoch:[25/230]	 Test acc=71.270
[2024-09-01 22:43:15,607][train_vgg.py][line:340][INFO] Best Test acc=73.891
[2024-09-01 22:44:01,036][train_vgg.py][line:323][INFO] Epoch:[26/230]	 loss=226.12219	 acc=76.557
[2024-09-01 22:44:02,656][train_vgg.py][line:331][INFO] Epoch:[26/230]	 Test acc=66.431
[2024-09-01 22:44:02,657][train_vgg.py][line:340][INFO] Best Test acc=73.891
[2024-09-01 22:44:50,988][train_vgg.py][line:323][INFO] Epoch:[27/230]	 loss=214.99630	 acc=77.558
[2024-09-01 22:44:52,657][train_vgg.py][line:331][INFO] Epoch:[27/230]	 Test acc=73.488
[2024-09-01 22:44:52,657][train_vgg.py][line:340][INFO] Best Test acc=73.891
[2024-09-01 22:45:37,475][train_vgg.py][line:323][INFO] Epoch:[28/230]	 loss=216.83675	 acc=77.858
[2024-09-01 22:45:39,059][train_vgg.py][line:331][INFO] Epoch:[28/230]	 Test acc=71.169
[2024-09-01 22:45:39,060][train_vgg.py][line:340][INFO] Best Test acc=73.891
[2024-09-01 22:46:27,189][train_vgg.py][line:323][INFO] Epoch:[29/230]	 loss=245.27906	 acc=75.289
[2024-09-01 22:46:28,937][train_vgg.py][line:331][INFO] Epoch:[29/230]	 Test acc=61.694
[2024-09-01 22:46:28,937][train_vgg.py][line:340][INFO] Best Test acc=73.891
[2024-09-01 22:47:14,367][train_vgg.py][line:323][INFO] Epoch:[30/230]	 loss=222.74144	 acc=77.135
[2024-09-01 22:47:15,969][train_vgg.py][line:331][INFO] Epoch:[30/230]	 Test acc=66.734
[2024-09-01 22:47:15,970][train_vgg.py][line:340][INFO] Best Test acc=73.891
[2024-09-01 22:48:04,384][train_vgg.py][line:323][INFO] Epoch:[31/230]	 loss=204.60731	 acc=78.448
[2024-09-01 22:48:05,988][train_vgg.py][line:331][INFO] Epoch:[31/230]	 Test acc=65.726
[2024-09-01 22:48:05,988][train_vgg.py][line:340][INFO] Best Test acc=73.891
[2024-09-01 22:48:51,583][train_vgg.py][line:323][INFO] Epoch:[32/230]	 loss=212.71381	 acc=78.014
[2024-09-01 22:48:53,079][train_vgg.py][line:331][INFO] Epoch:[32/230]	 Test acc=71.371
[2024-09-01 22:48:53,079][train_vgg.py][line:340][INFO] Best Test acc=73.891
[2024-09-01 22:49:38,001][train_vgg.py][line:323][INFO] Epoch:[33/230]	 loss=209.67958	 acc=78.826
[2024-09-01 22:49:39,545][train_vgg.py][line:331][INFO] Epoch:[33/230]	 Test acc=53.528
[2024-09-01 22:49:39,545][train_vgg.py][line:340][INFO] Best Test acc=73.891
[2024-09-01 22:50:27,889][train_vgg.py][line:323][INFO] Epoch:[34/230]	 loss=202.48468	 acc=79.827
[2024-09-01 22:50:29,454][train_vgg.py][line:331][INFO] Epoch:[34/230]	 Test acc=71.472
[2024-09-01 22:50:29,455][train_vgg.py][line:340][INFO] Best Test acc=73.891
[2024-09-01 22:51:12,641][train_vgg.py][line:323][INFO] Epoch:[35/230]	 loss=194.86542	 acc=80.572
[2024-09-01 22:51:14,215][train_vgg.py][line:331][INFO] Epoch:[35/230]	 Test acc=56.855
[2024-09-01 22:51:14,215][train_vgg.py][line:340][INFO] Best Test acc=73.891
[2024-09-01 22:51:59,203][train_vgg.py][line:323][INFO] Epoch:[36/230]	 loss=201.09606	 acc=79.793
[2024-09-01 22:52:00,749][train_vgg.py][line:331][INFO] Epoch:[36/230]	 Test acc=62.601
[2024-09-01 22:52:00,749][train_vgg.py][line:340][INFO] Best Test acc=73.891
[2024-09-01 22:52:45,837][train_vgg.py][line:323][INFO] Epoch:[37/230]	 loss=206.13507	 acc=79.849
[2024-09-01 22:52:47,467][train_vgg.py][line:331][INFO] Epoch:[37/230]	 Test acc=72.480
[2024-09-01 22:52:47,467][train_vgg.py][line:340][INFO] Best Test acc=73.891
[2024-09-01 22:53:31,324][train_vgg.py][line:323][INFO] Epoch:[38/230]	 loss=189.21441	 acc=81.695
[2024-09-01 22:53:32,885][train_vgg.py][line:331][INFO] Epoch:[38/230]	 Test acc=69.254
[2024-09-01 22:53:32,885][train_vgg.py][line:340][INFO] Best Test acc=73.891
[2024-09-01 22:54:16,311][train_vgg.py][line:323][INFO] Epoch:[39/230]	 loss=194.82610	 acc=80.861
[2024-09-01 22:54:17,897][train_vgg.py][line:331][INFO] Epoch:[39/230]	 Test acc=72.379
[2024-09-01 22:54:17,898][train_vgg.py][line:340][INFO] Best Test acc=73.891
[2024-09-01 22:55:04,428][train_vgg.py][line:323][INFO] Epoch:[40/230]	 loss=199.92855	 acc=79.793
[2024-09-01 22:55:06,070][train_vgg.py][line:331][INFO] Epoch:[40/230]	 Test acc=73.992
[2024-09-01 22:55:06,070][train_vgg.py][line:340][INFO] Best Test acc=73.992
[2024-09-01 22:55:51,177][train_vgg.py][line:323][INFO] Epoch:[41/230]	 loss=203.35154	 acc=80.160
[2024-09-01 22:55:52,923][train_vgg.py][line:331][INFO] Epoch:[41/230]	 Test acc=69.052
[2024-09-01 22:55:52,923][train_vgg.py][line:340][INFO] Best Test acc=73.992
[2024-09-01 22:56:38,115][train_vgg.py][line:323][INFO] Epoch:[42/230]	 loss=185.43373	 acc=81.995
[2024-09-01 22:56:39,649][train_vgg.py][line:331][INFO] Epoch:[42/230]	 Test acc=74.597
[2024-09-01 22:56:39,650][train_vgg.py][line:340][INFO] Best Test acc=74.597
[2024-09-01 22:57:24,302][train_vgg.py][line:323][INFO] Epoch:[43/230]	 loss=195.02630	 acc=81.005
[2024-09-01 22:57:25,876][train_vgg.py][line:331][INFO] Epoch:[43/230]	 Test acc=76.915
[2024-09-01 22:57:25,876][train_vgg.py][line:340][INFO] Best Test acc=76.915
[2024-09-01 22:58:10,934][train_vgg.py][line:323][INFO] Epoch:[44/230]	 loss=189.29290	 acc=82.051
[2024-09-01 22:58:12,576][train_vgg.py][line:331][INFO] Epoch:[44/230]	 Test acc=74.698
[2024-09-01 22:58:12,576][train_vgg.py][line:340][INFO] Best Test acc=76.915
[2024-09-01 22:59:01,001][train_vgg.py][line:323][INFO] Epoch:[45/230]	 loss=181.25399	 acc=82.729
[2024-09-01 22:59:02,551][train_vgg.py][line:331][INFO] Epoch:[45/230]	 Test acc=73.185
[2024-09-01 22:59:02,551][train_vgg.py][line:340][INFO] Best Test acc=76.915
[2024-09-01 22:59:47,147][train_vgg.py][line:323][INFO] Epoch:[46/230]	 loss=183.57677	 acc=82.362
[2024-09-01 22:59:48,798][train_vgg.py][line:331][INFO] Epoch:[46/230]	 Test acc=76.714
[2024-09-01 22:59:48,798][train_vgg.py][line:340][INFO] Best Test acc=76.915
[2024-09-01 23:00:33,613][train_vgg.py][line:323][INFO] Epoch:[47/230]	 loss=176.18535	 acc=82.918
[2024-09-01 23:00:35,138][train_vgg.py][line:331][INFO] Epoch:[47/230]	 Test acc=73.185
[2024-09-01 23:00:35,138][train_vgg.py][line:340][INFO] Best Test acc=76.915
[2024-09-01 23:01:19,638][train_vgg.py][line:323][INFO] Epoch:[48/230]	 loss=188.06855	 acc=82.529
[2024-09-01 23:01:21,178][train_vgg.py][line:331][INFO] Epoch:[48/230]	 Test acc=63.609
[2024-09-01 23:01:21,179][train_vgg.py][line:340][INFO] Best Test acc=76.915
[2024-09-01 23:02:05,755][train_vgg.py][line:323][INFO] Epoch:[49/230]	 loss=188.22736	 acc=81.873
[2024-09-01 23:02:07,413][train_vgg.py][line:331][INFO] Epoch:[49/230]	 Test acc=71.270
[2024-09-01 23:02:07,413][train_vgg.py][line:340][INFO] Best Test acc=76.915
[2024-09-01 23:02:52,183][train_vgg.py][line:323][INFO] Epoch:[50/230]	 loss=174.45144	 acc=83.330
[2024-09-01 23:02:53,749][train_vgg.py][line:331][INFO] Epoch:[50/230]	 Test acc=73.085
[2024-09-01 23:02:53,749][train_vgg.py][line:340][INFO] Best Test acc=76.915
[2024-09-01 23:03:42,175][train_vgg.py][line:323][INFO] Epoch:[51/230]	 loss=164.23339	 acc=84.775
[2024-09-01 23:03:43,759][train_vgg.py][line:331][INFO] Epoch:[51/230]	 Test acc=73.185
[2024-09-01 23:03:43,760][train_vgg.py][line:340][INFO] Best Test acc=76.915
[2024-09-01 23:04:28,515][train_vgg.py][line:323][INFO] Epoch:[52/230]	 loss=182.57633	 acc=83.274
[2024-09-01 23:04:30,078][train_vgg.py][line:331][INFO] Epoch:[52/230]	 Test acc=71.673
[2024-09-01 23:04:30,078][train_vgg.py][line:340][INFO] Best Test acc=76.915
[2024-09-01 23:05:14,205][train_vgg.py][line:323][INFO] Epoch:[53/230]	 loss=186.94803	 acc=83.163
[2024-09-01 23:05:15,788][train_vgg.py][line:331][INFO] Epoch:[53/230]	 Test acc=75.907
[2024-09-01 23:05:15,788][train_vgg.py][line:340][INFO] Best Test acc=76.915
[2024-09-01 23:06:00,467][train_vgg.py][line:323][INFO] Epoch:[54/230]	 loss=174.22052	 acc=84.698
[2024-09-01 23:06:01,968][train_vgg.py][line:331][INFO] Epoch:[54/230]	 Test acc=47.278
[2024-09-01 23:06:01,969][train_vgg.py][line:340][INFO] Best Test acc=76.915
[2024-09-01 23:06:45,914][train_vgg.py][line:323][INFO] Epoch:[55/230]	 loss=166.73633	 acc=85.109
[2024-09-01 23:06:47,528][train_vgg.py][line:331][INFO] Epoch:[55/230]	 Test acc=69.556
[2024-09-01 23:06:47,529][train_vgg.py][line:340][INFO] Best Test acc=76.915
[2024-09-01 23:07:31,399][train_vgg.py][line:323][INFO] Epoch:[56/230]	 loss=159.56083	 acc=85.298
[2024-09-01 23:07:33,013][train_vgg.py][line:331][INFO] Epoch:[56/230]	 Test acc=65.927
[2024-09-01 23:07:33,013][train_vgg.py][line:340][INFO] Best Test acc=76.915
[2024-09-01 23:08:17,258][train_vgg.py][line:323][INFO] Epoch:[57/230]	 loss=161.64888	 acc=85.287
[2024-09-01 23:08:18,827][train_vgg.py][line:331][INFO] Epoch:[57/230]	 Test acc=74.496
[2024-09-01 23:08:18,827][train_vgg.py][line:340][INFO] Best Test acc=76.915
[2024-09-01 23:09:03,103][train_vgg.py][line:323][INFO] Epoch:[58/230]	 loss=159.14616	 acc=85.665
[2024-09-01 23:09:04,673][train_vgg.py][line:331][INFO] Epoch:[58/230]	 Test acc=70.766
[2024-09-01 23:09:04,673][train_vgg.py][line:340][INFO] Best Test acc=76.915
[2024-09-01 23:09:49,444][train_vgg.py][line:323][INFO] Epoch:[59/230]	 loss=175.42071	 acc=84.064
[2024-09-01 23:09:50,997][train_vgg.py][line:331][INFO] Epoch:[59/230]	 Test acc=67.440
[2024-09-01 23:09:50,998][train_vgg.py][line:340][INFO] Best Test acc=76.915
[2024-09-01 23:10:35,132][train_vgg.py][line:323][INFO] Epoch:[60/230]	 loss=158.51408	 acc=85.554
[2024-09-01 23:10:36,713][train_vgg.py][line:331][INFO] Epoch:[60/230]	 Test acc=69.355
[2024-09-01 23:10:36,713][train_vgg.py][line:340][INFO] Best Test acc=76.915
[2024-09-01 23:11:21,413][train_vgg.py][line:323][INFO] Epoch:[61/230]	 loss=152.70335	 acc=86.577
[2024-09-01 23:11:23,034][train_vgg.py][line:331][INFO] Epoch:[61/230]	 Test acc=70.464
[2024-09-01 23:11:23,034][train_vgg.py][line:340][INFO] Best Test acc=76.915
[2024-09-01 23:12:07,856][train_vgg.py][line:323][INFO] Epoch:[62/230]	 loss=155.27688	 acc=85.910
[2024-09-01 23:12:09,417][train_vgg.py][line:331][INFO] Epoch:[62/230]	 Test acc=74.899
[2024-09-01 23:12:09,418][train_vgg.py][line:340][INFO] Best Test acc=76.915
[2024-09-01 23:12:54,013][train_vgg.py][line:323][INFO] Epoch:[63/230]	 loss=146.41046	 acc=87.433
[2024-09-01 23:12:55,610][train_vgg.py][line:331][INFO] Epoch:[63/230]	 Test acc=71.774
[2024-09-01 23:12:55,611][train_vgg.py][line:340][INFO] Best Test acc=76.915
[2024-09-01 23:13:43,751][train_vgg.py][line:323][INFO] Epoch:[64/230]	 loss=156.91224	 acc=86.299
[2024-09-01 23:13:45,375][train_vgg.py][line:331][INFO] Epoch:[64/230]	 Test acc=72.278
[2024-09-01 23:13:45,375][train_vgg.py][line:340][INFO] Best Test acc=76.915
[2024-09-01 23:14:35,191][train_vgg.py][line:323][INFO] Epoch:[65/230]	 loss=150.93376	 acc=87.578
[2024-09-01 23:14:36,819][train_vgg.py][line:331][INFO] Epoch:[65/230]	 Test acc=61.290
[2024-09-01 23:14:36,820][train_vgg.py][line:340][INFO] Best Test acc=76.915
[2024-09-01 23:15:26,847][train_vgg.py][line:323][INFO] Epoch:[66/230]	 loss=169.19783	 acc=85.065
[2024-09-01 23:15:28,522][train_vgg.py][line:331][INFO] Epoch:[66/230]	 Test acc=40.927
[2024-09-01 23:15:28,522][train_vgg.py][line:340][INFO] Best Test acc=76.915
[2024-09-01 23:16:14,234][train_vgg.py][line:323][INFO] Epoch:[67/230]	 loss=155.27304	 acc=86.410
[2024-09-01 23:16:15,843][train_vgg.py][line:331][INFO] Epoch:[67/230]	 Test acc=71.875
[2024-09-01 23:16:15,843][train_vgg.py][line:340][INFO] Best Test acc=76.915
[2024-09-01 23:17:00,091][train_vgg.py][line:323][INFO] Epoch:[68/230]	 loss=143.42600	 acc=87.600
[2024-09-01 23:17:01,770][train_vgg.py][line:331][INFO] Epoch:[68/230]	 Test acc=74.194
[2024-09-01 23:17:01,771][train_vgg.py][line:340][INFO] Best Test acc=76.915
[2024-09-01 23:17:45,531][train_vgg.py][line:323][INFO] Epoch:[69/230]	 loss=143.71932	 acc=87.444
[2024-09-01 23:17:47,106][train_vgg.py][line:331][INFO] Epoch:[69/230]	 Test acc=74.597
[2024-09-01 23:17:47,106][train_vgg.py][line:340][INFO] Best Test acc=76.915
[2024-09-01 23:18:36,165][train_vgg.py][line:323][INFO] Epoch:[70/230]	 loss=142.14579	 acc=87.500
[2024-09-01 23:18:37,741][train_vgg.py][line:331][INFO] Epoch:[70/230]	 Test acc=75.403
[2024-09-01 23:18:37,741][train_vgg.py][line:340][INFO] Best Test acc=76.915
[2024-09-01 23:19:22,262][train_vgg.py][line:323][INFO] Epoch:[71/230]	 loss=130.24770	 acc=88.857
[2024-09-01 23:19:23,894][train_vgg.py][line:331][INFO] Epoch:[71/230]	 Test acc=72.782
[2024-09-01 23:19:23,894][train_vgg.py][line:340][INFO] Best Test acc=76.915
[2024-09-01 23:20:07,828][train_vgg.py][line:323][INFO] Epoch:[72/230]	 loss=153.52313	 acc=86.588
[2024-09-01 23:20:09,429][train_vgg.py][line:331][INFO] Epoch:[72/230]	 Test acc=72.782
[2024-09-01 23:20:09,430][train_vgg.py][line:340][INFO] Best Test acc=76.915
[2024-09-01 23:20:57,939][train_vgg.py][line:323][INFO] Epoch:[73/230]	 loss=142.60343	 acc=87.889
[2024-09-01 23:20:59,581][train_vgg.py][line:331][INFO] Epoch:[73/230]	 Test acc=72.077
[2024-09-01 23:20:59,581][train_vgg.py][line:340][INFO] Best Test acc=76.915
[2024-09-01 23:21:49,146][train_vgg.py][line:323][INFO] Epoch:[74/230]	 loss=136.37659	 acc=88.879
[2024-09-01 23:21:50,732][train_vgg.py][line:331][INFO] Epoch:[74/230]	 Test acc=73.286
[2024-09-01 23:21:50,732][train_vgg.py][line:340][INFO] Best Test acc=76.915
[2024-09-01 23:22:36,437][train_vgg.py][line:323][INFO] Epoch:[75/230]	 loss=152.41954	 acc=86.955
[2024-09-01 23:22:38,035][train_vgg.py][line:331][INFO] Epoch:[75/230]	 Test acc=71.371
[2024-09-01 23:22:38,035][train_vgg.py][line:340][INFO] Best Test acc=76.915
[2024-09-01 23:23:22,945][train_vgg.py][line:323][INFO] Epoch:[76/230]	 loss=149.79647	 acc=87.011
[2024-09-01 23:23:24,541][train_vgg.py][line:331][INFO] Epoch:[76/230]	 Test acc=74.395
[2024-09-01 23:23:24,541][train_vgg.py][line:340][INFO] Best Test acc=76.915
[2024-09-01 23:24:09,307][train_vgg.py][line:323][INFO] Epoch:[77/230]	 loss=136.92159	 acc=88.645
[2024-09-01 23:24:10,916][train_vgg.py][line:331][INFO] Epoch:[77/230]	 Test acc=74.395
[2024-09-01 23:24:10,916][train_vgg.py][line:340][INFO] Best Test acc=76.915
[2024-09-01 23:24:55,674][train_vgg.py][line:323][INFO] Epoch:[78/230]	 loss=131.74898	 acc=88.823
[2024-09-01 23:24:57,243][train_vgg.py][line:331][INFO] Epoch:[78/230]	 Test acc=77.520
[2024-09-01 23:24:57,243][train_vgg.py][line:340][INFO] Best Test acc=77.520
[2024-09-01 23:25:41,543][train_vgg.py][line:323][INFO] Epoch:[79/230]	 loss=142.55094	 acc=88.067
[2024-09-01 23:25:43,071][train_vgg.py][line:331][INFO] Epoch:[79/230]	 Test acc=76.109
[2024-09-01 23:25:43,071][train_vgg.py][line:340][INFO] Best Test acc=77.520
[2024-09-01 23:26:27,137][train_vgg.py][line:323][INFO] Epoch:[80/230]	 loss=139.22075	 acc=88.334
[2024-09-01 23:26:28,762][train_vgg.py][line:331][INFO] Epoch:[80/230]	 Test acc=74.294
[2024-09-01 23:26:28,762][train_vgg.py][line:340][INFO] Best Test acc=77.520
[2024-09-01 23:27:13,294][train_vgg.py][line:323][INFO] Epoch:[81/230]	 loss=143.47675	 acc=87.911
[2024-09-01 23:27:14,916][train_vgg.py][line:331][INFO] Epoch:[81/230]	 Test acc=70.766
[2024-09-01 23:27:14,916][train_vgg.py][line:340][INFO] Best Test acc=77.520
[2024-09-01 23:27:58,814][train_vgg.py][line:323][INFO] Epoch:[82/230]	 loss=131.65139	 acc=89.157
[2024-09-01 23:28:00,348][train_vgg.py][line:331][INFO] Epoch:[82/230]	 Test acc=77.923
[2024-09-01 23:28:00,348][train_vgg.py][line:340][INFO] Best Test acc=77.923
[2024-09-01 23:28:46,238][train_vgg.py][line:323][INFO] Epoch:[83/230]	 loss=130.53473	 acc=89.713
[2024-09-01 23:28:47,827][train_vgg.py][line:331][INFO] Epoch:[83/230]	 Test acc=76.109
[2024-09-01 23:28:47,827][train_vgg.py][line:340][INFO] Best Test acc=77.923
[2024-09-01 23:29:31,698][train_vgg.py][line:323][INFO] Epoch:[84/230]	 loss=132.18426	 acc=89.424
[2024-09-01 23:29:33,327][train_vgg.py][line:331][INFO] Epoch:[84/230]	 Test acc=74.395
[2024-09-01 23:29:33,327][train_vgg.py][line:340][INFO] Best Test acc=77.923
[2024-09-01 23:30:18,399][train_vgg.py][line:323][INFO] Epoch:[85/230]	 loss=118.12216	 acc=90.992
[2024-09-01 23:30:20,104][train_vgg.py][line:331][INFO] Epoch:[85/230]	 Test acc=64.718
[2024-09-01 23:30:20,104][train_vgg.py][line:340][INFO] Best Test acc=77.923
[2024-09-01 23:31:05,653][train_vgg.py][line:323][INFO] Epoch:[86/230]	 loss=133.53209	 acc=89.257
[2024-09-01 23:31:07,292][train_vgg.py][line:331][INFO] Epoch:[86/230]	 Test acc=26.310
[2024-09-01 23:31:07,292][train_vgg.py][line:340][INFO] Best Test acc=77.923
[2024-09-01 23:31:52,762][train_vgg.py][line:323][INFO] Epoch:[87/230]	 loss=135.19174	 acc=88.857
[2024-09-01 23:31:54,417][train_vgg.py][line:331][INFO] Epoch:[87/230]	 Test acc=76.915
[2024-09-01 23:31:54,417][train_vgg.py][line:340][INFO] Best Test acc=77.923
[2024-09-01 23:32:40,471][train_vgg.py][line:323][INFO] Epoch:[88/230]	 loss=122.75118	 acc=89.891
[2024-09-01 23:32:42,163][train_vgg.py][line:331][INFO] Epoch:[88/230]	 Test acc=59.073
[2024-09-01 23:32:42,163][train_vgg.py][line:340][INFO] Best Test acc=77.923
[2024-09-01 23:33:28,575][train_vgg.py][line:323][INFO] Epoch:[89/230]	 loss=120.66035	 acc=89.880
[2024-09-01 23:33:30,227][train_vgg.py][line:331][INFO] Epoch:[89/230]	 Test acc=73.690
[2024-09-01 23:33:30,227][train_vgg.py][line:340][INFO] Best Test acc=77.923
[2024-09-01 23:34:19,868][train_vgg.py][line:323][INFO] Epoch:[90/230]	 loss=124.51562	 acc=90.091
[2024-09-01 23:34:21,564][train_vgg.py][line:331][INFO] Epoch:[90/230]	 Test acc=72.077
[2024-09-01 23:34:21,564][train_vgg.py][line:340][INFO] Best Test acc=77.923
[2024-09-01 23:35:08,459][train_vgg.py][line:323][INFO] Epoch:[91/230]	 loss=135.03374	 acc=88.657
[2024-09-01 23:35:10,067][train_vgg.py][line:331][INFO] Epoch:[91/230]	 Test acc=73.992
[2024-09-01 23:35:10,067][train_vgg.py][line:340][INFO] Best Test acc=77.923
[2024-09-01 23:35:55,956][train_vgg.py][line:323][INFO] Epoch:[92/230]	 loss=127.29083	 acc=89.924
[2024-09-01 23:35:57,560][train_vgg.py][line:331][INFO] Epoch:[92/230]	 Test acc=76.512
[2024-09-01 23:35:57,560][train_vgg.py][line:340][INFO] Best Test acc=77.923
[2024-09-01 23:36:43,913][train_vgg.py][line:323][INFO] Epoch:[93/230]	 loss=126.61184	 acc=90.091
[2024-09-01 23:36:45,453][train_vgg.py][line:331][INFO] Epoch:[93/230]	 Test acc=64.113
[2024-09-01 23:36:45,453][train_vgg.py][line:340][INFO] Best Test acc=77.923
[2024-09-01 23:37:32,683][train_vgg.py][line:323][INFO] Epoch:[94/230]	 loss=130.37545	 acc=89.724
[2024-09-01 23:37:34,233][train_vgg.py][line:331][INFO] Epoch:[94/230]	 Test acc=77.823
[2024-09-01 23:37:34,233][train_vgg.py][line:340][INFO] Best Test acc=77.923
[2024-09-01 23:38:20,395][train_vgg.py][line:323][INFO] Epoch:[95/230]	 loss=108.14415	 acc=91.548
[2024-09-01 23:38:22,147][train_vgg.py][line:331][INFO] Epoch:[95/230]	 Test acc=74.597
[2024-09-01 23:38:22,147][train_vgg.py][line:340][INFO] Best Test acc=77.923
[2024-09-01 23:39:07,706][train_vgg.py][line:323][INFO] Epoch:[96/230]	 loss=122.15418	 acc=90.191
[2024-09-01 23:39:09,407][train_vgg.py][line:331][INFO] Epoch:[96/230]	 Test acc=77.823
[2024-09-01 23:39:09,407][train_vgg.py][line:340][INFO] Best Test acc=77.923
[2024-09-01 23:39:55,418][train_vgg.py][line:323][INFO] Epoch:[97/230]	 loss=110.15948	 acc=91.214
[2024-09-01 23:39:57,022][train_vgg.py][line:331][INFO] Epoch:[97/230]	 Test acc=77.823
[2024-09-01 23:39:57,023][train_vgg.py][line:340][INFO] Best Test acc=77.923
[2024-09-01 23:40:46,603][train_vgg.py][line:323][INFO] Epoch:[98/230]	 loss=126.68726	 acc=90.325
[2024-09-01 23:40:48,174][train_vgg.py][line:331][INFO] Epoch:[98/230]	 Test acc=69.859
[2024-09-01 23:40:48,174][train_vgg.py][line:340][INFO] Best Test acc=77.923
[2024-09-01 23:41:35,330][train_vgg.py][line:323][INFO] Epoch:[99/230]	 loss=129.02496	 acc=89.891
[2024-09-01 23:41:36,935][train_vgg.py][line:331][INFO] Epoch:[99/230]	 Test acc=78.528
[2024-09-01 23:41:36,935][train_vgg.py][line:340][INFO] Best Test acc=78.528
[2024-09-01 23:42:23,678][train_vgg.py][line:323][INFO] Epoch:[100/230]	 loss=94.07979	 acc=93.072
[2024-09-01 23:42:25,318][train_vgg.py][line:331][INFO] Epoch:[100/230]	 Test acc=75.907
[2024-09-01 23:42:25,318][train_vgg.py][line:340][INFO] Best Test acc=78.528
[2024-09-01 23:43:15,434][train_vgg.py][line:323][INFO] Epoch:[101/230]	 loss=100.39991	 acc=92.527
[2024-09-01 23:43:17,106][train_vgg.py][line:331][INFO] Epoch:[101/230]	 Test acc=75.403
[2024-09-01 23:43:17,107][train_vgg.py][line:340][INFO] Best Test acc=78.528
[2024-09-01 23:44:03,508][train_vgg.py][line:323][INFO] Epoch:[102/230]	 loss=111.94453	 acc=91.259
[2024-09-01 23:44:05,197][train_vgg.py][line:331][INFO] Epoch:[102/230]	 Test acc=77.520
[2024-09-01 23:44:05,198][train_vgg.py][line:340][INFO] Best Test acc=78.528
[2024-09-01 23:44:51,553][train_vgg.py][line:323][INFO] Epoch:[103/230]	 loss=89.09211	 acc=93.550
[2024-09-01 23:44:53,103][train_vgg.py][line:331][INFO] Epoch:[103/230]	 Test acc=75.605
[2024-09-01 23:44:53,103][train_vgg.py][line:340][INFO] Best Test acc=78.528
[2024-09-01 23:45:42,982][train_vgg.py][line:323][INFO] Epoch:[104/230]	 loss=106.22908	 acc=91.826
[2024-09-01 23:45:44,647][train_vgg.py][line:331][INFO] Epoch:[104/230]	 Test acc=76.310
[2024-09-01 23:45:44,647][train_vgg.py][line:340][INFO] Best Test acc=78.528
[2024-09-01 23:46:34,815][train_vgg.py][line:323][INFO] Epoch:[105/230]	 loss=125.91088	 acc=90.525
[2024-09-01 23:46:36,561][train_vgg.py][line:331][INFO] Epoch:[105/230]	 Test acc=78.427
[2024-09-01 23:46:36,561][train_vgg.py][line:340][INFO] Best Test acc=78.528
[2024-09-01 23:47:27,534][train_vgg.py][line:323][INFO] Epoch:[106/230]	 loss=123.80890	 acc=90.480
[2024-09-01 23:47:29,168][train_vgg.py][line:331][INFO] Epoch:[106/230]	 Test acc=76.411
[2024-09-01 23:47:29,168][train_vgg.py][line:340][INFO] Best Test acc=78.528
[2024-09-01 23:48:16,145][train_vgg.py][line:323][INFO] Epoch:[107/230]	 loss=92.00405	 acc=93.461
[2024-09-01 23:48:17,813][train_vgg.py][line:331][INFO] Epoch:[107/230]	 Test acc=77.016
[2024-09-01 23:48:17,813][train_vgg.py][line:340][INFO] Best Test acc=78.528
[2024-09-01 23:49:04,618][train_vgg.py][line:323][INFO] Epoch:[108/230]	 loss=102.90470	 acc=92.660
[2024-09-01 23:49:06,349][train_vgg.py][line:331][INFO] Epoch:[108/230]	 Test acc=72.883
[2024-09-01 23:49:06,349][train_vgg.py][line:340][INFO] Best Test acc=78.528
[2024-09-01 23:49:52,570][train_vgg.py][line:323][INFO] Epoch:[109/230]	 loss=96.56465	 acc=93.172
[2024-09-01 23:49:54,192][train_vgg.py][line:331][INFO] Epoch:[109/230]	 Test acc=77.016
[2024-09-01 23:49:54,192][train_vgg.py][line:340][INFO] Best Test acc=78.528
[2024-09-01 23:50:41,120][train_vgg.py][line:323][INFO] Epoch:[110/230]	 loss=96.14434	 acc=93.250
[2024-09-01 23:50:42,728][train_vgg.py][line:331][INFO] Epoch:[110/230]	 Test acc=78.226
[2024-09-01 23:50:42,728][train_vgg.py][line:340][INFO] Best Test acc=78.528
[2024-09-01 23:51:29,628][train_vgg.py][line:323][INFO] Epoch:[111/230]	 loss=137.43316	 acc=89.235
[2024-09-01 23:51:31,287][train_vgg.py][line:331][INFO] Epoch:[111/230]	 Test acc=76.310
[2024-09-01 23:51:31,287][train_vgg.py][line:340][INFO] Best Test acc=78.528
[2024-09-01 23:52:17,821][train_vgg.py][line:323][INFO] Epoch:[112/230]	 loss=105.59152	 acc=92.538
[2024-09-01 23:52:19,460][train_vgg.py][line:331][INFO] Epoch:[112/230]	 Test acc=76.210
[2024-09-01 23:52:19,460][train_vgg.py][line:340][INFO] Best Test acc=78.528
[2024-09-01 23:53:09,466][train_vgg.py][line:323][INFO] Epoch:[113/230]	 loss=102.76030	 acc=92.327
[2024-09-01 23:53:11,166][train_vgg.py][line:331][INFO] Epoch:[113/230]	 Test acc=76.815
[2024-09-01 23:53:11,166][train_vgg.py][line:340][INFO] Best Test acc=78.528
[2024-09-01 23:53:58,426][train_vgg.py][line:323][INFO] Epoch:[114/230]	 loss=108.33476	 acc=91.960
[2024-09-01 23:54:00,071][train_vgg.py][line:331][INFO] Epoch:[114/230]	 Test acc=77.823
[2024-09-01 23:54:00,071][train_vgg.py][line:340][INFO] Best Test acc=78.528
[2024-09-01 23:54:50,556][train_vgg.py][line:323][INFO] Epoch:[115/230]	 loss=100.38753	 acc=92.716
[2024-09-01 23:54:52,171][train_vgg.py][line:331][INFO] Epoch:[115/230]	 Test acc=77.621
[2024-09-01 23:54:52,172][train_vgg.py][line:340][INFO] Best Test acc=78.528
[2024-09-01 23:55:39,536][train_vgg.py][line:323][INFO] Epoch:[116/230]	 loss=89.45275	 acc=93.861
[2024-09-01 23:55:41,149][train_vgg.py][line:331][INFO] Epoch:[116/230]	 Test acc=78.024
[2024-09-01 23:55:41,149][train_vgg.py][line:340][INFO] Best Test acc=78.528
[2024-09-01 23:56:31,335][train_vgg.py][line:323][INFO] Epoch:[117/230]	 loss=107.77053	 acc=92.171
[2024-09-01 23:56:32,824][train_vgg.py][line:331][INFO] Epoch:[117/230]	 Test acc=77.520
[2024-09-01 23:56:32,824][train_vgg.py][line:340][INFO] Best Test acc=78.528
[2024-09-01 23:57:20,306][train_vgg.py][line:323][INFO] Epoch:[118/230]	 loss=83.54095	 acc=93.950
[2024-09-01 23:57:21,992][train_vgg.py][line:331][INFO] Epoch:[118/230]	 Test acc=79.536
[2024-09-01 23:57:21,992][train_vgg.py][line:340][INFO] Best Test acc=79.536
[2024-09-01 23:58:08,975][train_vgg.py][line:323][INFO] Epoch:[119/230]	 loss=97.16831	 acc=93.372
[2024-09-01 23:58:10,633][train_vgg.py][line:331][INFO] Epoch:[119/230]	 Test acc=73.387
[2024-09-01 23:58:10,633][train_vgg.py][line:340][INFO] Best Test acc=79.536
[2024-09-01 23:58:57,563][train_vgg.py][line:323][INFO] Epoch:[120/230]	 loss=80.09954	 acc=94.428
[2024-09-01 23:58:59,211][train_vgg.py][line:331][INFO] Epoch:[120/230]	 Test acc=72.681
[2024-09-01 23:58:59,211][train_vgg.py][line:340][INFO] Best Test acc=79.536
[2024-09-01 23:59:49,560][train_vgg.py][line:323][INFO] Epoch:[121/230]	 loss=85.67009	 acc=94.317
[2024-09-01 23:59:51,208][train_vgg.py][line:331][INFO] Epoch:[121/230]	 Test acc=75.202
[2024-09-01 23:59:51,208][train_vgg.py][line:340][INFO] Best Test acc=79.536
[2024-09-02 00:00:38,050][train_vgg.py][line:323][INFO] Epoch:[122/230]	 loss=82.42241	 acc=94.417
[2024-09-02 00:00:39,636][train_vgg.py][line:331][INFO] Epoch:[122/230]	 Test acc=71.169
[2024-09-02 00:00:39,636][train_vgg.py][line:340][INFO] Best Test acc=79.536
[2024-09-02 00:01:26,542][train_vgg.py][line:323][INFO] Epoch:[123/230]	 loss=88.83540	 acc=93.995
[2024-09-02 00:01:28,201][train_vgg.py][line:331][INFO] Epoch:[123/230]	 Test acc=72.278
[2024-09-02 00:01:28,201][train_vgg.py][line:340][INFO] Best Test acc=79.536
[2024-09-02 00:02:14,907][train_vgg.py][line:323][INFO] Epoch:[124/230]	 loss=101.02773	 acc=92.471
[2024-09-02 00:02:16,603][train_vgg.py][line:331][INFO] Epoch:[124/230]	 Test acc=77.722
[2024-09-02 00:02:16,604][train_vgg.py][line:340][INFO] Best Test acc=79.536
[2024-09-02 00:03:02,572][train_vgg.py][line:323][INFO] Epoch:[125/230]	 loss=92.44356	 acc=93.461
[2024-09-02 00:03:04,213][train_vgg.py][line:331][INFO] Epoch:[125/230]	 Test acc=77.419
[2024-09-02 00:03:04,214][train_vgg.py][line:340][INFO] Best Test acc=79.536
[2024-09-02 00:03:50,961][train_vgg.py][line:323][INFO] Epoch:[126/230]	 loss=81.34693	 acc=94.573
[2024-09-02 00:03:52,567][train_vgg.py][line:331][INFO] Epoch:[126/230]	 Test acc=77.923
[2024-09-02 00:03:52,567][train_vgg.py][line:340][INFO] Best Test acc=79.536
[2024-09-02 00:04:42,690][train_vgg.py][line:323][INFO] Epoch:[127/230]	 loss=92.53224	 acc=93.605
[2024-09-02 00:04:44,393][train_vgg.py][line:331][INFO] Epoch:[127/230]	 Test acc=80.544
[2024-09-02 00:04:44,393][train_vgg.py][line:340][INFO] Best Test acc=80.544
[2024-09-02 00:05:35,471][train_vgg.py][line:323][INFO] Epoch:[128/230]	 loss=82.29856	 acc=94.239
[2024-09-02 00:05:37,187][train_vgg.py][line:331][INFO] Epoch:[128/230]	 Test acc=78.427
[2024-09-02 00:05:37,187][train_vgg.py][line:340][INFO] Best Test acc=80.544
[2024-09-02 00:06:23,580][train_vgg.py][line:323][INFO] Epoch:[129/230]	 loss=90.55745	 acc=93.683
[2024-09-02 00:06:25,174][train_vgg.py][line:331][INFO] Epoch:[129/230]	 Test acc=80.746
[2024-09-02 00:06:25,174][train_vgg.py][line:340][INFO] Best Test acc=80.746
[2024-09-02 00:07:11,767][train_vgg.py][line:323][INFO] Epoch:[130/230]	 loss=94.34807	 acc=93.550
[2024-09-02 00:07:13,375][train_vgg.py][line:331][INFO] Epoch:[130/230]	 Test acc=79.234
[2024-09-02 00:07:13,376][train_vgg.py][line:340][INFO] Best Test acc=80.746
[2024-09-02 00:08:03,570][train_vgg.py][line:323][INFO] Epoch:[131/230]	 loss=107.68098	 acc=92.293
[2024-09-02 00:08:05,245][train_vgg.py][line:331][INFO] Epoch:[131/230]	 Test acc=79.940
[2024-09-02 00:08:05,246][train_vgg.py][line:340][INFO] Best Test acc=80.746
[2024-09-02 00:08:55,558][train_vgg.py][line:323][INFO] Epoch:[132/230]	 loss=101.75993	 acc=92.938
[2024-09-02 00:08:57,188][train_vgg.py][line:331][INFO] Epoch:[132/230]	 Test acc=73.891
[2024-09-02 00:08:57,189][train_vgg.py][line:340][INFO] Best Test acc=80.746
[2024-09-02 00:09:44,932][train_vgg.py][line:323][INFO] Epoch:[133/230]	 loss=78.60212	 acc=94.617
[2024-09-02 00:09:46,556][train_vgg.py][line:331][INFO] Epoch:[133/230]	 Test acc=78.629
[2024-09-02 00:09:46,556][train_vgg.py][line:340][INFO] Best Test acc=80.746
[2024-09-02 00:10:33,659][train_vgg.py][line:323][INFO] Epoch:[134/230]	 loss=98.92867	 acc=92.927
[2024-09-02 00:10:35,256][train_vgg.py][line:331][INFO] Epoch:[134/230]	 Test acc=71.472
[2024-09-02 00:10:35,256][train_vgg.py][line:340][INFO] Best Test acc=80.746
[2024-09-02 00:11:22,103][train_vgg.py][line:323][INFO] Epoch:[135/230]	 loss=78.89782	 acc=94.751
[2024-09-02 00:11:23,717][train_vgg.py][line:331][INFO] Epoch:[135/230]	 Test acc=78.629
[2024-09-02 00:11:23,717][train_vgg.py][line:340][INFO] Best Test acc=80.746
[2024-09-02 00:12:14,336][train_vgg.py][line:323][INFO] Epoch:[136/230]	 loss=97.88880	 acc=93.027
[2024-09-02 00:12:15,948][train_vgg.py][line:331][INFO] Epoch:[136/230]	 Test acc=78.730
[2024-09-02 00:12:15,949][train_vgg.py][line:340][INFO] Best Test acc=80.746
[2024-09-02 00:13:04,806][train_vgg.py][line:323][INFO] Epoch:[137/230]	 loss=88.64284	 acc=94.106
[2024-09-02 00:13:06,346][train_vgg.py][line:331][INFO] Epoch:[137/230]	 Test acc=78.730
[2024-09-02 00:13:06,346][train_vgg.py][line:340][INFO] Best Test acc=80.746
[2024-09-02 00:13:56,250][train_vgg.py][line:323][INFO] Epoch:[138/230]	 loss=77.92735	 acc=95.018
[2024-09-02 00:13:57,886][train_vgg.py][line:331][INFO] Epoch:[138/230]	 Test acc=80.444
[2024-09-02 00:13:57,886][train_vgg.py][line:340][INFO] Best Test acc=80.746
[2024-09-02 00:14:46,906][train_vgg.py][line:323][INFO] Epoch:[139/230]	 loss=92.71540	 acc=93.639
[2024-09-02 00:14:48,413][train_vgg.py][line:331][INFO] Epoch:[139/230]	 Test acc=75.504
[2024-09-02 00:14:48,413][train_vgg.py][line:340][INFO] Best Test acc=80.746
[2024-09-02 00:15:37,624][train_vgg.py][line:323][INFO] Epoch:[140/230]	 loss=92.43466	 acc=93.706
[2024-09-02 00:15:39,224][train_vgg.py][line:331][INFO] Epoch:[140/230]	 Test acc=77.823
[2024-09-02 00:15:39,224][train_vgg.py][line:340][INFO] Best Test acc=80.746
[2024-09-02 00:16:29,892][train_vgg.py][line:323][INFO] Epoch:[141/230]	 loss=17.88221	 acc=99.522
[2024-09-02 00:16:31,627][train_vgg.py][line:331][INFO] Epoch:[141/230]	 Test acc=82.964
[2024-09-02 00:16:31,628][train_vgg.py][line:340][INFO] Best Test acc=82.964
[2024-09-02 00:17:19,287][train_vgg.py][line:323][INFO] Epoch:[142/230]	 loss=12.66705	 acc=99.878
[2024-09-02 00:17:20,922][train_vgg.py][line:331][INFO] Epoch:[142/230]	 Test acc=81.653
[2024-09-02 00:17:20,922][train_vgg.py][line:340][INFO] Best Test acc=82.964
[2024-09-02 00:18:07,892][train_vgg.py][line:323][INFO] Epoch:[143/230]	 loss=10.02021	 acc=99.956
[2024-09-02 00:18:09,528][train_vgg.py][line:331][INFO] Epoch:[143/230]	 Test acc=81.552
[2024-09-02 00:18:09,528][train_vgg.py][line:340][INFO] Best Test acc=82.964
[2024-09-02 00:18:56,774][train_vgg.py][line:323][INFO] Epoch:[144/230]	 loss=9.07378	 acc=99.944
[2024-09-02 00:18:58,460][train_vgg.py][line:331][INFO] Epoch:[144/230]	 Test acc=82.460
[2024-09-02 00:18:58,460][train_vgg.py][line:340][INFO] Best Test acc=82.964
[2024-09-02 00:19:45,646][train_vgg.py][line:323][INFO] Epoch:[145/230]	 loss=9.05605	 acc=99.933
[2024-09-02 00:19:47,196][train_vgg.py][line:331][INFO] Epoch:[145/230]	 Test acc=81.653
[2024-09-02 00:19:47,196][train_vgg.py][line:340][INFO] Best Test acc=82.964
[2024-09-02 00:20:34,387][train_vgg.py][line:323][INFO] Epoch:[146/230]	 loss=7.78085	 acc=99.989
[2024-09-02 00:20:36,015][train_vgg.py][line:331][INFO] Epoch:[146/230]	 Test acc=81.653
[2024-09-02 00:20:36,015][train_vgg.py][line:340][INFO] Best Test acc=82.964
[2024-09-02 00:21:26,704][train_vgg.py][line:323][INFO] Epoch:[147/230]	 loss=8.56237	 acc=99.978
[2024-09-02 00:21:28,348][train_vgg.py][line:331][INFO] Epoch:[147/230]	 Test acc=81.452
[2024-09-02 00:21:28,349][train_vgg.py][line:340][INFO] Best Test acc=82.964
[2024-09-02 00:22:19,509][train_vgg.py][line:323][INFO] Epoch:[148/230]	 loss=7.42479	 acc=100.000
[2024-09-02 00:22:21,182][train_vgg.py][line:331][INFO] Epoch:[148/230]	 Test acc=82.863
[2024-09-02 00:22:21,182][train_vgg.py][line:340][INFO] Best Test acc=82.964
[2024-09-02 00:23:12,534][train_vgg.py][line:323][INFO] Epoch:[149/230]	 loss=6.63751	 acc=99.978
[2024-09-02 00:23:14,220][train_vgg.py][line:331][INFO] Epoch:[149/230]	 Test acc=81.956
[2024-09-02 00:23:14,220][train_vgg.py][line:340][INFO] Best Test acc=82.964
[2024-09-02 00:23:51,078][train_vgg.py][line:323][INFO] Epoch:[150/230]	 loss=7.36170	 acc=99.989
[2024-09-02 00:23:52,696][train_vgg.py][line:331][INFO] Epoch:[150/230]	 Test acc=83.266
[2024-09-02 00:23:52,696][train_vgg.py][line:340][INFO] Best Test acc=83.266
[2024-09-02 00:24:29,088][train_vgg.py][line:323][INFO] Epoch:[151/230]	 loss=7.72147	 acc=99.967
[2024-09-02 00:24:30,671][train_vgg.py][line:331][INFO] Epoch:[151/230]	 Test acc=82.964
[2024-09-02 00:24:30,671][train_vgg.py][line:340][INFO] Best Test acc=83.266
[2024-09-02 00:25:09,443][train_vgg.py][line:323][INFO] Epoch:[152/230]	 loss=7.09958	 acc=99.956
[2024-09-02 00:25:11,229][train_vgg.py][line:331][INFO] Epoch:[152/230]	 Test acc=81.754
[2024-09-02 00:25:11,230][train_vgg.py][line:340][INFO] Best Test acc=83.266
[2024-09-02 00:25:51,122][train_vgg.py][line:323][INFO] Epoch:[153/230]	 loss=6.93406	 acc=100.000
[2024-09-02 00:25:52,835][train_vgg.py][line:331][INFO] Epoch:[153/230]	 Test acc=82.661
[2024-09-02 00:25:52,835][train_vgg.py][line:340][INFO] Best Test acc=83.266
[2024-09-02 00:26:32,768][train_vgg.py][line:323][INFO] Epoch:[154/230]	 loss=6.39721	 acc=100.000
[2024-09-02 00:26:34,489][train_vgg.py][line:331][INFO] Epoch:[154/230]	 Test acc=81.855
[2024-09-02 00:26:34,489][train_vgg.py][line:340][INFO] Best Test acc=83.266
[2024-09-02 00:27:11,502][train_vgg.py][line:323][INFO] Epoch:[155/230]	 loss=6.66473	 acc=99.989
[2024-09-02 00:27:13,410][train_vgg.py][line:331][INFO] Epoch:[155/230]	 Test acc=81.452
[2024-09-02 00:27:13,410][train_vgg.py][line:340][INFO] Best Test acc=83.266
[2024-09-02 00:27:49,779][train_vgg.py][line:323][INFO] Epoch:[156/230]	 loss=6.60197	 acc=100.000
[2024-09-02 00:27:51,388][train_vgg.py][line:331][INFO] Epoch:[156/230]	 Test acc=82.762
[2024-09-02 00:27:51,388][train_vgg.py][line:340][INFO] Best Test acc=83.266
[2024-09-02 00:28:27,928][train_vgg.py][line:323][INFO] Epoch:[157/230]	 loss=6.17720	 acc=99.989
[2024-09-02 00:28:29,505][train_vgg.py][line:331][INFO] Epoch:[157/230]	 Test acc=81.855
[2024-09-02 00:28:29,506][train_vgg.py][line:340][INFO] Best Test acc=83.266
[2024-09-02 00:29:08,309][train_vgg.py][line:323][INFO] Epoch:[158/230]	 loss=6.10038	 acc=99.989
[2024-09-02 00:29:10,110][train_vgg.py][line:331][INFO] Epoch:[158/230]	 Test acc=82.863
[2024-09-02 00:29:10,111][train_vgg.py][line:340][INFO] Best Test acc=83.266
[2024-09-02 00:29:47,162][train_vgg.py][line:323][INFO] Epoch:[159/230]	 loss=6.21266	 acc=100.000
[2024-09-02 00:29:48,832][train_vgg.py][line:331][INFO] Epoch:[159/230]	 Test acc=81.754
[2024-09-02 00:29:48,832][train_vgg.py][line:340][INFO] Best Test acc=83.266
[2024-09-02 00:30:28,107][train_vgg.py][line:323][INFO] Epoch:[160/230]	 loss=5.98786	 acc=99.989
[2024-09-02 00:30:29,837][train_vgg.py][line:331][INFO] Epoch:[160/230]	 Test acc=81.653
[2024-09-02 00:30:29,837][train_vgg.py][line:340][INFO] Best Test acc=83.266
[2024-09-02 00:31:06,866][train_vgg.py][line:323][INFO] Epoch:[161/230]	 loss=5.62338	 acc=100.000
[2024-09-02 00:31:08,568][train_vgg.py][line:331][INFO] Epoch:[161/230]	 Test acc=81.552
[2024-09-02 00:31:08,568][train_vgg.py][line:340][INFO] Best Test acc=83.266
[2024-09-02 00:31:44,804][train_vgg.py][line:323][INFO] Epoch:[162/230]	 loss=6.06455	 acc=100.000
[2024-09-02 00:31:46,416][train_vgg.py][line:331][INFO] Epoch:[162/230]	 Test acc=83.367
[2024-09-02 00:31:46,416][train_vgg.py][line:340][INFO] Best Test acc=83.367
[2024-09-02 00:32:22,694][train_vgg.py][line:323][INFO] Epoch:[163/230]	 loss=5.76191	 acc=99.989
[2024-09-02 00:32:24,345][train_vgg.py][line:331][INFO] Epoch:[163/230]	 Test acc=81.552
[2024-09-02 00:32:24,346][train_vgg.py][line:340][INFO] Best Test acc=83.367
[2024-09-02 00:33:00,286][train_vgg.py][line:323][INFO] Epoch:[164/230]	 loss=5.85045	 acc=100.000
[2024-09-02 00:33:01,927][train_vgg.py][line:331][INFO] Epoch:[164/230]	 Test acc=82.258
[2024-09-02 00:33:01,928][train_vgg.py][line:340][INFO] Best Test acc=83.367
[2024-09-02 00:33:40,650][train_vgg.py][line:323][INFO] Epoch:[165/230]	 loss=5.60717	 acc=100.000
[2024-09-02 00:33:42,331][train_vgg.py][line:331][INFO] Epoch:[165/230]	 Test acc=83.266
[2024-09-02 00:33:42,331][train_vgg.py][line:340][INFO] Best Test acc=83.367
[2024-09-02 00:34:19,078][train_vgg.py][line:323][INFO] Epoch:[166/230]	 loss=5.58359	 acc=99.989
[2024-09-02 00:34:20,688][train_vgg.py][line:331][INFO] Epoch:[166/230]	 Test acc=82.560
[2024-09-02 00:34:20,688][train_vgg.py][line:340][INFO] Best Test acc=83.367
[2024-09-02 00:34:56,931][train_vgg.py][line:323][INFO] Epoch:[167/230]	 loss=5.57384	 acc=100.000
[2024-09-02 00:34:58,683][train_vgg.py][line:331][INFO] Epoch:[167/230]	 Test acc=82.460
[2024-09-02 00:34:58,683][train_vgg.py][line:340][INFO] Best Test acc=83.367
[2024-09-02 00:35:37,911][train_vgg.py][line:323][INFO] Epoch:[168/230]	 loss=5.68171	 acc=99.989
[2024-09-02 00:35:39,665][train_vgg.py][line:331][INFO] Epoch:[168/230]	 Test acc=82.359
[2024-09-02 00:35:39,665][train_vgg.py][line:340][INFO] Best Test acc=83.367
[2024-09-02 00:36:19,751][train_vgg.py][line:323][INFO] Epoch:[169/230]	 loss=5.70411	 acc=100.000
[2024-09-02 00:36:21,498][train_vgg.py][line:331][INFO] Epoch:[169/230]	 Test acc=82.460
[2024-09-02 00:36:21,498][train_vgg.py][line:340][INFO] Best Test acc=83.367
[2024-09-02 00:36:58,483][train_vgg.py][line:323][INFO] Epoch:[170/230]	 loss=5.73300	 acc=99.989
[2024-09-02 00:37:00,087][train_vgg.py][line:331][INFO] Epoch:[170/230]	 Test acc=82.560
[2024-09-02 00:37:00,088][train_vgg.py][line:340][INFO] Best Test acc=83.367
[2024-09-02 00:37:39,244][train_vgg.py][line:323][INFO] Epoch:[171/230]	 loss=6.09084	 acc=100.000
[2024-09-02 00:37:40,972][train_vgg.py][line:331][INFO] Epoch:[171/230]	 Test acc=82.661
[2024-09-02 00:37:40,972][train_vgg.py][line:340][INFO] Best Test acc=83.367
[2024-09-02 00:38:20,823][train_vgg.py][line:323][INFO] Epoch:[172/230]	 loss=6.77022	 acc=100.000
[2024-09-02 00:38:22,632][train_vgg.py][line:331][INFO] Epoch:[172/230]	 Test acc=82.560
[2024-09-02 00:38:22,632][train_vgg.py][line:340][INFO] Best Test acc=83.367
