[2024-09-03 17:02:39,527][train_vgg.py][line:317][INFO] start training!
[2024-09-03 17:04:14,327][train_vgg.py][line:325][INFO] Epoch:[0/230]	 loss=564.31028	 acc=32.673
[2024-09-03 17:04:21,754][train_vgg.py][line:333][INFO] Epoch:[0/230]	 Test acc=34.778
[2024-09-03 17:04:21,754][train_vgg.py][line:342][INFO] Best Test acc=34.778
[2024-09-03 17:05:54,339][train_vgg.py][line:325][INFO] Epoch:[1/230]	 loss=455.33190	 acc=46.052
[2024-09-03 17:06:01,711][train_vgg.py][line:333][INFO] Epoch:[1/230]	 Test acc=49.294
[2024-09-03 17:06:01,711][train_vgg.py][line:342][INFO] Best Test acc=49.294
[2024-09-03 17:07:37,955][train_vgg.py][line:325][INFO] Epoch:[2/230]	 loss=400.07657	 acc=53.069
[2024-09-03 17:07:45,664][train_vgg.py][line:333][INFO] Epoch:[2/230]	 Test acc=58.770
[2024-09-03 17:07:45,664][train_vgg.py][line:342][INFO] Best Test acc=58.770
[2024-09-03 17:09:18,149][train_vgg.py][line:325][INFO] Epoch:[3/230]	 loss=354.52090	 acc=59.597
[2024-09-03 17:09:25,486][train_vgg.py][line:333][INFO] Epoch:[3/230]	 Test acc=57.762
[2024-09-03 17:09:25,486][train_vgg.py][line:342][INFO] Best Test acc=58.770
[2024-09-03 17:10:58,086][train_vgg.py][line:325][INFO] Epoch:[4/230]	 loss=331.40510	 acc=62.956
[2024-09-03 17:11:05,433][train_vgg.py][line:333][INFO] Epoch:[4/230]	 Test acc=65.121
[2024-09-03 17:11:05,433][train_vgg.py][line:342][INFO] Best Test acc=65.121
[2024-09-03 17:12:39,265][train_vgg.py][line:325][INFO] Epoch:[5/230]	 loss=309.50796	 acc=66.125
[2024-09-03 17:12:46,721][train_vgg.py][line:333][INFO] Epoch:[5/230]	 Test acc=63.004
[2024-09-03 17:12:46,721][train_vgg.py][line:342][INFO] Best Test acc=65.121
[2024-09-03 17:14:21,273][train_vgg.py][line:325][INFO] Epoch:[6/230]	 loss=291.04491	 acc=68.494
[2024-09-03 17:14:28,912][train_vgg.py][line:333][INFO] Epoch:[6/230]	 Test acc=64.718
[2024-09-03 17:14:28,912][train_vgg.py][line:342][INFO] Best Test acc=65.121
[2024-09-03 17:16:03,620][train_vgg.py][line:325][INFO] Epoch:[7/230]	 loss=277.81991	 acc=70.663
[2024-09-03 17:16:11,221][train_vgg.py][line:333][INFO] Epoch:[7/230]	 Test acc=69.456
[2024-09-03 17:16:11,221][train_vgg.py][line:342][INFO] Best Test acc=69.456
[2024-09-03 17:17:45,578][train_vgg.py][line:325][INFO] Epoch:[8/230]	 loss=263.63326	 acc=73.032
[2024-09-03 17:17:53,599][train_vgg.py][line:333][INFO] Epoch:[8/230]	 Test acc=72.581
[2024-09-03 17:17:53,599][train_vgg.py][line:342][INFO] Best Test acc=72.581
[2024-09-03 17:19:28,202][train_vgg.py][line:325][INFO] Epoch:[9/230]	 loss=254.28111	 acc=74.188
[2024-09-03 17:19:35,567][train_vgg.py][line:333][INFO] Epoch:[9/230]	 Test acc=62.903
[2024-09-03 17:19:35,567][train_vgg.py][line:342][INFO] Best Test acc=72.581
[2024-09-03 17:21:09,999][train_vgg.py][line:325][INFO] Epoch:[10/230]	 loss=241.88422	 acc=75.734
[2024-09-03 17:21:17,985][train_vgg.py][line:333][INFO] Epoch:[10/230]	 Test acc=71.673
[2024-09-03 17:21:17,985][train_vgg.py][line:342][INFO] Best Test acc=72.581
[2024-09-03 17:22:52,373][train_vgg.py][line:325][INFO] Epoch:[11/230]	 loss=232.86703	 acc=77.180
[2024-09-03 17:23:00,136][train_vgg.py][line:333][INFO] Epoch:[11/230]	 Test acc=71.069
[2024-09-03 17:23:00,136][train_vgg.py][line:342][INFO] Best Test acc=72.581
[2024-09-03 17:24:34,899][train_vgg.py][line:325][INFO] Epoch:[12/230]	 loss=224.10722	 acc=78.236
[2024-09-03 17:24:42,399][train_vgg.py][line:333][INFO] Epoch:[12/230]	 Test acc=73.286
[2024-09-03 17:24:42,400][train_vgg.py][line:342][INFO] Best Test acc=73.286
[2024-09-03 17:26:16,091][train_vgg.py][line:325][INFO] Epoch:[13/230]	 loss=217.81769	 acc=79.415
[2024-09-03 17:26:23,694][train_vgg.py][line:333][INFO] Epoch:[13/230]	 Test acc=65.827
[2024-09-03 17:26:23,695][train_vgg.py][line:342][INFO] Best Test acc=73.286
[2024-09-03 17:27:57,685][train_vgg.py][line:325][INFO] Epoch:[14/230]	 loss=208.59034	 acc=80.205
[2024-09-03 17:28:05,277][train_vgg.py][line:333][INFO] Epoch:[14/230]	 Test acc=73.589
[2024-09-03 17:28:05,277][train_vgg.py][line:342][INFO] Best Test acc=73.589
[2024-09-03 17:29:40,597][train_vgg.py][line:325][INFO] Epoch:[15/230]	 loss=200.83230	 acc=81.261
[2024-09-03 17:29:48,138][train_vgg.py][line:333][INFO] Epoch:[15/230]	 Test acc=71.069
[2024-09-03 17:29:48,139][train_vgg.py][line:342][INFO] Best Test acc=73.589
[2024-09-03 17:31:22,963][train_vgg.py][line:325][INFO] Epoch:[16/230]	 loss=194.94660	 acc=82.251
[2024-09-03 17:31:30,574][train_vgg.py][line:333][INFO] Epoch:[16/230]	 Test acc=75.403
[2024-09-03 17:31:30,575][train_vgg.py][line:342][INFO] Best Test acc=75.403
[2024-09-03 17:33:05,177][train_vgg.py][line:325][INFO] Epoch:[17/230]	 loss=191.31206	 acc=82.685
[2024-09-03 17:33:12,663][train_vgg.py][line:333][INFO] Epoch:[17/230]	 Test acc=68.548
[2024-09-03 17:33:12,664][train_vgg.py][line:342][INFO] Best Test acc=75.403
[2024-09-03 17:34:47,717][train_vgg.py][line:325][INFO] Epoch:[18/230]	 loss=186.80044	 acc=83.141
[2024-09-03 17:34:55,258][train_vgg.py][line:333][INFO] Epoch:[18/230]	 Test acc=73.387
[2024-09-03 17:34:55,258][train_vgg.py][line:342][INFO] Best Test acc=75.403
[2024-09-03 17:36:29,829][train_vgg.py][line:325][INFO] Epoch:[19/230]	 loss=173.61607	 acc=84.942
[2024-09-03 17:36:37,292][train_vgg.py][line:333][INFO] Epoch:[19/230]	 Test acc=76.411
[2024-09-03 17:36:37,292][train_vgg.py][line:342][INFO] Best Test acc=76.411
[2024-09-03 17:38:11,136][train_vgg.py][line:325][INFO] Epoch:[20/230]	 loss=174.87073	 acc=84.809
[2024-09-03 17:38:18,070][train_vgg.py][line:333][INFO] Epoch:[20/230]	 Test acc=75.403
[2024-09-03 17:38:18,071][train_vgg.py][line:342][INFO] Best Test acc=76.411
[2024-09-03 17:39:51,571][train_vgg.py][line:325][INFO] Epoch:[21/230]	 loss=167.26732	 acc=85.988
[2024-09-03 17:39:58,858][train_vgg.py][line:333][INFO] Epoch:[21/230]	 Test acc=73.185
[2024-09-03 17:39:58,859][train_vgg.py][line:342][INFO] Best Test acc=76.411
[2024-09-03 17:41:35,838][train_vgg.py][line:325][INFO] Epoch:[22/230]	 loss=167.63744	 acc=85.710
[2024-09-03 17:41:42,390][train_vgg.py][line:333][INFO] Epoch:[22/230]	 Test acc=73.185
[2024-09-03 17:41:42,390][train_vgg.py][line:342][INFO] Best Test acc=76.411
[2024-09-03 17:43:16,724][train_vgg.py][line:325][INFO] Epoch:[23/230]	 loss=154.22158	 acc=87.089
[2024-09-03 17:43:24,059][train_vgg.py][line:333][INFO] Epoch:[23/230]	 Test acc=73.690
[2024-09-03 17:43:24,059][train_vgg.py][line:342][INFO] Best Test acc=76.411
[2024-09-03 17:44:59,707][train_vgg.py][line:325][INFO] Epoch:[24/230]	 loss=153.24020	 acc=87.278
[2024-09-03 17:45:07,340][train_vgg.py][line:333][INFO] Epoch:[24/230]	 Test acc=69.254
[2024-09-03 17:45:07,340][train_vgg.py][line:342][INFO] Best Test acc=76.411
[2024-09-03 17:46:42,687][train_vgg.py][line:325][INFO] Epoch:[25/230]	 loss=158.63212	 acc=86.966
[2024-09-03 17:46:49,978][train_vgg.py][line:333][INFO] Epoch:[25/230]	 Test acc=78.629
[2024-09-03 17:46:49,979][train_vgg.py][line:342][INFO] Best Test acc=78.629
[2024-09-03 17:48:24,642][train_vgg.py][line:325][INFO] Epoch:[26/230]	 loss=146.00353	 acc=88.245
[2024-09-03 17:48:32,127][train_vgg.py][line:333][INFO] Epoch:[26/230]	 Test acc=74.698
[2024-09-03 17:48:32,127][train_vgg.py][line:342][INFO] Best Test acc=78.629
[2024-09-03 17:50:06,321][train_vgg.py][line:325][INFO] Epoch:[27/230]	 loss=138.87488	 acc=89.135
[2024-09-03 17:50:13,707][train_vgg.py][line:333][INFO] Epoch:[27/230]	 Test acc=78.427
[2024-09-03 17:50:13,707][train_vgg.py][line:342][INFO] Best Test acc=78.629
[2024-09-03 17:51:47,632][train_vgg.py][line:325][INFO] Epoch:[28/230]	 loss=130.56220	 acc=90.169
[2024-09-03 17:51:55,132][train_vgg.py][line:333][INFO] Epoch:[28/230]	 Test acc=75.605
[2024-09-03 17:51:55,132][train_vgg.py][line:342][INFO] Best Test acc=78.629
[2024-09-03 17:53:30,174][train_vgg.py][line:325][INFO] Epoch:[29/230]	 loss=129.32724	 acc=90.314
[2024-09-03 17:53:37,709][train_vgg.py][line:333][INFO] Epoch:[29/230]	 Test acc=76.815
[2024-09-03 17:53:37,710][train_vgg.py][line:342][INFO] Best Test acc=78.629
[2024-09-03 17:55:11,665][train_vgg.py][line:325][INFO] Epoch:[30/230]	 loss=127.59689	 acc=90.658
[2024-09-03 17:55:18,900][train_vgg.py][line:333][INFO] Epoch:[30/230]	 Test acc=74.395
[2024-09-03 17:55:18,900][train_vgg.py][line:342][INFO] Best Test acc=78.629
[2024-09-03 17:56:53,492][train_vgg.py][line:325][INFO] Epoch:[31/230]	 loss=124.20674	 acc=91.092
[2024-09-03 17:57:00,867][train_vgg.py][line:333][INFO] Epoch:[31/230]	 Test acc=73.488
[2024-09-03 17:57:00,868][train_vgg.py][line:342][INFO] Best Test acc=78.629
[2024-09-03 17:58:35,402][train_vgg.py][line:325][INFO] Epoch:[32/230]	 loss=122.89358	 acc=91.281
[2024-09-03 17:58:42,321][train_vgg.py][line:333][INFO] Epoch:[32/230]	 Test acc=71.270
[2024-09-03 17:58:42,321][train_vgg.py][line:342][INFO] Best Test acc=78.629
[2024-09-03 18:00:13,596][train_vgg.py][line:325][INFO] Epoch:[33/230]	 loss=125.83215	 acc=91.092
[2024-09-03 18:00:20,527][train_vgg.py][line:333][INFO] Epoch:[33/230]	 Test acc=71.976
[2024-09-03 18:00:20,527][train_vgg.py][line:342][INFO] Best Test acc=78.629
[2024-09-03 18:01:55,378][train_vgg.py][line:325][INFO] Epoch:[34/230]	 loss=117.21796	 acc=91.871
[2024-09-03 18:02:02,430][train_vgg.py][line:333][INFO] Epoch:[34/230]	 Test acc=76.613
[2024-09-03 18:02:02,431][train_vgg.py][line:342][INFO] Best Test acc=78.629
[2024-09-03 18:03:36,565][train_vgg.py][line:325][INFO] Epoch:[35/230]	 loss=108.18427	 acc=92.838
[2024-09-03 18:03:44,133][train_vgg.py][line:333][INFO] Epoch:[35/230]	 Test acc=75.101
[2024-09-03 18:03:44,133][train_vgg.py][line:342][INFO] Best Test acc=78.629
[2024-09-03 18:05:17,244][train_vgg.py][line:325][INFO] Epoch:[36/230]	 loss=115.52937	 acc=91.859
[2024-09-03 18:05:24,064][train_vgg.py][line:333][INFO] Epoch:[36/230]	 Test acc=77.016
[2024-09-03 18:05:24,064][train_vgg.py][line:342][INFO] Best Test acc=78.629
[2024-09-03 18:06:52,520][train_vgg.py][line:325][INFO] Epoch:[37/230]	 loss=107.33836	 acc=93.072
[2024-09-03 18:06:59,876][train_vgg.py][line:333][INFO] Epoch:[37/230]	 Test acc=74.899
[2024-09-03 18:06:59,876][train_vgg.py][line:342][INFO] Best Test acc=78.629
[2024-09-03 18:08:33,188][train_vgg.py][line:325][INFO] Epoch:[38/230]	 loss=105.81966	 acc=92.927
[2024-09-03 18:08:40,535][train_vgg.py][line:333][INFO] Epoch:[38/230]	 Test acc=74.395
[2024-09-03 18:08:40,535][train_vgg.py][line:342][INFO] Best Test acc=78.629
[2024-09-03 18:10:15,572][train_vgg.py][line:325][INFO] Epoch:[39/230]	 loss=103.58816	 acc=93.472
[2024-09-03 18:10:23,031][train_vgg.py][line:333][INFO] Epoch:[39/230]	 Test acc=77.621
[2024-09-03 18:10:23,031][train_vgg.py][line:342][INFO] Best Test acc=78.629
[2024-09-03 18:11:56,441][train_vgg.py][line:325][INFO] Epoch:[40/230]	 loss=107.23537	 acc=93.116
[2024-09-03 18:12:04,011][train_vgg.py][line:333][INFO] Epoch:[40/230]	 Test acc=76.109
[2024-09-03 18:12:04,011][train_vgg.py][line:342][INFO] Best Test acc=78.629
[2024-09-03 18:13:37,837][train_vgg.py][line:325][INFO] Epoch:[41/230]	 loss=98.93014	 acc=94.117
[2024-09-03 18:13:45,416][train_vgg.py][line:333][INFO] Epoch:[41/230]	 Test acc=73.992
[2024-09-03 18:13:45,416][train_vgg.py][line:342][INFO] Best Test acc=78.629
[2024-09-03 18:15:20,027][train_vgg.py][line:325][INFO] Epoch:[42/230]	 loss=89.72787	 acc=94.729
[2024-09-03 18:15:27,956][train_vgg.py][line:333][INFO] Epoch:[42/230]	 Test acc=76.310
[2024-09-03 18:15:27,956][train_vgg.py][line:342][INFO] Best Test acc=78.629
[2024-09-03 18:17:04,577][train_vgg.py][line:325][INFO] Epoch:[43/230]	 loss=93.45786	 acc=94.161
[2024-09-03 18:17:12,346][train_vgg.py][line:333][INFO] Epoch:[43/230]	 Test acc=79.536
[2024-09-03 18:17:12,346][train_vgg.py][line:342][INFO] Best Test acc=79.536
[2024-09-03 18:18:46,913][train_vgg.py][line:325][INFO] Epoch:[44/230]	 loss=94.81455	 acc=94.284
[2024-09-03 18:18:53,868][train_vgg.py][line:333][INFO] Epoch:[44/230]	 Test acc=76.411
[2024-09-03 18:18:53,869][train_vgg.py][line:342][INFO] Best Test acc=79.536
[2024-09-03 18:20:28,422][train_vgg.py][line:325][INFO] Epoch:[45/230]	 loss=90.90073	 acc=94.884
[2024-09-03 18:20:35,637][train_vgg.py][line:333][INFO] Epoch:[45/230]	 Test acc=77.319
[2024-09-03 18:20:35,637][train_vgg.py][line:342][INFO] Best Test acc=79.536
[2024-09-03 18:22:08,579][train_vgg.py][line:325][INFO] Epoch:[46/230]	 loss=95.67244	 acc=94.306
[2024-09-03 18:22:16,173][train_vgg.py][line:333][INFO] Epoch:[46/230]	 Test acc=77.621
[2024-09-03 18:22:16,173][train_vgg.py][line:342][INFO] Best Test acc=79.536
[2024-09-03 18:23:49,305][train_vgg.py][line:325][INFO] Epoch:[47/230]	 loss=100.05496	 acc=93.995
[2024-09-03 18:23:56,334][train_vgg.py][line:333][INFO] Epoch:[47/230]	 Test acc=74.698
[2024-09-03 18:23:56,335][train_vgg.py][line:342][INFO] Best Test acc=79.536
[2024-09-03 18:25:30,283][train_vgg.py][line:325][INFO] Epoch:[48/230]	 loss=90.55648	 acc=94.851
[2024-09-03 18:25:37,571][train_vgg.py][line:333][INFO] Epoch:[48/230]	 Test acc=76.714
[2024-09-03 18:25:37,571][train_vgg.py][line:342][INFO] Best Test acc=79.536
[2024-09-03 18:27:13,042][train_vgg.py][line:325][INFO] Epoch:[49/230]	 loss=89.62408	 acc=94.996
[2024-09-03 18:27:19,752][train_vgg.py][line:333][INFO] Epoch:[49/230]	 Test acc=77.117
[2024-09-03 18:27:19,752][train_vgg.py][line:342][INFO] Best Test acc=79.536
[2024-09-03 18:28:54,716][train_vgg.py][line:325][INFO] Epoch:[50/230]	 loss=81.46764	 acc=95.763
[2024-09-03 18:29:02,349][train_vgg.py][line:333][INFO] Epoch:[50/230]	 Test acc=75.907
[2024-09-03 18:29:02,349][train_vgg.py][line:342][INFO] Best Test acc=79.536
[2024-09-03 18:30:36,060][train_vgg.py][line:325][INFO] Epoch:[51/230]	 loss=87.19463	 acc=95.485
[2024-09-03 18:30:43,535][train_vgg.py][line:333][INFO] Epoch:[51/230]	 Test acc=73.589
[2024-09-03 18:30:43,535][train_vgg.py][line:342][INFO] Best Test acc=79.536
[2024-09-03 18:32:17,388][train_vgg.py][line:325][INFO] Epoch:[52/230]	 loss=85.37657	 acc=95.563
[2024-09-03 18:32:24,853][train_vgg.py][line:333][INFO] Epoch:[52/230]	 Test acc=77.823
[2024-09-03 18:32:24,854][train_vgg.py][line:342][INFO] Best Test acc=79.536
[2024-09-03 18:33:59,659][train_vgg.py][line:325][INFO] Epoch:[53/230]	 loss=83.19981	 acc=95.741
[2024-09-03 18:34:06,966][train_vgg.py][line:333][INFO] Epoch:[53/230]	 Test acc=75.302
[2024-09-03 18:34:06,966][train_vgg.py][line:342][INFO] Best Test acc=79.536
[2024-09-03 18:35:40,413][train_vgg.py][line:325][INFO] Epoch:[54/230]	 loss=76.80948	 acc=96.274
[2024-09-03 18:35:47,278][train_vgg.py][line:333][INFO] Epoch:[54/230]	 Test acc=72.077
[2024-09-03 18:35:47,278][train_vgg.py][line:342][INFO] Best Test acc=79.536
[2024-09-03 18:37:21,969][train_vgg.py][line:325][INFO] Epoch:[55/230]	 loss=77.21282	 acc=96.386
[2024-09-03 18:37:29,425][train_vgg.py][line:333][INFO] Epoch:[55/230]	 Test acc=76.210
[2024-09-03 18:37:29,425][train_vgg.py][line:342][INFO] Best Test acc=79.536
[2024-09-03 18:39:03,506][train_vgg.py][line:325][INFO] Epoch:[56/230]	 loss=78.86538	 acc=96.152
[2024-09-03 18:39:10,511][train_vgg.py][line:333][INFO] Epoch:[56/230]	 Test acc=76.310
[2024-09-03 18:39:10,511][train_vgg.py][line:342][INFO] Best Test acc=79.536
[2024-09-03 18:40:43,119][train_vgg.py][line:325][INFO] Epoch:[57/230]	 loss=74.79974	 acc=96.386
[2024-09-03 18:40:50,801][train_vgg.py][line:333][INFO] Epoch:[57/230]	 Test acc=78.528
[2024-09-03 18:40:50,801][train_vgg.py][line:342][INFO] Best Test acc=79.536
[2024-09-03 18:42:25,783][train_vgg.py][line:325][INFO] Epoch:[58/230]	 loss=79.17412	 acc=96.263
[2024-09-03 18:42:33,583][train_vgg.py][line:333][INFO] Epoch:[58/230]	 Test acc=78.226
[2024-09-03 18:42:33,583][train_vgg.py][line:342][INFO] Best Test acc=79.536
[2024-09-03 18:44:09,927][train_vgg.py][line:325][INFO] Epoch:[59/230]	 loss=77.67632	 acc=96.119
[2024-09-03 18:44:17,024][train_vgg.py][line:333][INFO] Epoch:[59/230]	 Test acc=77.520
[2024-09-03 18:44:17,024][train_vgg.py][line:342][INFO] Best Test acc=79.536
[2024-09-03 18:45:50,555][train_vgg.py][line:325][INFO] Epoch:[60/230]	 loss=72.86201	 acc=96.497
[2024-09-03 18:45:58,484][train_vgg.py][line:333][INFO] Epoch:[60/230]	 Test acc=76.109
[2024-09-03 18:45:58,484][train_vgg.py][line:342][INFO] Best Test acc=79.536
[2024-09-03 18:47:33,337][train_vgg.py][line:325][INFO] Epoch:[61/230]	 loss=68.03705	 acc=97.142
[2024-09-03 18:47:40,768][train_vgg.py][line:333][INFO] Epoch:[61/230]	 Test acc=74.395
[2024-09-03 18:47:40,768][train_vgg.py][line:342][INFO] Best Test acc=79.536
[2024-09-03 18:49:16,574][train_vgg.py][line:325][INFO] Epoch:[62/230]	 loss=76.86680	 acc=96.397
[2024-09-03 18:49:23,909][train_vgg.py][line:333][INFO] Epoch:[62/230]	 Test acc=77.823
[2024-09-03 18:49:23,910][train_vgg.py][line:342][INFO] Best Test acc=79.536
[2024-09-03 18:50:58,318][train_vgg.py][line:325][INFO] Epoch:[63/230]	 loss=72.73201	 acc=96.497
[2024-09-03 18:51:05,843][train_vgg.py][line:333][INFO] Epoch:[63/230]	 Test acc=75.202
[2024-09-03 18:51:05,843][train_vgg.py][line:342][INFO] Best Test acc=79.536
[2024-09-03 18:52:41,094][train_vgg.py][line:325][INFO] Epoch:[64/230]	 loss=63.62690	 acc=97.364
[2024-09-03 18:52:48,134][train_vgg.py][line:333][INFO] Epoch:[64/230]	 Test acc=73.589
[2024-09-03 18:52:48,134][train_vgg.py][line:342][INFO] Best Test acc=79.536
[2024-09-03 18:54:20,056][train_vgg.py][line:325][INFO] Epoch:[65/230]	 loss=81.06109	 acc=95.919
[2024-09-03 18:54:27,555][train_vgg.py][line:333][INFO] Epoch:[65/230]	 Test acc=72.379
[2024-09-03 18:54:27,555][train_vgg.py][line:342][INFO] Best Test acc=79.536
[2024-09-03 18:56:01,915][train_vgg.py][line:325][INFO] Epoch:[66/230]	 loss=69.08316	 acc=96.942
[2024-09-03 18:56:09,435][train_vgg.py][line:333][INFO] Epoch:[66/230]	 Test acc=76.815
[2024-09-03 18:56:09,435][train_vgg.py][line:342][INFO] Best Test acc=79.536
[2024-09-03 18:57:42,736][train_vgg.py][line:325][INFO] Epoch:[67/230]	 loss=70.31668	 acc=96.853
[2024-09-03 18:57:50,223][train_vgg.py][line:333][INFO] Epoch:[67/230]	 Test acc=75.504
[2024-09-03 18:57:50,223][train_vgg.py][line:342][INFO] Best Test acc=79.536
[2024-09-03 18:59:22,577][train_vgg.py][line:325][INFO] Epoch:[68/230]	 loss=69.86983	 acc=96.886
[2024-09-03 18:59:29,520][train_vgg.py][line:333][INFO] Epoch:[68/230]	 Test acc=75.403
[2024-09-03 18:59:29,520][train_vgg.py][line:342][INFO] Best Test acc=79.536
[2024-09-03 19:01:01,575][train_vgg.py][line:325][INFO] Epoch:[69/230]	 loss=66.17206	 acc=97.275
[2024-09-03 19:01:09,380][train_vgg.py][line:333][INFO] Epoch:[69/230]	 Test acc=78.528
[2024-09-03 19:01:09,380][train_vgg.py][line:342][INFO] Best Test acc=79.536
[2024-09-03 19:02:42,759][train_vgg.py][line:325][INFO] Epoch:[70/230]	 loss=64.19818	 acc=97.275
[2024-09-03 19:02:50,347][train_vgg.py][line:333][INFO] Epoch:[70/230]	 Test acc=77.016
[2024-09-03 19:02:50,348][train_vgg.py][line:342][INFO] Best Test acc=79.536
[2024-09-03 19:04:23,319][train_vgg.py][line:325][INFO] Epoch:[71/230]	 loss=70.02150	 acc=96.742
[2024-09-03 19:04:31,147][train_vgg.py][line:333][INFO] Epoch:[71/230]	 Test acc=73.488
[2024-09-03 19:04:31,147][train_vgg.py][line:342][INFO] Best Test acc=79.536
[2024-09-03 19:06:05,995][train_vgg.py][line:325][INFO] Epoch:[72/230]	 loss=63.78789	 acc=97.398
[2024-09-03 19:06:13,547][train_vgg.py][line:333][INFO] Epoch:[72/230]	 Test acc=71.673
[2024-09-03 19:06:13,547][train_vgg.py][line:342][INFO] Best Test acc=79.536
[2024-09-03 19:07:46,903][train_vgg.py][line:325][INFO] Epoch:[73/230]	 loss=59.71738	 acc=97.965
[2024-09-03 19:07:54,552][train_vgg.py][line:333][INFO] Epoch:[73/230]	 Test acc=77.823
[2024-09-03 19:07:54,552][train_vgg.py][line:342][INFO] Best Test acc=79.536
[2024-09-03 19:09:27,011][train_vgg.py][line:325][INFO] Epoch:[74/230]	 loss=58.13729	 acc=97.820
[2024-09-03 19:09:34,659][train_vgg.py][line:333][INFO] Epoch:[74/230]	 Test acc=76.613
[2024-09-03 19:09:34,659][train_vgg.py][line:342][INFO] Best Test acc=79.536
[2024-09-03 19:11:08,388][train_vgg.py][line:325][INFO] Epoch:[75/230]	 loss=61.07946	 acc=97.831
[2024-09-03 19:11:15,768][train_vgg.py][line:333][INFO] Epoch:[75/230]	 Test acc=75.202
[2024-09-03 19:11:15,768][train_vgg.py][line:342][INFO] Best Test acc=79.536
[2024-09-03 19:12:49,595][train_vgg.py][line:325][INFO] Epoch:[76/230]	 loss=67.73988	 acc=96.986
[2024-09-03 19:12:56,418][train_vgg.py][line:333][INFO] Epoch:[76/230]	 Test acc=76.109
[2024-09-03 19:12:56,418][train_vgg.py][line:342][INFO] Best Test acc=79.536
[2024-09-03 19:14:30,618][train_vgg.py][line:325][INFO] Epoch:[77/230]	 loss=63.15210	 acc=97.687
[2024-09-03 19:14:38,219][train_vgg.py][line:333][INFO] Epoch:[77/230]	 Test acc=77.218
[2024-09-03 19:14:38,219][train_vgg.py][line:342][INFO] Best Test acc=79.536
[2024-09-03 19:16:09,847][train_vgg.py][line:325][INFO] Epoch:[78/230]	 loss=66.73810	 acc=97.042
[2024-09-03 19:16:17,088][train_vgg.py][line:333][INFO] Epoch:[78/230]	 Test acc=75.101
[2024-09-03 19:16:17,088][train_vgg.py][line:342][INFO] Best Test acc=79.536
[2024-09-03 19:17:50,762][train_vgg.py][line:325][INFO] Epoch:[79/230]	 loss=57.04466	 acc=97.843
[2024-09-03 19:17:57,990][train_vgg.py][line:333][INFO] Epoch:[79/230]	 Test acc=77.319
[2024-09-03 19:17:57,990][train_vgg.py][line:342][INFO] Best Test acc=79.536
[2024-09-03 19:19:30,489][train_vgg.py][line:325][INFO] Epoch:[80/230]	 loss=61.25390	 acc=97.787
[2024-09-03 19:19:37,730][train_vgg.py][line:333][INFO] Epoch:[80/230]	 Test acc=79.738
[2024-09-03 19:19:37,730][train_vgg.py][line:342][INFO] Best Test acc=79.738
[2024-09-03 19:21:10,310][train_vgg.py][line:325][INFO] Epoch:[81/230]	 loss=61.97191	 acc=97.576
[2024-09-03 19:21:17,744][train_vgg.py][line:333][INFO] Epoch:[81/230]	 Test acc=77.117
[2024-09-03 19:21:17,744][train_vgg.py][line:342][INFO] Best Test acc=79.738
[2024-09-03 19:22:50,172][train_vgg.py][line:325][INFO] Epoch:[82/230]	 loss=53.99976	 acc=98.210
[2024-09-03 19:22:57,492][train_vgg.py][line:333][INFO] Epoch:[82/230]	 Test acc=76.310
[2024-09-03 19:22:57,492][train_vgg.py][line:342][INFO] Best Test acc=79.738
[2024-09-03 19:24:30,441][train_vgg.py][line:325][INFO] Epoch:[83/230]	 loss=53.42791	 acc=98.254
[2024-09-03 19:24:38,031][train_vgg.py][line:333][INFO] Epoch:[83/230]	 Test acc=77.621
[2024-09-03 19:24:38,031][train_vgg.py][line:342][INFO] Best Test acc=79.738
[2024-09-03 19:26:11,123][train_vgg.py][line:325][INFO] Epoch:[84/230]	 loss=54.08876	 acc=98.076
[2024-09-03 19:26:17,749][train_vgg.py][line:333][INFO] Epoch:[84/230]	 Test acc=79.536
[2024-09-03 19:26:17,750][train_vgg.py][line:342][INFO] Best Test acc=79.738
[2024-09-03 19:27:43,207][train_vgg.py][line:325][INFO] Epoch:[85/230]	 loss=58.65799	 acc=97.843
[2024-09-03 19:27:50,758][train_vgg.py][line:333][INFO] Epoch:[85/230]	 Test acc=72.480
[2024-09-03 19:27:50,758][train_vgg.py][line:342][INFO] Best Test acc=79.738
[2024-09-03 19:29:24,747][train_vgg.py][line:325][INFO] Epoch:[86/230]	 loss=74.45774	 acc=96.686
[2024-09-03 19:29:32,344][train_vgg.py][line:333][INFO] Epoch:[86/230]	 Test acc=77.823
[2024-09-03 19:29:32,345][train_vgg.py][line:342][INFO] Best Test acc=79.738
[2024-09-03 19:31:06,048][train_vgg.py][line:325][INFO] Epoch:[87/230]	 loss=53.08052	 acc=98.465
[2024-09-03 19:31:13,008][train_vgg.py][line:333][INFO] Epoch:[87/230]	 Test acc=78.528
[2024-09-03 19:31:13,008][train_vgg.py][line:342][INFO] Best Test acc=79.738
[2024-09-03 19:32:44,920][train_vgg.py][line:325][INFO] Epoch:[88/230]	 loss=49.27056	 acc=98.310
[2024-09-03 19:32:52,132][train_vgg.py][line:333][INFO] Epoch:[88/230]	 Test acc=77.319
[2024-09-03 19:32:52,132][train_vgg.py][line:342][INFO] Best Test acc=79.738
[2024-09-03 19:34:24,309][train_vgg.py][line:325][INFO] Epoch:[89/230]	 loss=49.53450	 acc=98.643
[2024-09-03 19:34:30,748][train_vgg.py][line:333][INFO] Epoch:[89/230]	 Test acc=74.798
[2024-09-03 19:34:30,749][train_vgg.py][line:342][INFO] Best Test acc=79.738
[2024-09-03 19:36:05,551][train_vgg.py][line:325][INFO] Epoch:[90/230]	 loss=56.83283	 acc=97.998
[2024-09-03 19:36:13,240][train_vgg.py][line:333][INFO] Epoch:[90/230]	 Test acc=77.319
[2024-09-03 19:36:13,240][train_vgg.py][line:342][INFO] Best Test acc=79.738
[2024-09-03 19:37:47,334][train_vgg.py][line:325][INFO] Epoch:[91/230]	 loss=53.74762	 acc=98.243
[2024-09-03 19:37:55,118][train_vgg.py][line:333][INFO] Epoch:[91/230]	 Test acc=80.242
[2024-09-03 19:37:55,118][train_vgg.py][line:342][INFO] Best Test acc=80.242
[2024-09-03 19:39:29,495][train_vgg.py][line:325][INFO] Epoch:[92/230]	 loss=51.70421	 acc=98.510
[2024-09-03 19:39:36,520][train_vgg.py][line:333][INFO] Epoch:[92/230]	 Test acc=76.210
[2024-09-03 19:39:36,520][train_vgg.py][line:342][INFO] Best Test acc=80.242
[2024-09-03 19:41:09,160][train_vgg.py][line:325][INFO] Epoch:[93/230]	 loss=47.29503	 acc=98.599
[2024-09-03 19:41:16,608][train_vgg.py][line:333][INFO] Epoch:[93/230]	 Test acc=76.008
[2024-09-03 19:41:16,608][train_vgg.py][line:342][INFO] Best Test acc=80.242
[2024-09-03 19:42:51,492][train_vgg.py][line:325][INFO] Epoch:[94/230]	 loss=50.04796	 acc=98.465
[2024-09-03 19:42:58,520][train_vgg.py][line:333][INFO] Epoch:[94/230]	 Test acc=78.528
[2024-09-03 19:42:58,521][train_vgg.py][line:342][INFO] Best Test acc=80.242
[2024-09-03 19:44:31,590][train_vgg.py][line:325][INFO] Epoch:[95/230]	 loss=49.15213	 acc=98.654
[2024-09-03 19:44:39,523][train_vgg.py][line:333][INFO] Epoch:[95/230]	 Test acc=75.101
[2024-09-03 19:44:39,523][train_vgg.py][line:342][INFO] Best Test acc=80.242
[2024-09-03 19:46:40,776][train_vgg.py][line:325][INFO] Epoch:[96/230]	 loss=51.08885	 acc=98.543
[2024-09-03 19:46:51,437][train_vgg.py][line:333][INFO] Epoch:[96/230]	 Test acc=76.512
[2024-09-03 19:46:51,438][train_vgg.py][line:342][INFO] Best Test acc=80.242
[2024-09-03 19:49:02,731][train_vgg.py][line:325][INFO] Epoch:[97/230]	 loss=45.13479	 acc=98.665
[2024-09-03 19:49:13,464][train_vgg.py][line:333][INFO] Epoch:[97/230]	 Test acc=77.823
[2024-09-03 19:49:13,464][train_vgg.py][line:342][INFO] Best Test acc=80.242
[2024-09-03 19:51:26,468][train_vgg.py][line:325][INFO] Epoch:[98/230]	 loss=49.61113	 acc=98.599
[2024-09-03 19:51:35,098][train_vgg.py][line:333][INFO] Epoch:[98/230]	 Test acc=76.915
[2024-09-03 19:51:35,099][train_vgg.py][line:342][INFO] Best Test acc=80.242
[2024-09-03 19:53:12,747][train_vgg.py][line:325][INFO] Epoch:[99/230]	 loss=42.93037	 acc=98.821
[2024-09-03 19:53:20,159][train_vgg.py][line:333][INFO] Epoch:[99/230]	 Test acc=79.133
[2024-09-03 19:53:20,159][train_vgg.py][line:342][INFO] Best Test acc=80.242
[2024-09-03 19:54:57,532][train_vgg.py][line:325][INFO] Epoch:[100/230]	 loss=35.41259	 acc=99.244
[2024-09-03 19:55:04,772][train_vgg.py][line:333][INFO] Epoch:[100/230]	 Test acc=77.923
[2024-09-03 19:55:04,773][train_vgg.py][line:342][INFO] Best Test acc=80.242
[2024-09-03 19:56:43,217][train_vgg.py][line:325][INFO] Epoch:[101/230]	 loss=39.19074	 acc=99.266
[2024-09-03 19:56:50,720][train_vgg.py][line:333][INFO] Epoch:[101/230]	 Test acc=75.504
[2024-09-03 19:56:50,720][train_vgg.py][line:342][INFO] Best Test acc=80.242
[2024-09-03 19:58:28,626][train_vgg.py][line:325][INFO] Epoch:[102/230]	 loss=38.98437	 acc=99.222
[2024-09-03 19:58:36,236][train_vgg.py][line:333][INFO] Epoch:[102/230]	 Test acc=78.226
[2024-09-03 19:58:36,236][train_vgg.py][line:342][INFO] Best Test acc=80.242
[2024-09-03 20:00:13,123][train_vgg.py][line:325][INFO] Epoch:[103/230]	 loss=43.53559	 acc=98.832
[2024-09-03 20:00:20,038][train_vgg.py][line:333][INFO] Epoch:[103/230]	 Test acc=75.504
[2024-09-03 20:00:20,038][train_vgg.py][line:342][INFO] Best Test acc=80.242
[2024-09-03 20:01:52,642][train_vgg.py][line:325][INFO] Epoch:[104/230]	 loss=44.19371	 acc=98.810
[2024-09-03 20:01:59,613][train_vgg.py][line:333][INFO] Epoch:[104/230]	 Test acc=79.637
[2024-09-03 20:01:59,613][train_vgg.py][line:342][INFO] Best Test acc=80.242
[2024-09-03 20:03:36,646][train_vgg.py][line:325][INFO] Epoch:[105/230]	 loss=43.94664	 acc=98.944
[2024-09-03 20:03:44,166][train_vgg.py][line:333][INFO] Epoch:[105/230]	 Test acc=74.698
[2024-09-03 20:03:44,166][train_vgg.py][line:342][INFO] Best Test acc=80.242
[2024-09-03 20:24:01,189][train_vgg.py][line:325][INFO] Epoch:[106/230]	 loss=52.55134	 acc=98.421
[2024-09-03 20:24:12,986][train_vgg.py][line:333][INFO] Epoch:[106/230]	 Test acc=70.060
[2024-09-03 20:24:12,986][train_vgg.py][line:342][INFO] Best Test acc=80.242
[2024-09-03 20:26:20,295][train_vgg.py][line:325][INFO] Epoch:[107/230]	 loss=54.25709	 acc=98.321
[2024-09-03 20:26:31,752][train_vgg.py][line:333][INFO] Epoch:[107/230]	 Test acc=74.798
[2024-09-03 20:26:31,752][train_vgg.py][line:342][INFO] Best Test acc=80.242

[2024-09-03 21:52:33,913][train_vgg.py][line:325][INFO] Epoch:[108/230]	 loss=30.45599	 acc=99.666
[2024-09-03 21:52:41,479][train_vgg.py][line:333][INFO] Epoch:[108/230]	 Test acc=81.452
[2024-09-03 21:52:41,479][train_vgg.py][line:342][INFO] Best Test acc=81.452
[2024-09-03 21:54:13,794][train_vgg.py][line:325][INFO] Epoch:[109/230]	 loss=17.03352	 acc=99.956
[2024-09-03 21:54:22,076][train_vgg.py][line:333][INFO] Epoch:[109/230]	 Test acc=80.242
[2024-09-03 21:54:22,076][train_vgg.py][line:342][INFO] Best Test acc=81.452
[2024-09-03 21:55:54,962][train_vgg.py][line:325][INFO] Epoch:[110/230]	 loss=42.19362	 acc=98.888
[2024-09-03 21:56:03,375][train_vgg.py][line:333][INFO] Epoch:[110/230]	 Test acc=75.202
[2024-09-03 21:56:03,375][train_vgg.py][line:342][INFO] Best Test acc=81.452
[2024-09-03 21:57:36,136][train_vgg.py][line:325][INFO] Epoch:[111/230]	 loss=37.72957	 acc=99.199
[2024-09-03 21:57:43,985][train_vgg.py][line:333][INFO] Epoch:[111/230]	 Test acc=77.722
[2024-09-03 21:57:43,986][train_vgg.py][line:342][INFO] Best Test acc=81.452
[2024-09-03 21:59:17,121][train_vgg.py][line:325][INFO] Epoch:[112/230]	 loss=39.12558	 acc=99.066
[2024-09-03 21:59:24,677][train_vgg.py][line:333][INFO] Epoch:[112/230]	 Test acc=76.915
[2024-09-03 21:59:24,678][train_vgg.py][line:342][INFO] Best Test acc=81.452
[2024-09-03 22:00:57,782][train_vgg.py][line:325][INFO] Epoch:[113/230]	 loss=40.97042	 acc=98.944
[2024-09-03 22:01:04,999][train_vgg.py][line:333][INFO] Epoch:[113/230]	 Test acc=76.915
[2024-09-03 22:01:04,999][train_vgg.py][line:342][INFO] Best Test acc=81.452
[2024-09-03 22:02:34,548][train_vgg.py][line:325][INFO] Epoch:[114/230]	 loss=34.58845	 acc=99.444
[2024-09-03 22:02:41,530][train_vgg.py][line:333][INFO] Epoch:[114/230]	 Test acc=76.512
[2024-09-03 22:02:41,530][train_vgg.py][line:342][INFO] Best Test acc=81.452
[2024-09-03 22:04:14,230][train_vgg.py][line:325][INFO] Epoch:[115/230]	 loss=79.91167	 acc=96.085
[2024-09-03 22:04:22,820][train_vgg.py][line:333][INFO] Epoch:[115/230]	 Test acc=76.512
[2024-09-03 22:04:22,820][train_vgg.py][line:342][INFO] Best Test acc=81.452
[2024-09-03 22:05:55,336][train_vgg.py][line:325][INFO] Epoch:[116/230]	 loss=61.18425	 acc=97.954
[2024-09-03 22:06:02,595][train_vgg.py][line:333][INFO] Epoch:[116/230]	 Test acc=78.730
[2024-09-03 22:06:02,595][train_vgg.py][line:342][INFO] Best Test acc=81.452
[2024-09-03 22:07:32,608][train_vgg.py][line:325][INFO] Epoch:[117/230]	 loss=40.81241	 acc=98.888
[2024-09-03 22:07:39,932][train_vgg.py][line:333][INFO] Epoch:[117/230]	 Test acc=78.629
[2024-09-03 22:07:39,932][train_vgg.py][line:342][INFO] Best Test acc=81.452
[2024-09-03 22:09:10,482][train_vgg.py][line:325][INFO] Epoch:[118/230]	 loss=33.59813	 acc=99.366
[2024-09-03 22:09:17,672][train_vgg.py][line:333][INFO] Epoch:[118/230]	 Test acc=80.343
[2024-09-03 22:09:17,673][train_vgg.py][line:342][INFO] Best Test acc=81.452
[2024-09-03 22:10:50,460][train_vgg.py][line:325][INFO] Epoch:[119/230]	 loss=28.96514	 acc=99.522
[2024-09-03 22:10:57,946][train_vgg.py][line:333][INFO] Epoch:[119/230]	 Test acc=79.839
[2024-09-03 22:10:57,946][train_vgg.py][line:342][INFO] Best Test acc=81.452
[2024-09-03 22:12:29,625][train_vgg.py][line:325][INFO] Epoch:[120/230]	 loss=25.59347	 acc=99.755
[2024-09-03 22:12:37,294][train_vgg.py][line:333][INFO] Epoch:[120/230]	 Test acc=79.738
[2024-09-03 22:12:37,294][train_vgg.py][line:342][INFO] Best Test acc=81.452
[2024-09-03 22:14:08,602][train_vgg.py][line:325][INFO] Epoch:[121/230]	 loss=41.20303	 acc=99.188
[2024-09-03 22:14:16,422][train_vgg.py][line:333][INFO] Epoch:[121/230]	 Test acc=77.621
[2024-09-03 22:14:16,422][train_vgg.py][line:342][INFO] Best Test acc=81.452
[2024-09-03 22:15:48,788][train_vgg.py][line:325][INFO] Epoch:[122/230]	 loss=25.86466	 acc=99.633
[2024-09-03 22:15:56,240][train_vgg.py][line:333][INFO] Epoch:[122/230]	 Test acc=79.940
[2024-09-03 22:15:56,240][train_vgg.py][line:342][INFO] Best Test acc=81.452
[2024-09-03 22:17:28,242][train_vgg.py][line:325][INFO] Epoch:[123/230]	 loss=30.11307	 acc=99.566
[2024-09-03 22:17:35,337][train_vgg.py][line:333][INFO] Epoch:[123/230]	 Test acc=76.210
[2024-09-03 22:17:35,337][train_vgg.py][line:342][INFO] Best Test acc=81.452
[2024-09-03 22:19:07,799][train_vgg.py][line:325][INFO] Epoch:[124/230]	 loss=33.64724	 acc=99.210
[2024-09-03 22:19:15,435][train_vgg.py][line:333][INFO] Epoch:[124/230]	 Test acc=79.133
[2024-09-03 22:19:15,436][train_vgg.py][line:342][INFO] Best Test acc=81.452
[2024-09-03 22:20:46,718][train_vgg.py][line:325][INFO] Epoch:[125/230]	 loss=49.17015	 acc=98.565
[2024-09-03 22:20:54,059][train_vgg.py][line:333][INFO] Epoch:[125/230]	 Test acc=80.242
[2024-09-03 22:20:54,059][train_vgg.py][line:342][INFO] Best Test acc=81.452
[2024-09-03 22:22:26,750][train_vgg.py][line:325][INFO] Epoch:[126/230]	 loss=30.05640	 acc=99.666
[2024-09-03 22:22:33,957][train_vgg.py][line:333][INFO] Epoch:[126/230]	 Test acc=78.024
[2024-09-03 22:22:33,957][train_vgg.py][line:342][INFO] Best Test acc=81.452
[2024-09-03 22:24:05,733][train_vgg.py][line:325][INFO] Epoch:[127/230]	 loss=27.51695	 acc=99.577
[2024-09-03 22:24:14,205][train_vgg.py][line:333][INFO] Epoch:[127/230]	 Test acc=77.722
[2024-09-03 22:24:14,205][train_vgg.py][line:342][INFO] Best Test acc=81.452
[2024-09-03 22:25:46,219][train_vgg.py][line:325][INFO] Epoch:[128/230]	 loss=26.39758	 acc=99.766
[2024-09-03 22:25:54,345][train_vgg.py][line:333][INFO] Epoch:[128/230]	 Test acc=81.653
[2024-09-03 22:25:54,345][train_vgg.py][line:342][INFO] Best Test acc=81.653
[2024-09-03 22:27:26,347][train_vgg.py][line:325][INFO] Epoch:[129/230]	 loss=20.73778	 acc=99.911
[2024-09-03 22:27:33,997][train_vgg.py][line:333][INFO] Epoch:[129/230]	 Test acc=78.730
[2024-09-03 22:27:33,998][train_vgg.py][line:342][INFO] Best Test acc=81.653
[2024-09-03 22:29:07,877][train_vgg.py][line:325][INFO] Epoch:[130/230]	 loss=18.49468	 acc=99.889
[2024-09-03 22:29:15,277][train_vgg.py][line:333][INFO] Epoch:[130/230]	 Test acc=80.645
[2024-09-03 22:29:15,277][train_vgg.py][line:342][INFO] Best Test acc=81.653
[2024-09-03 22:30:48,047][train_vgg.py][line:325][INFO] Epoch:[131/230]	 loss=18.97214	 acc=99.933
[2024-09-03 22:30:56,327][train_vgg.py][line:333][INFO] Epoch:[131/230]	 Test acc=80.847
[2024-09-03 22:30:56,327][train_vgg.py][line:342][INFO] Best Test acc=81.653
[2024-09-03 22:32:30,362][train_vgg.py][line:325][INFO] Epoch:[132/230]	 loss=19.28682	 acc=99.855
[2024-09-03 22:32:37,537][train_vgg.py][line:333][INFO] Epoch:[132/230]	 Test acc=78.427
[2024-09-03 22:32:37,537][train_vgg.py][line:342][INFO] Best Test acc=81.653
[2024-09-03 22:34:11,089][train_vgg.py][line:325][INFO] Epoch:[133/230]	 loss=23.71667	 acc=99.844
[2024-09-03 22:34:18,103][train_vgg.py][line:333][INFO] Epoch:[133/230]	 Test acc=79.637
[2024-09-03 22:34:18,103][train_vgg.py][line:342][INFO] Best Test acc=81.653
[2024-09-03 22:35:50,792][train_vgg.py][line:325][INFO] Epoch:[134/230]	 loss=24.56381	 acc=99.755
[2024-09-03 22:35:58,094][train_vgg.py][line:333][INFO] Epoch:[134/230]	 Test acc=79.536
[2024-09-03 22:35:58,094][train_vgg.py][line:342][INFO] Best Test acc=81.653
[2024-09-03 22:37:54,712][train_vgg.py][line:325][INFO] Epoch:[135/230]	 loss=23.64497	 acc=99.778
[2024-09-03 22:38:07,634][train_vgg.py][line:333][INFO] Epoch:[135/230]	 Test acc=78.629
[2024-09-03 22:38:07,635][train_vgg.py][line:342][INFO] Best Test acc=81.653
[2024-09-03 22:40:19,814][train_vgg.py][line:325][INFO] Epoch:[136/230]	 loss=27.84925	 acc=99.644
[2024-09-03 22:40:32,626][train_vgg.py][line:333][INFO] Epoch:[136/230]	 Test acc=80.242
[2024-09-03 22:40:32,626][train_vgg.py][line:342][INFO] Best Test acc=81.653
[2024-09-03 22:42:40,204][train_vgg.py][line:325][INFO] Epoch:[137/230]	 loss=22.06548	 acc=99.867
[2024-09-03 22:42:50,868][train_vgg.py][line:333][INFO] Epoch:[137/230]	 Test acc=79.435
[2024-09-03 22:42:50,868][train_vgg.py][line:342][INFO] Best Test acc=81.653
[2024-09-03 22:44:59,212][train_vgg.py][line:325][INFO] Epoch:[138/230]	 loss=17.22772	 acc=99.956
[2024-09-03 22:45:09,775][train_vgg.py][line:333][INFO] Epoch:[138/230]	 Test acc=79.133
[2024-09-03 22:45:09,775][train_vgg.py][line:342][INFO] Best Test acc=81.653
[2024-09-03 22:47:17,577][train_vgg.py][line:325][INFO] Epoch:[139/230]	 loss=19.64480	 acc=99.900
[2024-09-03 22:47:27,999][train_vgg.py][line:333][INFO] Epoch:[139/230]	 Test acc=79.335
[2024-09-03 22:47:27,999][train_vgg.py][line:342][INFO] Best Test acc=81.653
[2024-09-03 22:49:36,703][train_vgg.py][line:325][INFO] Epoch:[140/230]	 loss=21.57868	 acc=99.889
[2024-09-03 22:49:48,056][train_vgg.py][line:333][INFO] Epoch:[140/230]	 Test acc=81.855
[2024-09-03 22:49:48,057][train_vgg.py][line:342][INFO] Best Test acc=81.855
[2024-09-03 22:52:00,307][train_vgg.py][line:325][INFO] Epoch:[141/230]	 loss=22.82681	 acc=99.867
[2024-09-03 22:52:12,234][train_vgg.py][line:333][INFO] Epoch:[141/230]	 Test acc=79.032
[2024-09-03 22:52:12,234][train_vgg.py][line:342][INFO] Best Test acc=81.855
[2024-09-03 22:54:20,718][train_vgg.py][line:325][INFO] Epoch:[142/230]	 loss=23.18553	 acc=99.789
[2024-09-03 22:54:31,820][train_vgg.py][line:333][INFO] Epoch:[142/230]	 Test acc=79.234
[2024-09-03 22:54:31,820][train_vgg.py][line:342][INFO] Best Test acc=81.855
[2024-09-03 22:56:41,929][train_vgg.py][line:325][INFO] Epoch:[143/230]	 loss=21.00201	 acc=99.878
[2024-09-03 22:56:53,804][train_vgg.py][line:333][INFO] Epoch:[143/230]	 Test acc=80.242
[2024-09-03 22:56:53,804][train_vgg.py][line:342][INFO] Best Test acc=81.855
[2024-09-03 22:59:05,805][train_vgg.py][line:325][INFO] Epoch:[144/230]	 loss=21.29885	 acc=99.900
[2024-09-03 22:59:17,967][train_vgg.py][line:333][INFO] Epoch:[144/230]	 Test acc=79.335
[2024-09-03 22:59:17,968][train_vgg.py][line:342][INFO] Best Test acc=81.855
[2024-09-03 23:01:28,190][train_vgg.py][line:325][INFO] Epoch:[145/230]	 loss=53.00744	 acc=98.632
[2024-09-03 23:01:41,435][train_vgg.py][line:333][INFO] Epoch:[145/230]	 Test acc=78.528
[2024-09-03 23:01:41,435][train_vgg.py][line:342][INFO] Best Test acc=81.855
[2024-09-03 23:03:53,030][train_vgg.py][line:325][INFO] Epoch:[146/230]	 loss=32.18495	 acc=99.555
[2024-09-03 23:04:04,339][train_vgg.py][line:333][INFO] Epoch:[146/230]	 Test acc=55.343
[2024-09-03 23:04:04,340][train_vgg.py][line:342][INFO] Best Test acc=81.855
[2024-09-03 23:06:14,298][train_vgg.py][line:325][INFO] Epoch:[147/230]	 loss=56.51044	 acc=98.198
[2024-09-03 23:06:26,522][train_vgg.py][line:333][INFO] Epoch:[147/230]	 Test acc=81.149
[2024-09-03 23:06:26,522][train_vgg.py][line:342][INFO] Best Test acc=81.855
[2024-09-03 23:08:39,869][train_vgg.py][line:325][INFO] Epoch:[148/230]	 loss=22.15542	 acc=99.833
[2024-09-03 23:08:50,529][train_vgg.py][line:333][INFO] Epoch:[148/230]	 Test acc=80.948
[2024-09-03 23:08:50,529][train_vgg.py][line:342][INFO] Best Test acc=81.855
[2024-09-03 23:11:00,170][train_vgg.py][line:325][INFO] Epoch:[149/230]	 loss=17.41437	 acc=99.889
[2024-09-03 23:11:11,647][train_vgg.py][line:333][INFO] Epoch:[149/230]	 Test acc=81.250
[2024-09-03 23:11:11,647][train_vgg.py][line:342][INFO] Best Test acc=81.855
[2024-09-03 23:13:24,121][train_vgg.py][line:325][INFO] Epoch:[150/230]	 loss=15.25373	 acc=99.956
[2024-09-03 23:13:36,109][train_vgg.py][line:333][INFO] Epoch:[150/230]	 Test acc=81.048
[2024-09-03 23:13:36,110][train_vgg.py][line:342][INFO] Best Test acc=81.855
[2024-09-03 23:15:47,634][train_vgg.py][line:325][INFO] Epoch:[151/230]	 loss=13.49057	 acc=99.978
[2024-09-03 23:16:00,309][train_vgg.py][line:333][INFO] Epoch:[151/230]	 Test acc=80.444
[2024-09-03 23:16:00,309][train_vgg.py][line:342][INFO] Best Test acc=81.855
[2024-09-03 23:18:10,522][train_vgg.py][line:325][INFO] Epoch:[152/230]	 loss=12.33403	 acc=99.989
[2024-09-03 23:18:22,960][train_vgg.py][line:333][INFO] Epoch:[152/230]	 Test acc=81.351
[2024-09-03 23:18:22,960][train_vgg.py][line:342][INFO] Best Test acc=81.855
[2024-09-03 23:20:35,705][train_vgg.py][line:325][INFO] Epoch:[153/230]	 loss=12.84240	 acc=99.956
[2024-09-03 23:20:48,530][train_vgg.py][line:333][INFO] Epoch:[153/230]	 Test acc=80.746
[2024-09-03 23:20:48,530][train_vgg.py][line:342][INFO] Best Test acc=81.855
[2024-09-03 23:22:59,136][train_vgg.py][line:325][INFO] Epoch:[154/230]	 loss=13.00574	 acc=99.967
[2024-09-03 23:23:09,790][train_vgg.py][line:333][INFO] Epoch:[154/230]	 Test acc=80.544
[2024-09-03 23:23:09,791][train_vgg.py][line:342][INFO] Best Test acc=81.855
[2024-09-03 23:25:20,949][train_vgg.py][line:325][INFO] Epoch:[155/230]	 loss=11.13315	 acc=100.000
[2024-09-03 23:25:31,288][train_vgg.py][line:333][INFO] Epoch:[155/230]	 Test acc=82.258
[2024-09-03 23:25:31,289][train_vgg.py][line:342][INFO] Best Test acc=82.258
[2024-09-03 23:27:45,531][train_vgg.py][line:325][INFO] Epoch:[156/230]	 loss=10.47610	 acc=99.978
[2024-09-03 23:27:58,380][train_vgg.py][line:333][INFO] Epoch:[156/230]	 Test acc=81.552
[2024-09-03 23:27:58,380][train_vgg.py][line:342][INFO] Best Test acc=82.258
[2024-09-03 23:30:07,613][train_vgg.py][line:325][INFO] Epoch:[157/230]	 loss=10.58083	 acc=100.000
[2024-09-03 23:30:18,354][train_vgg.py][line:333][INFO] Epoch:[157/230]	 Test acc=80.948
[2024-09-03 23:30:18,355][train_vgg.py][line:342][INFO] Best Test acc=82.258
[2024-09-03 23:32:28,368][train_vgg.py][line:325][INFO] Epoch:[158/230]	 loss=9.57134	 acc=100.000
[2024-09-03 23:32:40,177][train_vgg.py][line:333][INFO] Epoch:[158/230]	 Test acc=81.653
[2024-09-03 23:32:40,177][train_vgg.py][line:342][INFO] Best Test acc=82.258
[2024-09-03 23:34:50,741][train_vgg.py][line:325][INFO] Epoch:[159/230]	 loss=11.82861	 acc=99.989
[2024-09-03 23:35:00,389][train_vgg.py][line:333][INFO] Epoch:[159/230]	 Test acc=81.048
[2024-09-03 23:35:00,390][train_vgg.py][line:342][INFO] Best Test acc=82.258
[2024-09-03 23:37:01,729][train_vgg.py][line:325][INFO] Epoch:[160/230]	 loss=15.05504	 acc=99.967
[2024-09-03 23:37:11,862][train_vgg.py][line:333][INFO] Epoch:[160/230]	 Test acc=81.149
[2024-09-03 23:37:11,862][train_vgg.py][line:342][INFO] Best Test acc=82.258
[2024-09-03 23:39:21,127][train_vgg.py][line:325][INFO] Epoch:[161/230]	 loss=11.11523	 acc=99.989
[2024-09-03 23:39:33,036][train_vgg.py][line:333][INFO] Epoch:[161/230]	 Test acc=80.746
[2024-09-03 23:39:33,037][train_vgg.py][line:342][INFO] Best Test acc=82.258
[2024-09-03 23:41:42,849][train_vgg.py][line:325][INFO] Epoch:[162/230]	 loss=10.73661	 acc=100.000
[2024-09-03 23:41:52,850][train_vgg.py][line:333][INFO] Epoch:[162/230]	 Test acc=79.839
[2024-09-03 23:41:52,851][train_vgg.py][line:342][INFO] Best Test acc=82.258
[2024-09-03 23:44:01,624][train_vgg.py][line:325][INFO] Epoch:[163/230]	 loss=9.68046	 acc=100.000
[2024-09-03 23:44:12,995][train_vgg.py][line:333][INFO] Epoch:[163/230]	 Test acc=81.250
[2024-09-03 23:44:12,995][train_vgg.py][line:342][INFO] Best Test acc=82.258
[2024-09-03 23:46:22,426][train_vgg.py][line:325][INFO] Epoch:[164/230]	 loss=10.20634	 acc=100.000
[2024-09-03 23:46:32,956][train_vgg.py][line:333][INFO] Epoch:[164/230]	 Test acc=80.746
[2024-09-03 23:46:32,956][train_vgg.py][line:342][INFO] Best Test acc=82.258
[2024-09-03 23:48:43,398][train_vgg.py][line:325][INFO] Epoch:[165/230]	 loss=9.30793	 acc=100.000
[2024-09-03 23:48:55,011][train_vgg.py][line:333][INFO] Epoch:[165/230]	 Test acc=82.056
[2024-09-03 23:48:55,012][train_vgg.py][line:342][INFO] Best Test acc=82.258
[2024-09-03 23:51:04,969][train_vgg.py][line:325][INFO] Epoch:[166/230]	 loss=9.06644	 acc=100.000
[2024-09-03 23:51:15,608][train_vgg.py][line:333][INFO] Epoch:[166/230]	 Test acc=81.250
[2024-09-03 23:51:15,609][train_vgg.py][line:342][INFO] Best Test acc=82.258
[2024-09-03 23:53:25,086][train_vgg.py][line:325][INFO] Epoch:[167/230]	 loss=9.08579	 acc=100.000
[2024-09-03 23:53:35,923][train_vgg.py][line:333][INFO] Epoch:[167/230]	 Test acc=81.653
[2024-09-03 23:53:35,923][train_vgg.py][line:342][INFO] Best Test acc=82.258
[2024-09-03 23:55:44,298][train_vgg.py][line:325][INFO] Epoch:[168/230]	 loss=8.79181	 acc=99.989
[2024-09-03 23:55:54,758][train_vgg.py][line:333][INFO] Epoch:[168/230]	 Test acc=81.754
[2024-09-03 23:55:54,758][train_vgg.py][line:342][INFO] Best Test acc=82.258
[2024-09-03 23:58:02,717][train_vgg.py][line:325][INFO] Epoch:[169/230]	 loss=8.80677	 acc=100.000
[2024-09-03 23:58:13,478][train_vgg.py][line:333][INFO] Epoch:[169/230]	 Test acc=81.956
[2024-09-03 23:58:13,478][train_vgg.py][line:342][INFO] Best Test acc=82.258
[2024-09-04 00:00:19,605][train_vgg.py][line:325][INFO] Epoch:[170/230]	 loss=9.17559	 acc=100.000
[2024-09-04 00:00:30,209][train_vgg.py][line:333][INFO] Epoch:[170/230]	 Test acc=81.754
[2024-09-04 00:00:30,209][train_vgg.py][line:342][INFO] Best Test acc=82.258
[2024-09-04 00:02:42,526][train_vgg.py][line:325][INFO] Epoch:[171/230]	 loss=12.79263	 acc=99.978
[2024-09-04 00:02:54,429][train_vgg.py][line:333][INFO] Epoch:[171/230]	 Test acc=80.847
[2024-09-04 00:02:54,429][train_vgg.py][line:342][INFO] Best Test acc=82.258
[2024-09-04 00:05:04,509][train_vgg.py][line:325][INFO] Epoch:[172/230]	 loss=11.06181	 acc=100.000
[2024-09-04 00:05:15,115][train_vgg.py][line:333][INFO] Epoch:[172/230]	 Test acc=81.754
[2024-09-04 00:05:15,115][train_vgg.py][line:342][INFO] Best Test acc=82.258
[2024-09-04 00:07:25,207][train_vgg.py][line:325][INFO] Epoch:[173/230]	 loss=10.28154	 acc=100.000
[2024-09-04 00:07:36,836][train_vgg.py][line:333][INFO] Epoch:[173/230]	 Test acc=81.653
[2024-09-04 00:07:36,837][train_vgg.py][line:342][INFO] Best Test acc=82.258
[2024-09-04 00:09:46,727][train_vgg.py][line:325][INFO] Epoch:[174/230]	 loss=9.01214	 acc=100.000
[2024-09-04 00:09:57,795][train_vgg.py][line:333][INFO] Epoch:[174/230]	 Test acc=81.149
[2024-09-04 00:09:57,795][train_vgg.py][line:342][INFO] Best Test acc=82.258
[2024-09-04 00:12:06,312][train_vgg.py][line:325][INFO] Epoch:[175/230]	 loss=8.24986	 acc=100.000
[2024-09-04 00:12:17,474][train_vgg.py][line:333][INFO] Epoch:[175/230]	 Test acc=82.157
[2024-09-04 00:12:17,475][train_vgg.py][line:342][INFO] Best Test acc=82.258
[2024-09-04 00:14:27,581][train_vgg.py][line:325][INFO] Epoch:[176/230]	 loss=7.87606	 acc=100.000
[2024-09-04 00:14:38,947][train_vgg.py][line:333][INFO] Epoch:[176/230]	 Test acc=82.661
[2024-09-04 00:14:38,948][train_vgg.py][line:342][INFO] Best Test acc=82.661
[2024-09-04 00:16:49,510][train_vgg.py][line:325][INFO] Epoch:[177/230]	 loss=7.60737	 acc=100.000
[2024-09-04 00:16:59,934][train_vgg.py][line:333][INFO] Epoch:[177/230]	 Test acc=81.754
[2024-09-04 00:16:59,934][train_vgg.py][line:342][INFO] Best Test acc=82.661
[2024-09-04 00:19:10,624][train_vgg.py][line:325][INFO] Epoch:[178/230]	 loss=7.29550	 acc=100.000
[2024-09-04 00:19:22,374][train_vgg.py][line:333][INFO] Epoch:[178/230]	 Test acc=82.056
[2024-09-04 00:19:22,374][train_vgg.py][line:342][INFO] Best Test acc=82.661
[2024-09-04 00:21:32,358][train_vgg.py][line:325][INFO] Epoch:[179/230]	 loss=7.70216	 acc=100.000
[2024-09-04 00:21:45,983][train_vgg.py][line:333][INFO] Epoch:[179/230]	 Test acc=81.552
[2024-09-04 00:21:45,983][train_vgg.py][line:342][INFO] Best Test acc=82.661
[2024-09-04 00:23:56,539][train_vgg.py][line:325][INFO] Epoch:[180/230]	 loss=7.66162	 acc=100.000
[2024-09-04 00:24:08,153][train_vgg.py][line:333][INFO] Epoch:[180/230]	 Test acc=82.359
[2024-09-04 00:24:08,153][train_vgg.py][line:342][INFO] Best Test acc=82.661
[2024-09-04 00:26:17,046][train_vgg.py][line:325][INFO] Epoch:[181/230]	 loss=7.34828	 acc=100.000
[2024-09-04 00:26:28,618][train_vgg.py][line:333][INFO] Epoch:[181/230]	 Test acc=82.258
[2024-09-04 00:26:28,618][train_vgg.py][line:342][INFO] Best Test acc=82.661
[2024-09-04 00:28:39,937][train_vgg.py][line:325][INFO] Epoch:[182/230]	 loss=7.60809	 acc=100.000
[2024-09-04 00:28:50,316][train_vgg.py][line:333][INFO] Epoch:[182/230]	 Test acc=82.056
[2024-09-04 00:28:50,316][train_vgg.py][line:342][INFO] Best Test acc=82.661
[2024-09-04 00:31:00,293][train_vgg.py][line:325][INFO] Epoch:[183/230]	 loss=7.05352	 acc=100.000
[2024-09-04 00:31:12,924][train_vgg.py][line:333][INFO] Epoch:[183/230]	 Test acc=82.258
[2024-09-04 00:31:12,924][train_vgg.py][line:342][INFO] Best Test acc=82.661
[2024-09-04 00:33:24,977][train_vgg.py][line:325][INFO] Epoch:[184/230]	 loss=7.23222	 acc=100.000
[2024-09-04 00:33:35,161][train_vgg.py][line:333][INFO] Epoch:[184/230]	 Test acc=82.056
[2024-09-04 00:33:35,161][train_vgg.py][line:342][INFO] Best Test acc=82.661
[2024-09-04 00:35:46,821][train_vgg.py][line:325][INFO] Epoch:[185/230]	 loss=6.94929	 acc=100.000
[2024-09-04 00:35:59,085][train_vgg.py][line:333][INFO] Epoch:[185/230]	 Test acc=82.157
[2024-09-04 00:35:59,085][train_vgg.py][line:342][INFO] Best Test acc=82.661
[2024-09-04 00:38:09,147][train_vgg.py][line:325][INFO] Epoch:[186/230]	 loss=6.99593	 acc=100.000
[2024-09-04 00:38:20,581][train_vgg.py][line:333][INFO] Epoch:[186/230]	 Test acc=81.250
[2024-09-04 00:38:20,581][train_vgg.py][line:342][INFO] Best Test acc=82.661
[2024-09-04 00:40:29,921][train_vgg.py][line:325][INFO] Epoch:[187/230]	 loss=6.93608	 acc=100.000
[2024-09-04 00:40:42,461][train_vgg.py][line:333][INFO] Epoch:[187/230]	 Test acc=81.250
[2024-09-04 00:40:42,461][train_vgg.py][line:342][INFO] Best Test acc=82.661
[2024-09-04 00:42:53,582][train_vgg.py][line:325][INFO] Epoch:[188/230]	 loss=6.69040	 acc=100.000
[2024-09-04 00:43:03,924][train_vgg.py][line:333][INFO] Epoch:[188/230]	 Test acc=82.863
[2024-09-04 00:43:03,924][train_vgg.py][line:342][INFO] Best Test acc=82.863
[2024-09-04 00:45:14,157][train_vgg.py][line:325][INFO] Epoch:[189/230]	 loss=6.54649	 acc=100.000
[2024-09-04 00:45:25,750][train_vgg.py][line:333][INFO] Epoch:[189/230]	 Test acc=81.250
[2024-09-04 00:45:25,750][train_vgg.py][line:342][INFO] Best Test acc=82.863
[2024-09-04 00:47:35,116][train_vgg.py][line:325][INFO] Epoch:[190/230]	 loss=6.62752	 acc=100.000
[2024-09-04 00:47:46,472][train_vgg.py][line:333][INFO] Epoch:[190/230]	 Test acc=81.653
[2024-09-04 00:47:46,473][train_vgg.py][line:342][INFO] Best Test acc=82.863
[2024-09-04 00:49:58,973][train_vgg.py][line:325][INFO] Epoch:[191/230]	 loss=7.40240	 acc=100.000
[2024-09-04 00:50:12,356][train_vgg.py][line:333][INFO] Epoch:[191/230]	 Test acc=82.157
[2024-09-04 00:50:12,357][train_vgg.py][line:342][INFO] Best Test acc=82.863
[2024-09-04 00:52:25,054][train_vgg.py][line:325][INFO] Epoch:[192/230]	 loss=8.10328	 acc=100.000
[2024-09-04 00:52:35,872][train_vgg.py][line:333][INFO] Epoch:[192/230]	 Test acc=81.653
[2024-09-04 00:52:35,873][train_vgg.py][line:342][INFO] Best Test acc=82.863
[2024-09-04 00:54:46,987][train_vgg.py][line:325][INFO] Epoch:[193/230]	 loss=7.74286	 acc=100.000
[2024-09-04 00:54:59,176][train_vgg.py][line:333][INFO] Epoch:[193/230]	 Test acc=83.468
[2024-09-04 00:54:59,176][train_vgg.py][line:342][INFO] Best Test acc=83.468
[2024-09-04 00:57:12,416][train_vgg.py][line:325][INFO] Epoch:[194/230]	 loss=6.91062	 acc=100.000
[2024-09-04 00:57:22,671][train_vgg.py][line:333][INFO] Epoch:[194/230]	 Test acc=81.149
[2024-09-04 00:57:22,671][train_vgg.py][line:342][INFO] Best Test acc=83.468
[2024-09-04 00:59:32,356][train_vgg.py][line:325][INFO] Epoch:[195/230]	 loss=6.98200	 acc=100.000
[2024-09-04 00:59:46,612][train_vgg.py][line:333][INFO] Epoch:[195/230]	 Test acc=82.964
[2024-09-04 00:59:46,612][train_vgg.py][line:342][INFO] Best Test acc=83.468
[2024-09-04 01:01:56,607][train_vgg.py][line:325][INFO] Epoch:[196/230]	 loss=6.78513	 acc=100.000
[2024-09-04 01:02:07,575][train_vgg.py][line:333][INFO] Epoch:[196/230]	 Test acc=81.855
[2024-09-04 01:02:07,575][train_vgg.py][line:342][INFO] Best Test acc=83.468
[2024-09-04 01:04:17,476][train_vgg.py][line:325][INFO] Epoch:[197/230]	 loss=6.63674	 acc=100.000
[2024-09-04 01:04:29,066][train_vgg.py][line:333][INFO] Epoch:[197/230]	 Test acc=82.661
[2024-09-04 01:04:29,066][train_vgg.py][line:342][INFO] Best Test acc=83.468
[2024-09-04 01:06:37,728][train_vgg.py][line:325][INFO] Epoch:[198/230]	 loss=6.48816	 acc=100.000
[2024-09-04 01:06:48,720][train_vgg.py][line:333][INFO] Epoch:[198/230]	 Test acc=81.754
[2024-09-04 01:06:48,720][train_vgg.py][line:342][INFO] Best Test acc=83.468
[2024-09-04 01:08:56,043][train_vgg.py][line:325][INFO] Epoch:[199/230]	 loss=6.56850	 acc=100.000
[2024-09-04 01:09:06,683][train_vgg.py][line:333][INFO] Epoch:[199/230]	 Test acc=82.359
[2024-09-04 01:09:06,683][train_vgg.py][line:342][INFO] Best Test acc=83.468
[2024-09-04 01:11:16,494][train_vgg.py][line:325][INFO] Epoch:[200/230]	 loss=5.83075	 acc=100.000
[2024-09-04 01:11:29,902][train_vgg.py][line:333][INFO] Epoch:[200/230]	 Test acc=81.956
[2024-09-04 01:11:29,902][train_vgg.py][line:342][INFO] Best Test acc=83.468
[2024-09-04 01:13:38,218][train_vgg.py][line:325][INFO] Epoch:[201/230]	 loss=5.93083	 acc=100.000
[2024-09-04 01:13:49,156][train_vgg.py][line:333][INFO] Epoch:[201/230]	 Test acc=81.956
[2024-09-04 01:13:49,156][train_vgg.py][line:342][INFO] Best Test acc=83.468
[2024-09-04 01:15:59,200][train_vgg.py][line:325][INFO] Epoch:[202/230]	 loss=5.93348	 acc=100.000
[2024-09-04 01:16:12,409][train_vgg.py][line:333][INFO] Epoch:[202/230]	 Test acc=82.056
[2024-09-04 01:16:12,410][train_vgg.py][line:342][INFO] Best Test acc=83.468
[2024-09-04 01:18:24,297][train_vgg.py][line:325][INFO] Epoch:[203/230]	 loss=5.99780	 acc=100.000
[2024-09-04 01:18:34,851][train_vgg.py][line:333][INFO] Epoch:[203/230]	 Test acc=82.661
[2024-09-04 01:18:34,851][train_vgg.py][line:342][INFO] Best Test acc=83.468
[2024-09-04 01:20:42,248][train_vgg.py][line:325][INFO] Epoch:[204/230]	 loss=6.13986	 acc=100.000
[2024-09-04 01:20:53,617][train_vgg.py][line:333][INFO] Epoch:[204/230]	 Test acc=82.258
[2024-09-04 01:20:53,617][train_vgg.py][line:342][INFO] Best Test acc=83.468
[2024-09-04 01:23:04,870][train_vgg.py][line:325][INFO] Epoch:[205/230]	 loss=5.86085	 acc=100.000
[2024-09-04 01:23:17,740][train_vgg.py][line:333][INFO] Epoch:[205/230]	 Test acc=81.754
[2024-09-04 01:23:17,740][train_vgg.py][line:342][INFO] Best Test acc=83.468
[2024-09-04 01:25:26,698][train_vgg.py][line:325][INFO] Epoch:[206/230]	 loss=5.62544	 acc=100.000
[2024-09-04 01:25:36,820][train_vgg.py][line:333][INFO] Epoch:[206/230]	 Test acc=81.855
[2024-09-04 01:25:36,820][train_vgg.py][line:342][INFO] Best Test acc=83.468
[2024-09-04 01:27:45,753][train_vgg.py][line:325][INFO] Epoch:[207/230]	 loss=5.95093	 acc=100.000
[2024-09-04 01:27:57,980][train_vgg.py][line:333][INFO] Epoch:[207/230]	 Test acc=81.653
[2024-09-04 01:27:57,980][train_vgg.py][line:342][INFO] Best Test acc=83.468
[2024-09-04 01:30:05,536][train_vgg.py][line:325][INFO] Epoch:[208/230]	 loss=6.02512	 acc=100.000
[2024-09-04 01:30:16,065][train_vgg.py][line:333][INFO] Epoch:[208/230]	 Test acc=81.855
[2024-09-04 01:30:16,066][train_vgg.py][line:342][INFO] Best Test acc=83.468
[2024-09-04 01:32:24,218][train_vgg.py][line:325][INFO] Epoch:[209/230]	 loss=5.99278	 acc=100.000
[2024-09-04 01:32:35,501][train_vgg.py][line:333][INFO] Epoch:[209/230]	 Test acc=81.956
[2024-09-04 01:32:35,501][train_vgg.py][line:342][INFO] Best Test acc=83.468
[2024-09-04 01:34:46,874][train_vgg.py][line:325][INFO] Epoch:[210/230]	 loss=5.76552	 acc=100.000
[2024-09-04 01:34:58,871][train_vgg.py][line:333][INFO] Epoch:[210/230]	 Test acc=82.661
[2024-09-04 01:34:58,871][train_vgg.py][line:342][INFO] Best Test acc=83.468
[2024-09-04 01:37:08,070][train_vgg.py][line:325][INFO] Epoch:[211/230]	 loss=5.95373	 acc=100.000
[2024-09-04 01:37:19,672][train_vgg.py][line:333][INFO] Epoch:[211/230]	 Test acc=81.653
[2024-09-04 01:37:19,672][train_vgg.py][line:342][INFO] Best Test acc=83.468
[2024-09-04 01:39:31,416][train_vgg.py][line:325][INFO] Epoch:[212/230]	 loss=5.77515	 acc=100.000
[2024-09-04 01:39:42,315][train_vgg.py][line:333][INFO] Epoch:[212/230]	 Test acc=81.452
[2024-09-04 01:39:42,316][train_vgg.py][line:342][INFO] Best Test acc=83.468
[2024-09-04 01:41:52,637][train_vgg.py][line:325][INFO] Epoch:[213/230]	 loss=5.81366	 acc=100.000
[2024-09-04 01:42:03,992][train_vgg.py][line:333][INFO] Epoch:[213/230]	 Test acc=82.359
[2024-09-04 01:42:03,993][train_vgg.py][line:342][INFO] Best Test acc=83.468
[2024-09-04 01:44:16,167][train_vgg.py][line:325][INFO] Epoch:[214/230]	 loss=5.50645	 acc=100.000
[2024-09-04 01:44:27,887][train_vgg.py][line:333][INFO] Epoch:[214/230]	 Test acc=82.359
[2024-09-04 01:44:27,888][train_vgg.py][line:342][INFO] Best Test acc=83.468
[2024-09-04 01:46:39,694][train_vgg.py][line:325][INFO] Epoch:[215/230]	 loss=5.66146	 acc=100.000
[2024-09-04 01:46:50,499][train_vgg.py][line:333][INFO] Epoch:[215/230]	 Test acc=81.855
[2024-09-04 01:46:50,500][train_vgg.py][line:342][INFO] Best Test acc=83.468
[2024-09-04 01:49:00,692][train_vgg.py][line:325][INFO] Epoch:[216/230]	 loss=5.74868	 acc=100.000
[2024-09-04 01:49:11,175][train_vgg.py][line:333][INFO] Epoch:[216/230]	 Test acc=81.855
[2024-09-04 01:49:11,176][train_vgg.py][line:342][INFO] Best Test acc=83.468
[2024-09-04 01:51:22,860][train_vgg.py][line:325][INFO] Epoch:[217/230]	 loss=5.87932	 acc=100.000
[2024-09-04 01:51:33,122][train_vgg.py][line:333][INFO] Epoch:[217/230]	 Test acc=81.653
[2024-09-04 01:51:33,122][train_vgg.py][line:342][INFO] Best Test acc=83.468
[2024-09-04 01:53:37,779][train_vgg.py][line:325][INFO] Epoch:[218/230]	 loss=5.53838	 acc=100.000
[2024-09-04 01:53:47,848][train_vgg.py][line:333][INFO] Epoch:[218/230]	 Test acc=81.351
[2024-09-04 01:53:47,848][train_vgg.py][line:342][INFO] Best Test acc=83.468
[2024-09-04 01:55:56,919][train_vgg.py][line:325][INFO] Epoch:[219/230]	 loss=5.75960	 acc=100.000
[2024-09-04 01:56:08,418][train_vgg.py][line:333][INFO] Epoch:[219/230]	 Test acc=81.956
[2024-09-04 01:56:08,418][train_vgg.py][line:342][INFO] Best Test acc=83.468
[2024-09-04 01:58:18,995][train_vgg.py][line:325][INFO] Epoch:[220/230]	 loss=5.52404	 acc=100.000
[2024-09-04 01:58:30,098][train_vgg.py][line:333][INFO] Epoch:[220/230]	 Test acc=81.956
[2024-09-04 01:58:30,098][train_vgg.py][line:342][INFO] Best Test acc=83.468
[2024-09-04 02:00:40,774][train_vgg.py][line:325][INFO] Epoch:[221/230]	 loss=5.57317	 acc=100.000
[2024-09-04 02:00:52,938][train_vgg.py][line:333][INFO] Epoch:[221/230]	 Test acc=81.754
[2024-09-04 02:00:52,938][train_vgg.py][line:342][INFO] Best Test acc=83.468
[2024-09-04 02:03:05,983][train_vgg.py][line:325][INFO] Epoch:[222/230]	 loss=5.49330	 acc=100.000
[2024-09-04 02:03:16,909][train_vgg.py][line:333][INFO] Epoch:[222/230]	 Test acc=82.460
[2024-09-04 02:03:16,909][train_vgg.py][line:342][INFO] Best Test acc=83.468
[2024-09-04 02:05:24,590][train_vgg.py][line:325][INFO] Epoch:[223/230]	 loss=5.46809	 acc=100.000
[2024-09-04 02:05:34,574][train_vgg.py][line:333][INFO] Epoch:[223/230]	 Test acc=82.359
[2024-09-04 02:05:34,574][train_vgg.py][line:342][INFO] Best Test acc=83.468
[2024-09-04 02:07:45,403][train_vgg.py][line:325][INFO] Epoch:[224/230]	 loss=5.46161	 acc=100.000
[2024-09-04 02:07:56,259][train_vgg.py][line:333][INFO] Epoch:[224/230]	 Test acc=81.351
[2024-09-04 02:07:56,259][train_vgg.py][line:342][INFO] Best Test acc=83.468
[2024-09-04 02:10:06,278][train_vgg.py][line:325][INFO] Epoch:[225/230]	 loss=5.44232	 acc=100.000
[2024-09-04 02:10:17,831][train_vgg.py][line:333][INFO] Epoch:[225/230]	 Test acc=82.157
[2024-09-04 02:10:17,832][train_vgg.py][line:342][INFO] Best Test acc=83.468
[2024-09-04 02:12:25,963][train_vgg.py][line:325][INFO] Epoch:[226/230]	 loss=5.52538	 acc=100.000
[2024-09-04 02:12:37,105][train_vgg.py][line:333][INFO] Epoch:[226/230]	 Test acc=82.258
[2024-09-04 02:12:37,105][train_vgg.py][line:342][INFO] Best Test acc=83.468
[2024-09-04 02:14:46,963][train_vgg.py][line:325][INFO] Epoch:[227/230]	 loss=5.57136	 acc=100.000
[2024-09-04 02:14:59,497][train_vgg.py][line:333][INFO] Epoch:[227/230]	 Test acc=81.048
[2024-09-04 02:14:59,497][train_vgg.py][line:342][INFO] Best Test acc=83.468
[2024-09-04 02:17:08,054][train_vgg.py][line:325][INFO] Epoch:[228/230]	 loss=5.60277	 acc=100.000
[2024-09-04 02:17:19,140][train_vgg.py][line:333][INFO] Epoch:[228/230]	 Test acc=81.552
[2024-09-04 02:17:19,140][train_vgg.py][line:342][INFO] Best Test acc=83.468
[2024-09-04 02:19:29,649][train_vgg.py][line:325][INFO] Epoch:[229/230]	 loss=5.51825	 acc=100.000
[2024-09-04 02:19:40,589][train_vgg.py][line:333][INFO] Epoch:[229/230]	 Test acc=82.359
[2024-09-04 02:19:40,589][train_vgg.py][line:342][INFO] Best Test acc=83.468

