[2024-08-05 22:18:23,158][train_vgg.py][line:270][INFO] start training!
[2024-08-05 22:19:27,690][train_vgg.py][line:278][INFO] Epoch:[0/200]	 loss=370.27573	 acc=29.501
[2024-08-05 22:19:29,860][train_vgg.py][line:286][INFO] Epoch:[0/200]	 Test acc=37.188
[2024-08-05 22:19:29,861][train_vgg.py][line:295][INFO] Best Test acc=37.188
[2024-08-05 22:20:35,253][train_vgg.py][line:278][INFO] Epoch:[1/200]	 loss=305.54843	 acc=45.421
[2024-08-05 22:20:37,435][train_vgg.py][line:286][INFO] Epoch:[1/200]	 Test acc=50.417
[2024-08-05 22:20:37,435][train_vgg.py][line:295][INFO] Best Test acc=50.417
[2024-08-05 22:21:43,424][train_vgg.py][line:278][INFO] Epoch:[2/200]	 loss=266.85285	 acc=53.264
[2024-08-05 22:21:45,630][train_vgg.py][line:286][INFO] Epoch:[2/200]	 Test acc=58.958
[2024-08-05 22:21:45,630][train_vgg.py][line:295][INFO] Best Test acc=58.958
[2024-08-05 22:22:51,833][train_vgg.py][line:278][INFO] Epoch:[3/200]	 loss=235.61132	 acc=59.938
[2024-08-05 22:22:54,047][train_vgg.py][line:286][INFO] Epoch:[3/200]	 Test acc=57.292
[2024-08-05 22:22:54,048][train_vgg.py][line:295][INFO] Best Test acc=58.958
[2024-08-05 22:24:00,299][train_vgg.py][line:278][INFO] Epoch:[4/200]	 loss=215.89434	 acc=64.550
[2024-08-05 22:24:02,506][train_vgg.py][line:286][INFO] Epoch:[4/200]	 Test acc=58.333
[2024-08-05 22:24:02,507][train_vgg.py][line:295][INFO] Best Test acc=58.958
[2024-08-05 22:25:08,738][train_vgg.py][line:278][INFO] Epoch:[5/200]	 loss=208.31846	 acc=65.575
[2024-08-05 22:25:10,946][train_vgg.py][line:286][INFO] Epoch:[5/200]	 Test acc=60.000
[2024-08-05 22:25:10,953][train_vgg.py][line:295][INFO] Best Test acc=60.000
[2024-08-05 22:26:17,502][train_vgg.py][line:278][INFO] Epoch:[6/200]	 loss=198.37723	 acc=67.513
[2024-08-05 22:26:19,681][train_vgg.py][line:286][INFO] Epoch:[6/200]	 Test acc=62.083
[2024-08-05 22:26:19,681][train_vgg.py][line:295][INFO] Best Test acc=62.083
[2024-08-05 22:27:26,238][train_vgg.py][line:278][INFO] Epoch:[7/200]	 loss=189.17606	 acc=70.009
[2024-08-05 22:27:28,474][train_vgg.py][line:286][INFO] Epoch:[7/200]	 Test acc=68.438
[2024-08-05 22:27:28,474][train_vgg.py][line:295][INFO] Best Test acc=68.438
[2024-08-05 22:28:34,940][train_vgg.py][line:278][INFO] Epoch:[8/200]	 loss=191.12859	 acc=69.630
[2024-08-05 22:28:37,146][train_vgg.py][line:286][INFO] Epoch:[8/200]	 Test acc=54.062
[2024-08-05 22:28:37,146][train_vgg.py][line:295][INFO] Best Test acc=68.438
[2024-08-05 22:29:43,698][train_vgg.py][line:278][INFO] Epoch:[9/200]	 loss=179.94244	 acc=71.212
[2024-08-05 22:29:45,903][train_vgg.py][line:286][INFO] Epoch:[9/200]	 Test acc=59.792
[2024-08-05 22:29:45,903][train_vgg.py][line:295][INFO] Best Test acc=68.438
[2024-08-05 22:30:52,414][train_vgg.py][line:278][INFO] Epoch:[10/200]	 loss=177.23655	 acc=71.881
[2024-08-05 22:30:54,650][train_vgg.py][line:286][INFO] Epoch:[10/200]	 Test acc=49.479
[2024-08-05 22:30:54,650][train_vgg.py][line:295][INFO] Best Test acc=68.438
[2024-08-05 22:32:00,706][train_vgg.py][line:278][INFO] Epoch:[11/200]	 loss=182.84795	 acc=70.956
[2024-08-05 22:32:02,947][train_vgg.py][line:286][INFO] Epoch:[11/200]	 Test acc=57.604
[2024-08-05 22:32:02,948][train_vgg.py][line:295][INFO] Best Test acc=68.438
[2024-08-05 22:33:09,840][train_vgg.py][line:278][INFO] Epoch:[12/200]	 loss=174.71738	 acc=72.516
[2024-08-05 22:33:12,128][train_vgg.py][line:286][INFO] Epoch:[12/200]	 Test acc=52.292
[2024-08-05 22:33:12,128][train_vgg.py][line:295][INFO] Best Test acc=68.438
[2024-08-05 22:34:19,241][train_vgg.py][line:278][INFO] Epoch:[13/200]	 loss=167.92709	 acc=74.343
[2024-08-05 22:34:21,478][train_vgg.py][line:286][INFO] Epoch:[13/200]	 Test acc=61.979
[2024-08-05 22:34:21,478][train_vgg.py][line:295][INFO] Best Test acc=68.438
[2024-08-05 22:35:28,615][train_vgg.py][line:278][INFO] Epoch:[14/200]	 loss=165.39121	 acc=74.075
[2024-08-05 22:35:30,881][train_vgg.py][line:286][INFO] Epoch:[14/200]	 Test acc=12.812
[2024-08-05 22:35:30,881][train_vgg.py][line:295][INFO] Best Test acc=68.438
[2024-08-05 22:36:38,182][train_vgg.py][line:278][INFO] Epoch:[15/200]	 loss=161.66735	 acc=75.267
[2024-08-05 22:36:40,497][train_vgg.py][line:286][INFO] Epoch:[15/200]	 Test acc=54.062
[2024-08-05 22:36:40,497][train_vgg.py][line:295][INFO] Best Test acc=68.438
[2024-08-05 22:37:47,659][train_vgg.py][line:278][INFO] Epoch:[16/200]	 loss=158.83809	 acc=75.869
[2024-08-05 22:37:49,939][train_vgg.py][line:286][INFO] Epoch:[16/200]	 Test acc=57.604
[2024-08-05 22:37:49,939][train_vgg.py][line:295][INFO] Best Test acc=68.438
[2024-08-05 22:38:57,138][train_vgg.py][line:278][INFO] Epoch:[17/200]	 loss=157.97783	 acc=76.192
[2024-08-05 22:38:59,444][train_vgg.py][line:286][INFO] Epoch:[17/200]	 Test acc=58.958
[2024-08-05 22:38:59,444][train_vgg.py][line:295][INFO] Best Test acc=68.438
[2024-08-05 22:40:06,364][train_vgg.py][line:278][INFO] Epoch:[18/200]	 loss=150.88269	 acc=77.395
[2024-08-05 22:40:08,585][train_vgg.py][line:286][INFO] Epoch:[18/200]	 Test acc=18.958
[2024-08-05 22:40:08,585][train_vgg.py][line:295][INFO] Best Test acc=68.438
[2024-08-05 22:41:15,362][train_vgg.py][line:278][INFO] Epoch:[19/200]	 loss=153.94661	 acc=76.816
[2024-08-05 22:41:17,589][train_vgg.py][line:286][INFO] Epoch:[19/200]	 Test acc=69.062
[2024-08-05 22:41:17,589][train_vgg.py][line:295][INFO] Best Test acc=69.062
[2024-08-05 22:42:24,408][train_vgg.py][line:278][INFO] Epoch:[20/200]	 loss=141.54495	 acc=79.111
[2024-08-05 22:42:26,653][train_vgg.py][line:286][INFO] Epoch:[20/200]	 Test acc=49.896
[2024-08-05 22:42:26,653][train_vgg.py][line:295][INFO] Best Test acc=69.062
[2024-08-05 22:43:33,325][train_vgg.py][line:278][INFO] Epoch:[21/200]	 loss=137.83341	 acc=79.746
[2024-08-05 22:43:35,535][train_vgg.py][line:286][INFO] Epoch:[21/200]	 Test acc=56.250
[2024-08-05 22:43:35,535][train_vgg.py][line:295][INFO] Best Test acc=69.062
[2024-08-05 22:44:42,121][train_vgg.py][line:278][INFO] Epoch:[22/200]	 loss=139.88145	 acc=79.278
[2024-08-05 22:44:44,337][train_vgg.py][line:286][INFO] Epoch:[22/200]	 Test acc=61.250
[2024-08-05 22:44:44,338][train_vgg.py][line:295][INFO] Best Test acc=69.062
[2024-08-05 22:45:51,190][train_vgg.py][line:278][INFO] Epoch:[23/200]	 loss=137.56038	 acc=79.724
[2024-08-05 22:45:53,424][train_vgg.py][line:286][INFO] Epoch:[23/200]	 Test acc=69.062
[2024-08-05 22:45:53,425][train_vgg.py][line:295][INFO] Best Test acc=69.062
[2024-08-05 22:47:00,193][train_vgg.py][line:278][INFO] Epoch:[24/200]	 loss=128.41737	 acc=82.353
[2024-08-05 22:47:02,440][train_vgg.py][line:286][INFO] Epoch:[24/200]	 Test acc=68.021
[2024-08-05 22:47:02,440][train_vgg.py][line:295][INFO] Best Test acc=69.062
[2024-08-05 22:48:09,079][train_vgg.py][line:278][INFO] Epoch:[25/200]	 loss=127.77793	 acc=82.175
[2024-08-05 22:48:11,296][train_vgg.py][line:286][INFO] Epoch:[25/200]	 Test acc=75.729
[2024-08-05 22:48:11,296][train_vgg.py][line:295][INFO] Best Test acc=75.729
[2024-08-05 22:49:17,915][train_vgg.py][line:278][INFO] Epoch:[26/200]	 loss=122.19453	 acc=82.732
[2024-08-05 22:49:20,128][train_vgg.py][line:286][INFO] Epoch:[26/200]	 Test acc=67.917
[2024-08-05 22:49:20,128][train_vgg.py][line:295][INFO] Best Test acc=75.729
[2024-08-05 22:50:26,765][train_vgg.py][line:278][INFO] Epoch:[27/200]	 loss=125.08669	 acc=82.754
[2024-08-05 22:50:28,976][train_vgg.py][line:286][INFO] Epoch:[27/200]	 Test acc=64.375
[2024-08-05 22:50:28,976][train_vgg.py][line:295][INFO] Best Test acc=75.729
[2024-08-05 22:51:35,503][train_vgg.py][line:278][INFO] Epoch:[28/200]	 loss=113.94139	 acc=84.425
[2024-08-05 22:51:37,719][train_vgg.py][line:286][INFO] Epoch:[28/200]	 Test acc=56.250
[2024-08-05 22:51:37,720][train_vgg.py][line:295][INFO] Best Test acc=75.729
[2024-08-05 22:52:44,155][train_vgg.py][line:278][INFO] Epoch:[29/200]	 loss=123.96358	 acc=83.066
[2024-08-05 22:52:46,368][train_vgg.py][line:286][INFO] Epoch:[29/200]	 Test acc=72.500
[2024-08-05 22:52:46,368][train_vgg.py][line:295][INFO] Best Test acc=75.729
[2024-08-05 22:53:52,698][train_vgg.py][line:278][INFO] Epoch:[30/200]	 loss=111.26688	 acc=85.004
[2024-08-05 22:53:54,927][train_vgg.py][line:286][INFO] Epoch:[30/200]	 Test acc=68.021
[2024-08-05 22:53:54,928][train_vgg.py][line:295][INFO] Best Test acc=75.729
[2024-08-05 22:55:01,407][train_vgg.py][line:278][INFO] Epoch:[31/200]	 loss=105.64174	 acc=86.642
[2024-08-05 22:55:03,628][train_vgg.py][line:286][INFO] Epoch:[31/200]	 Test acc=63.333
[2024-08-05 22:55:03,628][train_vgg.py][line:295][INFO] Best Test acc=75.729
[2024-08-05 22:56:09,944][train_vgg.py][line:278][INFO] Epoch:[32/200]	 loss=112.41901	 acc=85.116
[2024-08-05 22:56:12,136][train_vgg.py][line:286][INFO] Epoch:[32/200]	 Test acc=70.104
[2024-08-05 22:56:12,136][train_vgg.py][line:295][INFO] Best Test acc=75.729
[2024-08-05 22:57:18,621][train_vgg.py][line:278][INFO] Epoch:[33/200]	 loss=105.52155	 acc=86.375
[2024-08-05 22:57:20,824][train_vgg.py][line:286][INFO] Epoch:[33/200]	 Test acc=52.292
[2024-08-05 22:57:20,824][train_vgg.py][line:295][INFO] Best Test acc=75.729
[2024-08-05 22:58:27,217][train_vgg.py][line:278][INFO] Epoch:[34/200]	 loss=102.51932	 acc=86.854
[2024-08-05 22:58:29,451][train_vgg.py][line:286][INFO] Epoch:[34/200]	 Test acc=43.958
[2024-08-05 22:58:29,451][train_vgg.py][line:295][INFO] Best Test acc=75.729
[2024-08-05 22:59:35,770][train_vgg.py][line:278][INFO] Epoch:[35/200]	 loss=99.25622	 acc=87.678
[2024-08-05 22:59:38,001][train_vgg.py][line:286][INFO] Epoch:[35/200]	 Test acc=59.062
[2024-08-05 22:59:38,001][train_vgg.py][line:295][INFO] Best Test acc=75.729
[2024-08-05 23:00:44,370][train_vgg.py][line:278][INFO] Epoch:[36/200]	 loss=106.00367	 acc=86.508
[2024-08-05 23:00:46,567][train_vgg.py][line:286][INFO] Epoch:[36/200]	 Test acc=73.958
[2024-08-05 23:00:46,567][train_vgg.py][line:295][INFO] Best Test acc=75.729
[2024-08-05 23:01:52,741][train_vgg.py][line:278][INFO] Epoch:[37/200]	 loss=93.10331	 acc=88.737
[2024-08-05 23:01:54,956][train_vgg.py][line:286][INFO] Epoch:[37/200]	 Test acc=52.083
[2024-08-05 23:01:54,956][train_vgg.py][line:295][INFO] Best Test acc=75.729
[2024-08-05 23:03:01,184][train_vgg.py][line:278][INFO] Epoch:[38/200]	 loss=97.36038	 acc=88.291
[2024-08-05 23:03:03,392][train_vgg.py][line:286][INFO] Epoch:[38/200]	 Test acc=45.000
[2024-08-05 23:03:03,392][train_vgg.py][line:295][INFO] Best Test acc=75.729
[2024-08-05 23:04:09,567][train_vgg.py][line:278][INFO] Epoch:[39/200]	 loss=96.11247	 acc=88.180
[2024-08-05 23:04:11,776][train_vgg.py][line:286][INFO] Epoch:[39/200]	 Test acc=69.688
[2024-08-05 23:04:11,776][train_vgg.py][line:295][INFO] Best Test acc=75.729
[2024-08-05 23:05:17,960][train_vgg.py][line:278][INFO] Epoch:[40/200]	 loss=91.14823	 acc=89.383
[2024-08-05 23:05:20,182][train_vgg.py][line:286][INFO] Epoch:[40/200]	 Test acc=68.958
[2024-08-05 23:05:20,182][train_vgg.py][line:295][INFO] Best Test acc=75.729
[2024-08-05 23:06:26,358][train_vgg.py][line:278][INFO] Epoch:[41/200]	 loss=90.16559	 acc=89.739
[2024-08-05 23:06:28,559][train_vgg.py][line:286][INFO] Epoch:[41/200]	 Test acc=70.208
[2024-08-05 23:06:28,559][train_vgg.py][line:295][INFO] Best Test acc=75.729
[2024-08-05 23:07:34,681][train_vgg.py][line:278][INFO] Epoch:[42/200]	 loss=88.93318	 acc=89.505
[2024-08-05 23:07:36,876][train_vgg.py][line:286][INFO] Epoch:[42/200]	 Test acc=52.604
[2024-08-05 23:07:36,876][train_vgg.py][line:295][INFO] Best Test acc=75.729
[2024-08-05 23:08:42,975][train_vgg.py][line:278][INFO] Epoch:[43/200]	 loss=89.36786	 acc=89.628
[2024-08-05 23:08:45,183][train_vgg.py][line:286][INFO] Epoch:[43/200]	 Test acc=51.354
[2024-08-05 23:08:45,183][train_vgg.py][line:295][INFO] Best Test acc=75.729
[2024-08-05 23:09:51,332][train_vgg.py][line:278][INFO] Epoch:[44/200]	 loss=83.00076	 acc=90.842
[2024-08-05 23:09:53,540][train_vgg.py][line:286][INFO] Epoch:[44/200]	 Test acc=70.208
[2024-08-05 23:09:53,540][train_vgg.py][line:295][INFO] Best Test acc=75.729
[2024-08-05 23:10:59,659][train_vgg.py][line:278][INFO] Epoch:[45/200]	 loss=79.94271	 acc=91.500
[2024-08-05 23:11:01,854][train_vgg.py][line:286][INFO] Epoch:[45/200]	 Test acc=73.021
[2024-08-05 23:11:01,854][train_vgg.py][line:295][INFO] Best Test acc=75.729
[2024-08-05 23:12:07,961][train_vgg.py][line:278][INFO] Epoch:[46/200]	 loss=82.34536	 acc=91.020
[2024-08-05 23:12:10,150][train_vgg.py][line:286][INFO] Epoch:[46/200]	 Test acc=60.833
[2024-08-05 23:12:10,151][train_vgg.py][line:295][INFO] Best Test acc=75.729
[2024-08-05 23:13:16,287][train_vgg.py][line:278][INFO] Epoch:[47/200]	 loss=79.02948	 acc=91.878
[2024-08-05 23:13:18,487][train_vgg.py][line:286][INFO] Epoch:[47/200]	 Test acc=71.250
[2024-08-05 23:13:18,488][train_vgg.py][line:295][INFO] Best Test acc=75.729
[2024-08-05 23:14:24,534][train_vgg.py][line:278][INFO] Epoch:[48/200]	 loss=72.33207	 acc=92.614
[2024-08-05 23:14:26,748][train_vgg.py][line:286][INFO] Epoch:[48/200]	 Test acc=73.333
[2024-08-05 23:14:26,748][train_vgg.py][line:295][INFO] Best Test acc=75.729
[2024-08-05 23:15:32,797][train_vgg.py][line:278][INFO] Epoch:[49/200]	 loss=73.32701	 acc=92.569
[2024-08-05 23:15:35,014][train_vgg.py][line:286][INFO] Epoch:[49/200]	 Test acc=69.688
[2024-08-05 23:15:35,014][train_vgg.py][line:295][INFO] Best Test acc=75.729
[2024-08-05 23:16:40,970][train_vgg.py][line:278][INFO] Epoch:[50/200]	 loss=72.63319	 acc=92.513
[2024-08-05 23:16:43,174][train_vgg.py][line:286][INFO] Epoch:[50/200]	 Test acc=65.938
[2024-08-05 23:16:43,174][train_vgg.py][line:295][INFO] Best Test acc=75.729
[2024-08-05 23:17:49,236][train_vgg.py][line:278][INFO] Epoch:[51/200]	 loss=79.79656	 acc=91.522
[2024-08-05 23:17:51,440][train_vgg.py][line:286][INFO] Epoch:[51/200]	 Test acc=71.250
[2024-08-05 23:17:51,441][train_vgg.py][line:295][INFO] Best Test acc=75.729
[2024-08-05 23:18:57,431][train_vgg.py][line:278][INFO] Epoch:[52/200]	 loss=79.29053	 acc=91.678
[2024-08-05 23:18:59,655][train_vgg.py][line:286][INFO] Epoch:[52/200]	 Test acc=73.542
[2024-08-05 23:18:59,655][train_vgg.py][line:295][INFO] Best Test acc=75.729
[2024-08-05 23:20:05,752][train_vgg.py][line:278][INFO] Epoch:[53/200]	 loss=81.23325	 acc=91.455
[2024-08-05 23:20:07,964][train_vgg.py][line:286][INFO] Epoch:[53/200]	 Test acc=70.625
[2024-08-05 23:20:07,965][train_vgg.py][line:295][INFO] Best Test acc=75.729
[2024-08-05 23:21:14,012][train_vgg.py][line:278][INFO] Epoch:[54/200]	 loss=69.75400	 acc=93.204
[2024-08-05 23:21:16,227][train_vgg.py][line:286][INFO] Epoch:[54/200]	 Test acc=70.417
[2024-08-05 23:21:16,227][train_vgg.py][line:295][INFO] Best Test acc=75.729
[2024-08-05 23:22:22,275][train_vgg.py][line:278][INFO] Epoch:[55/200]	 loss=65.13210	 acc=94.051
[2024-08-05 23:22:24,471][train_vgg.py][line:286][INFO] Epoch:[55/200]	 Test acc=78.750
[2024-08-05 23:22:24,471][train_vgg.py][line:295][INFO] Best Test acc=78.750
[2024-08-05 23:23:30,604][train_vgg.py][line:278][INFO] Epoch:[56/200]	 loss=65.84260	 acc=94.418
[2024-08-05 23:23:32,815][train_vgg.py][line:286][INFO] Epoch:[56/200]	 Test acc=66.354
[2024-08-05 23:23:32,816][train_vgg.py][line:295][INFO] Best Test acc=78.750
[2024-08-05 23:24:38,898][train_vgg.py][line:278][INFO] Epoch:[57/200]	 loss=68.91389	 acc=93.460
[2024-08-05 23:24:41,100][train_vgg.py][line:286][INFO] Epoch:[57/200]	 Test acc=67.396
[2024-08-05 23:24:41,101][train_vgg.py][line:295][INFO] Best Test acc=78.750
[2024-08-05 23:25:47,143][train_vgg.py][line:278][INFO] Epoch:[58/200]	 loss=59.80874	 acc=94.808
[2024-08-05 23:25:49,325][train_vgg.py][line:286][INFO] Epoch:[58/200]	 Test acc=73.333
[2024-08-05 23:25:49,325][train_vgg.py][line:295][INFO] Best Test acc=78.750
[2024-08-05 23:26:55,336][train_vgg.py][line:278][INFO] Epoch:[59/200]	 loss=68.89908	 acc=93.293
[2024-08-05 23:26:57,543][train_vgg.py][line:286][INFO] Epoch:[59/200]	 Test acc=74.479
[2024-08-05 23:26:57,544][train_vgg.py][line:295][INFO] Best Test acc=78.750
[2024-08-05 23:28:03,566][train_vgg.py][line:278][INFO] Epoch:[60/200]	 loss=68.61851	 acc=93.616
[2024-08-05 23:28:05,755][train_vgg.py][line:286][INFO] Epoch:[60/200]	 Test acc=52.604
[2024-08-05 23:28:05,755][train_vgg.py][line:295][INFO] Best Test acc=78.750
[2024-08-05 23:29:11,824][train_vgg.py][line:278][INFO] Epoch:[61/200]	 loss=64.46944	 acc=94.084
[2024-08-05 23:29:14,014][train_vgg.py][line:286][INFO] Epoch:[61/200]	 Test acc=73.542
[2024-08-05 23:29:14,014][train_vgg.py][line:295][INFO] Best Test acc=78.750
[2024-08-05 23:30:20,116][train_vgg.py][line:278][INFO] Epoch:[62/200]	 loss=61.91791	 acc=94.552
[2024-08-05 23:30:22,312][train_vgg.py][line:286][INFO] Epoch:[62/200]	 Test acc=61.562
[2024-08-05 23:30:22,313][train_vgg.py][line:295][INFO] Best Test acc=78.750
[2024-08-05 23:31:28,414][train_vgg.py][line:278][INFO] Epoch:[63/200]	 loss=57.71122	 acc=95.321
[2024-08-05 23:31:30,614][train_vgg.py][line:286][INFO] Epoch:[63/200]	 Test acc=62.917
[2024-08-05 23:31:30,614][train_vgg.py][line:295][INFO] Best Test acc=78.750
[2024-08-05 23:32:36,674][train_vgg.py][line:278][INFO] Epoch:[64/200]	 loss=54.27301	 acc=95.711
[2024-08-05 23:32:38,882][train_vgg.py][line:286][INFO] Epoch:[64/200]	 Test acc=76.667
[2024-08-05 23:32:38,882][train_vgg.py][line:295][INFO] Best Test acc=78.750
[2024-08-05 23:33:44,905][train_vgg.py][line:278][INFO] Epoch:[65/200]	 loss=58.78625	 acc=95.388
[2024-08-05 23:33:47,108][train_vgg.py][line:286][INFO] Epoch:[65/200]	 Test acc=67.396
[2024-08-05 23:33:47,108][train_vgg.py][line:295][INFO] Best Test acc=78.750
[2024-08-05 23:34:53,138][train_vgg.py][line:278][INFO] Epoch:[66/200]	 loss=55.58214	 acc=95.477
[2024-08-05 23:34:55,325][train_vgg.py][line:286][INFO] Epoch:[66/200]	 Test acc=70.000
[2024-08-05 23:34:55,325][train_vgg.py][line:295][INFO] Best Test acc=78.750
[2024-08-05 23:36:01,299][train_vgg.py][line:278][INFO] Epoch:[67/200]	 loss=61.38548	 acc=94.875
[2024-08-05 23:36:03,500][train_vgg.py][line:286][INFO] Epoch:[67/200]	 Test acc=70.625
[2024-08-05 23:36:03,500][train_vgg.py][line:295][INFO] Best Test acc=78.750
[2024-08-05 23:37:09,453][train_vgg.py][line:278][INFO] Epoch:[68/200]	 loss=54.84415	 acc=95.644
[2024-08-05 23:37:11,650][train_vgg.py][line:286][INFO] Epoch:[68/200]	 Test acc=68.646
[2024-08-05 23:37:11,650][train_vgg.py][line:295][INFO] Best Test acc=78.750
[2024-08-05 23:38:17,612][train_vgg.py][line:278][INFO] Epoch:[69/200]	 loss=59.29217	 acc=95.265
[2024-08-05 23:38:19,823][train_vgg.py][line:286][INFO] Epoch:[69/200]	 Test acc=66.667
[2024-08-05 23:38:19,824][train_vgg.py][line:295][INFO] Best Test acc=78.750
[2024-08-05 23:39:25,776][train_vgg.py][line:278][INFO] Epoch:[70/200]	 loss=56.67701	 acc=95.544
[2024-08-05 23:39:27,991][train_vgg.py][line:286][INFO] Epoch:[70/200]	 Test acc=70.938
[2024-08-05 23:39:27,992][train_vgg.py][line:295][INFO] Best Test acc=78.750
[2024-08-05 23:40:33,851][train_vgg.py][line:278][INFO] Epoch:[71/200]	 loss=48.31022	 acc=96.635
[2024-08-05 23:40:36,054][train_vgg.py][line:286][INFO] Epoch:[71/200]	 Test acc=78.125
[2024-08-05 23:40:36,055][train_vgg.py][line:295][INFO] Best Test acc=78.750
[2024-08-05 23:41:41,998][train_vgg.py][line:278][INFO] Epoch:[72/200]	 loss=48.83350	 acc=96.513
[2024-08-05 23:41:44,198][train_vgg.py][line:286][INFO] Epoch:[72/200]	 Test acc=74.792
[2024-08-05 23:41:44,199][train_vgg.py][line:295][INFO] Best Test acc=78.750
[2024-08-05 23:42:50,117][train_vgg.py][line:278][INFO] Epoch:[73/200]	 loss=48.71566	 acc=96.379
[2024-08-05 23:42:52,306][train_vgg.py][line:286][INFO] Epoch:[73/200]	 Test acc=73.229
[2024-08-05 23:42:52,306][train_vgg.py][line:295][INFO] Best Test acc=78.750
[2024-08-05 23:43:58,185][train_vgg.py][line:278][INFO] Epoch:[74/200]	 loss=56.50537	 acc=95.599
[2024-08-05 23:44:00,373][train_vgg.py][line:286][INFO] Epoch:[74/200]	 Test acc=65.417
[2024-08-05 23:44:00,374][train_vgg.py][line:295][INFO] Best Test acc=78.750
[2024-08-05 23:44:54,225][train_vgg.py][line:278][INFO] Epoch:[75/200]	 loss=48.10210	 acc=96.580
[2024-08-05 23:44:56,401][train_vgg.py][line:286][INFO] Epoch:[75/200]	 Test acc=76.354
[2024-08-05 23:44:56,401][train_vgg.py][line:295][INFO] Best Test acc=78.750
[2024-08-05 23:45:50,156][train_vgg.py][line:278][INFO] Epoch:[76/200]	 loss=49.36871	 acc=96.156
[2024-08-05 23:45:52,338][train_vgg.py][line:286][INFO] Epoch:[76/200]	 Test acc=61.354
[2024-08-05 23:45:52,338][train_vgg.py][line:295][INFO] Best Test acc=78.750
[2024-08-05 23:46:46,056][train_vgg.py][line:278][INFO] Epoch:[77/200]	 loss=44.20481	 acc=97.059
[2024-08-05 23:46:48,235][train_vgg.py][line:286][INFO] Epoch:[77/200]	 Test acc=75.521
[2024-08-05 23:46:48,236][train_vgg.py][line:295][INFO] Best Test acc=78.750
[2024-08-05 23:47:41,924][train_vgg.py][line:278][INFO] Epoch:[78/200]	 loss=37.62057	 acc=97.783
[2024-08-05 23:47:44,128][train_vgg.py][line:286][INFO] Epoch:[78/200]	 Test acc=79.062
[2024-08-05 23:47:44,128][train_vgg.py][line:295][INFO] Best Test acc=79.062
[2024-08-05 23:48:37,776][train_vgg.py][line:278][INFO] Epoch:[79/200]	 loss=41.10647	 acc=97.549
[2024-08-05 23:48:39,965][train_vgg.py][line:286][INFO] Epoch:[79/200]	 Test acc=63.646
[2024-08-05 23:48:39,965][train_vgg.py][line:295][INFO] Best Test acc=79.062
[2024-08-05 23:49:33,662][train_vgg.py][line:278][INFO] Epoch:[80/200]	 loss=43.53611	 acc=97.059
[2024-08-05 23:49:35,847][train_vgg.py][line:286][INFO] Epoch:[80/200]	 Test acc=67.708
[2024-08-05 23:49:35,847][train_vgg.py][line:295][INFO] Best Test acc=79.062
[2024-08-05 23:50:29,556][train_vgg.py][line:278][INFO] Epoch:[81/200]	 loss=44.22802	 acc=96.858
[2024-08-05 23:50:31,732][train_vgg.py][line:286][INFO] Epoch:[81/200]	 Test acc=77.917
[2024-08-05 23:50:31,732][train_vgg.py][line:295][INFO] Best Test acc=79.062
[2024-08-05 23:51:25,432][train_vgg.py][line:278][INFO] Epoch:[82/200]	 loss=42.04329	 acc=96.925
[2024-08-05 23:51:27,621][train_vgg.py][line:286][INFO] Epoch:[82/200]	 Test acc=65.833
[2024-08-05 23:51:27,621][train_vgg.py][line:295][INFO] Best Test acc=79.062
[2024-08-05 23:52:21,302][train_vgg.py][line:278][INFO] Epoch:[83/200]	 loss=47.11758	 acc=96.803
[2024-08-05 23:52:23,493][train_vgg.py][line:286][INFO] Epoch:[83/200]	 Test acc=73.750
[2024-08-05 23:52:23,493][train_vgg.py][line:295][INFO] Best Test acc=79.062
[2024-08-05 23:53:17,121][train_vgg.py][line:278][INFO] Epoch:[84/200]	 loss=40.12857	 acc=97.516
[2024-08-05 23:53:19,296][train_vgg.py][line:286][INFO] Epoch:[84/200]	 Test acc=77.083
[2024-08-05 23:53:19,296][train_vgg.py][line:295][INFO] Best Test acc=79.062
[2024-08-05 23:54:12,887][train_vgg.py][line:278][INFO] Epoch:[85/200]	 loss=34.06378	 acc=98.262
[2024-08-05 23:54:15,069][train_vgg.py][line:286][INFO] Epoch:[85/200]	 Test acc=74.792
[2024-08-05 23:54:15,069][train_vgg.py][line:295][INFO] Best Test acc=79.062
[2024-08-05 23:55:08,628][train_vgg.py][line:278][INFO] Epoch:[86/200]	 loss=40.18734	 acc=97.560
[2024-08-05 23:55:10,808][train_vgg.py][line:286][INFO] Epoch:[86/200]	 Test acc=74.479
[2024-08-05 23:55:10,809][train_vgg.py][line:295][INFO] Best Test acc=79.062
[2024-08-05 23:56:04,416][train_vgg.py][line:278][INFO] Epoch:[87/200]	 loss=37.62456	 acc=97.961
[2024-08-05 23:56:06,616][train_vgg.py][line:286][INFO] Epoch:[87/200]	 Test acc=62.188
[2024-08-05 23:56:06,616][train_vgg.py][line:295][INFO] Best Test acc=79.062
[2024-08-05 23:57:00,186][train_vgg.py][line:278][INFO] Epoch:[88/200]	 loss=35.99993	 acc=97.961
[2024-08-05 23:57:02,371][train_vgg.py][line:286][INFO] Epoch:[88/200]	 Test acc=81.042
[2024-08-05 23:57:02,371][train_vgg.py][line:295][INFO] Best Test acc=81.042
[2024-08-05 23:57:55,969][train_vgg.py][line:278][INFO] Epoch:[89/200]	 loss=28.57114	 acc=98.808
[2024-08-05 23:57:58,155][train_vgg.py][line:286][INFO] Epoch:[89/200]	 Test acc=77.396
[2024-08-05 23:57:58,155][train_vgg.py][line:295][INFO] Best Test acc=81.042
[2024-08-05 23:58:51,648][train_vgg.py][line:278][INFO] Epoch:[90/200]	 loss=28.27365	 acc=98.663
[2024-08-05 23:58:53,836][train_vgg.py][line:286][INFO] Epoch:[90/200]	 Test acc=77.292
[2024-08-05 23:58:53,836][train_vgg.py][line:295][INFO] Best Test acc=81.042
[2024-08-05 23:59:47,368][train_vgg.py][line:278][INFO] Epoch:[91/200]	 loss=34.41349	 acc=98.307
[2024-08-05 23:59:49,575][train_vgg.py][line:286][INFO] Epoch:[91/200]	 Test acc=77.812
[2024-08-05 23:59:49,575][train_vgg.py][line:295][INFO] Best Test acc=81.042
[2024-08-06 00:00:43,065][train_vgg.py][line:278][INFO] Epoch:[92/200]	 loss=41.50976	 acc=97.438
[2024-08-06 00:00:45,248][train_vgg.py][line:286][INFO] Epoch:[92/200]	 Test acc=79.688
[2024-08-06 00:00:45,248][train_vgg.py][line:295][INFO] Best Test acc=81.042
[2024-08-06 00:01:38,694][train_vgg.py][line:278][INFO] Epoch:[93/200]	 loss=34.72613	 acc=98.162
[2024-08-06 00:01:40,881][train_vgg.py][line:286][INFO] Epoch:[93/200]	 Test acc=75.625
[2024-08-06 00:01:40,881][train_vgg.py][line:295][INFO] Best Test acc=81.042
[2024-08-06 00:02:34,363][train_vgg.py][line:278][INFO] Epoch:[94/200]	 loss=35.44822	 acc=98.106
[2024-08-06 00:02:36,532][train_vgg.py][line:286][INFO] Epoch:[94/200]	 Test acc=77.917
[2024-08-06 00:02:36,533][train_vgg.py][line:295][INFO] Best Test acc=81.042
[2024-08-06 00:03:30,016][train_vgg.py][line:278][INFO] Epoch:[95/200]	 loss=29.48896	 acc=98.652
[2024-08-06 00:03:32,197][train_vgg.py][line:286][INFO] Epoch:[95/200]	 Test acc=78.229
[2024-08-06 00:03:32,197][train_vgg.py][line:295][INFO] Best Test acc=81.042
[2024-08-06 00:04:25,659][train_vgg.py][line:278][INFO] Epoch:[96/200]	 loss=30.91005	 acc=98.730
[2024-08-06 00:04:27,851][train_vgg.py][line:286][INFO] Epoch:[96/200]	 Test acc=79.896
[2024-08-06 00:04:27,851][train_vgg.py][line:295][INFO] Best Test acc=81.042
[2024-08-06 00:05:21,345][train_vgg.py][line:278][INFO] Epoch:[97/200]	 loss=32.33077	 acc=98.496
[2024-08-06 00:05:23,518][train_vgg.py][line:286][INFO] Epoch:[97/200]	 Test acc=78.333
[2024-08-06 00:05:23,518][train_vgg.py][line:295][INFO] Best Test acc=81.042
[2024-08-06 00:06:16,993][train_vgg.py][line:278][INFO] Epoch:[98/200]	 loss=29.15199	 acc=98.752
[2024-08-06 00:06:19,174][train_vgg.py][line:286][INFO] Epoch:[98/200]	 Test acc=72.917
[2024-08-06 00:06:19,174][train_vgg.py][line:295][INFO] Best Test acc=81.042
[2024-08-06 00:07:12,664][train_vgg.py][line:278][INFO] Epoch:[99/200]	 loss=27.29700	 acc=98.975
[2024-08-06 00:07:14,840][train_vgg.py][line:286][INFO] Epoch:[99/200]	 Test acc=78.021
[2024-08-06 00:07:14,840][train_vgg.py][line:295][INFO] Best Test acc=81.042
[2024-08-06 00:08:08,257][train_vgg.py][line:278][INFO] Epoch:[100/200]	 loss=31.28914	 acc=98.697
[2024-08-06 00:08:10,454][train_vgg.py][line:286][INFO] Epoch:[100/200]	 Test acc=77.292
[2024-08-06 00:08:10,454][train_vgg.py][line:295][INFO] Best Test acc=81.042
[2024-08-06 00:09:03,886][train_vgg.py][line:278][INFO] Epoch:[101/200]	 loss=28.59371	 acc=98.719
[2024-08-06 00:09:06,072][train_vgg.py][line:286][INFO] Epoch:[101/200]	 Test acc=72.188
[2024-08-06 00:09:06,072][train_vgg.py][line:295][INFO] Best Test acc=81.042
[2024-08-06 00:09:59,515][train_vgg.py][line:278][INFO] Epoch:[102/200]	 loss=25.39163	 acc=99.053
[2024-08-06 00:10:01,708][train_vgg.py][line:286][INFO] Epoch:[102/200]	 Test acc=81.354
[2024-08-06 00:10:01,708][train_vgg.py][line:295][INFO] Best Test acc=81.354
[2024-08-06 00:10:54,903][train_vgg.py][line:278][INFO] Epoch:[103/200]	 loss=21.53763	 acc=99.410
[2024-08-06 00:10:57,080][train_vgg.py][line:286][INFO] Epoch:[103/200]	 Test acc=79.896
[2024-08-06 00:10:57,081][train_vgg.py][line:295][INFO] Best Test acc=81.354
[2024-08-06 00:11:50,616][train_vgg.py][line:278][INFO] Epoch:[104/200]	 loss=22.07200	 acc=99.309
[2024-08-06 00:11:52,800][train_vgg.py][line:286][INFO] Epoch:[104/200]	 Test acc=78.229
[2024-08-06 00:11:52,801][train_vgg.py][line:295][INFO] Best Test acc=81.354
[2024-08-06 00:12:46,468][train_vgg.py][line:278][INFO] Epoch:[105/200]	 loss=25.33850	 acc=99.242
[2024-08-06 00:12:48,659][train_vgg.py][line:286][INFO] Epoch:[105/200]	 Test acc=79.688
[2024-08-06 00:12:48,659][train_vgg.py][line:295][INFO] Best Test acc=81.354
[2024-08-06 00:13:41,984][train_vgg.py][line:278][INFO] Epoch:[106/200]	 loss=25.46046	 acc=99.142
[2024-08-06 00:13:44,173][train_vgg.py][line:286][INFO] Epoch:[106/200]	 Test acc=78.229
[2024-08-06 00:13:44,174][train_vgg.py][line:295][INFO] Best Test acc=81.354
[2024-08-06 00:14:37,556][train_vgg.py][line:278][INFO] Epoch:[107/200]	 loss=27.35633	 acc=98.997
[2024-08-06 00:14:39,753][train_vgg.py][line:286][INFO] Epoch:[107/200]	 Test acc=67.708
[2024-08-06 00:14:39,753][train_vgg.py][line:295][INFO] Best Test acc=81.354
[2024-08-06 00:15:33,690][train_vgg.py][line:278][INFO] Epoch:[108/200]	 loss=31.28056	 acc=98.574
[2024-08-06 00:15:35,884][train_vgg.py][line:286][INFO] Epoch:[108/200]	 Test acc=77.812
[2024-08-06 00:15:35,884][train_vgg.py][line:295][INFO] Best Test acc=81.354
[2024-08-06 00:16:30,048][train_vgg.py][line:278][INFO] Epoch:[109/200]	 loss=25.97105	 acc=99.042
[2024-08-06 00:16:32,240][train_vgg.py][line:286][INFO] Epoch:[109/200]	 Test acc=79.375
[2024-08-06 00:16:32,240][train_vgg.py][line:295][INFO] Best Test acc=81.354
[2024-08-06 00:17:26,541][train_vgg.py][line:278][INFO] Epoch:[110/200]	 loss=22.77275	 acc=99.354
[2024-08-06 00:17:28,732][train_vgg.py][line:286][INFO] Epoch:[110/200]	 Test acc=79.062
[2024-08-06 00:17:28,732][train_vgg.py][line:295][INFO] Best Test acc=81.354
[2024-08-06 00:18:23,057][train_vgg.py][line:278][INFO] Epoch:[111/200]	 loss=17.57909	 acc=99.666
[2024-08-06 00:18:25,256][train_vgg.py][line:286][INFO] Epoch:[111/200]	 Test acc=81.354
[2024-08-06 00:18:25,256][train_vgg.py][line:295][INFO] Best Test acc=81.354
[2024-08-06 00:19:19,672][train_vgg.py][line:278][INFO] Epoch:[112/200]	 loss=15.81472	 acc=99.655
[2024-08-06 00:19:21,902][train_vgg.py][line:286][INFO] Epoch:[112/200]	 Test acc=79.583
[2024-08-06 00:19:21,902][train_vgg.py][line:295][INFO] Best Test acc=81.354
[2024-08-06 00:20:16,262][train_vgg.py][line:278][INFO] Epoch:[113/200]	 loss=15.32047	 acc=99.744
[2024-08-06 00:20:18,472][train_vgg.py][line:286][INFO] Epoch:[113/200]	 Test acc=79.792
[2024-08-06 00:20:18,472][train_vgg.py][line:295][INFO] Best Test acc=81.354
[2024-08-06 00:21:12,914][train_vgg.py][line:278][INFO] Epoch:[114/200]	 loss=14.16881	 acc=99.811
[2024-08-06 00:21:15,133][train_vgg.py][line:286][INFO] Epoch:[114/200]	 Test acc=80.521
[2024-08-06 00:21:15,133][train_vgg.py][line:295][INFO] Best Test acc=81.354
[2024-08-06 00:22:08,935][train_vgg.py][line:278][INFO] Epoch:[115/200]	 loss=11.85277	 acc=99.866
[2024-08-06 00:22:11,155][train_vgg.py][line:286][INFO] Epoch:[115/200]	 Test acc=80.312
[2024-08-06 00:22:11,155][train_vgg.py][line:295][INFO] Best Test acc=81.354
[2024-08-06 00:23:05,593][train_vgg.py][line:278][INFO] Epoch:[116/200]	 loss=11.16185	 acc=99.900
[2024-08-06 00:23:07,821][train_vgg.py][line:286][INFO] Epoch:[116/200]	 Test acc=83.021
[2024-08-06 00:23:07,821][train_vgg.py][line:295][INFO] Best Test acc=83.021
[2024-08-06 00:24:02,362][train_vgg.py][line:278][INFO] Epoch:[117/200]	 loss=11.37847	 acc=99.877
[2024-08-06 00:24:04,583][train_vgg.py][line:286][INFO] Epoch:[117/200]	 Test acc=80.417
[2024-08-06 00:24:04,583][train_vgg.py][line:295][INFO] Best Test acc=83.021
[2024-08-06 00:24:59,130][train_vgg.py][line:278][INFO] Epoch:[118/200]	 loss=13.67018	 acc=99.866
[2024-08-06 00:25:01,355][train_vgg.py][line:286][INFO] Epoch:[118/200]	 Test acc=81.562
[2024-08-06 00:25:01,355][train_vgg.py][line:295][INFO] Best Test acc=83.021
[2024-08-06 00:25:55,927][train_vgg.py][line:278][INFO] Epoch:[119/200]	 loss=21.95343	 acc=99.454
[2024-08-06 00:25:58,162][train_vgg.py][line:286][INFO] Epoch:[119/200]	 Test acc=77.396
[2024-08-06 00:25:58,162][train_vgg.py][line:295][INFO] Best Test acc=83.021
[2024-08-06 00:26:51,965][train_vgg.py][line:278][INFO] Epoch:[120/200]	 loss=44.28659	 acc=97.003
[2024-08-06 00:26:54,186][train_vgg.py][line:286][INFO] Epoch:[120/200]	 Test acc=19.896
[2024-08-06 00:26:54,186][train_vgg.py][line:295][INFO] Best Test acc=83.021
[2024-08-06 00:27:48,694][train_vgg.py][line:278][INFO] Epoch:[121/200]	 loss=82.33923	 acc=92.201
[2024-08-06 00:27:50,909][train_vgg.py][line:286][INFO] Epoch:[121/200]	 Test acc=76.562
[2024-08-06 00:27:50,909][train_vgg.py][line:295][INFO] Best Test acc=83.021
[2024-08-06 00:28:45,530][train_vgg.py][line:278][INFO] Epoch:[122/200]	 loss=33.58868	 acc=98.117
[2024-08-06 00:28:47,751][train_vgg.py][line:286][INFO] Epoch:[122/200]	 Test acc=78.333
[2024-08-06 00:28:47,751][train_vgg.py][line:295][INFO] Best Test acc=83.021
[2024-08-06 00:29:42,439][train_vgg.py][line:278][INFO] Epoch:[123/200]	 loss=19.29850	 acc=99.521
[2024-08-06 00:29:44,664][train_vgg.py][line:286][INFO] Epoch:[123/200]	 Test acc=81.979
[2024-08-06 00:29:44,664][train_vgg.py][line:295][INFO] Best Test acc=83.021
[2024-08-06 00:30:39,330][train_vgg.py][line:278][INFO] Epoch:[124/200]	 loss=12.76020	 acc=99.911
[2024-08-06 00:30:41,537][train_vgg.py][line:286][INFO] Epoch:[124/200]	 Test acc=83.542
[2024-08-06 00:30:41,537][train_vgg.py][line:295][INFO] Best Test acc=83.542
[2024-08-06 00:31:36,232][train_vgg.py][line:278][INFO] Epoch:[125/200]	 loss=10.29292	 acc=99.911
[2024-08-06 00:31:38,461][train_vgg.py][line:286][INFO] Epoch:[125/200]	 Test acc=82.396
[2024-08-06 00:31:38,461][train_vgg.py][line:295][INFO] Best Test acc=83.542
[2024-08-06 00:32:33,139][train_vgg.py][line:278][INFO] Epoch:[126/200]	 loss=9.38213	 acc=99.944
[2024-08-06 00:32:35,363][train_vgg.py][line:286][INFO] Epoch:[126/200]	 Test acc=82.812
[2024-08-06 00:32:35,363][train_vgg.py][line:295][INFO] Best Test acc=83.542
[2024-08-06 00:33:30,024][train_vgg.py][line:278][INFO] Epoch:[127/200]	 loss=8.45047	 acc=99.933
[2024-08-06 00:33:32,236][train_vgg.py][line:286][INFO] Epoch:[127/200]	 Test acc=83.333
[2024-08-06 00:33:32,237][train_vgg.py][line:295][INFO] Best Test acc=83.542
[2024-08-06 00:34:26,876][train_vgg.py][line:278][INFO] Epoch:[128/200]	 loss=7.98501	 acc=99.978
[2024-08-06 00:34:29,103][train_vgg.py][line:286][INFO] Epoch:[128/200]	 Test acc=81.458
[2024-08-06 00:34:29,103][train_vgg.py][line:295][INFO] Best Test acc=83.542
[2024-08-06 00:35:23,802][train_vgg.py][line:278][INFO] Epoch:[129/200]	 loss=7.11401	 acc=99.989
[2024-08-06 00:35:25,996][train_vgg.py][line:286][INFO] Epoch:[129/200]	 Test acc=84.271
[2024-08-06 00:35:25,997][train_vgg.py][line:295][INFO] Best Test acc=84.271
[2024-08-06 00:36:20,726][train_vgg.py][line:278][INFO] Epoch:[130/200]	 loss=6.44199	 acc=100.000
[2024-08-06 00:36:22,924][train_vgg.py][line:286][INFO] Epoch:[130/200]	 Test acc=82.604
[2024-08-06 00:36:22,924][train_vgg.py][line:295][INFO] Best Test acc=84.271
[2024-08-06 00:37:17,664][train_vgg.py][line:278][INFO] Epoch:[131/200]	 loss=5.99051	 acc=100.000
[2024-08-06 00:37:19,874][train_vgg.py][line:286][INFO] Epoch:[131/200]	 Test acc=82.500
[2024-08-06 00:37:19,875][train_vgg.py][line:295][INFO] Best Test acc=84.271
[2024-08-06 00:38:14,702][train_vgg.py][line:278][INFO] Epoch:[132/200]	 loss=5.88073	 acc=100.000
[2024-08-06 00:38:16,906][train_vgg.py][line:286][INFO] Epoch:[132/200]	 Test acc=83.125
[2024-08-06 00:38:16,906][train_vgg.py][line:295][INFO] Best Test acc=84.271
[2024-08-06 00:39:11,710][train_vgg.py][line:278][INFO] Epoch:[133/200]	 loss=5.73935	 acc=99.989
[2024-08-06 00:39:13,927][train_vgg.py][line:286][INFO] Epoch:[133/200]	 Test acc=82.917
[2024-08-06 00:39:13,928][train_vgg.py][line:295][INFO] Best Test acc=84.271
[2024-08-06 00:40:08,818][train_vgg.py][line:278][INFO] Epoch:[134/200]	 loss=5.89265	 acc=100.000
[2024-08-06 00:40:11,062][train_vgg.py][line:286][INFO] Epoch:[134/200]	 Test acc=83.021
[2024-08-06 00:40:11,062][train_vgg.py][line:295][INFO] Best Test acc=84.271
[2024-08-06 00:41:05,949][train_vgg.py][line:278][INFO] Epoch:[135/200]	 loss=5.41624	 acc=99.989
[2024-08-06 00:41:08,197][train_vgg.py][line:286][INFO] Epoch:[135/200]	 Test acc=83.333
[2024-08-06 00:41:08,197][train_vgg.py][line:295][INFO] Best Test acc=84.271
[2024-08-06 00:42:03,202][train_vgg.py][line:278][INFO] Epoch:[136/200]	 loss=5.43247	 acc=99.989
[2024-08-06 00:42:05,426][train_vgg.py][line:286][INFO] Epoch:[136/200]	 Test acc=83.542
[2024-08-06 00:42:05,427][train_vgg.py][line:295][INFO] Best Test acc=84.271
[2024-08-06 00:43:00,346][train_vgg.py][line:278][INFO] Epoch:[137/200]	 loss=5.29709	 acc=100.000
[2024-08-06 00:43:02,592][train_vgg.py][line:286][INFO] Epoch:[137/200]	 Test acc=82.708
[2024-08-06 00:43:02,592][train_vgg.py][line:295][INFO] Best Test acc=84.271
[2024-08-06 00:43:57,556][train_vgg.py][line:278][INFO] Epoch:[138/200]	 loss=5.32858	 acc=100.000
[2024-08-06 00:43:59,782][train_vgg.py][line:286][INFO] Epoch:[138/200]	 Test acc=83.854
[2024-08-06 00:43:59,782][train_vgg.py][line:295][INFO] Best Test acc=84.271
[2024-08-06 00:44:54,700][train_vgg.py][line:278][INFO] Epoch:[139/200]	 loss=5.11418	 acc=100.000
[2024-08-06 00:44:56,926][train_vgg.py][line:286][INFO] Epoch:[139/200]	 Test acc=83.333
[2024-08-06 00:44:56,927][train_vgg.py][line:295][INFO] Best Test acc=84.271
[2024-08-06 00:45:51,707][train_vgg.py][line:278][INFO] Epoch:[140/200]	 loss=6.04576	 acc=100.000
[2024-08-06 00:45:53,952][train_vgg.py][line:286][INFO] Epoch:[140/200]	 Test acc=81.146
[2024-08-06 00:45:53,953][train_vgg.py][line:295][INFO] Best Test acc=84.271
[2024-08-06 00:46:48,802][train_vgg.py][line:278][INFO] Epoch:[141/200]	 loss=6.00894	 acc=100.000
[2024-08-06 00:46:51,020][train_vgg.py][line:286][INFO] Epoch:[141/200]	 Test acc=82.812
[2024-08-06 00:46:51,020][train_vgg.py][line:295][INFO] Best Test acc=84.271
[2024-08-06 00:47:45,813][train_vgg.py][line:278][INFO] Epoch:[142/200]	 loss=5.68509	 acc=100.000
[2024-08-06 00:47:48,046][train_vgg.py][line:286][INFO] Epoch:[142/200]	 Test acc=82.500
[2024-08-06 00:47:48,046][train_vgg.py][line:295][INFO] Best Test acc=84.271
[2024-08-06 00:48:42,838][train_vgg.py][line:278][INFO] Epoch:[143/200]	 loss=5.65844	 acc=100.000
[2024-08-06 00:48:45,100][train_vgg.py][line:286][INFO] Epoch:[143/200]	 Test acc=83.750
[2024-08-06 00:48:45,100][train_vgg.py][line:295][INFO] Best Test acc=84.271
[2024-08-06 00:49:39,946][train_vgg.py][line:278][INFO] Epoch:[144/200]	 loss=6.46824	 acc=100.000
[2024-08-06 00:49:42,153][train_vgg.py][line:286][INFO] Epoch:[144/200]	 Test acc=82.396
[2024-08-06 00:49:42,153][train_vgg.py][line:295][INFO] Best Test acc=84.271
[2024-08-06 00:50:37,021][train_vgg.py][line:278][INFO] Epoch:[145/200]	 loss=7.10215	 acc=100.000
[2024-08-06 00:50:39,239][train_vgg.py][line:286][INFO] Epoch:[145/200]	 Test acc=79.896
[2024-08-06 00:50:39,240][train_vgg.py][line:295][INFO] Best Test acc=84.271
[2024-08-06 00:51:34,218][train_vgg.py][line:278][INFO] Epoch:[146/200]	 loss=9.59288	 acc=99.944
[2024-08-06 00:51:36,455][train_vgg.py][line:286][INFO] Epoch:[146/200]	 Test acc=81.771
[2024-08-06 00:51:36,455][train_vgg.py][line:295][INFO] Best Test acc=84.271
[2024-08-06 00:52:31,308][train_vgg.py][line:278][INFO] Epoch:[147/200]	 loss=10.91586	 acc=99.944
[2024-08-06 00:52:33,551][train_vgg.py][line:286][INFO] Epoch:[147/200]	 Test acc=81.562
[2024-08-06 00:52:33,551][train_vgg.py][line:295][INFO] Best Test acc=84.271
[2024-08-06 00:53:28,380][train_vgg.py][line:278][INFO] Epoch:[148/200]	 loss=10.53108	 acc=99.978
[2024-08-06 00:53:30,612][train_vgg.py][line:286][INFO] Epoch:[148/200]	 Test acc=81.250
[2024-08-06 00:53:30,612][train_vgg.py][line:295][INFO] Best Test acc=84.271
[2024-08-06 00:54:25,586][train_vgg.py][line:278][INFO] Epoch:[149/200]	 loss=10.32010	 acc=99.900
[2024-08-06 00:54:27,819][train_vgg.py][line:286][INFO] Epoch:[149/200]	 Test acc=81.562
[2024-08-06 00:54:27,819][train_vgg.py][line:295][INFO] Best Test acc=84.271
[2024-08-06 00:55:22,708][train_vgg.py][line:278][INFO] Epoch:[150/200]	 loss=8.46660	 acc=99.989
[2024-08-06 00:55:24,926][train_vgg.py][line:286][INFO] Epoch:[150/200]	 Test acc=83.125
[2024-08-06 00:55:24,926][train_vgg.py][line:295][INFO] Best Test acc=84.271
[2024-08-06 00:56:19,800][train_vgg.py][line:278][INFO] Epoch:[151/200]	 loss=6.83523	 acc=99.989
[2024-08-06 00:56:21,996][train_vgg.py][line:286][INFO] Epoch:[151/200]	 Test acc=82.812
[2024-08-06 00:56:21,997][train_vgg.py][line:295][INFO] Best Test acc=84.271
[2024-08-06 00:57:16,844][train_vgg.py][line:278][INFO] Epoch:[152/200]	 loss=6.28644	 acc=99.989
[2024-08-06 00:57:19,065][train_vgg.py][line:286][INFO] Epoch:[152/200]	 Test acc=82.917
[2024-08-06 00:57:19,065][train_vgg.py][line:295][INFO] Best Test acc=84.271
[2024-08-06 00:58:13,942][train_vgg.py][line:278][INFO] Epoch:[153/200]	 loss=5.42895	 acc=100.000
[2024-08-06 00:58:16,175][train_vgg.py][line:286][INFO] Epoch:[153/200]	 Test acc=82.812
[2024-08-06 00:58:16,175][train_vgg.py][line:295][INFO] Best Test acc=84.271
[2024-08-06 00:59:11,058][train_vgg.py][line:278][INFO] Epoch:[154/200]	 loss=5.00549	 acc=100.000
[2024-08-06 00:59:13,318][train_vgg.py][line:286][INFO] Epoch:[154/200]	 Test acc=82.708
[2024-08-06 00:59:13,318][train_vgg.py][line:295][INFO] Best Test acc=84.271
[2024-08-06 01:00:08,101][train_vgg.py][line:278][INFO] Epoch:[155/200]	 loss=4.79683	 acc=100.000
[2024-08-06 01:00:10,328][train_vgg.py][line:286][INFO] Epoch:[155/200]	 Test acc=83.125
[2024-08-06 01:00:10,328][train_vgg.py][line:295][INFO] Best Test acc=84.271
[2024-08-06 01:01:05,220][train_vgg.py][line:278][INFO] Epoch:[156/200]	 loss=4.58424	 acc=100.000
[2024-08-06 01:01:07,454][train_vgg.py][line:286][INFO] Epoch:[156/200]	 Test acc=83.438
[2024-08-06 01:01:07,454][train_vgg.py][line:295][INFO] Best Test acc=84.271
[2024-08-06 01:02:02,359][train_vgg.py][line:278][INFO] Epoch:[157/200]	 loss=4.41234	 acc=100.000
[2024-08-06 01:02:04,592][train_vgg.py][line:286][INFO] Epoch:[157/200]	 Test acc=83.542
[2024-08-06 01:02:04,593][train_vgg.py][line:295][INFO] Best Test acc=84.271
[2024-08-06 01:02:59,423][train_vgg.py][line:278][INFO] Epoch:[158/200]	 loss=4.27928	 acc=100.000
[2024-08-06 01:03:01,643][train_vgg.py][line:286][INFO] Epoch:[158/200]	 Test acc=84.271
[2024-08-06 01:03:01,643][train_vgg.py][line:295][INFO] Best Test acc=84.271
[2024-08-06 01:03:56,529][train_vgg.py][line:278][INFO] Epoch:[159/200]	 loss=4.00885	 acc=100.000
[2024-08-06 01:03:58,748][train_vgg.py][line:286][INFO] Epoch:[159/200]	 Test acc=83.333
[2024-08-06 01:03:58,748][train_vgg.py][line:295][INFO] Best Test acc=84.271
[2024-08-06 01:04:53,641][train_vgg.py][line:278][INFO] Epoch:[160/200]	 loss=3.92828	 acc=100.000
[2024-08-06 01:04:55,856][train_vgg.py][line:286][INFO] Epoch:[160/200]	 Test acc=83.438
[2024-08-06 01:04:55,856][train_vgg.py][line:295][INFO] Best Test acc=84.271
[2024-08-06 01:05:50,695][train_vgg.py][line:278][INFO] Epoch:[161/200]	 loss=3.86693	 acc=100.000
[2024-08-06 01:05:52,902][train_vgg.py][line:286][INFO] Epoch:[161/200]	 Test acc=83.542
[2024-08-06 01:05:52,903][train_vgg.py][line:295][INFO] Best Test acc=84.271
[2024-08-06 01:06:47,852][train_vgg.py][line:278][INFO] Epoch:[162/200]	 loss=3.69432	 acc=100.000
[2024-08-06 01:06:50,074][train_vgg.py][line:286][INFO] Epoch:[162/200]	 Test acc=83.646
[2024-08-06 01:06:50,074][train_vgg.py][line:295][INFO] Best Test acc=84.271
[2024-08-06 01:07:45,136][train_vgg.py][line:278][INFO] Epoch:[163/200]	 loss=3.59329	 acc=100.000
[2024-08-06 01:07:47,366][train_vgg.py][line:286][INFO] Epoch:[163/200]	 Test acc=83.958
[2024-08-06 01:07:47,367][train_vgg.py][line:295][INFO] Best Test acc=84.271
[2024-08-06 01:08:42,342][train_vgg.py][line:278][INFO] Epoch:[164/200]	 loss=3.60154	 acc=100.000
[2024-08-06 01:08:44,568][train_vgg.py][line:286][INFO] Epoch:[164/200]	 Test acc=83.646
[2024-08-06 01:08:44,568][train_vgg.py][line:295][INFO] Best Test acc=84.271
[2024-08-06 01:09:39,589][train_vgg.py][line:278][INFO] Epoch:[165/200]	 loss=3.61294	 acc=100.000
[2024-08-06 01:09:41,911][train_vgg.py][line:286][INFO] Epoch:[165/200]	 Test acc=82.917
[2024-08-06 01:09:41,911][train_vgg.py][line:295][INFO] Best Test acc=84.271
[2024-08-06 01:10:35,902][train_vgg.py][line:278][INFO] Epoch:[166/200]	 loss=3.65939	 acc=100.000
[2024-08-06 01:10:38,126][train_vgg.py][line:286][INFO] Epoch:[166/200]	 Test acc=83.958
[2024-08-06 01:10:38,127][train_vgg.py][line:295][INFO] Best Test acc=84.271
[2024-08-06 01:11:33,115][train_vgg.py][line:278][INFO] Epoch:[167/200]	 loss=3.49671	 acc=100.000
[2024-08-06 01:11:35,345][train_vgg.py][line:286][INFO] Epoch:[167/200]	 Test acc=84.062
[2024-08-06 01:11:35,346][train_vgg.py][line:295][INFO] Best Test acc=84.271
[2024-08-06 01:12:30,240][train_vgg.py][line:278][INFO] Epoch:[168/200]	 loss=3.45622	 acc=100.000
[2024-08-06 01:12:32,458][train_vgg.py][line:286][INFO] Epoch:[168/200]	 Test acc=83.646
[2024-08-06 01:12:32,458][train_vgg.py][line:295][INFO] Best Test acc=84.271
[2024-08-06 01:13:27,353][train_vgg.py][line:278][INFO] Epoch:[169/200]	 loss=3.42894	 acc=100.000
[2024-08-06 01:13:29,583][train_vgg.py][line:286][INFO] Epoch:[169/200]	 Test acc=83.542
[2024-08-06 01:13:29,584][train_vgg.py][line:295][INFO] Best Test acc=84.271
[2024-08-06 01:14:24,542][train_vgg.py][line:278][INFO] Epoch:[170/200]	 loss=3.37402	 acc=100.000
[2024-08-06 01:14:26,760][train_vgg.py][line:286][INFO] Epoch:[170/200]	 Test acc=83.333
[2024-08-06 01:14:26,760][train_vgg.py][line:295][INFO] Best Test acc=84.271
[2024-08-06 01:15:21,719][train_vgg.py][line:278][INFO] Epoch:[171/200]	 loss=3.33413	 acc=100.000
[2024-08-06 01:15:23,929][train_vgg.py][line:286][INFO] Epoch:[171/200]	 Test acc=83.646
[2024-08-06 01:15:23,929][train_vgg.py][line:295][INFO] Best Test acc=84.271
[2024-08-06 01:16:19,025][train_vgg.py][line:278][INFO] Epoch:[172/200]	 loss=3.31164	 acc=100.000
[2024-08-06 01:16:21,265][train_vgg.py][line:286][INFO] Epoch:[172/200]	 Test acc=83.229
[2024-08-06 01:16:21,265][train_vgg.py][line:295][INFO] Best Test acc=84.271
[2024-08-06 01:17:16,232][train_vgg.py][line:278][INFO] Epoch:[173/200]	 loss=3.24998	 acc=100.000
[2024-08-06 01:17:18,458][train_vgg.py][line:286][INFO] Epoch:[173/200]	 Test acc=83.750
[2024-08-06 01:17:18,458][train_vgg.py][line:295][INFO] Best Test acc=84.271
[2024-08-06 01:18:13,477][train_vgg.py][line:278][INFO] Epoch:[174/200]	 loss=3.25847	 acc=100.000
[2024-08-06 01:18:15,736][train_vgg.py][line:286][INFO] Epoch:[174/200]	 Test acc=83.750
[2024-08-06 01:18:15,736][train_vgg.py][line:295][INFO] Best Test acc=84.271
[2024-08-06 01:19:10,671][train_vgg.py][line:278][INFO] Epoch:[175/200]	 loss=3.23093	 acc=100.000
[2024-08-06 01:19:12,887][train_vgg.py][line:286][INFO] Epoch:[175/200]	 Test acc=84.167
[2024-08-06 01:19:12,887][train_vgg.py][line:295][INFO] Best Test acc=84.271
[2024-08-06 01:20:07,912][train_vgg.py][line:278][INFO] Epoch:[176/200]	 loss=3.29314	 acc=100.000
[2024-08-06 01:20:10,124][train_vgg.py][line:286][INFO] Epoch:[176/200]	 Test acc=84.271
[2024-08-06 01:20:10,124][train_vgg.py][line:295][INFO] Best Test acc=84.271
[2024-08-06 01:21:05,027][train_vgg.py][line:278][INFO] Epoch:[177/200]	 loss=3.21878	 acc=100.000
[2024-08-06 01:21:07,256][train_vgg.py][line:286][INFO] Epoch:[177/200]	 Test acc=84.062
[2024-08-06 01:21:07,256][train_vgg.py][line:295][INFO] Best Test acc=84.271
[2024-08-06 01:22:02,340][train_vgg.py][line:278][INFO] Epoch:[178/200]	 loss=3.19738	 acc=100.000
[2024-08-06 01:22:04,582][train_vgg.py][line:286][INFO] Epoch:[178/200]	 Test acc=84.271
[2024-08-06 01:22:04,583][train_vgg.py][line:295][INFO] Best Test acc=84.271
[2024-08-06 01:22:59,560][train_vgg.py][line:278][INFO] Epoch:[179/200]	 loss=3.17262	 acc=100.000
[2024-08-06 01:23:01,785][train_vgg.py][line:286][INFO] Epoch:[179/200]	 Test acc=84.375
[2024-08-06 01:23:01,785][train_vgg.py][line:295][INFO] Best Test acc=84.375
[2024-08-06 01:23:56,731][train_vgg.py][line:278][INFO] Epoch:[180/200]	 loss=3.20150	 acc=100.000
[2024-08-06 01:23:58,964][train_vgg.py][line:286][INFO] Epoch:[180/200]	 Test acc=84.688
[2024-08-06 01:23:58,964][train_vgg.py][line:295][INFO] Best Test acc=84.688
[2024-08-06 01:24:54,040][train_vgg.py][line:278][INFO] Epoch:[181/200]	 loss=3.13221	 acc=100.000
[2024-08-06 01:24:56,274][train_vgg.py][line:286][INFO] Epoch:[181/200]	 Test acc=84.479
[2024-08-06 01:24:56,274][train_vgg.py][line:295][INFO] Best Test acc=84.688
[2024-08-06 01:25:51,273][train_vgg.py][line:278][INFO] Epoch:[182/200]	 loss=3.22462	 acc=100.000
[2024-08-06 01:25:53,495][train_vgg.py][line:286][INFO] Epoch:[182/200]	 Test acc=84.167
[2024-08-06 01:25:53,495][train_vgg.py][line:295][INFO] Best Test acc=84.688
[2024-08-06 01:26:48,380][train_vgg.py][line:278][INFO] Epoch:[183/200]	 loss=3.12078	 acc=100.000
[2024-08-06 01:26:50,608][train_vgg.py][line:286][INFO] Epoch:[183/200]	 Test acc=83.542
[2024-08-06 01:26:50,608][train_vgg.py][line:295][INFO] Best Test acc=84.688
[2024-08-06 01:27:45,627][train_vgg.py][line:278][INFO] Epoch:[184/200]	 loss=3.15953	 acc=100.000
[2024-08-06 01:27:47,841][train_vgg.py][line:286][INFO] Epoch:[184/200]	 Test acc=83.854
[2024-08-06 01:27:47,841][train_vgg.py][line:295][INFO] Best Test acc=84.688
[2024-08-06 01:28:42,840][train_vgg.py][line:278][INFO] Epoch:[185/200]	 loss=3.15581	 acc=100.000
[2024-08-06 01:28:45,064][train_vgg.py][line:286][INFO] Epoch:[185/200]	 Test acc=83.646
[2024-08-06 01:28:45,065][train_vgg.py][line:295][INFO] Best Test acc=84.688
[2024-08-06 01:29:39,985][train_vgg.py][line:278][INFO] Epoch:[186/200]	 loss=3.12287	 acc=100.000
[2024-08-06 01:29:42,204][train_vgg.py][line:286][INFO] Epoch:[186/200]	 Test acc=84.375
[2024-08-06 01:29:42,205][train_vgg.py][line:295][INFO] Best Test acc=84.688
[2024-08-06 01:30:37,267][train_vgg.py][line:278][INFO] Epoch:[187/200]	 loss=3.12987	 acc=100.000
[2024-08-06 01:30:39,495][train_vgg.py][line:286][INFO] Epoch:[187/200]	 Test acc=83.542
[2024-08-06 01:30:39,495][train_vgg.py][line:295][INFO] Best Test acc=84.688
[2024-08-06 01:31:34,482][train_vgg.py][line:278][INFO] Epoch:[188/200]	 loss=3.08131	 acc=100.000
[2024-08-06 01:31:36,676][train_vgg.py][line:286][INFO] Epoch:[188/200]	 Test acc=83.750
[2024-08-06 01:31:36,676][train_vgg.py][line:295][INFO] Best Test acc=84.688
[2024-08-06 01:32:31,492][train_vgg.py][line:278][INFO] Epoch:[189/200]	 loss=3.10798	 acc=100.000
[2024-08-06 01:32:33,720][train_vgg.py][line:286][INFO] Epoch:[189/200]	 Test acc=83.646
[2024-08-06 01:32:33,720][train_vgg.py][line:295][INFO] Best Test acc=84.688
[2024-08-06 01:33:28,761][train_vgg.py][line:278][INFO] Epoch:[190/200]	 loss=3.09418	 acc=100.000
[2024-08-06 01:33:30,968][train_vgg.py][line:286][INFO] Epoch:[190/200]	 Test acc=84.062
[2024-08-06 01:33:30,968][train_vgg.py][line:295][INFO] Best Test acc=84.688
[2024-08-06 01:34:26,002][train_vgg.py][line:278][INFO] Epoch:[191/200]	 loss=3.10574	 acc=100.000
[2024-08-06 01:34:28,218][train_vgg.py][line:286][INFO] Epoch:[191/200]	 Test acc=83.542
[2024-08-06 01:34:28,218][train_vgg.py][line:295][INFO] Best Test acc=84.688
[2024-08-06 01:35:23,274][train_vgg.py][line:278][INFO] Epoch:[192/200]	 loss=3.02680	 acc=100.000
[2024-08-06 01:35:25,508][train_vgg.py][line:286][INFO] Epoch:[192/200]	 Test acc=84.479
[2024-08-06 01:35:25,508][train_vgg.py][line:295][INFO] Best Test acc=84.688
[2024-08-06 01:36:20,493][train_vgg.py][line:278][INFO] Epoch:[193/200]	 loss=3.08910	 acc=100.000
[2024-08-06 01:36:22,707][train_vgg.py][line:286][INFO] Epoch:[193/200]	 Test acc=83.854
[2024-08-06 01:36:22,707][train_vgg.py][line:295][INFO] Best Test acc=84.688
[2024-08-06 01:37:17,844][train_vgg.py][line:278][INFO] Epoch:[194/200]	 loss=3.06504	 acc=100.000
[2024-08-06 01:37:20,081][train_vgg.py][line:286][INFO] Epoch:[194/200]	 Test acc=83.750
[2024-08-06 01:37:20,081][train_vgg.py][line:295][INFO] Best Test acc=84.688
[2024-08-06 01:38:15,104][train_vgg.py][line:278][INFO] Epoch:[195/200]	 loss=3.07248	 acc=100.000
[2024-08-06 01:38:17,339][train_vgg.py][line:286][INFO] Epoch:[195/200]	 Test acc=84.062
[2024-08-06 01:38:17,339][train_vgg.py][line:295][INFO] Best Test acc=84.688
[2024-08-06 01:39:12,344][train_vgg.py][line:278][INFO] Epoch:[196/200]	 loss=3.10318	 acc=100.000
[2024-08-06 01:39:14,592][train_vgg.py][line:286][INFO] Epoch:[196/200]	 Test acc=83.958
[2024-08-06 01:39:14,592][train_vgg.py][line:295][INFO] Best Test acc=84.688
[2024-08-06 01:40:09,580][train_vgg.py][line:278][INFO] Epoch:[197/200]	 loss=3.11329	 acc=100.000
[2024-08-06 01:40:11,793][train_vgg.py][line:286][INFO] Epoch:[197/200]	 Test acc=84.062
[2024-08-06 01:40:11,793][train_vgg.py][line:295][INFO] Best Test acc=84.688
[2024-08-06 01:41:06,826][train_vgg.py][line:278][INFO] Epoch:[198/200]	 loss=3.05834	 acc=100.000
[2024-08-06 01:41:09,044][train_vgg.py][line:286][INFO] Epoch:[198/200]	 Test acc=84.062
[2024-08-06 01:41:09,045][train_vgg.py][line:295][INFO] Best Test acc=84.688
[2024-08-06 01:42:04,091][train_vgg.py][line:278][INFO] Epoch:[199/200]	 loss=3.08821	 acc=100.000
[2024-08-06 01:42:06,342][train_vgg.py][line:286][INFO] Epoch:[199/200]	 Test acc=83.958
[2024-08-06 01:42:06,342][train_vgg.py][line:295][INFO] Best Test acc=84.688
