[2024-09-02 09:22:44,950][train_vgg.py][line:315][INFO] start training!
[2024-09-02 09:23:53,806][train_vgg.py][line:323][INFO] Epoch:[0/230]	 loss=541.96427	 acc=31.161
[2024-09-02 09:23:56,506][train_vgg.py][line:331][INFO] Epoch:[0/230]	 Test acc=28.327
[2024-09-02 09:23:56,506][train_vgg.py][line:340][INFO] Best Test acc=28.327
[2024-09-02 09:25:10,678][train_vgg.py][line:323][INFO] Epoch:[1/230]	 loss=457.06675	 acc=44.073
[2024-09-02 09:25:13,316][train_vgg.py][line:331][INFO] Epoch:[1/230]	 Test acc=45.665
[2024-09-02 09:25:13,316][train_vgg.py][line:340][INFO] Best Test acc=45.665
[2024-09-02 09:26:27,631][train_vgg.py][line:323][INFO] Epoch:[2/230]	 loss=408.00367	 acc=51.613
[2024-09-02 09:26:30,245][train_vgg.py][line:331][INFO] Epoch:[2/230]	 Test acc=59.073
[2024-09-02 09:26:30,245][train_vgg.py][line:340][INFO] Best Test acc=59.073
[2024-09-02 09:27:46,997][train_vgg.py][line:323][INFO] Epoch:[3/230]	 loss=371.50849	 acc=57.373
[2024-09-02 09:27:49,679][train_vgg.py][line:331][INFO] Epoch:[3/230]	 Test acc=62.802
[2024-09-02 09:27:49,679][train_vgg.py][line:340][INFO] Best Test acc=62.802
[2024-09-02 09:29:06,531][train_vgg.py][line:323][INFO] Epoch:[4/230]	 loss=351.05213	 acc=59.620
[2024-09-02 09:29:09,244][train_vgg.py][line:331][INFO] Epoch:[4/230]	 Test acc=65.827
[2024-09-02 09:29:09,244][train_vgg.py][line:340][INFO] Best Test acc=65.827
[2024-09-02 09:30:26,336][train_vgg.py][line:323][INFO] Epoch:[5/230]	 loss=322.79427	 acc=63.445
[2024-09-02 09:30:28,967][train_vgg.py][line:331][INFO] Epoch:[5/230]	 Test acc=62.702
[2024-09-02 09:30:28,967][train_vgg.py][line:340][INFO] Best Test acc=65.827
[2024-09-02 09:31:50,430][train_vgg.py][line:323][INFO] Epoch:[6/230]	 loss=310.44458	 acc=65.458
[2024-09-02 09:31:53,092][train_vgg.py][line:331][INFO] Epoch:[6/230]	 Test acc=66.431
[2024-09-02 09:31:53,092][train_vgg.py][line:340][INFO] Best Test acc=66.431
[2024-09-02 09:33:09,990][train_vgg.py][line:323][INFO] Epoch:[7/230]	 loss=304.82864	 acc=66.092
[2024-09-02 09:33:13,036][train_vgg.py][line:331][INFO] Epoch:[7/230]	 Test acc=64.315
[2024-09-02 09:33:13,036][train_vgg.py][line:340][INFO] Best Test acc=66.431
[2024-09-02 09:34:31,769][train_vgg.py][line:323][INFO] Epoch:[8/230]	 loss=292.46262	 acc=68.817
[2024-09-02 09:34:34,410][train_vgg.py][line:331][INFO] Epoch:[8/230]	 Test acc=61.996
[2024-09-02 09:34:34,411][train_vgg.py][line:340][INFO] Best Test acc=66.431
[2024-09-02 09:35:54,216][train_vgg.py][line:323][INFO] Epoch:[9/230]	 loss=274.83057	 acc=70.229
[2024-09-02 09:35:56,893][train_vgg.py][line:331][INFO] Epoch:[9/230]	 Test acc=68.448
[2024-09-02 09:35:56,893][train_vgg.py][line:340][INFO] Best Test acc=68.448
[2024-09-02 09:37:14,705][train_vgg.py][line:323][INFO] Epoch:[10/230]	 loss=265.49618	 acc=71.986
[2024-09-02 09:37:17,455][train_vgg.py][line:331][INFO] Epoch:[10/230]	 Test acc=64.718
[2024-09-02 09:37:17,455][train_vgg.py][line:340][INFO] Best Test acc=68.448
[2024-09-02 09:38:39,191][train_vgg.py][line:323][INFO] Epoch:[11/230]	 loss=266.22220	 acc=72.298
[2024-09-02 09:38:42,165][train_vgg.py][line:331][INFO] Epoch:[11/230]	 Test acc=73.286
[2024-09-02 09:38:42,165][train_vgg.py][line:340][INFO] Best Test acc=73.286
[2024-09-02 09:40:08,347][train_vgg.py][line:323][INFO] Epoch:[12/230]	 loss=267.64457	 acc=71.853
[2024-09-02 09:40:11,492][train_vgg.py][line:331][INFO] Epoch:[12/230]	 Test acc=71.371
[2024-09-02 09:40:11,492][train_vgg.py][line:340][INFO] Best Test acc=73.286
[2024-09-02 09:41:40,150][train_vgg.py][line:323][INFO] Epoch:[13/230]	 loss=285.06411	 acc=70.285
[2024-09-02 09:41:43,455][train_vgg.py][line:331][INFO] Epoch:[13/230]	 Test acc=68.750
[2024-09-02 09:41:43,455][train_vgg.py][line:340][INFO] Best Test acc=73.286
[2024-09-02 09:43:14,594][train_vgg.py][line:323][INFO] Epoch:[14/230]	 loss=263.32060	 acc=72.298
[2024-09-02 09:43:17,818][train_vgg.py][line:331][INFO] Epoch:[14/230]	 Test acc=59.778
[2024-09-02 09:43:17,818][train_vgg.py][line:340][INFO] Best Test acc=73.286
[2024-09-02 09:44:50,143][train_vgg.py][line:323][INFO] Epoch:[15/230]	 loss=251.70217	 acc=73.677
[2024-09-02 09:44:53,522][train_vgg.py][line:331][INFO] Epoch:[15/230]	 Test acc=66.935
[2024-09-02 09:44:53,522][train_vgg.py][line:340][INFO] Best Test acc=73.286
[2024-09-02 09:46:21,123][train_vgg.py][line:323][INFO] Epoch:[16/230]	 loss=249.72659	 acc=74.689
[2024-09-02 09:46:24,381][train_vgg.py][line:331][INFO] Epoch:[16/230]	 Test acc=63.407
[2024-09-02 09:46:24,381][train_vgg.py][line:340][INFO] Best Test acc=73.286
[2024-09-02 09:47:54,308][train_vgg.py][line:323][INFO] Epoch:[17/230]	 loss=242.79095	 acc=75.100
[2024-09-02 09:47:57,484][train_vgg.py][line:331][INFO] Epoch:[17/230]	 Test acc=61.492
[2024-09-02 09:47:57,485][train_vgg.py][line:340][INFO] Best Test acc=73.286
[2024-09-02 09:49:25,638][train_vgg.py][line:323][INFO] Epoch:[18/230]	 loss=246.86958	 acc=74.177
[2024-09-02 09:49:28,834][train_vgg.py][line:331][INFO] Epoch:[18/230]	 Test acc=67.843
[2024-09-02 09:49:28,834][train_vgg.py][line:340][INFO] Best Test acc=73.286
[2024-09-02 09:50:54,034][train_vgg.py][line:323][INFO] Epoch:[19/230]	 loss=235.51325	 acc=76.045
[2024-09-02 09:50:57,199][train_vgg.py][line:331][INFO] Epoch:[19/230]	 Test acc=59.073
[2024-09-02 09:50:57,199][train_vgg.py][line:340][INFO] Best Test acc=73.286
[2024-09-02 09:52:25,039][train_vgg.py][line:323][INFO] Epoch:[20/230]	 loss=242.39258	 acc=76.023
[2024-09-02 09:52:27,940][train_vgg.py][line:331][INFO] Epoch:[20/230]	 Test acc=70.766
[2024-09-02 09:52:27,940][train_vgg.py][line:340][INFO] Best Test acc=73.286
[2024-09-02 09:53:56,928][train_vgg.py][line:323][INFO] Epoch:[21/230]	 loss=229.54247	 acc=77.124
[2024-09-02 09:54:00,413][train_vgg.py][line:331][INFO] Epoch:[21/230]	 Test acc=66.633
[2024-09-02 09:54:00,414][train_vgg.py][line:340][INFO] Best Test acc=73.286
[2024-09-02 09:55:30,969][train_vgg.py][line:323][INFO] Epoch:[22/230]	 loss=236.09900	 acc=76.423
[2024-09-02 09:55:34,211][train_vgg.py][line:331][INFO] Epoch:[22/230]	 Test acc=66.331
[2024-09-02 09:55:34,211][train_vgg.py][line:340][INFO] Best Test acc=73.286
[2024-09-02 09:57:02,698][train_vgg.py][line:323][INFO] Epoch:[23/230]	 loss=236.99511	 acc=77.113
[2024-09-02 09:57:05,578][train_vgg.py][line:331][INFO] Epoch:[23/230]	 Test acc=66.331
[2024-09-02 09:57:05,578][train_vgg.py][line:340][INFO] Best Test acc=73.286
[2024-09-02 09:58:35,395][train_vgg.py][line:323][INFO] Epoch:[24/230]	 loss=216.06162	 acc=78.692
[2024-09-02 09:58:38,603][train_vgg.py][line:331][INFO] Epoch:[24/230]	 Test acc=62.298
[2024-09-02 09:58:38,603][train_vgg.py][line:340][INFO] Best Test acc=73.286
[2024-09-02 10:00:08,861][train_vgg.py][line:323][INFO] Epoch:[25/230]	 loss=241.95911	 acc=76.802
[2024-09-02 10:00:11,607][train_vgg.py][line:331][INFO] Epoch:[25/230]	 Test acc=72.883
[2024-09-02 10:00:11,607][train_vgg.py][line:340][INFO] Best Test acc=73.286
[2024-09-02 10:01:36,390][train_vgg.py][line:323][INFO] Epoch:[26/230]	 loss=210.99130	 acc=80.205
[2024-09-02 10:01:39,739][train_vgg.py][line:331][INFO] Epoch:[26/230]	 Test acc=66.331
[2024-09-02 10:01:39,739][train_vgg.py][line:340][INFO] Best Test acc=73.286
[2024-09-02 10:03:10,558][train_vgg.py][line:323][INFO] Epoch:[27/230]	 loss=201.60567	 acc=80.494
[2024-09-02 10:03:13,729][train_vgg.py][line:331][INFO] Epoch:[27/230]	 Test acc=76.008
[2024-09-02 10:03:13,730][train_vgg.py][line:340][INFO] Best Test acc=76.008
[2024-09-02 10:04:46,142][train_vgg.py][line:323][INFO] Epoch:[28/230]	 loss=206.80743	 acc=80.661
[2024-09-02 10:04:49,314][train_vgg.py][line:331][INFO] Epoch:[28/230]	 Test acc=67.944
[2024-09-02 10:04:49,314][train_vgg.py][line:340][INFO] Best Test acc=76.008
[2024-09-02 10:06:21,991][train_vgg.py][line:323][INFO] Epoch:[29/230]	 loss=229.59948	 acc=77.858
[2024-09-02 10:06:25,290][train_vgg.py][line:331][INFO] Epoch:[29/230]	 Test acc=72.177
[2024-09-02 10:06:25,290][train_vgg.py][line:340][INFO] Best Test acc=76.008
[2024-09-02 10:07:56,724][train_vgg.py][line:323][INFO] Epoch:[30/230]	 loss=203.39082	 acc=80.994
[2024-09-02 10:07:59,908][train_vgg.py][line:331][INFO] Epoch:[30/230]	 Test acc=73.286
[2024-09-02 10:07:59,908][train_vgg.py][line:340][INFO] Best Test acc=76.008
[2024-09-02 10:09:31,947][train_vgg.py][line:323][INFO] Epoch:[31/230]	 loss=193.51136	 acc=81.673
[2024-09-02 10:09:35,109][train_vgg.py][line:331][INFO] Epoch:[31/230]	 Test acc=75.302
[2024-09-02 10:09:35,109][train_vgg.py][line:340][INFO] Best Test acc=76.008
[2024-09-02 10:11:06,834][train_vgg.py][line:323][INFO] Epoch:[32/230]	 loss=203.58601	 acc=80.750
[2024-09-02 10:11:10,053][train_vgg.py][line:331][INFO] Epoch:[32/230]	 Test acc=47.177
[2024-09-02 10:11:10,053][train_vgg.py][line:340][INFO] Best Test acc=76.008
[2024-09-02 10:12:40,242][train_vgg.py][line:323][INFO] Epoch:[33/230]	 loss=204.40418	 acc=80.861
[2024-09-02 10:12:43,551][train_vgg.py][line:331][INFO] Epoch:[33/230]	 Test acc=71.472
[2024-09-02 10:12:43,551][train_vgg.py][line:340][INFO] Best Test acc=76.008
[2024-09-02 10:14:08,307][train_vgg.py][line:323][INFO] Epoch:[34/230]	 loss=185.94490	 acc=82.484
[2024-09-02 10:14:11,203][train_vgg.py][line:331][INFO] Epoch:[34/230]	 Test acc=73.286
[2024-09-02 10:14:11,203][train_vgg.py][line:340][INFO] Best Test acc=76.008
[2024-09-02 10:15:39,836][train_vgg.py][line:323][INFO] Epoch:[35/230]	 loss=182.39986	 acc=83.330
[2024-09-02 10:15:43,237][train_vgg.py][line:331][INFO] Epoch:[35/230]	 Test acc=68.145
[2024-09-02 10:15:43,237][train_vgg.py][line:340][INFO] Best Test acc=76.008
[2024-09-02 10:17:14,879][train_vgg.py][line:323][INFO] Epoch:[36/230]	 loss=199.02552	 acc=82.240
[2024-09-02 10:17:18,144][train_vgg.py][line:331][INFO] Epoch:[36/230]	 Test acc=74.294
[2024-09-02 10:17:18,144][train_vgg.py][line:340][INFO] Best Test acc=76.008
[2024-09-02 10:18:50,193][train_vgg.py][line:323][INFO] Epoch:[37/230]	 loss=188.14281	 acc=83.029
[2024-09-02 10:18:53,308][train_vgg.py][line:331][INFO] Epoch:[37/230]	 Test acc=74.294
[2024-09-02 10:18:53,308][train_vgg.py][line:340][INFO] Best Test acc=76.008
[2024-09-02 10:20:26,655][train_vgg.py][line:323][INFO] Epoch:[38/230]	 loss=173.18464	 acc=84.920
[2024-09-02 10:20:29,993][train_vgg.py][line:331][INFO] Epoch:[38/230]	 Test acc=77.621
[2024-09-02 10:20:29,993][train_vgg.py][line:340][INFO] Best Test acc=77.621
[2024-09-02 10:22:02,834][train_vgg.py][line:323][INFO] Epoch:[39/230]	 loss=176.87099	 acc=84.397
[2024-09-02 10:22:06,098][train_vgg.py][line:331][INFO] Epoch:[39/230]	 Test acc=63.508
[2024-09-02 10:22:06,098][train_vgg.py][line:340][INFO] Best Test acc=77.621
[2024-09-02 10:23:34,013][train_vgg.py][line:323][INFO] Epoch:[40/230]	 loss=175.74723	 acc=84.508
[2024-09-02 10:23:36,925][train_vgg.py][line:331][INFO] Epoch:[40/230]	 Test acc=71.371
[2024-09-02 10:23:36,925][train_vgg.py][line:340][INFO] Best Test acc=77.621
[2024-09-02 10:25:05,613][train_vgg.py][line:323][INFO] Epoch:[41/230]	 loss=179.74828	 acc=84.164
[2024-09-02 10:25:08,695][train_vgg.py][line:331][INFO] Epoch:[41/230]	 Test acc=72.581
[2024-09-02 10:25:08,695][train_vgg.py][line:340][INFO] Best Test acc=77.621
[2024-09-02 10:26:39,659][train_vgg.py][line:323][INFO] Epoch:[42/230]	 loss=173.91314	 acc=84.875
[2024-09-02 10:26:42,833][train_vgg.py][line:331][INFO] Epoch:[42/230]	 Test acc=75.907
[2024-09-02 10:26:42,833][train_vgg.py][line:340][INFO] Best Test acc=77.621
[2024-09-02 10:28:15,075][train_vgg.py][line:323][INFO] Epoch:[43/230]	 loss=183.98632	 acc=84.264
[2024-09-02 10:28:18,545][train_vgg.py][line:331][INFO] Epoch:[43/230]	 Test acc=74.395
[2024-09-02 10:28:18,545][train_vgg.py][line:340][INFO] Best Test acc=77.621
[2024-09-02 10:29:52,258][train_vgg.py][line:323][INFO] Epoch:[44/230]	 loss=168.34908	 acc=85.665
[2024-09-02 10:29:55,506][train_vgg.py][line:331][INFO] Epoch:[44/230]	 Test acc=78.427
[2024-09-02 10:29:55,506][train_vgg.py][line:340][INFO] Best Test acc=78.427
[2024-09-02 10:31:26,089][train_vgg.py][line:323][INFO] Epoch:[45/230]	 loss=163.88017	 acc=86.099
[2024-09-02 10:31:29,310][train_vgg.py][line:331][INFO] Epoch:[45/230]	 Test acc=71.774
[2024-09-02 10:31:29,310][train_vgg.py][line:340][INFO] Best Test acc=78.427
[2024-09-02 10:33:01,737][train_vgg.py][line:323][INFO] Epoch:[46/230]	 loss=172.35581	 acc=85.265
[2024-09-02 10:33:04,932][train_vgg.py][line:331][INFO] Epoch:[46/230]	 Test acc=77.923
[2024-09-02 10:33:04,932][train_vgg.py][line:340][INFO] Best Test acc=78.427
[2024-09-02 10:34:38,159][train_vgg.py][line:323][INFO] Epoch:[47/230]	 loss=160.63187	 acc=86.088
[2024-09-02 10:34:41,646][train_vgg.py][line:331][INFO] Epoch:[47/230]	 Test acc=70.161
[2024-09-02 10:34:41,647][train_vgg.py][line:340][INFO] Best Test acc=78.427
[2024-09-02 10:36:08,789][train_vgg.py][line:323][INFO] Epoch:[48/230]	 loss=169.34373	 acc=85.854
[2024-09-02 10:36:11,961][train_vgg.py][line:331][INFO] Epoch:[48/230]	 Test acc=74.395
[2024-09-02 10:36:11,962][train_vgg.py][line:340][INFO] Best Test acc=78.427
[2024-09-02 10:37:43,731][train_vgg.py][line:323][INFO] Epoch:[49/230]	 loss=166.29117	 acc=86.132
[2024-09-02 10:37:47,295][train_vgg.py][line:331][INFO] Epoch:[49/230]	 Test acc=75.202
[2024-09-02 10:37:47,295][train_vgg.py][line:340][INFO] Best Test acc=78.427
[2024-09-02 10:39:17,933][train_vgg.py][line:323][INFO] Epoch:[50/230]	 loss=162.48947	 acc=86.432
[2024-09-02 10:39:21,027][train_vgg.py][line:331][INFO] Epoch:[50/230]	 Test acc=74.395
[2024-09-02 10:39:21,027][train_vgg.py][line:340][INFO] Best Test acc=78.427
[2024-09-02 10:40:52,110][train_vgg.py][line:323][INFO] Epoch:[51/230]	 loss=143.89294	 acc=88.245
[2024-09-02 10:40:55,365][train_vgg.py][line:331][INFO] Epoch:[51/230]	 Test acc=62.298
[2024-09-02 10:40:55,365][train_vgg.py][line:340][INFO] Best Test acc=78.427
[2024-09-02 10:42:25,393][train_vgg.py][line:323][INFO] Epoch:[52/230]	 loss=172.04437	 acc=85.832
[2024-09-02 10:42:28,412][train_vgg.py][line:331][INFO] Epoch:[52/230]	 Test acc=60.282
[2024-09-02 10:42:28,413][train_vgg.py][line:340][INFO] Best Test acc=78.427
[2024-09-02 10:43:57,307][train_vgg.py][line:323][INFO] Epoch:[53/230]	 loss=170.36329	 acc=85.776
[2024-09-02 10:44:00,343][train_vgg.py][line:331][INFO] Epoch:[53/230]	 Test acc=67.238
[2024-09-02 10:44:00,343][train_vgg.py][line:340][INFO] Best Test acc=78.427
[2024-09-02 10:45:30,823][train_vgg.py][line:323][INFO] Epoch:[54/230]	 loss=155.64457	 acc=87.900
[2024-09-02 10:45:33,784][train_vgg.py][line:331][INFO] Epoch:[54/230]	 Test acc=73.992
[2024-09-02 10:45:33,785][train_vgg.py][line:340][INFO] Best Test acc=78.427
[2024-09-02 10:47:03,759][train_vgg.py][line:323][INFO] Epoch:[55/230]	 loss=151.11526	 acc=88.145
[2024-09-02 10:47:07,103][train_vgg.py][line:331][INFO] Epoch:[55/230]	 Test acc=72.581
[2024-09-02 10:47:07,104][train_vgg.py][line:340][INFO] Best Test acc=78.427
[2024-09-02 10:48:34,073][train_vgg.py][line:323][INFO] Epoch:[56/230]	 loss=142.46984	 acc=88.334
[2024-09-02 10:48:37,468][train_vgg.py][line:331][INFO] Epoch:[56/230]	 Test acc=64.315
[2024-09-02 10:48:37,468][train_vgg.py][line:340][INFO] Best Test acc=78.427
[2024-09-02 10:50:06,741][train_vgg.py][line:323][INFO] Epoch:[57/230]	 loss=144.36006	 acc=88.946
[2024-09-02 10:50:09,955][train_vgg.py][line:331][INFO] Epoch:[57/230]	 Test acc=77.117
[2024-09-02 10:50:09,955][train_vgg.py][line:340][INFO] Best Test acc=78.427
[2024-09-02 10:51:38,896][train_vgg.py][line:323][INFO] Epoch:[58/230]	 loss=137.16673	 acc=89.246
[2024-09-02 10:51:41,964][train_vgg.py][line:331][INFO] Epoch:[58/230]	 Test acc=75.907
[2024-09-02 10:51:41,964][train_vgg.py][line:340][INFO] Best Test acc=78.427
[2024-09-02 10:53:11,064][train_vgg.py][line:323][INFO] Epoch:[59/230]	 loss=165.62845	 acc=85.988
[2024-09-02 10:53:14,303][train_vgg.py][line:331][INFO] Epoch:[59/230]	 Test acc=70.665
[2024-09-02 10:53:14,304][train_vgg.py][line:340][INFO] Best Test acc=78.427
[2024-09-02 10:54:44,042][train_vgg.py][line:323][INFO] Epoch:[60/230]	 loss=146.41769	 acc=88.412
[2024-09-02 10:54:47,026][train_vgg.py][line:331][INFO] Epoch:[60/230]	 Test acc=73.286
[2024-09-02 10:54:47,027][train_vgg.py][line:340][INFO] Best Test acc=78.427
[2024-09-02 10:56:16,486][train_vgg.py][line:323][INFO] Epoch:[61/230]	 loss=139.15934	 acc=89.480
[2024-09-02 10:56:19,710][train_vgg.py][line:331][INFO] Epoch:[61/230]	 Test acc=77.520
[2024-09-02 10:56:19,710][train_vgg.py][line:340][INFO] Best Test acc=78.427
[2024-09-02 10:57:46,567][train_vgg.py][line:323][INFO] Epoch:[62/230]	 loss=138.18426	 acc=89.379
[2024-09-02 10:57:49,386][train_vgg.py][line:331][INFO] Epoch:[62/230]	 Test acc=73.690
[2024-09-02 10:57:49,386][train_vgg.py][line:340][INFO] Best Test acc=78.427
[2024-09-02 10:59:13,778][train_vgg.py][line:323][INFO] Epoch:[63/230]	 loss=132.09421	 acc=90.269
[2024-09-02 10:59:16,794][train_vgg.py][line:331][INFO] Epoch:[63/230]	 Test acc=75.907
[2024-09-02 10:59:16,795][train_vgg.py][line:340][INFO] Best Test acc=78.427
[2024-09-02 11:00:51,140][train_vgg.py][line:323][INFO] Epoch:[64/230]	 loss=148.34414	 acc=88.556
[2024-09-02 11:00:53,868][train_vgg.py][line:331][INFO] Epoch:[64/230]	 Test acc=76.411
[2024-09-02 11:00:53,868][train_vgg.py][line:340][INFO] Best Test acc=78.427
[2024-09-02 11:02:20,493][train_vgg.py][line:323][INFO] Epoch:[65/230]	 loss=143.00926	 acc=89.357
[2024-09-02 11:02:23,724][train_vgg.py][line:331][INFO] Epoch:[65/230]	 Test acc=78.427
[2024-09-02 11:02:23,724][train_vgg.py][line:340][INFO] Best Test acc=78.427
[2024-09-02 11:03:51,693][train_vgg.py][line:323][INFO] Epoch:[66/230]	 loss=149.31525	 acc=88.846
[2024-09-02 11:03:54,992][train_vgg.py][line:331][INFO] Epoch:[66/230]	 Test acc=73.085
[2024-09-02 11:03:54,993][train_vgg.py][line:340][INFO] Best Test acc=78.427
[2024-09-02 11:05:19,979][train_vgg.py][line:323][INFO] Epoch:[67/230]	 loss=152.16569	 acc=88.123
[2024-09-02 11:05:23,133][train_vgg.py][line:331][INFO] Epoch:[67/230]	 Test acc=73.387
[2024-09-02 11:05:23,134][train_vgg.py][line:340][INFO] Best Test acc=78.427
[2024-09-02 11:06:49,820][train_vgg.py][line:323][INFO] Epoch:[68/230]	 loss=129.67795	 acc=90.158
[2024-09-02 11:06:52,792][train_vgg.py][line:331][INFO] Epoch:[68/230]	 Test acc=74.597
[2024-09-02 11:06:52,792][train_vgg.py][line:340][INFO] Best Test acc=78.427
[2024-09-02 11:08:19,171][train_vgg.py][line:323][INFO] Epoch:[69/230]	 loss=123.30041	 acc=90.992
[2024-09-02 11:08:22,062][train_vgg.py][line:331][INFO] Epoch:[69/230]	 Test acc=77.218
[2024-09-02 11:08:22,063][train_vgg.py][line:340][INFO] Best Test acc=78.427
[2024-09-02 11:09:49,860][train_vgg.py][line:323][INFO] Epoch:[70/230]	 loss=130.32263	 acc=90.625
[2024-09-02 11:09:53,053][train_vgg.py][line:331][INFO] Epoch:[70/230]	 Test acc=78.024
[2024-09-02 11:09:53,053][train_vgg.py][line:340][INFO] Best Test acc=78.427
[2024-09-02 11:11:23,580][train_vgg.py][line:323][INFO] Epoch:[71/230]	 loss=114.39314	 acc=91.948
[2024-09-02 11:11:26,810][train_vgg.py][line:331][INFO] Epoch:[71/230]	 Test acc=80.141
[2024-09-02 11:11:26,810][train_vgg.py][line:340][INFO] Best Test acc=80.141
[2024-09-02 11:12:55,245][train_vgg.py][line:323][INFO] Epoch:[72/230]	 loss=138.83230	 acc=89.391
[2024-09-02 11:12:58,554][train_vgg.py][line:331][INFO] Epoch:[72/230]	 Test acc=77.520
[2024-09-02 11:12:58,555][train_vgg.py][line:340][INFO] Best Test acc=80.141
[2024-09-02 11:14:25,900][train_vgg.py][line:323][INFO] Epoch:[73/230]	 loss=126.51755	 acc=91.003
[2024-09-02 11:14:28,830][train_vgg.py][line:331][INFO] Epoch:[73/230]	 Test acc=77.218
[2024-09-02 11:14:28,830][train_vgg.py][line:340][INFO] Best Test acc=80.141
[2024-09-02 11:16:00,527][train_vgg.py][line:323][INFO] Epoch:[74/230]	 loss=118.33459	 acc=91.737
[2024-09-02 11:16:03,811][train_vgg.py][line:331][INFO] Epoch:[74/230]	 Test acc=75.202
[2024-09-02 11:16:03,811][train_vgg.py][line:340][INFO] Best Test acc=80.141
[2024-09-02 11:17:34,355][train_vgg.py][line:323][INFO] Epoch:[75/230]	 loss=136.16059	 acc=90.058
[2024-09-02 11:17:37,590][train_vgg.py][line:331][INFO] Epoch:[75/230]	 Test acc=75.000
[2024-09-02 11:17:37,590][train_vgg.py][line:340][INFO] Best Test acc=80.141
[2024-09-02 11:19:06,175][train_vgg.py][line:323][INFO] Epoch:[76/230]	 loss=140.13463	 acc=89.491
[2024-09-02 11:19:09,490][train_vgg.py][line:331][INFO] Epoch:[76/230]	 Test acc=76.512
[2024-09-02 11:19:09,490][train_vgg.py][line:340][INFO] Best Test acc=80.141
[2024-09-02 11:20:37,572][train_vgg.py][line:323][INFO] Epoch:[77/230]	 loss=128.58690	 acc=91.014
[2024-09-02 11:20:40,417][train_vgg.py][line:331][INFO] Epoch:[77/230]	 Test acc=69.456
[2024-09-02 11:20:40,418][train_vgg.py][line:340][INFO] Best Test acc=80.141
[2024-09-02 11:22:10,968][train_vgg.py][line:323][INFO] Epoch:[78/230]	 loss=117.86812	 acc=91.626
[2024-09-02 11:22:14,275][train_vgg.py][line:331][INFO] Epoch:[78/230]	 Test acc=75.706
[2024-09-02 11:22:14,275][train_vgg.py][line:340][INFO] Best Test acc=80.141
[2024-09-02 11:23:44,183][train_vgg.py][line:323][INFO] Epoch:[79/230]	 loss=132.20712	 acc=90.758
[2024-09-02 11:23:47,444][train_vgg.py][line:331][INFO] Epoch:[79/230]	 Test acc=68.246
[2024-09-02 11:23:47,444][train_vgg.py][line:340][INFO] Best Test acc=80.141
[2024-09-02 11:25:19,258][train_vgg.py][line:323][INFO] Epoch:[80/230]	 loss=131.07724	 acc=90.825
[2024-09-02 11:25:22,649][train_vgg.py][line:331][INFO] Epoch:[80/230]	 Test acc=76.008
[2024-09-02 11:25:22,649][train_vgg.py][line:340][INFO] Best Test acc=80.141
[2024-09-02 11:26:55,801][train_vgg.py][line:323][INFO] Epoch:[81/230]	 loss=128.38214	 acc=91.014
[2024-09-02 11:26:59,170][train_vgg.py][line:331][INFO] Epoch:[81/230]	 Test acc=78.831
[2024-09-02 11:26:59,170][train_vgg.py][line:340][INFO] Best Test acc=80.141
[2024-09-02 11:28:34,050][train_vgg.py][line:323][INFO] Epoch:[82/230]	 loss=119.58532	 acc=91.748
[2024-09-02 11:28:37,438][train_vgg.py][line:331][INFO] Epoch:[82/230]	 Test acc=77.016
[2024-09-02 11:28:37,438][train_vgg.py][line:340][INFO] Best Test acc=80.141
[2024-09-02 11:30:13,173][train_vgg.py][line:323][INFO] Epoch:[83/230]	 loss=120.07847	 acc=91.815
[2024-09-02 11:30:16,387][train_vgg.py][line:331][INFO] Epoch:[83/230]	 Test acc=81.048
[2024-09-02 11:30:16,387][train_vgg.py][line:340][INFO] Best Test acc=81.048
[2024-09-02 11:31:49,007][train_vgg.py][line:323][INFO] Epoch:[84/230]	 loss=118.60688	 acc=91.782
[2024-09-02 11:31:52,105][train_vgg.py][line:331][INFO] Epoch:[84/230]	 Test acc=79.940
[2024-09-02 11:31:52,105][train_vgg.py][line:340][INFO] Best Test acc=81.048
[2024-09-02 11:33:26,163][train_vgg.py][line:323][INFO] Epoch:[85/230]	 loss=103.00053	 acc=93.339
[2024-09-02 11:33:29,541][train_vgg.py][line:331][INFO] Epoch:[85/230]	 Test acc=80.645
[2024-09-02 11:33:29,542][train_vgg.py][line:340][INFO] Best Test acc=81.048
[2024-09-02 11:34:59,356][train_vgg.py][line:323][INFO] Epoch:[86/230]	 loss=125.04241	 acc=91.392
[2024-09-02 11:35:02,767][train_vgg.py][line:331][INFO] Epoch:[86/230]	 Test acc=69.657
[2024-09-02 11:35:02,767][train_vgg.py][line:340][INFO] Best Test acc=81.048
[2024-09-02 11:36:35,917][train_vgg.py][line:323][INFO] Epoch:[87/230]	 loss=118.76629	 acc=91.348
[2024-09-02 11:36:39,326][train_vgg.py][line:331][INFO] Epoch:[87/230]	 Test acc=78.931
[2024-09-02 11:36:39,326][train_vgg.py][line:340][INFO] Best Test acc=81.048
[2024-09-02 11:38:14,492][train_vgg.py][line:323][INFO] Epoch:[88/230]	 loss=119.09894	 acc=91.826
[2024-09-02 11:38:17,930][train_vgg.py][line:331][INFO] Epoch:[88/230]	 Test acc=73.185
[2024-09-02 11:38:17,930][train_vgg.py][line:340][INFO] Best Test acc=81.048
[2024-09-02 11:39:49,094][train_vgg.py][line:323][INFO] Epoch:[89/230]	 loss=104.22610	 acc=93.250
[2024-09-02 11:39:52,111][train_vgg.py][line:331][INFO] Epoch:[89/230]	 Test acc=80.847
[2024-09-02 11:39:52,111][train_vgg.py][line:340][INFO] Best Test acc=81.048
[2024-09-02 11:41:24,722][train_vgg.py][line:323][INFO] Epoch:[90/230]	 loss=112.44455	 acc=92.638
[2024-09-02 11:41:27,947][train_vgg.py][line:331][INFO] Epoch:[90/230]	 Test acc=78.226
[2024-09-02 11:41:27,947][train_vgg.py][line:340][INFO] Best Test acc=81.048
[2024-09-02 11:43:01,926][train_vgg.py][line:323][INFO] Epoch:[91/230]	 loss=126.53771	 acc=91.292
[2024-09-02 11:43:05,106][train_vgg.py][line:331][INFO] Epoch:[91/230]	 Test acc=76.512
[2024-09-02 11:43:05,107][train_vgg.py][line:340][INFO] Best Test acc=81.048
[2024-09-02 11:44:35,626][train_vgg.py][line:323][INFO] Epoch:[92/230]	 loss=114.19166	 acc=92.182
[2024-09-02 11:44:38,920][train_vgg.py][line:331][INFO] Epoch:[92/230]	 Test acc=79.637
[2024-09-02 11:44:38,920][train_vgg.py][line:340][INFO] Best Test acc=81.048
[2024-09-02 11:46:09,868][train_vgg.py][line:323][INFO] Epoch:[93/230]	 loss=119.23007	 acc=92.193
[2024-09-02 11:46:13,114][train_vgg.py][line:331][INFO] Epoch:[93/230]	 Test acc=71.371
[2024-09-02 11:46:13,114][train_vgg.py][line:340][INFO] Best Test acc=81.048
[2024-09-02 11:47:42,590][train_vgg.py][line:323][INFO] Epoch:[94/230]	 loss=119.84647	 acc=92.093
[2024-09-02 11:47:45,795][train_vgg.py][line:331][INFO] Epoch:[94/230]	 Test acc=62.903
[2024-09-02 11:47:45,796][train_vgg.py][line:340][INFO] Best Test acc=81.048
[2024-09-02 11:49:13,907][train_vgg.py][line:323][INFO] Epoch:[95/230]	 loss=98.49192	 acc=93.594
[2024-09-02 11:49:17,030][train_vgg.py][line:331][INFO] Epoch:[95/230]	 Test acc=80.746
[2024-09-02 11:49:17,030][train_vgg.py][line:340][INFO] Best Test acc=81.048
[2024-09-02 11:50:51,507][train_vgg.py][line:323][INFO] Epoch:[96/230]	 loss=104.47581	 acc=93.339
[2024-09-02 11:50:54,540][train_vgg.py][line:331][INFO] Epoch:[96/230]	 Test acc=74.597
[2024-09-02 11:50:54,541][train_vgg.py][line:340][INFO] Best Test acc=81.048
[2024-09-02 11:52:26,852][train_vgg.py][line:323][INFO] Epoch:[97/230]	 loss=98.04991	 acc=93.772
[2024-09-02 11:52:30,149][train_vgg.py][line:331][INFO] Epoch:[97/230]	 Test acc=77.016
[2024-09-02 11:52:30,150][train_vgg.py][line:340][INFO] Best Test acc=81.048
[2024-09-02 11:54:01,727][train_vgg.py][line:323][INFO] Epoch:[98/230]	 loss=118.46106	 acc=92.182
[2024-09-02 11:54:05,007][train_vgg.py][line:331][INFO] Epoch:[98/230]	 Test acc=75.605
[2024-09-02 11:54:05,007][train_vgg.py][line:340][INFO] Best Test acc=81.048
[2024-09-02 11:55:37,085][train_vgg.py][line:323][INFO] Epoch:[99/230]	 loss=115.33686	 acc=92.338
[2024-09-02 11:55:40,406][train_vgg.py][line:331][INFO] Epoch:[99/230]	 Test acc=78.327
[2024-09-02 11:55:40,406][train_vgg.py][line:340][INFO] Best Test acc=81.048
[2024-09-02 11:57:13,518][train_vgg.py][line:323][INFO] Epoch:[100/230]	 loss=87.84099	 acc=95.173
[2024-09-02 11:57:16,738][train_vgg.py][line:331][INFO] Epoch:[100/230]	 Test acc=79.839
[2024-09-02 11:57:16,738][train_vgg.py][line:340][INFO] Best Test acc=81.048
[2024-09-02 11:58:49,581][train_vgg.py][line:323][INFO] Epoch:[101/230]	 loss=89.43891	 acc=94.740
[2024-09-02 11:58:52,800][train_vgg.py][line:331][INFO] Epoch:[101/230]	 Test acc=77.419
[2024-09-02 11:58:52,801][train_vgg.py][line:340][INFO] Best Test acc=81.048
[2024-09-02 12:00:29,031][train_vgg.py][line:323][INFO] Epoch:[102/230]	 loss=99.58384	 acc=93.694
[2024-09-02 12:00:32,284][train_vgg.py][line:331][INFO] Epoch:[102/230]	 Test acc=75.504
[2024-09-02 12:00:32,284][train_vgg.py][line:340][INFO] Best Test acc=81.048
[2024-09-02 12:02:04,488][train_vgg.py][line:323][INFO] Epoch:[103/230]	 loss=75.49859	 acc=96.019
[2024-09-02 12:02:07,816][train_vgg.py][line:331][INFO] Epoch:[103/230]	 Test acc=77.621
[2024-09-02 12:02:07,817][train_vgg.py][line:340][INFO] Best Test acc=81.048
[2024-09-02 12:03:41,723][train_vgg.py][line:323][INFO] Epoch:[104/230]	 loss=99.03976	 acc=93.761
[2024-09-02 12:03:45,084][train_vgg.py][line:331][INFO] Epoch:[104/230]	 Test acc=77.621
[2024-09-02 12:03:45,084][train_vgg.py][line:340][INFO] Best Test acc=81.048
[2024-09-02 12:05:18,755][train_vgg.py][line:323][INFO] Epoch:[105/230]	 loss=113.14741	 acc=92.738
[2024-09-02 12:05:22,087][train_vgg.py][line:331][INFO] Epoch:[105/230]	 Test acc=66.129
[2024-09-02 12:05:22,087][train_vgg.py][line:340][INFO] Best Test acc=81.048
[2024-09-02 12:07:01,165][train_vgg.py][line:323][INFO] Epoch:[106/230]	 loss=116.94233	 acc=92.126
[2024-09-02 12:07:04,464][train_vgg.py][line:331][INFO] Epoch:[106/230]	 Test acc=78.730
[2024-09-02 12:07:04,465][train_vgg.py][line:340][INFO] Best Test acc=81.048
[2024-09-02 12:08:36,610][train_vgg.py][line:323][INFO] Epoch:[107/230]	 loss=89.96210	 acc=94.762
[2024-09-02 12:08:39,792][train_vgg.py][line:331][INFO] Epoch:[107/230]	 Test acc=76.714
[2024-09-02 12:08:39,792][train_vgg.py][line:340][INFO] Best Test acc=81.048
[2024-09-02 12:10:15,112][train_vgg.py][line:323][INFO] Epoch:[108/230]	 loss=98.16224	 acc=94.095
[2024-09-02 12:10:18,190][train_vgg.py][line:331][INFO] Epoch:[108/230]	 Test acc=78.831
[2024-09-02 12:10:18,190][train_vgg.py][line:340][INFO] Best Test acc=81.048
[2024-09-02 12:11:51,508][train_vgg.py][line:323][INFO] Epoch:[109/230]	 loss=84.99244	 acc=95.073
[2024-09-02 12:11:54,773][train_vgg.py][line:331][INFO] Epoch:[109/230]	 Test acc=80.242
[2024-09-02 12:11:54,773][train_vgg.py][line:340][INFO] Best Test acc=81.048
[2024-09-02 12:13:29,284][train_vgg.py][line:323][INFO] Epoch:[110/230]	 loss=90.29949	 acc=94.918
[2024-09-02 12:13:32,624][train_vgg.py][line:331][INFO] Epoch:[110/230]	 Test acc=78.427
[2024-09-02 12:13:32,624][train_vgg.py][line:340][INFO] Best Test acc=81.048
[2024-09-02 12:15:04,782][train_vgg.py][line:323][INFO] Epoch:[111/230]	 loss=123.85869	 acc=91.570
[2024-09-02 12:15:08,117][train_vgg.py][line:331][INFO] Epoch:[111/230]	 Test acc=56.351
[2024-09-02 12:15:08,117][train_vgg.py][line:340][INFO] Best Test acc=81.048
[2024-09-02 12:16:45,497][train_vgg.py][line:323][INFO] Epoch:[112/230]	 loss=107.08271	 acc=93.383
[2024-09-02 12:16:48,910][train_vgg.py][line:331][INFO] Epoch:[112/230]	 Test acc=76.714
[2024-09-02 12:16:48,910][train_vgg.py][line:340][INFO] Best Test acc=81.048
[2024-09-02 12:18:21,187][train_vgg.py][line:323][INFO] Epoch:[113/230]	 loss=90.00685	 acc=94.673
[2024-09-02 12:18:24,476][train_vgg.py][line:331][INFO] Epoch:[113/230]	 Test acc=80.141
[2024-09-02 12:18:24,477][train_vgg.py][line:340][INFO] Best Test acc=81.048
[2024-09-02 12:20:02,810][train_vgg.py][line:323][INFO] Epoch:[114/230]	 loss=100.49218	 acc=93.694
[2024-09-02 12:20:06,087][train_vgg.py][line:331][INFO] Epoch:[114/230]	 Test acc=78.226
[2024-09-02 12:20:06,088][train_vgg.py][line:340][INFO] Best Test acc=81.048
[2024-09-02 12:21:42,012][train_vgg.py][line:323][INFO] Epoch:[115/230]	 loss=89.11561	 acc=94.907
[2024-09-02 12:21:45,284][train_vgg.py][line:331][INFO] Epoch:[115/230]	 Test acc=80.948
[2024-09-02 12:21:45,285][train_vgg.py][line:340][INFO] Best Test acc=81.048
[2024-09-02 12:23:19,992][train_vgg.py][line:323][INFO] Epoch:[116/230]	 loss=83.57997	 acc=95.251
[2024-09-02 12:23:23,260][train_vgg.py][line:331][INFO] Epoch:[116/230]	 Test acc=76.714
[2024-09-02 12:23:23,260][train_vgg.py][line:340][INFO] Best Test acc=81.048
[2024-09-02 12:24:58,461][train_vgg.py][line:323][INFO] Epoch:[117/230]	 loss=93.30788	 acc=94.595
[2024-09-02 12:25:01,780][train_vgg.py][line:331][INFO] Epoch:[117/230]	 Test acc=80.141
[2024-09-02 12:25:01,781][train_vgg.py][line:340][INFO] Best Test acc=81.048
[2024-09-02 12:26:37,375][train_vgg.py][line:323][INFO] Epoch:[118/230]	 loss=71.55355	 acc=96.097
[2024-09-02 12:26:40,822][train_vgg.py][line:331][INFO] Epoch:[118/230]	 Test acc=83.065
[2024-09-02 12:26:40,823][train_vgg.py][line:340][INFO] Best Test acc=83.065
[2024-09-02 12:28:14,256][train_vgg.py][line:323][INFO] Epoch:[119/230]	 loss=87.15075	 acc=95.151
[2024-09-02 12:28:17,554][train_vgg.py][line:331][INFO] Epoch:[119/230]	 Test acc=79.839
[2024-09-02 12:28:17,554][train_vgg.py][line:340][INFO] Best Test acc=83.065
[2024-09-02 12:29:53,578][train_vgg.py][line:323][INFO] Epoch:[120/230]	 loss=70.30276	 acc=96.074
[2024-09-02 12:29:57,054][train_vgg.py][line:331][INFO] Epoch:[120/230]	 Test acc=80.645
[2024-09-02 12:29:57,054][train_vgg.py][line:340][INFO] Best Test acc=83.065
[2024-09-02 12:31:30,612][train_vgg.py][line:323][INFO] Epoch:[121/230]	 loss=79.16753	 acc=95.596
[2024-09-02 12:31:33,980][train_vgg.py][line:331][INFO] Epoch:[121/230]	 Test acc=80.544
[2024-09-02 12:31:33,980][train_vgg.py][line:340][INFO] Best Test acc=83.065
[2024-09-02 12:33:08,883][train_vgg.py][line:323][INFO] Epoch:[122/230]	 loss=75.33776	 acc=95.996
[2024-09-02 12:33:12,243][train_vgg.py][line:331][INFO] Epoch:[122/230]	 Test acc=77.923
[2024-09-02 12:33:12,244][train_vgg.py][line:340][INFO] Best Test acc=83.065
[2024-09-02 12:34:47,125][train_vgg.py][line:323][INFO] Epoch:[123/230]	 loss=80.77547	 acc=95.763
[2024-09-02 12:34:50,595][train_vgg.py][line:331][INFO] Epoch:[123/230]	 Test acc=80.847
[2024-09-02 12:34:50,595][train_vgg.py][line:340][INFO] Best Test acc=83.065
[2024-09-02 12:36:29,209][train_vgg.py][line:323][INFO] Epoch:[124/230]	 loss=97.02666	 acc=94.217
[2024-09-02 12:36:32,590][train_vgg.py][line:331][INFO] Epoch:[124/230]	 Test acc=80.242
[2024-09-02 12:36:32,590][train_vgg.py][line:340][INFO] Best Test acc=83.065
[2024-09-02 12:38:06,263][train_vgg.py][line:323][INFO] Epoch:[125/230]	 loss=85.80036	 acc=95.107
[2024-09-02 12:38:09,280][train_vgg.py][line:331][INFO] Epoch:[125/230]	 Test acc=82.460
[2024-09-02 12:38:09,280][train_vgg.py][line:340][INFO] Best Test acc=83.065
[2024-09-02 12:39:41,421][train_vgg.py][line:323][INFO] Epoch:[126/230]	 loss=73.31356	 acc=96.141
[2024-09-02 12:39:44,720][train_vgg.py][line:331][INFO] Epoch:[126/230]	 Test acc=81.452
[2024-09-02 12:39:44,720][train_vgg.py][line:340][INFO] Best Test acc=83.065
[2024-09-02 12:41:18,483][train_vgg.py][line:323][INFO] Epoch:[127/230]	 loss=88.22118	 acc=94.851
[2024-09-02 12:41:21,854][train_vgg.py][line:331][INFO] Epoch:[127/230]	 Test acc=83.972
[2024-09-02 12:41:21,854][train_vgg.py][line:340][INFO] Best Test acc=83.972
[2024-09-02 12:42:53,963][train_vgg.py][line:323][INFO] Epoch:[128/230]	 loss=73.50377	 acc=95.907
[2024-09-02 12:42:57,296][train_vgg.py][line:331][INFO] Epoch:[128/230]	 Test acc=81.653
[2024-09-02 12:42:57,296][train_vgg.py][line:340][INFO] Best Test acc=83.972
[2024-09-02 12:44:29,432][train_vgg.py][line:323][INFO] Epoch:[129/230]	 loss=86.19545	 acc=95.107
[2024-09-02 12:44:32,666][train_vgg.py][line:331][INFO] Epoch:[129/230]	 Test acc=79.234
[2024-09-02 12:44:32,666][train_vgg.py][line:340][INFO] Best Test acc=83.972
[2024-09-02 12:46:09,387][train_vgg.py][line:323][INFO] Epoch:[130/230]	 loss=87.93435	 acc=94.862
[2024-09-02 12:46:12,815][train_vgg.py][line:331][INFO] Epoch:[130/230]	 Test acc=78.931
[2024-09-02 12:46:12,815][train_vgg.py][line:340][INFO] Best Test acc=83.972
[2024-09-02 12:47:48,829][train_vgg.py][line:323][INFO] Epoch:[131/230]	 loss=101.47701	 acc=93.883
[2024-09-02 12:47:52,275][train_vgg.py][line:331][INFO] Epoch:[131/230]	 Test acc=81.855
[2024-09-02 12:47:52,276][train_vgg.py][line:340][INFO] Best Test acc=83.972
[2024-09-02 12:49:30,066][train_vgg.py][line:323][INFO] Epoch:[132/230]	 loss=94.73189	 acc=94.339
[2024-09-02 12:49:33,503][train_vgg.py][line:331][INFO] Epoch:[132/230]	 Test acc=78.730
[2024-09-02 12:49:33,503][train_vgg.py][line:340][INFO] Best Test acc=83.972
[2024-09-02 12:51:11,004][train_vgg.py][line:323][INFO] Epoch:[133/230]	 loss=72.77101	 acc=96.208
[2024-09-02 12:51:14,391][train_vgg.py][line:331][INFO] Epoch:[133/230]	 Test acc=80.343
[2024-09-02 12:51:14,391][train_vgg.py][line:340][INFO] Best Test acc=83.972
[2024-09-02 12:52:51,033][train_vgg.py][line:323][INFO] Epoch:[134/230]	 loss=86.99026	 acc=94.862
[2024-09-02 12:52:54,623][train_vgg.py][line:331][INFO] Epoch:[134/230]	 Test acc=80.444
[2024-09-02 12:52:54,623][train_vgg.py][line:340][INFO] Best Test acc=83.972
[2024-09-02 12:54:32,035][train_vgg.py][line:323][INFO] Epoch:[135/230]	 loss=67.87605	 acc=96.508
[2024-09-02 12:54:35,614][train_vgg.py][line:331][INFO] Epoch:[135/230]	 Test acc=81.048
[2024-09-02 12:54:35,614][train_vgg.py][line:340][INFO] Best Test acc=83.972
[2024-09-02 12:56:09,055][train_vgg.py][line:323][INFO] Epoch:[136/230]	 loss=78.87611	 acc=95.552
[2024-09-02 12:56:12,487][train_vgg.py][line:331][INFO] Epoch:[136/230]	 Test acc=81.855
[2024-09-02 12:56:12,487][train_vgg.py][line:340][INFO] Best Test acc=83.972
[2024-09-02 12:57:55,008][train_vgg.py][line:323][INFO] Epoch:[137/230]	 loss=81.99113	 acc=95.518
[2024-09-02 12:57:58,385][train_vgg.py][line:331][INFO] Epoch:[137/230]	 Test acc=80.444
[2024-09-02 12:57:58,385][train_vgg.py][line:340][INFO] Best Test acc=83.972
[2024-09-02 12:59:38,318][train_vgg.py][line:323][INFO] Epoch:[138/230]	 loss=72.29021	 acc=96.319
[2024-09-02 12:59:41,688][train_vgg.py][line:331][INFO] Epoch:[138/230]	 Test acc=81.048
[2024-09-02 12:59:41,688][train_vgg.py][line:340][INFO] Best Test acc=83.972
[2024-09-02 13:01:19,032][train_vgg.py][line:323][INFO] Epoch:[139/230]	 loss=83.91357	 acc=95.374
[2024-09-02 13:01:22,388][train_vgg.py][line:331][INFO] Epoch:[139/230]	 Test acc=82.056
[2024-09-02 13:01:22,388][train_vgg.py][line:340][INFO] Best Test acc=83.972
[2024-09-02 13:03:00,033][train_vgg.py][line:323][INFO] Epoch:[140/230]	 loss=86.90684	 acc=94.840
[2024-09-02 13:03:03,174][train_vgg.py][line:331][INFO] Epoch:[140/230]	 Test acc=82.661
[2024-09-02 13:03:03,175][train_vgg.py][line:340][INFO] Best Test acc=83.972
[2024-09-02 13:04:40,578][train_vgg.py][line:323][INFO] Epoch:[141/230]	 loss=18.34930	 acc=99.900
[2024-09-02 13:04:44,064][train_vgg.py][line:331][INFO] Epoch:[141/230]	 Test acc=84.073
[2024-09-02 13:04:44,065][train_vgg.py][line:340][INFO] Best Test acc=84.073
[2024-09-02 13:06:18,311][train_vgg.py][line:323][INFO] Epoch:[142/230]	 loss=14.21699	 acc=99.956
[2024-09-02 13:06:21,540][train_vgg.py][line:331][INFO] Epoch:[142/230]	 Test acc=83.669
[2024-09-02 13:06:21,540][train_vgg.py][line:340][INFO] Best Test acc=84.073
[2024-09-02 13:08:00,525][train_vgg.py][line:323][INFO] Epoch:[143/230]	 loss=11.93996	 acc=99.978
[2024-09-02 13:08:03,990][train_vgg.py][line:331][INFO] Epoch:[143/230]	 Test acc=84.980
[2024-09-02 13:08:03,990][train_vgg.py][line:340][INFO] Best Test acc=84.980
[2024-09-02 13:09:36,045][train_vgg.py][line:323][INFO] Epoch:[144/230]	 loss=10.73919	 acc=99.978
[2024-09-02 13:09:39,452][train_vgg.py][line:331][INFO] Epoch:[144/230]	 Test acc=85.081
[2024-09-02 13:09:39,452][train_vgg.py][line:340][INFO] Best Test acc=85.081
[2024-09-02 13:11:12,813][train_vgg.py][line:323][INFO] Epoch:[145/230]	 loss=9.92336	 acc=100.000
[2024-09-02 13:11:16,032][train_vgg.py][line:331][INFO] Epoch:[145/230]	 Test acc=84.375
[2024-09-02 13:11:16,032][train_vgg.py][line:340][INFO] Best Test acc=85.081
[2024-09-02 13:12:48,302][train_vgg.py][line:323][INFO] Epoch:[146/230]	 loss=9.15681	 acc=100.000
[2024-09-02 13:12:51,560][train_vgg.py][line:331][INFO] Epoch:[146/230]	 Test acc=84.778
[2024-09-02 13:12:51,560][train_vgg.py][line:340][INFO] Best Test acc=85.081
[2024-09-02 13:14:32,100][train_vgg.py][line:323][INFO] Epoch:[147/230]	 loss=8.91723	 acc=100.000
[2024-09-02 13:14:35,195][train_vgg.py][line:331][INFO] Epoch:[147/230]	 Test acc=84.476
[2024-09-02 13:14:35,195][train_vgg.py][line:340][INFO] Best Test acc=85.081
[2024-09-02 13:16:09,999][train_vgg.py][line:323][INFO] Epoch:[148/230]	 loss=8.48691	 acc=100.000
[2024-09-02 13:16:12,997][train_vgg.py][line:331][INFO] Epoch:[148/230]	 Test acc=85.081
[2024-09-02 13:16:12,998][train_vgg.py][line:340][INFO] Best Test acc=85.081
[2024-09-02 13:17:50,211][train_vgg.py][line:323][INFO] Epoch:[149/230]	 loss=8.12633	 acc=100.000
[2024-09-02 13:17:53,527][train_vgg.py][line:331][INFO] Epoch:[149/230]	 Test acc=84.778
[2024-09-02 13:17:53,527][train_vgg.py][line:340][INFO] Best Test acc=85.081
[2024-09-02 13:19:07,113][train_vgg.py][line:323][INFO] Epoch:[150/230]	 loss=8.20317	 acc=100.000
[2024-09-02 13:19:10,472][train_vgg.py][line:331][INFO] Epoch:[150/230]	 Test acc=84.879
[2024-09-02 13:19:10,472][train_vgg.py][line:340][INFO] Best Test acc=85.081
[2024-09-02 13:20:22,953][train_vgg.py][line:323][INFO] Epoch:[151/230]	 loss=8.00171	 acc=100.000
[2024-09-02 13:20:26,311][train_vgg.py][line:331][INFO] Epoch:[151/230]	 Test acc=85.181
[2024-09-02 13:20:26,312][train_vgg.py][line:340][INFO] Best Test acc=85.181
[2024-09-02 13:21:41,960][train_vgg.py][line:323][INFO] Epoch:[152/230]	 loss=7.79454	 acc=100.000
[2024-09-02 13:21:45,376][train_vgg.py][line:331][INFO] Epoch:[152/230]	 Test acc=85.383
[2024-09-02 13:21:45,377][train_vgg.py][line:340][INFO] Best Test acc=85.383
[2024-09-02 13:23:00,301][train_vgg.py][line:323][INFO] Epoch:[153/230]	 loss=7.92302	 acc=100.000
[2024-09-02 13:23:03,750][train_vgg.py][line:331][INFO] Epoch:[153/230]	 Test acc=85.081
[2024-09-02 13:23:03,750][train_vgg.py][line:340][INFO] Best Test acc=85.383
[2024-09-02 13:24:18,963][train_vgg.py][line:323][INFO] Epoch:[154/230]	 loss=7.21747	 acc=100.000
[2024-09-02 13:24:22,399][train_vgg.py][line:331][INFO] Epoch:[154/230]	 Test acc=84.677
[2024-09-02 13:24:22,400][train_vgg.py][line:340][INFO] Best Test acc=85.383
[2024-09-02 13:25:33,578][train_vgg.py][line:323][INFO] Epoch:[155/230]	 loss=7.01521	 acc=100.000
[2024-09-02 13:25:37,014][train_vgg.py][line:331][INFO] Epoch:[155/230]	 Test acc=84.778
[2024-09-02 13:25:37,014][train_vgg.py][line:340][INFO] Best Test acc=85.383
[2024-09-02 13:26:54,716][train_vgg.py][line:323][INFO] Epoch:[156/230]	 loss=7.05401	 acc=100.000
[2024-09-02 13:26:58,072][train_vgg.py][line:331][INFO] Epoch:[156/230]	 Test acc=85.383
[2024-09-02 13:26:58,081][train_vgg.py][line:340][INFO] Best Test acc=85.383
[2024-09-02 13:28:13,952][train_vgg.py][line:323][INFO] Epoch:[157/230]	 loss=6.79115	 acc=100.000
[2024-09-02 13:28:17,337][train_vgg.py][line:331][INFO] Epoch:[157/230]	 Test acc=85.585
[2024-09-02 13:28:17,337][train_vgg.py][line:340][INFO] Best Test acc=85.585
[2024-09-02 13:29:34,775][train_vgg.py][line:323][INFO] Epoch:[158/230]	 loss=6.94161	 acc=100.000
[2024-09-02 13:29:38,204][train_vgg.py][line:331][INFO] Epoch:[158/230]	 Test acc=85.383
[2024-09-02 13:29:38,205][train_vgg.py][line:340][INFO] Best Test acc=85.585
[2024-09-02 13:30:52,844][train_vgg.py][line:323][INFO] Epoch:[159/230]	 loss=6.52270	 acc=100.000
[2024-09-02 13:30:55,874][train_vgg.py][line:331][INFO] Epoch:[159/230]	 Test acc=85.081
[2024-09-02 13:30:55,874][train_vgg.py][line:340][INFO] Best Test acc=85.585
[2024-09-02 13:32:10,100][train_vgg.py][line:323][INFO] Epoch:[160/230]	 loss=7.19487	 acc=100.000
[2024-09-02 13:32:13,520][train_vgg.py][line:331][INFO] Epoch:[160/230]	 Test acc=85.786
[2024-09-02 13:32:13,521][train_vgg.py][line:340][INFO] Best Test acc=85.786
[2024-09-02 13:33:29,668][train_vgg.py][line:323][INFO] Epoch:[161/230]	 loss=6.66049	 acc=100.000
[2024-09-02 13:33:33,078][train_vgg.py][line:331][INFO] Epoch:[161/230]	 Test acc=84.476
[2024-09-02 13:33:33,078][train_vgg.py][line:340][INFO] Best Test acc=85.786
[2024-09-02 13:34:44,507][train_vgg.py][line:323][INFO] Epoch:[162/230]	 loss=6.99739	 acc=100.000
[2024-09-02 13:34:47,874][train_vgg.py][line:331][INFO] Epoch:[162/230]	 Test acc=85.887
[2024-09-02 13:34:47,874][train_vgg.py][line:340][INFO] Best Test acc=85.887
[2024-09-02 13:36:03,692][train_vgg.py][line:323][INFO] Epoch:[163/230]	 loss=6.49178	 acc=100.000
[2024-09-02 13:36:07,158][train_vgg.py][line:331][INFO] Epoch:[163/230]	 Test acc=85.282
[2024-09-02 13:36:07,159][train_vgg.py][line:340][INFO] Best Test acc=85.887
[2024-09-02 13:37:18,719][train_vgg.py][line:323][INFO] Epoch:[164/230]	 loss=6.78453	 acc=100.000
[2024-09-02 13:37:21,939][train_vgg.py][line:331][INFO] Epoch:[164/230]	 Test acc=84.375
[2024-09-02 13:37:21,939][train_vgg.py][line:340][INFO] Best Test acc=85.887
[2024-09-02 13:38:36,778][train_vgg.py][line:323][INFO] Epoch:[165/230]	 loss=6.70101	 acc=100.000
[2024-09-02 13:38:40,200][train_vgg.py][line:331][INFO] Epoch:[165/230]	 Test acc=83.972
[2024-09-02 13:38:40,200][train_vgg.py][line:340][INFO] Best Test acc=85.887
[2024-09-02 13:40:00,073][train_vgg.py][line:323][INFO] Epoch:[166/230]	 loss=6.86556	 acc=100.000
[2024-09-02 13:40:03,294][train_vgg.py][line:331][INFO] Epoch:[166/230]	 Test acc=85.585
[2024-09-02 13:40:03,294][train_vgg.py][line:340][INFO] Best Test acc=85.887
[2024-09-02 13:41:19,439][train_vgg.py][line:323][INFO] Epoch:[167/230]	 loss=6.98303	 acc=100.000
[2024-09-02 13:41:22,896][train_vgg.py][line:331][INFO] Epoch:[167/230]	 Test acc=84.476
[2024-09-02 13:41:22,896][train_vgg.py][line:340][INFO] Best Test acc=85.887
[2024-09-02 13:42:37,109][train_vgg.py][line:323][INFO] Epoch:[168/230]	 loss=6.77602	 acc=100.000
[2024-09-02 13:42:40,707][train_vgg.py][line:331][INFO] Epoch:[168/230]	 Test acc=84.778
[2024-09-02 13:42:40,707][train_vgg.py][line:340][INFO] Best Test acc=85.887
[2024-09-02 13:43:55,198][train_vgg.py][line:323][INFO] Epoch:[169/230]	 loss=6.74849	 acc=100.000
[2024-09-02 13:43:58,514][train_vgg.py][line:331][INFO] Epoch:[169/230]	 Test acc=85.282
[2024-09-02 13:43:58,514][train_vgg.py][line:340][INFO] Best Test acc=85.887
[2024-09-02 13:45:15,114][train_vgg.py][line:323][INFO] Epoch:[170/230]	 loss=6.85757	 acc=99.989
[2024-09-02 13:45:18,569][train_vgg.py][line:331][INFO] Epoch:[170/230]	 Test acc=84.677
[2024-09-02 13:45:18,570][train_vgg.py][line:340][INFO] Best Test acc=85.887
[2024-09-02 13:46:34,609][train_vgg.py][line:323][INFO] Epoch:[171/230]	 loss=7.02310	 acc=100.000
[2024-09-02 13:46:37,892][train_vgg.py][line:331][INFO] Epoch:[171/230]	 Test acc=84.577
[2024-09-02 13:46:37,892][train_vgg.py][line:340][INFO] Best Test acc=85.887
[2024-09-02 13:47:52,155][train_vgg.py][line:323][INFO] Epoch:[172/230]	 loss=6.47832	 acc=100.000
[2024-09-02 13:47:55,413][train_vgg.py][line:331][INFO] Epoch:[172/230]	 Test acc=84.274
[2024-09-02 13:47:55,414][train_vgg.py][line:340][INFO] Best Test acc=85.887
[2024-09-02 13:49:07,427][train_vgg.py][line:323][INFO] Epoch:[173/230]	 loss=6.95499	 acc=100.000
[2024-09-02 13:49:10,779][train_vgg.py][line:331][INFO] Epoch:[173/230]	 Test acc=84.375
[2024-09-02 13:49:10,788][train_vgg.py][line:340][INFO] Best Test acc=85.887
[2024-09-02 13:50:28,421][train_vgg.py][line:323][INFO] Epoch:[174/230]	 loss=7.30582	 acc=100.000
[2024-09-02 13:50:31,851][train_vgg.py][line:331][INFO] Epoch:[174/230]	 Test acc=84.173
[2024-09-02 13:50:31,852][train_vgg.py][line:340][INFO] Best Test acc=85.887
[2024-09-02 13:51:46,972][train_vgg.py][line:323][INFO] Epoch:[175/230]	 loss=6.30255	 acc=100.000
[2024-09-02 13:51:50,160][train_vgg.py][line:331][INFO] Epoch:[175/230]	 Test acc=85.181
[2024-09-02 13:51:50,160][train_vgg.py][line:340][INFO] Best Test acc=85.887
[2024-09-02 13:53:02,629][train_vgg.py][line:323][INFO] Epoch:[176/230]	 loss=6.48440	 acc=100.000
[2024-09-02 13:53:06,073][train_vgg.py][line:331][INFO] Epoch:[176/230]	 Test acc=85.484
[2024-09-02 13:53:06,073][train_vgg.py][line:340][INFO] Best Test acc=85.887
[2024-09-02 13:54:21,004][train_vgg.py][line:323][INFO] Epoch:[177/230]	 loss=6.21171	 acc=100.000
[2024-09-02 13:54:24,336][train_vgg.py][line:331][INFO] Epoch:[177/230]	 Test acc=85.081
[2024-09-02 13:54:24,336][train_vgg.py][line:340][INFO] Best Test acc=85.887
[2024-09-02 13:55:34,551][train_vgg.py][line:323][INFO] Epoch:[178/230]	 loss=8.66615	 acc=99.989
[2024-09-02 13:55:37,899][train_vgg.py][line:331][INFO] Epoch:[178/230]	 Test acc=84.980
[2024-09-02 13:55:37,900][train_vgg.py][line:340][INFO] Best Test acc=85.887
[2024-09-02 13:56:50,210][train_vgg.py][line:323][INFO] Epoch:[179/230]	 loss=6.84188	 acc=100.000
[2024-09-02 13:56:53,708][train_vgg.py][line:331][INFO] Epoch:[179/230]	 Test acc=85.383
[2024-09-02 13:56:53,708][train_vgg.py][line:340][INFO] Best Test acc=85.887
[2024-09-02 13:58:08,517][train_vgg.py][line:323][INFO] Epoch:[180/230]	 loss=6.32446	 acc=100.000
[2024-09-02 13:58:11,748][train_vgg.py][line:331][INFO] Epoch:[180/230]	 Test acc=85.181
[2024-09-02 13:58:11,748][train_vgg.py][line:340][INFO] Best Test acc=85.887
[2024-09-02 13:59:25,568][train_vgg.py][line:323][INFO] Epoch:[181/230]	 loss=6.15686	 acc=100.000
[2024-09-02 13:59:28,830][train_vgg.py][line:331][INFO] Epoch:[181/230]	 Test acc=84.577
[2024-09-02 13:59:28,831][train_vgg.py][line:340][INFO] Best Test acc=85.887
[2024-09-02 14:00:43,951][train_vgg.py][line:323][INFO] Epoch:[182/230]	 loss=6.06451	 acc=100.000
[2024-09-02 14:00:47,336][train_vgg.py][line:331][INFO] Epoch:[182/230]	 Test acc=85.988
[2024-09-02 14:00:47,336][train_vgg.py][line:340][INFO] Best Test acc=85.988
[2024-09-02 14:01:58,974][train_vgg.py][line:323][INFO] Epoch:[183/230]	 loss=5.91019	 acc=100.000
[2024-09-02 14:02:02,168][train_vgg.py][line:331][INFO] Epoch:[183/230]	 Test acc=84.073
[2024-09-02 14:02:02,168][train_vgg.py][line:340][INFO] Best Test acc=85.988
[2024-09-02 14:03:15,678][train_vgg.py][line:323][INFO] Epoch:[184/230]	 loss=6.22926	 acc=100.000
[2024-09-02 14:03:19,254][train_vgg.py][line:331][INFO] Epoch:[184/230]	 Test acc=83.871
[2024-09-02 14:03:19,254][train_vgg.py][line:340][INFO] Best Test acc=85.988
[2024-09-02 14:04:33,583][train_vgg.py][line:323][INFO] Epoch:[185/230]	 loss=5.64404	 acc=100.000
[2024-09-02 14:04:36,903][train_vgg.py][line:331][INFO] Epoch:[185/230]	 Test acc=84.778
[2024-09-02 14:04:36,903][train_vgg.py][line:340][INFO] Best Test acc=85.988
[2024-09-02 14:05:50,887][train_vgg.py][line:323][INFO] Epoch:[186/230]	 loss=5.66782	 acc=100.000
[2024-09-02 14:05:53,843][train_vgg.py][line:331][INFO] Epoch:[186/230]	 Test acc=84.677
[2024-09-02 14:05:53,843][train_vgg.py][line:340][INFO] Best Test acc=85.988
[2024-09-02 14:07:08,941][train_vgg.py][line:323][INFO] Epoch:[187/230]	 loss=5.72960	 acc=100.000
[2024-09-02 14:07:12,302][train_vgg.py][line:331][INFO] Epoch:[187/230]	 Test acc=85.282
[2024-09-02 14:07:12,303][train_vgg.py][line:340][INFO] Best Test acc=85.988
[2024-09-02 14:08:28,850][train_vgg.py][line:323][INFO] Epoch:[188/230]	 loss=5.72587	 acc=100.000
[2024-09-02 14:08:32,268][train_vgg.py][line:331][INFO] Epoch:[188/230]	 Test acc=84.173
[2024-09-02 14:08:32,268][train_vgg.py][line:340][INFO] Best Test acc=85.988
[2024-09-02 14:09:48,628][train_vgg.py][line:323][INFO] Epoch:[189/230]	 loss=5.85578	 acc=100.000
[2024-09-02 14:09:52,131][train_vgg.py][line:331][INFO] Epoch:[189/230]	 Test acc=84.274
[2024-09-02 14:09:52,132][train_vgg.py][line:340][INFO] Best Test acc=85.988
[2024-09-02 14:11:04,758][train_vgg.py][line:323][INFO] Epoch:[190/230]	 loss=5.80966	 acc=100.000
[2024-09-02 14:11:08,121][train_vgg.py][line:331][INFO] Epoch:[190/230]	 Test acc=84.778
[2024-09-02 14:11:08,121][train_vgg.py][line:340][INFO] Best Test acc=85.988
[2024-09-02 14:12:20,408][train_vgg.py][line:323][INFO] Epoch:[191/230]	 loss=5.66897	 acc=100.000
[2024-09-02 14:12:23,714][train_vgg.py][line:331][INFO] Epoch:[191/230]	 Test acc=84.476
[2024-09-02 14:12:23,714][train_vgg.py][line:340][INFO] Best Test acc=85.988
[2024-09-02 14:13:37,505][train_vgg.py][line:323][INFO] Epoch:[192/230]	 loss=5.43882	 acc=100.000
[2024-09-02 14:13:40,854][train_vgg.py][line:331][INFO] Epoch:[192/230]	 Test acc=85.383
[2024-09-02 14:13:40,854][train_vgg.py][line:340][INFO] Best Test acc=85.988
[2024-09-02 14:14:55,160][train_vgg.py][line:323][INFO] Epoch:[193/230]	 loss=5.54145	 acc=100.000
[2024-09-02 14:14:58,587][train_vgg.py][line:331][INFO] Epoch:[193/230]	 Test acc=84.980
[2024-09-02 14:14:58,587][train_vgg.py][line:340][INFO] Best Test acc=85.988
[2024-09-02 14:16:14,228][train_vgg.py][line:323][INFO] Epoch:[194/230]	 loss=5.77684	 acc=100.000
[2024-09-02 14:16:17,703][train_vgg.py][line:331][INFO] Epoch:[194/230]	 Test acc=85.383
[2024-09-02 14:16:17,703][train_vgg.py][line:340][INFO] Best Test acc=85.988
[2024-09-02 14:17:31,247][train_vgg.py][line:323][INFO] Epoch:[195/230]	 loss=5.44268	 acc=100.000
[2024-09-02 14:17:34,635][train_vgg.py][line:331][INFO] Epoch:[195/230]	 Test acc=85.585
[2024-09-02 14:17:34,635][train_vgg.py][line:340][INFO] Best Test acc=85.988
[2024-09-02 14:18:48,292][train_vgg.py][line:323][INFO] Epoch:[196/230]	 loss=5.31842	 acc=100.000
[2024-09-02 14:18:51,551][train_vgg.py][line:331][INFO] Epoch:[196/230]	 Test acc=85.181
[2024-09-02 14:18:51,551][train_vgg.py][line:340][INFO] Best Test acc=85.988
[2024-09-02 14:20:08,075][train_vgg.py][line:323][INFO] Epoch:[197/230]	 loss=5.41442	 acc=100.000
[2024-09-02 14:20:11,561][train_vgg.py][line:331][INFO] Epoch:[197/230]	 Test acc=85.181
[2024-09-02 14:20:11,561][train_vgg.py][line:340][INFO] Best Test acc=85.988
[2024-09-02 14:21:26,579][train_vgg.py][line:323][INFO] Epoch:[198/230]	 loss=5.36015	 acc=100.000
[2024-09-02 14:21:29,984][train_vgg.py][line:331][INFO] Epoch:[198/230]	 Test acc=85.988
[2024-09-02 14:21:29,985][train_vgg.py][line:340][INFO] Best Test acc=85.988
[2024-09-02 14:22:43,376][train_vgg.py][line:323][INFO] Epoch:[199/230]	 loss=5.39593	 acc=100.000
[2024-09-02 14:22:46,929][train_vgg.py][line:331][INFO] Epoch:[199/230]	 Test acc=85.282
[2024-09-02 14:22:46,929][train_vgg.py][line:340][INFO] Best Test acc=85.988
[2024-09-02 14:24:02,362][train_vgg.py][line:323][INFO] Epoch:[200/230]	 loss=5.08833	 acc=100.000
[2024-09-02 14:24:05,804][train_vgg.py][line:331][INFO] Epoch:[200/230]	 Test acc=85.383
[2024-09-02 14:24:05,804][train_vgg.py][line:340][INFO] Best Test acc=85.988
[2024-09-02 14:25:20,632][train_vgg.py][line:323][INFO] Epoch:[201/230]	 loss=4.97620	 acc=100.000
[2024-09-02 14:25:24,137][train_vgg.py][line:331][INFO] Epoch:[201/230]	 Test acc=84.476
[2024-09-02 14:25:24,137][train_vgg.py][line:340][INFO] Best Test acc=85.988
[2024-09-02 14:26:39,694][train_vgg.py][line:323][INFO] Epoch:[202/230]	 loss=5.02309	 acc=100.000
[2024-09-02 14:26:43,122][train_vgg.py][line:331][INFO] Epoch:[202/230]	 Test acc=84.778
[2024-09-02 14:26:43,122][train_vgg.py][line:340][INFO] Best Test acc=85.988
[2024-09-02 14:28:04,840][train_vgg.py][line:323][INFO] Epoch:[203/230]	 loss=4.97722	 acc=100.000
[2024-09-02 14:28:08,288][train_vgg.py][line:331][INFO] Epoch:[203/230]	 Test acc=85.383
[2024-09-02 14:28:08,288][train_vgg.py][line:340][INFO] Best Test acc=85.988
[2024-09-02 14:29:23,959][train_vgg.py][line:323][INFO] Epoch:[204/230]	 loss=5.11581	 acc=100.000
[2024-09-02 14:29:27,331][train_vgg.py][line:331][INFO] Epoch:[204/230]	 Test acc=85.282
[2024-09-02 14:29:27,331][train_vgg.py][line:340][INFO] Best Test acc=85.988
[2024-09-02 14:30:43,571][train_vgg.py][line:323][INFO] Epoch:[205/230]	 loss=4.91071	 acc=100.000
[2024-09-02 14:30:46,995][train_vgg.py][line:331][INFO] Epoch:[205/230]	 Test acc=85.685
[2024-09-02 14:30:46,995][train_vgg.py][line:340][INFO] Best Test acc=85.988
[2024-09-02 14:32:03,760][train_vgg.py][line:323][INFO] Epoch:[206/230]	 loss=4.96815	 acc=100.000
[2024-09-02 14:32:06,938][train_vgg.py][line:331][INFO] Epoch:[206/230]	 Test acc=85.181
[2024-09-02 14:32:06,938][train_vgg.py][line:340][INFO] Best Test acc=85.988
[2024-09-02 14:33:27,611][train_vgg.py][line:323][INFO] Epoch:[207/230]	 loss=4.87689	 acc=100.000
[2024-09-02 14:33:31,066][train_vgg.py][line:331][INFO] Epoch:[207/230]	 Test acc=85.786
[2024-09-02 14:33:31,066][train_vgg.py][line:340][INFO] Best Test acc=85.988
[2024-09-02 14:34:46,124][train_vgg.py][line:323][INFO] Epoch:[208/230]	 loss=4.81447	 acc=100.000
[2024-09-02 14:34:49,566][train_vgg.py][line:331][INFO] Epoch:[208/230]	 Test acc=85.585
[2024-09-02 14:34:49,566][train_vgg.py][line:340][INFO] Best Test acc=85.988
[2024-09-02 14:36:04,442][train_vgg.py][line:323][INFO] Epoch:[209/230]	 loss=4.93288	 acc=100.000
[2024-09-02 14:36:07,756][train_vgg.py][line:331][INFO] Epoch:[209/230]	 Test acc=84.879
[2024-09-02 14:36:07,756][train_vgg.py][line:340][INFO] Best Test acc=85.988
[2024-09-02 14:37:26,750][train_vgg.py][line:323][INFO] Epoch:[210/230]	 loss=4.90221	 acc=100.000
[2024-09-02 14:37:30,328][train_vgg.py][line:331][INFO] Epoch:[210/230]	 Test acc=85.383
[2024-09-02 14:37:30,328][train_vgg.py][line:340][INFO] Best Test acc=85.988
[2024-09-02 14:38:44,911][train_vgg.py][line:323][INFO] Epoch:[211/230]	 loss=4.75526	 acc=100.000
[2024-09-02 14:38:48,395][train_vgg.py][line:331][INFO] Epoch:[211/230]	 Test acc=85.988
[2024-09-02 14:38:48,395][train_vgg.py][line:340][INFO] Best Test acc=85.988
[2024-09-02 14:40:02,978][train_vgg.py][line:323][INFO] Epoch:[212/230]	 loss=4.88430	 acc=100.000
[2024-09-02 14:40:06,448][train_vgg.py][line:331][INFO] Epoch:[212/230]	 Test acc=85.585
[2024-09-02 14:40:06,448][train_vgg.py][line:340][INFO] Best Test acc=85.988
[2024-09-02 14:41:27,473][train_vgg.py][line:323][INFO] Epoch:[213/230]	 loss=4.88023	 acc=100.000
[2024-09-02 14:41:30,771][train_vgg.py][line:331][INFO] Epoch:[213/230]	 Test acc=85.282
[2024-09-02 14:41:30,771][train_vgg.py][line:340][INFO] Best Test acc=85.988
[2024-09-02 14:42:40,149][train_vgg.py][line:323][INFO] Epoch:[214/230]	 loss=4.80234	 acc=100.000
[2024-09-02 14:42:43,575][train_vgg.py][line:331][INFO] Epoch:[214/230]	 Test acc=85.181
[2024-09-02 14:42:43,575][train_vgg.py][line:340][INFO] Best Test acc=85.988
[2024-09-02 14:43:57,886][train_vgg.py][line:323][INFO] Epoch:[215/230]	 loss=4.90369	 acc=100.000
[2024-09-02 14:44:01,357][train_vgg.py][line:331][INFO] Epoch:[215/230]	 Test acc=85.786
[2024-09-02 14:44:01,357][train_vgg.py][line:340][INFO] Best Test acc=85.988
[2024-09-02 14:45:18,943][train_vgg.py][line:323][INFO] Epoch:[216/230]	 loss=4.87863	 acc=100.000
[2024-09-02 14:45:22,399][train_vgg.py][line:331][INFO] Epoch:[216/230]	 Test acc=85.282
[2024-09-02 14:45:22,400][train_vgg.py][line:340][INFO] Best Test acc=85.988
[2024-09-02 14:46:38,828][train_vgg.py][line:323][INFO] Epoch:[217/230]	 loss=4.78347	 acc=100.000
[2024-09-02 14:46:42,130][train_vgg.py][line:331][INFO] Epoch:[217/230]	 Test acc=85.383
[2024-09-02 14:46:42,131][train_vgg.py][line:340][INFO] Best Test acc=85.988
[2024-09-02 14:48:00,444][train_vgg.py][line:323][INFO] Epoch:[218/230]	 loss=4.78769	 acc=100.000
[2024-09-02 14:48:03,860][train_vgg.py][line:331][INFO] Epoch:[218/230]	 Test acc=85.484
[2024-09-02 14:48:03,861][train_vgg.py][line:340][INFO] Best Test acc=85.988
[2024-09-02 14:49:22,108][train_vgg.py][line:323][INFO] Epoch:[219/230]	 loss=4.73158	 acc=100.000
[2024-09-02 14:49:25,601][train_vgg.py][line:331][INFO] Epoch:[219/230]	 Test acc=85.181
[2024-09-02 14:49:25,601][train_vgg.py][line:340][INFO] Best Test acc=85.988
[2024-09-02 14:50:40,760][train_vgg.py][line:323][INFO] Epoch:[220/230]	 loss=4.78841	 acc=100.000
[2024-09-02 14:50:44,264][train_vgg.py][line:331][INFO] Epoch:[220/230]	 Test acc=86.089
[2024-09-02 14:50:44,265][train_vgg.py][line:340][INFO] Best Test acc=86.089
[2024-09-02 14:52:01,627][train_vgg.py][line:323][INFO] Epoch:[221/230]	 loss=4.70507	 acc=100.000
[2024-09-02 14:52:05,154][train_vgg.py][line:331][INFO] Epoch:[221/230]	 Test acc=85.484
[2024-09-02 14:52:05,154][train_vgg.py][line:340][INFO] Best Test acc=86.089
[2024-09-02 14:53:23,135][train_vgg.py][line:323][INFO] Epoch:[222/230]	 loss=4.82581	 acc=100.000
[2024-09-02 14:53:26,663][train_vgg.py][line:331][INFO] Epoch:[222/230]	 Test acc=84.980
[2024-09-02 14:53:26,664][train_vgg.py][line:340][INFO] Best Test acc=86.089
[2024-09-02 14:54:44,099][train_vgg.py][line:323][INFO] Epoch:[223/230]	 loss=4.77826	 acc=100.000
[2024-09-02 14:54:47,657][train_vgg.py][line:331][INFO] Epoch:[223/230]	 Test acc=85.685
[2024-09-02 14:54:47,657][train_vgg.py][line:340][INFO] Best Test acc=86.089
[2024-09-02 14:56:05,101][train_vgg.py][line:323][INFO] Epoch:[224/230]	 loss=4.78281	 acc=100.000
[2024-09-02 14:56:08,421][train_vgg.py][line:331][INFO] Epoch:[224/230]	 Test acc=85.585
[2024-09-02 14:56:08,422][train_vgg.py][line:340][INFO] Best Test acc=86.089
[2024-09-02 14:57:24,817][train_vgg.py][line:323][INFO] Epoch:[225/230]	 loss=4.74963	 acc=100.000
[2024-09-02 14:57:28,406][train_vgg.py][line:331][INFO] Epoch:[225/230]	 Test acc=85.786
[2024-09-02 14:57:28,406][train_vgg.py][line:340][INFO] Best Test acc=86.089
[2024-09-02 14:58:49,686][train_vgg.py][line:323][INFO] Epoch:[226/230]	 loss=4.85467	 acc=100.000
[2024-09-02 14:58:53,278][train_vgg.py][line:331][INFO] Epoch:[226/230]	 Test acc=85.282
[2024-09-02 14:58:53,278][train_vgg.py][line:340][INFO] Best Test acc=86.089
[2024-09-02 15:00:11,100][train_vgg.py][line:323][INFO] Epoch:[227/230]	 loss=4.76658	 acc=100.000
[2024-09-02 15:00:14,621][train_vgg.py][line:331][INFO] Epoch:[227/230]	 Test acc=86.089
[2024-09-02 15:00:14,621][train_vgg.py][line:340][INFO] Best Test acc=86.089
[2024-09-02 15:01:36,859][train_vgg.py][line:323][INFO] Epoch:[228/230]	 loss=4.80174	 acc=100.000
[2024-09-02 15:01:40,380][train_vgg.py][line:331][INFO] Epoch:[228/230]	 Test acc=85.484
[2024-09-02 15:01:40,381][train_vgg.py][line:340][INFO] Best Test acc=86.089
[2024-09-02 15:02:58,730][train_vgg.py][line:323][INFO] Epoch:[229/230]	 loss=4.81560	 acc=100.000
[2024-09-02 15:03:02,372][train_vgg.py][line:331][INFO] Epoch:[229/230]	 Test acc=85.383
[2024-09-02 15:03:02,372][train_vgg.py][line:340][INFO] Best Test acc=86.089
